#
# A fatal error has been detected by the Java Runtime Environment:
#
#  SIGSEGV (0xb) at pc=0x00007f9cdd0d5717, pid=4781, tid=0x00007f9cc7c1b700
#
# JRE version: Java(TM) SE Runtime Environment (8.0_162-b12) (build 1.8.0_162-b12)
# Java VM: Java HotSpot(TM) 64-Bit Server VM (25.162-b12 mixed mode linux-amd64 compressed oops)
# Problematic frame:
# V  [libjvm.so+0x657717]  InstanceKlass::oop_follow_contents(ParCompactionManager*, oopDesc*)+0x4a7
#
# Failed to write core dump. Core dumps have been disabled. To enable core dumping, try "ulimit -c unlimited" before starting Java again
#
# If you would like to submit a bug report, please visit:
#   http://bugreport.java.com/bugreport/crash.jsp
#

---------------  T H R E A D  ---------------

Current thread (0x00007f9cd8027800):  GCTaskThread [stack: 0x00007f9cc7b1b000,0x00007f9cc7c1c000] [id=4790]

siginfo: si_signo: 11 (SIGSEGV), si_code: 2 (SEGV_ACCERR), si_addr: 0x00000000a934af50

Registers:
RAX=0x00007f9cdda1a680, RBX=0x00000000a934af48, RCX=0x0000000000000029, RDX=0x0000000000000001
RSP=0x00007f9cc7c1a7a0, RBP=0x00007f9cc7c1a800, RSI=0x0000020000000000, RDI=0x0000000100006598
R8 =0x00000000eb71398c, R9 =0x0000000100006598, R10=0x0000000000000005, R11=0x00007f9cdda49c40
R12=0x00007f9cdda4dca0, R13=0x00000000eb713984, R14=0x00007f9cd8079630, R15=0x00007f9cd8079630
RIP=0x00007f9cdd0d5717, EFLAGS=0x0000000000010202, CSGSFS=0x002b000000000033, ERR=0x0000000000000004
  TRAPNO=0x000000000000000e

Top of Stack: (sp=0x00007f9cc7c1a7a0)
0x00007f9cc7c1a7a0:   00000000eb71397c 00000000eb713968
0x00007f9cc7c1a7b0:   00000001000067b0 00000001000067b8
0x00007f9cc7c1a7c0:   00007f9cdda027c8 00007f9cd8079670
0x00007f9cc7c1a7d0:   00000000eb713968 00007f9cdda49c40
0x00007f9cc7c1a7e0:   00007f9cd8079630 00007f9cd8027bc0
0x00007f9cc7c1a7f0:   00007f9cd8079630 00007f9cd802b8a0
0x00007f9cc7c1a800:   00007f9cc7c1a990 00007f9cdd4018b2
0x00007f9cc7c1a810:   00007f9cc7c1a890 00000000a5221034
0x00007f9cc7c1a820:   00007f9cd8079640 00007f9cc7c1a940
0x00007f9cc7c1a830:   00007f9cc7c1a910 00007f9cc7c1a8f0
0x00007f9cc7c1a840:   00007f9cc7c1a8e0 00007f9cc7c1a8d0
0x00007f9cc7c1a850:   00007f9cc7c1a8c0 00007f9cc7c1a8b0
0x00007f9cc7c1a860:   00000000a522052d 00007f9cd80796f0
0x00007f9cc7c1a870:   00000000ebb5e22d 00000000a5221040
0x00007f9cc7c1a880:   00000000e1ea7de8 0000000000000001
0x00007f9cc7c1a890:   0000000000000001 0000000000000003
0x00007f9cc7c1a8a0:   00007f9cd8079670 00007f9cc7c1a958
0x00007f9cc7c1a8b0:   0000000000000000 00007f9cdda3eb99
0x00007f9cc7c1a8c0:   00007f9cd8079d68 00007f9cd8079d40
0x00007f9cc7c1a8d0:   00007f9cd8028728 0000000000000000
0x00007f9cc7c1a8e0:   00007f9cde26a4ff 0000000000000000
0x00007f9cc7c1a8f0:   00007f9cde26a4ff 0000000000000000
0x00007f9cc7c1a900:   0000000000000000 00007f9cde26ac51
0x00007f9cc7c1a910:   0000000000000000 00007f9cd8079da8
0x00007f9cc7c1a920:   00007f9cc7c1aa10 0000000000000c00
0x00007f9cc7c1a930:   0000000000000000 0000000000000000
0x00007f9cc7c1a940:   0000000000000000 00007f9c48001000
0x00007f9cc7c1a950:   00007f9cd8027801 00000000eb713968
0x00007f9cc7c1a960:   00007f9cd8027800 00007f9cc7c1aa20
0x00007f9cc7c1a970:   00007f9cd8027b80 00007f9cd8027bc0
0x00007f9cc7c1a980:   00007f9cd8079630 00007f9cd802b8a0
0x00007f9cc7c1a990:   00007f9cc7c1aa70 00007f9cdd3e6f5e 

Instructions: (pc=0x00007f9cdd0d5717)
0x00007f9cdd0d56f7:   00 48 8b 07 48 89 de ff 90 e8 00 00 00 e9 09 fd
0x00007f9cdd0d5707:   ff ff 0f 1f 80 00 00 00 00 48 8b 05 99 5d 92 00
0x00007f9cdd0d5717:   8b 7b 08 8b 48 08 48 d3 e7 48 03 38 8b 77 08 83
0x00007f9cdd0d5727:   fe 00 0f 8f 3e fe ff ff 74 6f 48 8b 05 b8 8a 92 

Register to memory mapping:

RAX=0x00007f9cdda1a680: <offset 0xf9c680> in /usr/local/java/jdk1.8.0_162/jre/lib/amd64/server/libjvm.so at 0x00007f9cdca7e000
RBX=0x00000000a934af48 is an unallocated location in the heap
RCX=0x0000000000000029 is an unknown value
RDX=0x0000000000000001 is an unknown value
RSP=0x00007f9cc7c1a7a0 is an unknown value
RBP=0x00007f9cc7c1a800 is an unknown value
RSI=0x0000020000000000 is an unknown value
RDI=0x0000000100006598 is pointing into metadata
R8 =0x00000000eb71398c is an unknown value
R9 =0x0000000100006598 is pointing into metadata
R10=0x0000000000000005 is an unknown value
R11=0x00007f9cdda49c40: <offset 0xfcbc40> in /usr/local/java/jdk1.8.0_162/jre/lib/amd64/server/libjvm.so at 0x00007f9cdca7e000
R12=0x00007f9cdda4dca0: <offset 0xfcfca0> in /usr/local/java/jdk1.8.0_162/jre/lib/amd64/server/libjvm.so at 0x00007f9cdca7e000
R13=0x00000000eb713984 is an unknown value
R14=0x00007f9cd8079630 is an unknown value
R15=0x00007f9cd8079630 is an unknown value


Stack: [0x00007f9cc7b1b000,0x00007f9cc7c1c000],  sp=0x00007f9cc7c1a7a0,  free space=1021k
Native frames: (J=compiled Java code, j=interpreted, Vv=VM code, C=native code)
V  [libjvm.so+0x657717]  InstanceKlass::oop_follow_contents(ParCompactionManager*, oopDesc*)+0x4a7
V  [libjvm.so+0x9838b2]  ParCompactionManager::follow_marking_stacks()+0x232
V  [libjvm.so+0x968f5e]  ThreadRootsMarkingTask::do_it(GCTaskManager*, unsigned int)+0x12e
V  [libjvm.so+0x5dc0ff]  GCTaskThread::run()+0x12f
V  [libjvm.so+0x92dcc8]  java_start(Thread*)+0x108


---------------  P R O C E S S  ---------------

Java Threads: ( => current thread )
  0x00007f9c48001000 JavaThread "HikariPool-1 connection adder" daemon [_thread_blocked, id=4825, stack(0x00007f9c900fa000,0x00007f9c901fb000)]
  0x00007f9c6079d000 JavaThread "HikariPool-1 housekeeper" daemon [_thread_blocked, id=4824, stack(0x00007f9c901fb000,0x00007f9c902fc000)]
  0x00007f9c606de800 JavaThread "Abandoned connection cleanup thread" daemon [_thread_blocked, id=4823, stack(0x00007f9c904fc000,0x00007f9c905fd000)]
  0x00007f9c606b4800 JavaThread "container-0" [_thread_blocked, id=4822, stack(0x00007f9c905fd000,0x00007f9c906fe000)]
  0x00007f9c606b2000 JavaThread "ContainerBackgroundProcessor[StandardEngine[Tomcat]]" daemon [_thread_blocked, id=4821, stack(0x00007f9c906fe000,0x00007f9c907ff000)]
  0x00007f9c643fc000 JavaThread "localhost-startStop-1" daemon [_thread_blocked, id=4816, stack(0x00007f9cbc097000,0x00007f9cbc198000)]
  0x00007f9c606ae000 JavaThread "Tomcat-startStop-1" daemon [_thread_blocked, id=4815, stack(0x00007f9cbcbab000,0x00007f9cbccac000)]
  0x00007f9c6c002000 JavaThread "restartedMain" [_thread_blocked, id=4812, stack(0x00007f9cbccac000,0x00007f9cbcdad000)]
  0x00007f9cd8815800 JavaThread "Thread-2" [_thread_blocked, id=4811, stack(0x00007f9cbcdad000,0x00007f9cbceae000)]
  0x00007f9c7000a800 JavaThread "JMX server connection timeout 16" daemon [_thread_blocked, id=4808, stack(0x00007f9cbd0da000,0x00007f9cbd1db000)]
  0x00007f9c7c007800 JavaThread "RMI Scheduler(0)" daemon [_thread_blocked, id=4807, stack(0x00007f9cbd1f7000,0x00007f9cbd2f8000)]
  0x00007f9c88001000 JavaThread "RMI TCP Connection(2)-127.0.0.1" daemon [_thread_in_native, id=4806, stack(0x00007f9cbd2f8000,0x00007f9cbd3f9000)]
  0x00007f9c80001000 JavaThread "RMI TCP Connection(1)-127.0.0.1" daemon [_thread_in_native, id=4804, stack(0x00007f9cbd3f9000,0x00007f9cbd4fa000)]
  0x00007f9cd8520800 JavaThread "RMI TCP Accept-0" daemon [_thread_in_native, id=4802, stack(0x00007f9cbd5fb000,0x00007f9cbd6fc000)]
  0x00007f9cd84ef000 JavaThread "RMI TCP Accept-41461" daemon [_thread_in_native, id=4801, stack(0x00007f9cbd706000,0x00007f9cbd807000)]
  0x00007f9cd84da800 JavaThread "RMI TCP Accept-0" daemon [_thread_in_native, id=4800, stack(0x00007f9cbd807000,0x00007f9cbd908000)]
  0x00007f9cd80df000 JavaThread "Service Thread" daemon [_thread_blocked, id=4799, stack(0x00007f9cbe1c3000,0x00007f9cbe2c4000)]
  0x00007f9cd80c2000 JavaThread "C1 CompilerThread2" daemon [_thread_blocked, id=4798, stack(0x00007f9cbe2c4000,0x00007f9cbe3c5000)]
  0x00007f9cd80c0000 JavaThread "C2 CompilerThread1" daemon [_thread_blocked, id=4797, stack(0x00007f9cbe3c5000,0x00007f9cbe4c6000)]
  0x00007f9cd80bd000 JavaThread "C2 CompilerThread0" daemon [_thread_blocked, id=4796, stack(0x00007f9cbe4c6000,0x00007f9cbe5c7000)]
  0x00007f9cd80bb800 JavaThread "Signal Dispatcher" daemon [_thread_blocked, id=4795, stack(0x00007f9cbe5c7000,0x00007f9cbe6c8000)]
  0x00007f9cd8088800 JavaThread "Finalizer" daemon [_thread_blocked, id=4794, stack(0x00007f9cbec15000,0x00007f9cbed16000)]
  0x00007f9cd8084000 JavaThread "Reference Handler" daemon [_thread_blocked, id=4793, stack(0x00007f9cbed16000,0x00007f9cbee17000)]
  0x00007f9cd800e800 JavaThread "main" [_thread_blocked, id=4787, stack(0x00007f9cde57f000,0x00007f9cde680000)]

Other Threads:
  0x00007f9cd807c800 VMThread [stack: 0x00007f9cbee17000,0x00007f9cbef18000] [id=4792]
  0x00007f9cd8523800 WatcherThread [stack: 0x00007f9cbd4fa000,0x00007f9cbd5fb000] [id=4803]

=>0x00007f9cd8027800 (exited) GCTaskThread [stack: 0x00007f9cc7b1b000,0x00007f9cc7c1c000] [id=4790]

VM state:at safepoint (normal execution)

VM Mutex/Monitor currently owned by a thread:  ([mutex/lock_event])
[0x00007f9cd800aea0] Threads_lock - owner thread: 0x00007f9cd807c800
[0x00007f9cd800b3a0] Heap_lock - owner thread: 0x00007f9c6c002000

Heap:
 PSYoungGen      total 172032K, used 12273K [0x00000000e1780000, 0x00000000f0f00000, 0x0000000100000000)
  eden space 159744K, 0% used [0x00000000e1780000,0x00000000e1780000,0x00000000eb380000)
  from space 12288K, 99% used [0x00000000eb380000,0x00000000ebf7c7a8,0x00000000ebf80000)
  to   space 16896K, 0% used [0x00000000efe80000,0x00000000efe80000,0x00000000f0f00000)
 ParOldGen       total 42496K, used 16565K [0x00000000a4600000, 0x00000000a6f80000, 0x00000000e1780000)
  object space 42496K, 38% used [0x00000000a4600000,0x00000000a562d488,0x00000000a6f80000)
 Metaspace       used 33898K, capacity 35438K, committed 35496K, reserved 1079296K
  class space    used 4508K, capacity 4843K, committed 4864K, reserved 1048576K

Card table byte_map: [0x00007f9cc7f06000,0x00007f9cc81e4000] byte_map_base: 0x00007f9cc79e3000

Marking Bits: (ParMarkBitMap*) 0x00007f9cdda4dca0
 Begin Bits: [0x00007f9cc4c4a000, 0x00007f9cc6332000)
 End Bits:   [0x00007f9cc6332000, 0x00007f9cc7a1a000)

Polling page: 0x00007f9cde6a0000

CodeCache: size=245760Kb used=7052Kb max_used=7052Kb free=238707Kb
 bounds [0x00007f9cc85a4000, 0x00007f9cc8c94000, 0x00007f9cd75a4000]
 total_blobs=3869 nmethods=3400 adapters=381
 compilation: enabled

Compilation events (10 events):
Event: 5,220 Thread 0x00007f9cd80c2000 nmethod 3397 0x00007f9cc8c85450 code [0x00007f9cc8c855c0, 0x00007f9cc8c85750]
Event: 5,220 Thread 0x00007f9cd80c2000 3398       1       com.mysql.jdbc.util.ReadAheadInputStream::readFromUnderlyingStreamIfNecessary (243 bytes)
Event: 5,222 Thread 0x00007f9cd80c2000 nmethod 3398 0x00007f9cc8c857d0 code [0x00007f9cc8c85a40, 0x00007f9cc8c86278]
Event: 5,222 Thread 0x00007f9cd80c2000 3396       1       com.mysql.jdbc.ConnectionImpl::versionMeetsMinimum (15 bytes)
Event: 5,223 Thread 0x00007f9cd80c2000 nmethod 3396 0x00007f9cc8c86890 code [0x00007f9cc8c86a00, 0x00007f9cc8c86b98]
Event: 5,223 Thread 0x00007f9cd80c2000 3400       1       com.mysql.jdbc.ConnectionPropertiesImpl$StringConnectionProperty::<init> (18 bytes)
Event: 5,223 Thread 0x00007f9cd80c2000 nmethod 3400 0x00007f9cc8c86c90 code [0x00007f9cc8c86e00, 0x00007f9cc8c86f68]
Event: 5,223 Thread 0x00007f9cd80c2000 3399       1       java.nio.ByteBuffer::hasArray (20 bytes)
Event: 5,223 Thread 0x00007f9cd80c2000 nmethod 3399 0x00007f9cc8c87010 code [0x00007f9cc8c87160, 0x00007f9cc8c87290]
Event: 5,223 Thread 0x00007f9cd80c2000 3401       1       com.mysql.jdbc.ConnectionPropertiesImpl$StringConnectionProperty::initializeFrom (42 bytes)

GC Heap History (10 events):
Event: 1,850 GC heap after
Heap after GC invocations=6 (full 0):
 PSYoungGen      total 104448K, used 4656K [0x00000000e1780000, 0x00000000e8680000, 0x0000000100000000)
  eden space 96256K, 0% used [0x00000000e1780000,0x00000000e1780000,0x00000000e7580000)
  from space 8192K, 56% used [0x00000000e7e80000,0x00000000e830c300,0x00000000e8680000)
  to   space 8704K, 0% used [0x00000000e7580000,0x00000000e7580000,0x00000000e7e00000)
 ParOldGen       total 62976K, used 8940K [0x00000000a4600000, 0x00000000a8380000, 0x00000000e1780000)
  object space 62976K, 14% used [0x00000000a4600000,0x00000000a4ebb238,0x00000000a8380000)
 Metaspace       used 20556K, capacity 21266K, committed 21296K, reserved 1067008K
  class space    used 2738K, capacity 2914K, committed 2944K, reserved 1048576K
}
Event: 1,850 GC heap before
{Heap before GC invocations=7 (full 1):
 PSYoungGen      total 104448K, used 4656K [0x00000000e1780000, 0x00000000e8680000, 0x0000000100000000)
  eden space 96256K, 0% used [0x00000000e1780000,0x00000000e1780000,0x00000000e7580000)
  from space 8192K, 56% used [0x00000000e7e80000,0x00000000e830c300,0x00000000e8680000)
  to   space 8704K, 0% used [0x00000000e7580000,0x00000000e7580000,0x00000000e7e00000)
 ParOldGen       total 62976K, used 8940K [0x00000000a4600000, 0x00000000a8380000, 0x00000000e1780000)
  object space 62976K, 14% used [0x00000000a4600000,0x00000000a4ebb238,0x00000000a8380000)
 Metaspace       used 20556K, capacity 21266K, committed 21296K, reserved 1067008K
  class space    used 2738K, capacity 2914K, committed 2944K, reserved 1048576K
Event: 1,900 GC heap after
Heap after GC invocations=7 (full 1):
 PSYoungGen      total 104448K, used 0K [0x00000000e1780000, 0x00000000e8680000, 0x0000000100000000)
  eden space 96256K, 0% used [0x00000000e1780000,0x00000000e1780000,0x00000000e7580000)
  from space 8192K, 0% used [0x00000000e7e80000,0x00000000e7e80000,0x00000000e8680000)
  to   space 8704K, 0% used [0x00000000e7580000,0x00000000e7580000,0x00000000e7e00000)
 ParOldGen       total 42496K, used 7175K [0x00000000a4600000, 0x00000000a6f80000, 0x00000000e1780000)
  object space 42496K, 16% used [0x00000000a4600000,0x00000000a4d01f18,0x00000000a6f80000)
 Metaspace       used 20556K, capacity 21266K, committed 21296K, reserved 1067008K
  class space    used 2738K, capacity 2914K, committed 2944K, reserved 1048576K
}
Event: 2,598 GC heap before
{Heap before GC invocations=8 (full 1):
 PSYoungGen      total 104448K, used 96256K [0x00000000e1780000, 0x00000000e8680000, 0x0000000100000000)
  eden space 96256K, 100% used [0x00000000e1780000,0x00000000e7580000,0x00000000e7580000)
  from space 8192K, 0% used [0x00000000e7e80000,0x00000000e7e80000,0x00000000e8680000)
  to   space 8704K, 0% used [0x00000000e7580000,0x00000000e7580000,0x00000000e7e00000)
 ParOldGen       total 42496K, used 7175K [0x00000000a4600000, 0x00000000a6f80000, 0x00000000e1780000)
  object space 42496K, 16% used [0x00000000a4600000,0x00000000a4d01f18,0x00000000a6f80000)
 Metaspace       used 23224K, capacity 24074K, committed 24320K, reserved 1071104K
  class space    used 3114K, capacity 3323K, committed 3328K, reserved 1048576K
Event: 2,609 GC heap after
Heap after GC invocations=8 (full 1):
 PSYoungGen      total 104960K, used 8148K [0x00000000e1780000, 0x00000000ecb00000, 0x0000000100000000)
  eden space 96256K, 0% used [0x00000000e1780000,0x00000000e1780000,0x00000000e7580000)
  from space 8704K, 93% used [0x00000000e7580000,0x00000000e7d75390,0x00000000e7e00000)
  to   space 9728K, 0% used [0x00000000ec180000,0x00000000ec180000,0x00000000ecb00000)
 ParOldGen       total 42496K, used 7183K [0x00000000a4600000, 0x00000000a6f80000, 0x00000000e1780000)
  object space 42496K, 16% used [0x00000000a4600000,0x00000000a4d03f18,0x00000000a6f80000)
 Metaspace       used 23224K, capacity 24074K, committed 24320K, reserved 1071104K
  class space    used 3114K, capacity 3323K, committed 3328K, reserved 1048576K
}
Event: 3,804 GC heap before
{Heap before GC invocations=9 (full 1):
 PSYoungGen      total 104960K, used 104404K [0x00000000e1780000, 0x00000000ecb00000, 0x0000000100000000)
  eden space 96256K, 100% used [0x00000000e1780000,0x00000000e7580000,0x00000000e7580000)
  from space 8704K, 93% used [0x00000000e7580000,0x00000000e7d75390,0x00000000e7e00000)
  to   space 9728K, 0% used [0x00000000ec180000,0x00000000ec180000,0x00000000ecb00000)
 ParOldGen       total 42496K, used 7183K [0x00000000a4600000, 0x00000000a6f80000, 0x00000000e1780000)
  object space 42496K, 16% used [0x00000000a4600000,0x00000000a4d03f18,0x00000000a6f80000)
 Metaspace       used 27181K, capacity 28340K, committed 28672K, reserved 1073152K
  class space    used 3690K, capacity 3970K, committed 4096K, reserved 1048576K
Event: 3,819 GC heap after
Heap after GC invocations=9 (full 1):
 PSYoungGen      total 169472K, used 9725K [0x00000000e1780000, 0x00000000ecb80000, 0x0000000100000000)
  eden space 159744K, 0% used [0x00000000e1780000,0x00000000e1780000,0x00000000eb380000)
  from space 9728K, 99% used [0x00000000ec180000,0x00000000ecaff560,0x00000000ecb00000)
  to   space 12288K, 0% used [0x00000000eb380000,0x00000000eb380000,0x00000000ebf80000)
 ParOldGen       total 42496K, used 10266K [0x00000000a4600000, 0x00000000a6f80000, 0x00000000e1780000)
  object space 42496K, 24% used [0x00000000a4600000,0x00000000a5006be8,0x00000000a6f80000)
 Metaspace       used 27181K, capacity 28340K, committed 28672K, reserved 1073152K
  class space    used 3690K, capacity 3970K, committed 4096K, reserved 1048576K
}
Event: 5,223 GC heap before
{Heap before GC invocations=10 (full 1):
 PSYoungGen      total 169472K, used 167950K [0x00000000e1780000, 0x00000000ecb80000, 0x0000000100000000)
  eden space 159744K, 99% used [0x00000000e1780000,0x00000000eb204660,0x00000000eb380000)
  from space 9728K, 99% used [0x00000000ec180000,0x00000000ecaff560,0x00000000ecb00000)
  to   space 12288K, 0% used [0x00000000eb380000,0x00000000eb380000,0x00000000ebf80000)
 ParOldGen       total 42496K, used 10266K [0x00000000a4600000, 0x00000000a6f80000, 0x00000000e1780000)
  object space 42496K, 24% used [0x00000000a4600000,0x00000000a5006be8,0x00000000a6f80000)
 Metaspace       used 33898K, capacity 35438K, committed 35496K, reserved 1079296K
  class space    used 4508K, capacity 4843K, committed 4864K, reserved 1048576K
Event: 5,253 GC heap after
Heap after GC invocations=10 (full 1):
 PSYoungGen      total 172032K, used 12273K [0x00000000e1780000, 0x00000000f0f00000, 0x0000000100000000)
  eden space 159744K, 0% used [0x00000000e1780000,0x00000000e1780000,0x00000000eb380000)
  from space 12288K, 99% used [0x00000000eb380000,0x00000000ebf7c7a8,0x00000000ebf80000)
  to   space 16896K, 0% used [0x00000000efe80000,0x00000000efe80000,0x00000000f0f00000)
 ParOldGen       total 42496K, used 16565K [0x00000000a4600000, 0x00000000a6f80000, 0x00000000e1780000)
  object space 42496K, 38% used [0x00000000a4600000,0x00000000a562d488,0x00000000a6f80000)
 Metaspace       used 33898K, capacity 35438K, committed 35496K, reserved 1079296K
  class space    used 4508K, capacity 4843K, committed 4864K, reserved 1048576K
}
Event: 5,253 GC heap before
{Heap before GC invocations=11 (full 2):
 PSYoungGen      total 172032K, used 12273K [0x00000000e1780000, 0x00000000f0f00000, 0x0000000100000000)
  eden space 159744K, 0% used [0x00000000e1780000,0x00000000e1780000,0x00000000eb380000)
  from space 12288K, 99% used [0x00000000eb380000,0x00000000ebf7c7a8,0x00000000ebf80000)
  to   space 16896K, 0% used [0x00000000efe80000,0x00000000efe80000,0x00000000f0f00000)
 ParOldGen       total 42496K, used 16565K [0x00000000a4600000, 0x00000000a6f80000, 0x00000000e1780000)
  object space 42496K, 38% used [0x00000000a4600000,0x00000000a562d488,0x00000000a6f80000)
 Metaspace       used 33898K, capacity 35438K, committed 35496K, reserved 1079296K
  class space    used 4508K, capacity 4843K, committed 4864K, reserved 1048576K

Deoptimization events (0 events):
No events

Classes redefined (0 events):
No events

Internal exceptions (10 events):
Event: 5,127 Thread 0x00007f9c6c002000 Exception <a 'java/lang/ArrayIndexOutOfBoundsException'> (0x00000000ea9881d8) thrown at [/HUDSON/workspace/8-2-build-linux-amd64/jdk8u162/10278/hotspot/src/share/vm/runtime/sharedRuntime.cpp, line 605]
Event: 5,127 Thread 0x00007f9c6c002000 Exception <a 'java/lang/ArrayIndexOutOfBoundsException'> (0x00000000ea989868) thrown at [/HUDSON/workspace/8-2-build-linux-amd64/jdk8u162/10278/hotspot/src/share/vm/runtime/sharedRuntime.cpp, line 605]
Event: 5,128 Thread 0x00007f9c6c002000 Exception <a 'java/lang/ClassNotFoundException': org/springframework/beans/factory/BeanClassLoaderAwareCustomizer> (0x00000000ea9a2a98) thrown at [/HUDSON/workspace/8-2-build-linux-amd64/jdk8u162/10278/hotspot/src/share/vm/classfile/systemDictionary.cpp, 
Event: 5,128 Thread 0x00007f9c6c002000 Exception <a 'java/lang/ClassNotFoundException': org/springframework/beans/factory/BeanFactoryAwareCustomizer> (0x00000000ea9b8a40) thrown at [/HUDSON/workspace/8-2-build-linux-amd64/jdk8u162/10278/hotspot/src/share/vm/classfile/systemDictionary.cpp, line
Event: 5,129 Thread 0x00007f9c6c002000 Exception <a 'java/lang/ClassNotFoundException': org/springframework/beans/factory/BeanNameAwareCustomizer> (0x00000000ea9ce238) thrown at [/HUDSON/workspace/8-2-build-linux-amd64/jdk8u162/10278/hotspot/src/share/vm/classfile/systemDictionary.cpp, line 21
Event: 5,130 Thread 0x00007f9c6c002000 Exception <a 'java/lang/ClassNotFoundException': org/springframework/beans/factory/InitializingBeanCustomizer> (0x00000000ea9e40f8) thrown at [/HUDSON/workspace/8-2-build-linux-amd64/jdk8u162/10278/hotspot/src/share/vm/classfile/systemDictionary.cpp, line
Event: 5,130 Thread 0x00007f9c6c002000 Exception <a 'java/lang/ClassNotFoundException': org/springframework/beans/factory/DisposableBeanCustomizer> (0x00000000ea9f8b18) thrown at [/HUDSON/workspace/8-2-build-linux-amd64/jdk8u162/10278/hotspot/src/share/vm/classfile/systemDictionary.cpp, line 2
Event: 5,131 Thread 0x00007f9c6c002000 Exception <a 'java/lang/ClassNotFoundException': org/springframework/orm/jpa/EntityManagerFactoryInfoCustomizer> (0x00000000eaa0ea08) thrown at [/HUDSON/workspace/8-2-build-linux-amd64/jdk8u162/10278/hotspot/src/share/vm/classfile/systemDictionary.cpp, li
Event: 5,131 Thread 0x00007f9c6c002000 Exception <a 'java/lang/ArrayIndexOutOfBoundsException'> (0x00000000eaa11b38) thrown at [/HUDSON/workspace/8-2-build-linux-amd64/jdk8u162/10278/hotspot/src/share/vm/runtime/sharedRuntime.cpp, line 605]
Event: 5,132 Thread 0x00007f9c6c002000 Exception <a 'java/lang/ClassNotFoundException': org/springframework/dao/support/PersistenceExceptionTranslatorCustomizer> (0x00000000eaa33e38) thrown at [/HUDSON/workspace/8-2-build-linux-amd64/jdk8u162/10278/hotspot/src/share/vm/classfile/systemDictiona

Events (10 events):
Event: 5,221 loading class org/hibernate/dialect/TeradataDialect done
Event: 5,221 loading class org/hibernate/hql/spi/id/IdTableSupport
Event: 5,221 loading class org/hibernate/hql/spi/id/IdTableSupport done
Event: 5,222 loading class org/hibernate/dialect/TimesTenDialect
Event: 5,222 loading class org/hibernate/dialect/TimesTenDialect done
Event: 5,222 loading class org/hibernate/engine/transaction/jta/platform/internal/BorlandEnterpriseServerJtaPlatform
Event: 5,222 loading class org/hibernate/engine/transaction/jta/platform/internal/BorlandEnterpriseServerJtaPlatform done
Event: 5,223 loading class org/hibernate/engine/transaction/jta/platform/internal/AbstractJtaPlatform
Event: 5,223 loading class org/hibernate/engine/transaction/jta/platform/internal/AbstractJtaPlatform done
Event: 5,223 Executing VM operation: CollectForMetadataAllocation


Dynamic libraries:
00400000-00401000 r-xp 00000000 08:02 16517874                           /usr/local/java/jdk1.8.0_162/bin/java
00600000-00601000 rw-p 00000000 08:02 16517874                           /usr/local/java/jdk1.8.0_162/bin/java
01502000-01523000 rw-p 00000000 00:00 0                                  [heap]
a4600000-a6f80000 rw-p 00000000 00:00 0 
a6f80000-e1780000 ---p 00000000 00:00 0 
e1780000-f0f00000 rw-p 00000000 00:00 0 
f0f00000-100000000 ---p 00000000 00:00 0 
100000000-1004c0000 rw-p 00000000 00:00 0 
1004c0000-140000000 ---p 00000000 00:00 0 
7f9c48000000-7f9c48021000 rw-p 00000000 00:00 0 
7f9c48021000-7f9c4c000000 ---p 00000000 00:00 0 
7f9c4c000000-7f9c4c021000 rw-p 00000000 00:00 0 
7f9c4c021000-7f9c50000000 ---p 00000000 00:00 0 
7f9c50000000-7f9c50021000 rw-p 00000000 00:00 0 
7f9c50021000-7f9c54000000 ---p 00000000 00:00 0 
7f9c54000000-7f9c54021000 rw-p 00000000 00:00 0 
7f9c54021000-7f9c58000000 ---p 00000000 00:00 0 
7f9c58000000-7f9c5804f000 rw-p 00000000 00:00 0 
7f9c5804f000-7f9c5c000000 ---p 00000000 00:00 0 
7f9c5c000000-7f9c5c021000 rw-p 00000000 00:00 0 
7f9c5c021000-7f9c60000000 ---p 00000000 00:00 0 
7f9c60000000-7f9c6093f000 rw-p 00000000 00:00 0 
7f9c6093f000-7f9c64000000 ---p 00000000 00:00 0 
7f9c64000000-7f9c6442d000 rw-p 00000000 00:00 0 
7f9c6442d000-7f9c68000000 ---p 00000000 00:00 0 
7f9c68000000-7f9c68021000 rw-p 00000000 00:00 0 
7f9c68021000-7f9c6c000000 ---p 00000000 00:00 0 
7f9c6c000000-7f9c6c021000 rw-p 00000000 00:00 0 
7f9c6c021000-7f9c70000000 ---p 00000000 00:00 0 
7f9c70000000-7f9c70021000 rw-p 00000000 00:00 0 
7f9c70021000-7f9c74000000 ---p 00000000 00:00 0 
7f9c74000000-7f9c74021000 rw-p 00000000 00:00 0 
7f9c74021000-7f9c78000000 ---p 00000000 00:00 0 
7f9c78000000-7f9c78021000 rw-p 00000000 00:00 0 
7f9c78021000-7f9c7c000000 ---p 00000000 00:00 0 
7f9c7c000000-7f9c7c021000 rw-p 00000000 00:00 0 
7f9c7c021000-7f9c80000000 ---p 00000000 00:00 0 
7f9c80000000-7f9c80021000 rw-p 00000000 00:00 0 
7f9c80021000-7f9c84000000 ---p 00000000 00:00 0 
7f9c84000000-7f9c84021000 rw-p 00000000 00:00 0 
7f9c84021000-7f9c88000000 ---p 00000000 00:00 0 
7f9c88000000-7f9c88021000 rw-p 00000000 00:00 0 
7f9c88021000-7f9c8c000000 ---p 00000000 00:00 0 
7f9c8c000000-7f9c8c021000 rw-p 00000000 00:00 0 
7f9c8c021000-7f9c90000000 ---p 00000000 00:00 0 
7f9c900fa000-7f9c900fd000 ---p 00000000 00:00 0 
7f9c900fd000-7f9c901fb000 rw-p 00000000 00:00 0 
7f9c901fb000-7f9c901fe000 ---p 00000000 00:00 0 
7f9c901fe000-7f9c904e6000 rw-p 00000000 00:00 0 
7f9c904e6000-7f9c904fc000 ---p 00000000 00:00 0 
7f9c904fc000-7f9c904ff000 ---p 00000000 00:00 0 
7f9c904ff000-7f9c905fd000 rw-p 00000000 00:00 0 
7f9c905fd000-7f9c90600000 ---p 00000000 00:00 0 
7f9c90600000-7f9c906fe000 rw-p 00000000 00:00 0 
7f9c906fe000-7f9c90701000 ---p 00000000 00:00 0 
7f9c90701000-7f9c909ff000 rw-p 00000000 00:00 0 
7f9c909ff000-7f9c90bff000 rw-p 00000000 00:00 0 
7f9c90bff000-7f9c90dff000 rw-p 00000000 00:00 0 
7f9c90dff000-7f9c90fff000 rw-p 00000000 00:00 0 
7f9c90fff000-7f9c94000000 rw-p 00000000 00:00 0 
7f9c94000000-7f9c94021000 rw-p 00000000 00:00 0 
7f9c94021000-7f9c98000000 ---p 00000000 00:00 0 
7f9c98000000-7f9c985f9000 rw-p 00000000 00:00 0 
7f9c985f9000-7f9c9c000000 ---p 00000000 00:00 0 
7f9c9c000000-7f9c9c021000 rw-p 00000000 00:00 0 
7f9c9c021000-7f9ca0000000 ---p 00000000 00:00 0 
7f9ca0000000-7f9ca0056000 rw-p 00000000 00:00 0 
7f9ca0056000-7f9ca4000000 ---p 00000000 00:00 0 
7f9ca4000000-7f9ca4021000 rw-p 00000000 00:00 0 
7f9ca4021000-7f9ca8000000 ---p 00000000 00:00 0 
7f9ca8000000-7f9ca8021000 rw-p 00000000 00:00 0 
7f9ca8021000-7f9cac000000 ---p 00000000 00:00 0 
7f9cac000000-7f9cac021000 rw-p 00000000 00:00 0 
7f9cac021000-7f9cb0000000 ---p 00000000 00:00 0 
7f9cb0000000-7f9cb0021000 rw-p 00000000 00:00 0 
7f9cb0021000-7f9cb4000000 ---p 00000000 00:00 0 
7f9cb4000000-7f9cb4021000 rw-p 00000000 00:00 0 
7f9cb4021000-7f9cb8000000 ---p 00000000 00:00 0 
7f9cb8000000-7f9cb82b3000 rw-p 00000000 00:00 0 
7f9cb82b3000-7f9cbc000000 ---p 00000000 00:00 0 
7f9cbc092000-7f9cbc097000 r--s 002f9000 08:02 17042995                   /usr/local/java/jdk1.8.0_162/jre/lib/charsets.jar
7f9cbc097000-7f9cbc09a000 ---p 00000000 00:00 0 
7f9cbc09a000-7f9cbc398000 rw-p 00000000 00:00 0 
7f9cbc398000-7f9cbc598000 rw-p 00000000 00:00 0 
7f9cbc598000-7f9cbc5ab000 r--s 00345000 08:02 17043001                   /usr/local/java/jdk1.8.0_162/jre/lib/resources.jar
7f9cbc5ab000-7f9cbc7ab000 rw-p 00000000 00:00 0 
7f9cbc7ab000-7f9cbc9ab000 rw-p 00000000 00:00 0 
7f9cbc9ab000-7f9cbcbab000 rw-p 00000000 00:00 0 
7f9cbcbab000-7f9cbcbae000 ---p 00000000 00:00 0 
7f9cbcbae000-7f9cbccac000 rw-p 00000000 00:00 0 
7f9cbccac000-7f9cbccaf000 ---p 00000000 00:00 0 
7f9cbccaf000-7f9cbcdad000 rw-p 00000000 00:00 0 
7f9cbcdad000-7f9cbcdb0000 ---p 00000000 00:00 0 
7f9cbcdb0000-7f9cbceae000 rw-p 00000000 00:00 0 
7f9cbceae000-7f9cbceb5000 r--s 00000000 08:02 16651651                   /usr/lib/x86_64-linux-gnu/gconv/gconv-modules.cache
7f9cbceb5000-7f9cbceda000 r--p 00000000 08:02 18223226                   /usr/share/locale-langpack/es/LC_MESSAGES/libc.mo
7f9cbceda000-7f9cbd0da000 rw-p 00000000 00:00 0 
7f9cbd0da000-7f9cbd0dd000 ---p 00000000 00:00 0 
7f9cbd0dd000-7f9cbd1db000 rw-p 00000000 00:00 0 
7f9cbd1db000-7f9cbd1f7000 r--s 00393000 08:02 17172589                   /usr/local/java/jdk1.8.0_162/jre/lib/ext/cldrdata.jar
7f9cbd1f7000-7f9cbd1fa000 ---p 00000000 00:00 0 
7f9cbd1fa000-7f9cbd2f8000 rw-p 00000000 00:00 0 
7f9cbd2f8000-7f9cbd2fb000 ---p 00000000 00:00 0 
7f9cbd2fb000-7f9cbd3f9000 rw-p 00000000 00:00 0 
7f9cbd3f9000-7f9cbd3fc000 ---p 00000000 00:00 0 
7f9cbd3fc000-7f9cbd4fa000 rw-p 00000000 00:00 0 
7f9cbd4fa000-7f9cbd4fb000 ---p 00000000 00:00 0 
7f9cbd4fb000-7f9cbd5fb000 rw-p 00000000 00:00 0 
7f9cbd5fb000-7f9cbd5fe000 ---p 00000000 00:00 0 
7f9cbd5fe000-7f9cbd6fc000 rw-p 00000000 00:00 0 
7f9cbd6fc000-7f9cbd706000 r--s 00116000 08:02 17174272                   /usr/local/java/jdk1.8.0_162/jre/lib/ext/localedata.jar
7f9cbd706000-7f9cbd709000 ---p 00000000 00:00 0 
7f9cbd709000-7f9cbd807000 rw-p 00000000 00:00 0 
7f9cbd807000-7f9cbd80a000 ---p 00000000 00:00 0 
7f9cbd80a000-7f9cbd908000 rw-p 00000000 00:00 0 
7f9cbd908000-7f9cbd90d000 r--s 0009d000 08:02 17043002                   /usr/local/java/jdk1.8.0_162/jre/lib/jsse.jar
7f9cbd90d000-7f9cbd90f000 r--s 00004000 08:02 10493841                   /home/kevin/.m2/repository/org/springframework/spring-jcl/5.0.7.RELEASE/spring-jcl-5.0.7.RELEASE.jar
7f9cbd90f000-7f9cbd927000 r--s 00114000 08:02 10363871                   /home/kevin/.m2/repository/org/springframework/spring-core/5.0.7.RELEASE/spring-core-5.0.7.RELEASE.jar
7f9cbd927000-7f9cbd931000 r--s 000ec000 08:02 9830809                    /home/kevin/.m2/repository/mysql/mysql-connector-java/5.1.46/mysql-connector-java-5.1.46.jar
7f9cbd931000-7f9cbd951000 r--s 000fc000 08:02 11146166                   /home/kevin/.m2/repository/org/springframework/boot/spring-boot-autoconfigure/2.0.3.RELEASE/spring-boot-autoconfigure-2.0.3.RELEASE.jar
7f9cbd951000-7f9cbd966000 r--s 000cf000 08:02 10231656                   /home/kevin/.m2/repository/org/springframework/boot/spring-boot/2.0.3.RELEASE/spring-boot-2.0.3.RELEASE.jar
7f9cbd966000-7f9cbd96c000 r--s 0002d000 08:02 11667134                   /home/kevin/.m2/repository/org/springframework/boot/spring-boot-devtools/2.0.3.RELEASE/spring-boot-devtools-2.0.3.RELEASE.jar
7f9cbd96c000-7f9cbd971000 r--s 00040000 08:02 11018448                   /home/kevin/.m2/repository/org/springframework/spring-expression/5.0.7.RELEASE/spring-expression-5.0.7.RELEASE.jar
7f9cbd971000-7f9cbd980000 r--s 000b2000 08:02 11667132                   /home/kevin/.m2/repository/org/springframework/spring-webmvc/5.0.7.RELEASE/spring-webmvc-5.0.7.RELEASE.jar
7f9cbd980000-7f9cbd99a000 r--s 00119000 08:02 11667130                   /home/kevin/.m2/repository/org/springframework/spring-web/5.0.7.RELEASE/spring-web-5.0.7.RELEASE.jar
7f9cbd99a000-7f9cbd99f000 r--s 00012000 08:02 9830791                    /home/kevin/.m2/repository/javax/validation/validation-api/2.0.1.Final/validation-api-2.0.1.Final.jar
7f9cbd99f000-7f9cbd9bb000 r--s 000f9000 08:02 11667128                   /home/kevin/.m2/repository/org/hibernate/validator/hibernate-validator/6.0.10.Final/hibernate-validator-6.0.10.Final.jar
7f9cbd9bb000-7f9cbd9c0000 r--s 0003a000 08:02 9830787                    /home/kevin/.m2/repository/org/apache/tomcat/embed/tomcat-embed-websocket/8.5.31/tomcat-embed-websocket-8.5.31.jar
7f9cbd9c0000-7f9cbd9c4000 r--s 00037000 08:02 9830785                    /home/kevin/.m2/repository/org/apache/tomcat/embed/tomcat-embed-el/8.5.31/tomcat-embed-el-8.5.31.jar
7f9cbd9c4000-7f9cbd9ed000 r--s 002d0000 08:02 9830783                    /home/kevin/.m2/repository/org/apache/tomcat/embed/tomcat-embed-core/8.5.31/tomcat-embed-core-8.5.31.jar
7f9cbd9ed000-7f9cbd9ee000 r--s 00000000 08:02 11667152                   /home/kevin/.m2/repository/org/springframework/boot/spring-boot-starter-tomcat/2.0.3.RELEASE/spring-boot-starter-tomcat-2.0.3.RELEASE.jar
7f9cbd9ee000-7f9cbd9f0000 r--s 00001000 08:02 11667126                   /home/kevin/.m2/repository/com/fasterxml/jackson/module/jackson-module-parameter-names/2.9.6/jackson-module-parameter-names-2.9.6.jar
7f9cbd9f0000-7f9cbd9f3000 r--s 00016000 08:02 11667124                   /home/kevin/.m2/repository/com/fasterxml/jackson/datatype/jackson-datatype-jsr310/2.9.6/jackson-datatype-jsr310-2.9.6.jar
7f9cbd9f3000-7f9cbd9f5000 r--s 00007000 08:02 11667122                   /home/kevin/.m2/repository/com/fasterxml/jackson/datatype/jackson-datatype-jdk8/2.9.6/jackson-datatype-jdk8-2.9.6.jar
7f9cbd9f5000-7f9cbd9fa000 r--s 0004b000 08:02 11667120                   /home/kevin/.m2/repository/com/fasterxml/jackson/core/jackson-core/2.9.6/jackson-core-2.9.6.jar
7f9cbd9fa000-7f9cbd9fd000 r--s 0000e000 08:02 9830771                    /home/kevin/.m2/repository/com/fasterxml/jackson/core/jackson-annotations/2.9.0/jackson-annotations-2.9.0.jar
7f9cbd9fd000-7f9cbda10000 r--s 00137000 08:02 9314812                    /home/kevin/.m2/repository/com/fasterxml/jackson/core/jackson-databind/2.9.6/jackson-databind-2.9.6.jar
7f9cbda10000-7f9cbda11000 r--s 00000000 08:02 11667118                   /home/kevin/.m2/repository/org/springframework/boot/spring-boot-starter-json/2.0.3.RELEASE/spring-boot-starter-json-2.0.3.RELEASE.jar
7f9cbda11000-7f9cbda12000 r--s 00000000 08:02 11667116                   /home/kevin/.m2/repository/org/springframework/boot/spring-boot-starter-web/2.0.3.RELEASE/spring-boot-starter-web-2.0.3.RELEASE.jar
7f9cbda12000-7f9cbda15000 r--s 00026000 08:02 9830763                    /home/kevin/.m2/repository/org/unbescape/unbescape/1.1.5.RELEASE/unbescape-1.1.5.RELEASE.jar
7f9cbda15000-7f9cbda19000 r--s 00035000 08:02 9830761                    /home/kevin/.m2/repository/org/attoparser/attoparser/2.0.4.RELEASE/attoparser-2.0.4.RELEASE.jar
7f9cbda19000-7f9cbda29000 r--s 000c5000 08:02 9830759                    /home/kevin/.m2/repository/org/thymeleaf/thymeleaf/3.0.9.RELEASE/thymeleaf-3.0.9.RELEASE.jar
7f9cbda29000-7f9cbda2d000 r--s 00027000 08:02 9830757                    /home/kevin/.m2/repository/org/thymeleaf/thymeleaf-spring5/3.0.9.RELEASE/thymeleaf-spring5-3.0.9.RELEASE.jar
7f9cbda2d000-7f9cbda2f000 r--s 0000a000 08:02 11667112                   /home/kevin/.m2/repository/org/springframework/spring-aspects/5.0.7.RELEASE/spring-aspects-5.0.7.RELEASE.jar
7f9cbda2f000-7f9cbda31000 r--s 00009000 08:02 9702647                    /home/kevin/.m2/repository/org/slf4j/slf4j-api/1.7.25/slf4j-api-1.7.25.jar
7f9cbda31000-7f9cbda3d000 r--s 00096000 08:02 10887012                   /home/kevin/.m2/repository/org/springframework/spring-beans/5.0.7.RELEASE/spring-beans-5.0.7.RELEASE.jar
7f9cbda3d000-7f9cbda45000 r--s 00037000 08:02 11667109                   /home/kevin/.m2/repository/org/springframework/spring-tx/5.0.7.RELEASE/spring-tx-5.0.7.RELEASE.jar
7f9cbda45000-7f9cbda5f000 r--s 000f1000 08:02 10624930                   /home/kevin/.m2/repository/org/springframework/spring-context/5.0.7.RELEASE/spring-context-5.0.7.RELEASE.jar
7f9cbda5f000-7f9cbda76000 r--s 000f1000 08:02 11667105                   /home/kevin/.m2/repository/org/springframework/data/spring-data-commons/2.0.8.RELEASE/spring-data-commons-2.0.8.RELEASE.jar
7f9cbda76000-7f9cbda7e000 r--s 0004b000 08:02 11667103                   /home/kevin/.m2/repository/org/springframework/data/spring-data-jpa/2.0.8.RELEASE/spring-data-jpa-2.0.8.RELEASE.jar
7f9cbda7e000-7f9cbdafc000 r--s 005f0000 08:02 9702603                    /home/kevin/.m2/repository/org/hibernate/hibernate-core/5.2.17.Final/hibernate-core-5.2.17.Final.jar
7f9cbdafc000-7f9cbdb92000 r--s 0110a000 08:02 17172598                   /usr/local/java/jdk1.8.0_162/jre/lib/ext/jfxrt.jar
7f9cbdb92000-7f9cbdba3000 r-xp 00000000 08:02 17174417                   /usr/local/java/jdk1.8.0_162/jre/lib/amd64/libnio.so
7f9cbdba3000-7f9cbdda2000 ---p 00011000 08:02 17174417                   /usr/local/java/jdk1.8.0_162/jre/lib/amd64/libnio.so
7f9cbdda2000-7f9cbdda3000 rw-p 00010000 08:02 17174417                   /usr/local/java/jdk1.8.0_162/jre/lib/amd64/libnio.so
7f9cbdda3000-7f9cbddb9000 r-xp 00000000 08:02 17174414                   /usr/local/java/jdk1.8.0_162/jre/lib/amd64/libnet.so
7f9cbddb9000-7f9cbdfb9000 ---p 00016000 08:02 17174414                   /usr/local/java/jdk1.8.0_162/jre/lib/amd64/libnet.so
7f9cbdfb9000-7f9cbdfba000 rw-p 00016000 08:02 17174414                   /usr/local/java/jdk1.8.0_162/jre/lib/amd64/libnet.so
7f9cbdfba000-7f9cbdfc3000 r-xp 00000000 08:02 17174422                   /usr/local/java/jdk1.8.0_162/jre/lib/amd64/libmanagement.so
7f9cbdfc3000-7f9cbe1c2000 ---p 00009000 08:02 17174422                   /usr/local/java/jdk1.8.0_162/jre/lib/amd64/libmanagement.so
7f9cbe1c2000-7f9cbe1c3000 rw-p 00008000 08:02 17174422                   /usr/local/java/jdk1.8.0_162/jre/lib/amd64/libmanagement.so
7f9cbe1c3000-7f9cbe1c6000 ---p 00000000 00:00 0 
7f9cbe1c6000-7f9cbe2c4000 rw-p 00000000 00:00 0 
7f9cbe2c4000-7f9cbe2c7000 ---p 00000000 00:00 0 
7f9cbe2c7000-7f9cbe3c5000 rw-p 00000000 00:00 0 
7f9cbe3c5000-7f9cbe3c8000 ---p 00000000 00:00 0 
7f9cbe3c8000-7f9cbe4c6000 rw-p 00000000 00:00 0 
7f9cbe4c6000-7f9cbe4c9000 ---p 00000000 00:00 0 
7f9cbe4c9000-7f9cbe5c7000 rw-p 00000000 00:00 0 
7f9cbe5c7000-7f9cbe5ca000 ---p 00000000 00:00 0 
7f9cbe5ca000-7f9cbe6c8000 rw-p 00000000 00:00 0 
7f9cbe6c8000-7f9cbec15000 r--p 00000000 08:02 16384199                   /usr/lib/locale/locale-archive
7f9cbec15000-7f9cbec18000 ---p 00000000 00:00 0 
7f9cbec18000-7f9cbed16000 rw-p 00000000 00:00 0 
7f9cbed16000-7f9cbed19000 ---p 00000000 00:00 0 
7f9cbed19000-7f9cbee17000 rw-p 00000000 00:00 0 
7f9cbee17000-7f9cbee18000 ---p 00000000 00:00 0 
7f9cbee18000-7f9cbfe27000 rw-p 00000000 00:00 0 
7f9cbfe27000-7f9cc0000000 r--s 03d65000 08:02 17042997                   /usr/local/java/jdk1.8.0_162/jre/lib/rt.jar
7f9cc0000000-7f9cc0021000 rw-p 00000000 00:00 0 
7f9cc0021000-7f9cc4000000 ---p 00000000 00:00 0 
7f9cc4000000-7f9cc4001000 r--s 00009000 08:02 9830765                    /home/kevin/.m2/repository/org/thymeleaf/extras/thymeleaf-extras-java8time/3.0.1.RELEASE/thymeleaf-extras-java8time-3.0.1.RELEASE.jar
7f9cc4001000-7f9cc4005000 r--s 0002b000 08:02 11667107                   /home/kevin/.m2/repository/org/springframework/spring-orm/5.0.7.RELEASE/spring-orm-5.0.7.RELEASE.jar
7f9cc4005000-7f9cc4007000 r--s 00006000 08:02 9702619                    /home/kevin/.m2/repository/javax/transaction/javax.transaction-api/1.2/javax.transaction-api-1.2.jar
7f9cc4007000-7f9cc400a000 r--s 00010000 08:02 9702617                    /home/kevin/.m2/repository/org/hibernate/common/hibernate-commons-annotations/5.0.1.Final/hibernate-commons-annotations-5.0.1.Final.jar
7f9cc400a000-7f9cc400f000 r--s 00048000 08:02 9702615                    /home/kevin/.m2/repository/dom4j/dom4j/1.6.1/dom4j-1.6.1.jar
7f9cc400f000-7f9cc4011000 r--s 0000e000 08:02 9044051                    /home/kevin/.m2/repository/com/fasterxml/classmate/1.3.4/classmate-1.3.4.jar
7f9cc4011000-7f9cc4014000 r--s 0002b000 08:02 9702613                    /home/kevin/.m2/repository/org/jboss/jandex/2.0.3.Final/jandex-2.0.3.Final.jar
7f9cc4014000-7f9cc4019000 r--s 00068000 08:02 9702611                    /home/kevin/.m2/repository/antlr/antlr/2.7.7/antlr-2.7.7.jar
7f9cc4019000-7f9cc4023000 r--s 000ab000 08:02 9702609                    /home/kevin/.m2/repository/org/javassist/javassist/3.22.0-GA/javassist-3.22.0-GA.jar
7f9cc4023000-7f9cc402c000 r--s 00059000 08:02 11667099                   /home/kevin/.m2/repository/org/springframework/spring-jdbc/5.0.7.RELEASE/spring-jdbc-5.0.7.RELEASE.jar
7f9cc402c000-7f9cc4045000 r--s 001bf000 08:02 9702601                    /home/kevin/.m2/repository/org/aspectj/aspectjweaver/1.8.13/aspectjweaver-1.8.13.jar
7f9cc4045000-7f9cc7a1a000 rw-p 00000000 00:00 0 
7f9cc7a1a000-7f9cc7a1b000 ---p 00000000 00:00 0 
7f9cc7a1b000-7f9cc7b1b000 rw-p 00000000 00:00 0 
7f9cc7b1b000-7f9cc7b1c000 ---p 00000000 00:00 0 
7f9cc7b1c000-7f9cc7c1c000 rw-p 00000000 00:00 0 
7f9cc7c1c000-7f9cc7c1d000 ---p 00000000 00:00 0 
7f9cc7c1d000-7f9cc7d32000 rw-p 00000000 00:00 0 
7f9cc7d32000-7f9cc7f06000 ---p 00000000 00:00 0 
7f9cc7f06000-7f9cc7f1b000 rw-p 00000000 00:00 0 
7f9cc7f1b000-7f9cc80ee000 ---p 00000000 00:00 0 
7f9cc80ee000-7f9cc816b000 rw-p 00000000 00:00 0 
7f9cc816b000-7f9cc81e3000 ---p 00000000 00:00 0 
7f9cc81e3000-7f9cc8200000 rw-p 00000000 00:00 0 
7f9cc8200000-7f9cc85a4000 ---p 00000000 00:00 0 
7f9cc85a4000-7f9cc8c94000 rwxp 00000000 00:00 0 
7f9cc8c94000-7f9cd75a4000 ---p 00000000 00:00 0 
7f9cd75a4000-7f9cd75bf000 r-xp 00000000 08:02 17174410                   /usr/local/java/jdk1.8.0_162/jre/lib/amd64/libzip.so
7f9cd75bf000-7f9cd77bf000 ---p 0001b000 08:02 17174410                   /usr/local/java/jdk1.8.0_162/jre/lib/amd64/libzip.so
7f9cd77bf000-7f9cd77c0000 rw-p 0001b000 08:02 17174410                   /usr/local/java/jdk1.8.0_162/jre/lib/amd64/libzip.so
7f9cd77c0000-7f9cd77cb000 r-xp 00000000 08:02 21758048                   /lib/x86_64-linux-gnu/libnss_files-2.23.so
7f9cd77cb000-7f9cd79ca000 ---p 0000b000 08:02 21758048                   /lib/x86_64-linux-gnu/libnss_files-2.23.so
7f9cd79ca000-7f9cd79cb000 r--p 0000a000 08:02 21758048                   /lib/x86_64-linux-gnu/libnss_files-2.23.so
7f9cd79cb000-7f9cd79cc000 rw-p 0000b000 08:02 21758048                   /lib/x86_64-linux-gnu/libnss_files-2.23.so
7f9cd79cc000-7f9cd79d2000 rw-p 00000000 00:00 0 
7f9cd79d2000-7f9cd79dd000 r-xp 00000000 08:02 21762516                   /lib/x86_64-linux-gnu/libnss_nis-2.23.so
7f9cd79dd000-7f9cd7bdc000 ---p 0000b000 08:02 21762516                   /lib/x86_64-linux-gnu/libnss_nis-2.23.so
7f9cd7bdc000-7f9cd7bdd000 r--p 0000a000 08:02 21762516                   /lib/x86_64-linux-gnu/libnss_nis-2.23.so
7f9cd7bdd000-7f9cd7bde000 rw-p 0000b000 08:02 21762516                   /lib/x86_64-linux-gnu/libnss_nis-2.23.so
7f9cd7bde000-7f9cd7bf4000 r-xp 00000000 08:02 21757966                   /lib/x86_64-linux-gnu/libnsl-2.23.so
7f9cd7bf4000-7f9cd7df3000 ---p 00016000 08:02 21757966                   /lib/x86_64-linux-gnu/libnsl-2.23.so
7f9cd7df3000-7f9cd7df4000 r--p 00015000 08:02 21757966                   /lib/x86_64-linux-gnu/libnsl-2.23.so
7f9cd7df4000-7f9cd7df5000 rw-p 00016000 08:02 21757966                   /lib/x86_64-linux-gnu/libnsl-2.23.so
7f9cd7df5000-7f9cd7df7000 rw-p 00000000 00:00 0 
7f9cd7df7000-7f9cd7dff000 r-xp 00000000 08:02 21758043                   /lib/x86_64-linux-gnu/libnss_compat-2.23.so
7f9cd7dff000-7f9cd7ffe000 ---p 00008000 08:02 21758043                   /lib/x86_64-linux-gnu/libnss_compat-2.23.so
7f9cd7ffe000-7f9cd7fff000 r--p 00007000 08:02 21758043                   /lib/x86_64-linux-gnu/libnss_compat-2.23.so
7f9cd7fff000-7f9cd8000000 rw-p 00008000 08:02 21758043                   /lib/x86_64-linux-gnu/libnss_compat-2.23.so
7f9cd8000000-7f9cd8820000 rw-p 00000000 00:00 0 
7f9cd8820000-7f9cdc000000 ---p 00000000 00:00 0 
7f9cdc000000-7f9cdc005000 r--s 00017000 08:02 11667101                   /home/kevin/.m2/repository/org/hibernate/javax/persistence/hibernate-jpa-2.1-api/1.0.2.Final/hibernate-jpa-2.1-api-1.0.2.Final.jar
7f9cdc005000-7f9cdc007000 r--s 0000f000 08:02 9702605                    /home/kevin/.m2/repository/org/jboss/logging/jboss-logging/3.3.2.Final/jboss-logging-3.3.2.Final.jar
7f9cdc007000-7f9cdc010000 r--s 00051000 08:02 10757813                   /home/kevin/.m2/repository/org/springframework/spring-aop/5.0.7.RELEASE/spring-aop-5.0.7.RELEASE.jar
7f9cdc010000-7f9cdc031000 rw-p 00000000 00:00 0 
7f9cdc031000-7f9cdc032000 ---p 00000000 00:00 0 
7f9cdc032000-7f9cdc132000 rw-p 00000000 00:00 0 
7f9cdc132000-7f9cdc15d000 r-xp 00000000 08:02 17174404                   /usr/local/java/jdk1.8.0_162/jre/lib/amd64/libjava.so
7f9cdc15d000-7f9cdc35c000 ---p 0002b000 08:02 17174404                   /usr/local/java/jdk1.8.0_162/jre/lib/amd64/libjava.so
7f9cdc35c000-7f9cdc35e000 rw-p 0002a000 08:02 17174404                   /usr/local/java/jdk1.8.0_162/jre/lib/amd64/libjava.so
7f9cdc35e000-7f9cdc36b000 r-xp 00000000 08:02 17174409                   /usr/local/java/jdk1.8.0_162/jre/lib/amd64/libverify.so
7f9cdc36b000-7f9cdc56b000 ---p 0000d000 08:02 17174409                   /usr/local/java/jdk1.8.0_162/jre/lib/amd64/libverify.so
7f9cdc56b000-7f9cdc56d000 rw-p 0000d000 08:02 17174409                   /usr/local/java/jdk1.8.0_162/jre/lib/amd64/libverify.so
7f9cdc56d000-7f9cdc574000 r-xp 00000000 08:02 21762517                   /lib/x86_64-linux-gnu/librt-2.23.so
7f9cdc574000-7f9cdc773000 ---p 00007000 08:02 21762517                   /lib/x86_64-linux-gnu/librt-2.23.so
7f9cdc773000-7f9cdc774000 r--p 00006000 08:02 21762517                   /lib/x86_64-linux-gnu/librt-2.23.so
7f9cdc774000-7f9cdc775000 rw-p 00007000 08:02 21762517                   /lib/x86_64-linux-gnu/librt-2.23.so
7f9cdc775000-7f9cdc87d000 r-xp 00000000 08:02 21757957                   /lib/x86_64-linux-gnu/libm-2.23.so
7f9cdc87d000-7f9cdca7c000 ---p 00108000 08:02 21757957                   /lib/x86_64-linux-gnu/libm-2.23.so
7f9cdca7c000-7f9cdca7d000 r--p 00107000 08:02 21757957                   /lib/x86_64-linux-gnu/libm-2.23.so
7f9cdca7d000-7f9cdca7e000 rw-p 00108000 08:02 21757957                   /lib/x86_64-linux-gnu/libm-2.23.so
7f9cdca7e000-7f9cdd757000 r-xp 00000000 08:02 17301606                   /usr/local/java/jdk1.8.0_162/jre/lib/amd64/server/libjvm.so
7f9cdd757000-7f9cdd956000 ---p 00cd9000 08:02 17301606                   /usr/local/java/jdk1.8.0_162/jre/lib/amd64/server/libjvm.so
7f9cdd956000-7f9cdda30000 rw-p 00cd8000 08:02 17301606                   /usr/local/java/jdk1.8.0_162/jre/lib/amd64/server/libjvm.so
7f9cdda30000-7f9cdda7b000 rw-p 00000000 00:00 0 
7f9cdda7b000-7f9cddc3b000 r-xp 00000000 08:02 21758035                   /lib/x86_64-linux-gnu/libc-2.23.so
7f9cddc3b000-7f9cdde3b000 ---p 001c0000 08:02 21758035                   /lib/x86_64-linux-gnu/libc-2.23.so
7f9cdde3b000-7f9cdde3f000 r--p 001c0000 08:02 21758035                   /lib/x86_64-linux-gnu/libc-2.23.so
7f9cdde3f000-7f9cdde41000 rw-p 001c4000 08:02 21758035                   /lib/x86_64-linux-gnu/libc-2.23.so
7f9cdde41000-7f9cdde45000 rw-p 00000000 00:00 0 
7f9cdde45000-7f9cdde48000 r-xp 00000000 08:02 21758037                   /lib/x86_64-linux-gnu/libdl-2.23.so
7f9cdde48000-7f9cde047000 ---p 00003000 08:02 21758037                   /lib/x86_64-linux-gnu/libdl-2.23.so
7f9cde047000-7f9cde048000 r--p 00002000 08:02 21758037                   /lib/x86_64-linux-gnu/libdl-2.23.so
7f9cde048000-7f9cde049000 rw-p 00003000 08:02 21758037                   /lib/x86_64-linux-gnu/libdl-2.23.so
7f9cde049000-7f9cde05f000 r-xp 00000000 08:02 17041765                   /usr/local/java/jdk1.8.0_162/lib/amd64/jli/libjli.so
7f9cde05f000-7f9cde25e000 ---p 00016000 08:02 17041765                   /usr/local/java/jdk1.8.0_162/lib/amd64/jli/libjli.so
7f9cde25e000-7f9cde25f000 rw-p 00015000 08:02 17041765                   /usr/local/java/jdk1.8.0_162/lib/amd64/jli/libjli.so
7f9cde25f000-7f9cde277000 r-xp 00000000 08:02 21757977                   /lib/x86_64-linux-gnu/libpthread-2.23.so
7f9cde277000-7f9cde476000 ---p 00018000 08:02 21757977                   /lib/x86_64-linux-gnu/libpthread-2.23.so
7f9cde476000-7f9cde477000 r--p 00017000 08:02 21757977                   /lib/x86_64-linux-gnu/libpthread-2.23.so
7f9cde477000-7f9cde478000 rw-p 00018000 08:02 21757977                   /lib/x86_64-linux-gnu/libpthread-2.23.so
7f9cde478000-7f9cde47c000 rw-p 00000000 00:00 0 
7f9cde47c000-7f9cde4a2000 r-xp 00000000 08:02 21757969                   /lib/x86_64-linux-gnu/ld-2.23.so
7f9cde4a2000-7f9cde4a3000 r--s 00000000 08:02 11667114                   /home/kevin/.m2/repository/org/springframework/boot/spring-boot-starter-thymeleaf/2.0.3.RELEASE/spring-boot-starter-thymeleaf-2.0.3.RELEASE.jar
7f9cde4a3000-7f9cde4a7000 r--s 00020000 08:02 9702637                    /home/kevin/.m2/repository/com/zaxxer/HikariCP/2.7.9/HikariCP-2.7.9.jar
7f9cde4a7000-7f9cde4a8000 r--s 00000000 08:02 11537316                   /home/kevin/.m2/repository/org/springframework/boot/spring-boot-starter-jdbc/2.0.3.RELEASE/spring-boot-starter-jdbc-2.0.3.RELEASE.jar
7f9cde4a8000-7f9cde4af000 r--s 00042000 08:02 9702597                    /home/kevin/.m2/repository/org/yaml/snakeyaml/1.19/snakeyaml-1.19.jar
7f9cde4af000-7f9cde4b1000 r--s 00005000 08:02 9702595                    /home/kevin/.m2/repository/javax/annotation/javax.annotation-api/1.3.2/javax.annotation-api-1.3.2.jar
7f9cde4b1000-7f9cde4b3000 r--s 00000000 08:02 9702593                    /home/kevin/.m2/repository/org/slf4j/jul-to-slf4j/1.7.25/jul-to-slf4j-1.7.25.jar
7f9cde4b3000-7f9cde4be000 r--s 00069000 08:02 9702587                    /home/kevin/.m2/repository/ch/qos/logback/logback-core/1.2.3/logback-core-1.2.3.jar
7f9cde4be000-7f9cde57f000 rw-p 00000000 00:00 0 
7f9cde57f000-7f9cde582000 ---p 00000000 00:00 0 
7f9cde582000-7f9cde685000 rw-p 00000000 00:00 0 
7f9cde685000-7f9cde686000 r--s 00000000 08:02 11405880                   /home/kevin/.m2/repository/org/springframework/boot/spring-boot-starter-aop/2.0.3.RELEASE/spring-boot-starter-aop-2.0.3.RELEASE.jar
7f9cde686000-7f9cde68c000 r--s 00039000 08:02 9702591                    /home/kevin/.m2/repository/org/apache/logging/log4j/log4j-api/2.10.0/log4j-api-2.10.0.jar
7f9cde68c000-7f9cde68e000 r--s 00003000 08:02 9702589                    /home/kevin/.m2/repository/org/apache/logging/log4j/log4j-to-slf4j/2.10.0/log4j-to-slf4j-2.10.0.jar
7f9cde68e000-7f9cde694000 r--s 00041000 08:02 9702585                    /home/kevin/.m2/repository/ch/qos/logback/logback-classic/1.2.3/logback-classic-1.2.3.jar
7f9cde694000-7f9cde695000 r--s 00000000 08:02 11274563                   /home/kevin/.m2/repository/org/springframework/boot/spring-boot-starter-logging/2.0.3.RELEASE/spring-boot-starter-logging-2.0.3.RELEASE.jar
7f9cde695000-7f9cde696000 r--s 00000000 08:02 10095343                   /home/kevin/.m2/repository/org/springframework/boot/spring-boot-starter/2.0.3.RELEASE/spring-boot-starter-2.0.3.RELEASE.jar
7f9cde696000-7f9cde697000 r--s 00000000 08:02 9832912                    /home/kevin/.m2/repository/org/springframework/boot/spring-boot-starter-data-jpa/2.0.3.RELEASE/spring-boot-starter-data-jpa-2.0.3.RELEASE.jar
7f9cde697000-7f9cde69f000 rw-s 00000000 08:02 23073461                   /tmp/hsperfdata_kevin/4781
7f9cde69f000-7f9cde6a0000 rw-p 00000000 00:00 0 
7f9cde6a0000-7f9cde6a1000 ---p 00000000 00:00 0 
7f9cde6a1000-7f9cde6a2000 r--p 00025000 08:02 21757969                   /lib/x86_64-linux-gnu/ld-2.23.so
7f9cde6a2000-7f9cde6a3000 rw-p 00026000 08:02 21757969                   /lib/x86_64-linux-gnu/ld-2.23.so
7f9cde6a3000-7f9cde6a4000 rw-p 00000000 00:00 0 
7ffc4e4eb000-7ffc4e50e000 rw-p 00000000 00:00 0                          [stack]
7ffc4e5a2000-7ffc4e5a5000 r--p 00000000 00:00 0                          [vvar]
7ffc4e5a5000-7ffc4e5a7000 r-xp 00000000 00:00 0                          [vdso]
ffffffffff600000-ffffffffff601000 r-xp 00000000 00:00 0                  [vsyscall]

VM Arguments:
jvm_args: -Dcom.sun.management.jmxremote -Dcom.sun.management.jmxremote.port=41461 -Dcom.sun.management.jmxremote.authenticate=false -Dcom.sun.management.jmxremote.ssl=false -Djava.rmi.server.hostname=localhost -Dspring.liveBeansView.mbeanDomain -Dspring.application.admin.enabled=true -Djava.security.egd=file:/dev/./urandom -Xverify:none -XX:TieredStopAtLevel=1 -Dfile.encoding=UTF-8 
java_command: com.springcontrolcomedor.app.SpringControlComedorApplication --spring.output.ansi.enabled=always
java_class_path (initial): /usr/local/java/jdk1.8.0_162/jre/lib/resources.jar:/usr/local/java/jdk1.8.0_162/jre/lib/rt.jar:/usr/local/java/jdk1.8.0_162/jre/lib/jsse.jar:/usr/local/java/jdk1.8.0_162/jre/lib/jce.jar:/usr/local/java/jdk1.8.0_162/jre/lib/charsets.jar:/usr/local/java/jdk1.8.0_162/jre/lib/jfr.jar:/usr/local/java/jdk1.8.0_162/jre/lib/ext/jaccess.jar:/usr/local/java/jdk1.8.0_162/jre/lib/ext/localedata.jar:/usr/local/java/jdk1.8.0_162/jre/lib/ext/sunec.jar:/usr/local/java/jdk1.8.0_162/jre/lib/ext/sunpkcs11.jar:/usr/local/java/jdk1.8.0_162/jre/lib/ext/cldrdata.jar:/usr/local/java/jdk1.8.0_162/jre/lib/ext/zipfs.jar:/usr/local/java/jdk1.8.0_162/jre/lib/ext/sunjce_provider.jar:/usr/local/java/jdk1.8.0_162/jre/lib/ext/nashorn.jar:/usr/local/java/jdk1.8.0_162/jre/lib/ext/jfxrt.jar:/usr/local/java/jdk1.8.0_162/jre/lib/ext/dnsns.jar:/home/kevin/Documentos/proyectos_sts/spring-control-comedor/target/classes:/home/kevin/.m2/repository/org/springframework/boot/spring-boot-starter-data-jpa/2.0.3.RELEASE/spring-boot-starter-data-jpa-2.0.3.RELEASE.jar:/home/kevin/.m2/repository/org/springframework/boot/spring-boot-starter/2.0.3.RELEASE/spring-boot-starter-2.0.3.RELEASE.jar:/home/kevin/.m2/repository/org/springframework/boot/spring-boot-starter-logging/2.0.3.RELEASE/spring-boot-starter-logging-2.0.3.RELEASE.jar:/home/kevin/.m2/repository/ch/qos/logback/logback-classic/1.2.3/logback-classic-1.2.3.jar:/home/kevin/.m2/repository/ch/qos/logback/logback-core/1.2.3/logback-core-1.2.3.jar:/home/kevin/.m2/repository/org/apache/logging/log4j/log4j-to-slf4j/2.10.0/log4j-to-slf4j-2.10.0.jar:/home/kevin/.m2/repository/org/apache/logging/log4j/log4j-api/2.10.0/log4j-api-2.10.0.jar:/home/kevin/.m2/repository/org/slf4j/jul-to-slf4j/1.7.25/jul-to-slf4j-1.7.25.jar:/home/kevin/.m2/repository/javax/annotation/javax.annotation-api/1.3.2/javax.annotation-api-1.3.2.jar:/home/kevin/.m2/repository/org/yaml/snakeyaml/1.19/snakeyaml-1.19.jar:/home/kevin/.m2/repository/org/springframework/boot/spri
Launcher Type: SUN_STANDARD

Environment Variables:
JAVA_HOME=/usr/local/java/jdk1.8.0_162
PATH=/home/kevin/bin:/home/kevin/.local/bin:/usr/local/sbin:/usr/local/bin:/usr/sbin:/usr/bin:/sbin:/bin:/usr/games:/usr/local/games:/snap/bin:/home/kevin/bin:/usr/local/java/jdk1.8.0_162/bin
SHELL=/bin/bash
DISPLAY=:0

Signal Handlers:
SIGSEGV: [libjvm.so+0xad03c0], sa_mask[0]=11111111011111111101111111111110, sa_flags=SA_RESTART|SA_SIGINFO
SIGBUS: [libjvm.so+0xad03c0], sa_mask[0]=11111111011111111101111111111110, sa_flags=SA_RESTART|SA_SIGINFO
SIGFPE: [libjvm.so+0x928210], sa_mask[0]=11111111011111111101111111111110, sa_flags=SA_RESTART|SA_SIGINFO
SIGPIPE: [libjvm.so+0x928210], sa_mask[0]=11111111011111111101111111111110, sa_flags=SA_RESTART|SA_SIGINFO
SIGXFSZ: [libjvm.so+0x928210], sa_mask[0]=11111111011111111101111111111110, sa_flags=SA_RESTART|SA_SIGINFO
SIGILL: [libjvm.so+0x928210], sa_mask[0]=11111111011111111101111111111110, sa_flags=SA_RESTART|SA_SIGINFO
SIGUSR1: SIG_DFL, sa_mask[0]=00000000000000000000000000000000, sa_flags=none
SIGUSR2: [libjvm.so+0x929a70], sa_mask[0]=00100000000000000000000000000000, sa_flags=SA_RESTART|SA_SIGINFO
SIGHUP: [libjvm.so+0x92ae70], sa_mask[0]=11111111011111111101111111111110, sa_flags=SA_RESTART|SA_SIGINFO
SIGINT: [libjvm.so+0x92ae70], sa_mask[0]=11111111011111111101111111111110, sa_flags=SA_RESTART|SA_SIGINFO
SIGTERM: [libjvm.so+0x92ae70], sa_mask[0]=11111111011111111101111111111110, sa_flags=SA_RESTART|SA_SIGINFO
SIGQUIT: [libjvm.so+0x92ae70], sa_mask[0]=11111111011111111101111111111110, sa_flags=SA_RESTART|SA_SIGINFO


---------------  S Y S T E M  ---------------

OS:DISTRIB_ID=Ubuntu
DISTRIB_RELEASE=16.04
DISTRIB_CODENAME=xenial
DISTRIB_DESCRIPTION="Ubuntu 16.04.3 LTS"

uname:Linux 4.13.0-45-generic #50~16.04.1-Ubuntu SMP Wed May 30 11:18:27 UTC 2018 x86_64
libc:glibc 2.23 NPTL 2.23 
rlimit: STACK 8192k, CORE 0k, NPROC 22962, NOFILE 1048576, AS infinity
load average:1,13 1,10 1,17

/proc/meminfo:
MemTotal:        5997932 kB
MemFree:          946324 kB
MemAvailable:    2463152 kB
Buffers:          131652 kB
Cached:          1640076 kB
SwapCached:            0 kB
Active:          3454192 kB
Inactive:        1297464 kB
Active(anon):    2807720 kB
Inactive(anon):   276164 kB
Active(file):     646472 kB
Inactive(file):  1021300 kB
Unevictable:         168 kB
Mlocked:             168 kB
SwapTotal:       6184956 kB
SwapFree:        6184956 kB
Dirty:               680 kB
Writeback:             0 kB
AnonPages:       2980048 kB
Mapped:           514068 kB
Shmem:            277480 kB
Slab:             169304 kB
SReclaimable:     125716 kB
SUnreclaim:        43588 kB
KernelStack:       11648 kB
PageTables:        50612 kB
NFS_Unstable:          0 kB
Bounce:                0 kB
WritebackTmp:          0 kB
CommitLimit:     9183920 kB
Committed_AS:    8416036 kB
VmallocTotal:   34359738367 kB
VmallocUsed:           0 kB
VmallocChunk:          0 kB
HardwareCorrupted:     0 kB
AnonHugePages:      8192 kB
ShmemHugePages:        0 kB
ShmemPmdMapped:        0 kB
CmaTotal:              0 kB
CmaFree:               0 kB
HugePages_Total:       0
HugePages_Free:        0
HugePages_Rsvd:        0
HugePages_Surp:        0
Hugepagesize:       2048 kB
DirectMap4k:      149248 kB
DirectMap2M:     6037504 kB


CPU:total 4 (initial active 4) (2 cores per cpu, 2 threads per core) family 6 model 42 stepping 7, cmov, cx8, fxsr, mmx, sse, sse2, sse3, ssse3, sse4.1, sse4.2, popcnt, avx, clmul, ht, tsc, tscinvbit

/proc/cpuinfo:
processor	: 0
vendor_id	: GenuineIntel
cpu family	: 6
model		: 42
model name	: Intel(R) Core(TM) i3-2328M CPU @ 2.20GHz
stepping	: 7
microcode	: 0x2d
cpu MHz		: 2195.043
cache size	: 3072 KB
physical id	: 0
siblings	: 4
core id		: 0
cpu cores	: 2
apicid		: 0
initial apicid	: 0
fpu		: yes
fpu_exception	: yes
cpuid level	: 13
wp		: yes
flags		: fpu vme de pse tsc msr pae mce cx8 apic sep mtrr pge mca cmov pat pse36 clflush dts acpi mmx fxsr sse sse2 ss ht tm pbe syscall nx rdtscp lm constant_tsc arch_perfmon pebs bts rep_good nopl xtopology nonstop_tsc cpuid aperfmperf pni pclmulqdq dtes64 monitor ds_cpl vmx est tm2 ssse3 cx16 xtpr pdcm pcid sse4_1 sse4_2 x2apic popcnt tsc_deadline_timer xsave avx lahf_lm epb pti retpoline spec_ctrl tpr_shadow vnmi flexpriority ept vpid xsaveopt dtherm arat pln pts
bugs		: cpu_meltdown spectre_v1 spectre_v2 spec_store_bypass
bogomips	: 4390.08
clflush size	: 64
cache_alignment	: 64
address sizes	: 36 bits physical, 48 bits virtual
power management:

processor	: 1
vendor_id	: GenuineIntel
cpu family	: 6
model		: 42
model name	: Intel(R) Core(TM) i3-2328M CPU @ 2.20GHz
stepping	: 7
microcode	: 0x2d
cpu MHz		: 2195.038
cache size	: 3072 KB
physical id	: 0
siblings	: 4
core id		: 0
cpu cores	: 2
apicid		: 1
initial apicid	: 1
fpu		: yes
fpu_exception	: yes
cpuid level	: 13
wp		: yes
flags		: fpu vme de pse tsc msr pae mce cx8 apic sep mtrr pge mca cmov pat pse36 clflush dts acpi mmx fxsr sse sse2 ss ht tm pbe syscall nx rdtscp lm constant_tsc arch_perfmon pebs bts rep_good nopl xtopology nonstop_tsc cpuid aperfmperf pni pclmulqdq dtes64 monitor ds_cpl vmx est tm2 ssse3 cx16 xtpr pdcm pcid sse4_1 sse4_2 x2apic popcnt tsc_deadline_timer xsave avx lahf_lm epb pti retpoline spec_ctrl tpr_shadow vnmi flexpriority ept vpid xsaveopt dtherm arat pln pts
bugs		: cpu_meltdown spectre_v1 spectre_v2 spec_store_bypass
bogomips	: 4390.08
clflush size	: 64
cache_alignment	: 64
address sizes	: 36 bits physical, 48 bits virtual
power management:

processor	: 2
vendor_id	: GenuineIntel
cpu family	: 6
model		: 42
model name	: Intel(R) Core(TM) i3-2328M CPU @ 2.20GHz
stepping	: 7
microcode	: 0x2d
cpu MHz		: 2195.042
cache size	: 3072 KB
physical id	: 0
siblings	: 4
core id		: 1
cpu cores	: 2
apicid		: 2
initial apicid	: 2
fpu		: yes
fpu_exception	: yes
cpuid level	: 13
wp		: yes
flags		: fpu vme de pse tsc msr pae mce cx8 apic sep mtrr pge mca cmov pat pse36 clflush dts acpi mmx fxsr sse sse2 ss ht tm pbe syscall nx rdtscp lm constant_tsc arch_perfmon pebs bts rep_good nopl xtopology nonstop_tsc cpuid aperfmperf pni pclmulqdq dtes64 monitor ds_cpl vmx est tm2 ssse3 cx16 xtpr pdcm pcid sse4_1 sse4_2 x2apic popcnt tsc_deadline_timer xsave avx lahf_lm epb pti retpoline spec_ctrl tpr_shadow vnmi flexpriority ept vpid xsaveopt dtherm arat pln pts
bugs		: cpu_meltdown spectre_v1 spectre_v2 spec_store_bypass
bogomips	: 4390.08
clflush size	: 64
cache_alignment	: 64
address sizes	: 36 bits physical, 48 bits virtual
power management:

processor	: 3
vendor_id	: GenuineIntel
cpu family	: 6
model		: 42
model name	: Intel(R) Core(TM) i3-2328M CPU @ 2.20GHz
stepping	: 7
microcode	: 0x2d
cpu MHz		: 2195.036
cache size	: 3072 KB
physical id	: 0
siblings	: 4
core id		: 1
cpu cores	: 2
apicid		: 3
initial apicid	: 3
fpu		: yes
fpu_exception	: yes
cpuid level	: 13
wp		: yes
flags		: fpu vme de pse tsc msr pae mce cx8 apic sep mtrr pge mca cmov pat pse36 clflush dts acpi mmx fxsr sse sse2 ss ht tm pbe syscall nx rdtscp lm constant_tsc arch_perfmon pebs bts rep_good nopl xtopology nonstop_tsc cpuid aperfmperf pni pclmulqdq dtes64 monitor ds_cpl vmx est tm2 ssse3 cx16 xtpr pdcm pcid sse4_1 sse4_2 x2apic popcnt tsc_deadline_timer xsave avx lahf_lm epb pti retpoline spec_ctrl tpr_shadow vnmi flexpriority ept vpid xsaveopt dtherm arat pln pts
bugs		: cpu_meltdown spectre_v1 spectre_v2 spec_store_bypass
bogomips	: 4390.08
clflush size	: 64
cache_alignment	: 64
address sizes	: 36 bits physical, 48 bits virtual
power management:



Memory: 4k page, physical 5997932k(945828k free), swap 6184956k(6184956k free)

vm_info: Java HotSpot(TM) 64-Bit Server VM (25.162-b12) for linux-amd64 JRE (1.8.0_162-b12), built on Dec 19 2017 21:15:48 by "java_re" with gcc 4.3.0 20080428 (Red Hat 4.3.0-8)

time: Wed Jun 27 23:42:23 2018
elapsed time: 5 seconds (0d 0h 0m 5s)

