#
# A fatal error has been detected by the Java Runtime Environment:
#
#  SIGSEGV (0xb) at pc=0x00007efff15ac189, pid=4941, tid=0x00007effec1f3700
#
# JRE version: Java(TM) SE Runtime Environment (8.0_162-b12) (build 1.8.0_162-b12)
# Java VM: Java HotSpot(TM) 64-Bit Server VM (25.162-b12 mixed mode linux-amd64 compressed oops)
# Problematic frame:
# J 2688 C1 org.springframework.core.ResolvableType.forMethodParameter(Lorg/springframework/core/MethodParameter;Ljava/lang/reflect/Type;)Lorg/springframework/core/ResolvableType; (49 bytes) @ 0x00007efff15ac189 [0x00007efff15ac160+0x29]
#
# Failed to write core dump. Core dumps have been disabled. To enable core dumping, try "ulimit -c unlimited" before starting Java again
#
# If you would like to submit a bug report, please visit:
#   http://bugreport.java.com/bugreport/crash.jsp
#

---------------  T H R E A D  ---------------

Current thread (0x00007eff98002000):  JavaThread "restartedMain" [_thread_in_Java, id=4972, stack(0x00007effec0f3000,0x00007effec1f4000)]

siginfo: si_signo: 11 (SIGSEGV), si_code: 2 (SEGV_ACCERR), si_addr: 0x00000000aa983a90

Registers:
RAX=0x00007effec431838, RBX=0x00007effec431838, RCX=0x00007eff8bee7290, RDX=0x0000000000000000
RSP=0x00007effec1ed5d0, RBP=0x00007effec1ed738, RSI=0x00000000aa983a70, RDI=0x00000000a4a403a0
R8 =0x0000000000000000, R9 =0x0000000000000000, R10=0x00007f0008e97820, R11=0x00007efff15ee200
R12=0x0000000000000000, R13=0x00007effec1ed6f0, R14=0x00007effec1ed750, R15=0x00007eff98002000
RIP=0x00007efff15ac189, EFLAGS=0x0000000000010202, CSGSFS=0x002b000000000033, ERR=0x0000000000000004
  TRAPNO=0x000000000000000e

Top of Stack: (sp=0x00007effec1ed5d0)
0x00007effec1ed5d0:   00000000ea989f70 00007effec1ed5d8
0x00007effec1ed5e0:   00007eff8bef2f2f 00007effec1ed638
0x00007effec1ed5f0:   00007eff8bef30b0 0000000000000000
0x00007effec1ed600:   00007eff8bef2f38 0000000000000000
0x00007effec1ed610:   00007effec1ed640 00007effec1ed748
0x00007effec1ed620:   00007efff166944c 00000000ea989f58
0x00007effec1ed630:   00000000a5072f50 00000000a49a9360
0x00007effec1ed640:   00007effec1ed868 00007efff15abd54
0x00007effec1ed650:   00000000a4e06528 00000000aa983a70
0x00007effec1ed660:   0000000000000000 00000000a4f4a200
0x00007effec1ed670:   000000010000b138 0000000000000001
0x00007effec1ed680:   00007effec1ed838 00007efff116c4cc
0x00007effec1ed690:   00007effec1ed738 00007efff15ee21c
0x00007effec1ed6a0:   00007effec1ed700 00007f000556a290
0x00007effec1ed6b0:   00007effec1ed838 00007efff116c4cc
0x00007effec1ed6c0:   0000000000000000 00007effec1ed6f8
0x00007effec1ed6d0:   00007effec1ed738 00007efff1008040
0x00007effec1ed6e0:   0000000000000000 00007efff1008040
0x00007effec1ed6f0:   00000000aa983a70 00007effec1ed6f8
0x00007effec1ed700:   00007eff8bee67b6 00007effec1ed750
0x00007effec1ed710:   00007eff8bee7290 0000000000000000
0x00007effec1ed720:   00007eff8bee67e8 00007effec1ed6f0
0x00007effec1ed730:   00007effec1ed750 00007effec1ed798
0x00007effec1ed740:   00007efff1008040 0000000000000000
0x00007effec1ed750:   00000000ea983ad8 00007effec1ed758
0x00007effec1ed760:   00007effbcc839c9 00007effec1ed7e0
0x00007effec1ed770:   00007effbcc83e78 0000000000000000
0x00007effec1ed780:   00007effbcc83b68 00007effec1ed750
0x00007effec1ed790:   00007effec1ed7d0 00007effec1ed828
0x00007effec1ed7a0:   00007efff1007a90 0000000000000000
0x00007effec1ed7b0:   0000000000000000 0000000000000000
0x00007effec1ed7c0:   0000000000000000 0000000000000000 

Instructions: (pc=0x00007efff15ac189)
0x00007efff15ac169:   81 ec c0 00 00 00 48 89 b4 24 88 00 00 00 48 89
0x00007efff15ac179:   94 24 90 00 00 00 48 83 fe 00 0f 84 c2 01 00 00
0x00007efff15ac189:   8b 7e 20 48 83 ff 00 0f 85 19 00 00 00 8b 7e 14
0x00007efff15ac199:   48 8b f7 90 48 b8 ff ff ff ff ff ff ff ff e8 8c 

Register to memory mapping:

RAX={method} {0x00007effec431838} 'forMethodParameter' '(Lorg/springframework/core/MethodParameter;)Lorg/springframework/core/ResolvableType;' in 'org/springframework/core/ResolvableType'
RBX={method} {0x00007effec431838} 'forMethodParameter' '(Lorg/springframework/core/MethodParameter;)Lorg/springframework/core/ResolvableType;' in 'org/springframework/core/ResolvableType'
RCX=0x00007eff8bee7290 is pointing into metadata
RDX=0x0000000000000000 is an unknown value
RSP=0x00007effec1ed5d0 is pointing into the stack for thread: 0x00007eff98002000
RBP=0x00007effec1ed738 is pointing into the stack for thread: 0x00007eff98002000
RSI=0x00000000aa983a70 is an unallocated location in the heap
RDI=0x00000000a4a403a0 is an oop
java.lang.String 
 - klass: 'java/lang/String'
R8 =0x0000000000000000 is an unknown value
R9 =0x0000000000000000 is an unknown value
R10=0x00007f0008e97820: <offset 0xfd2820> in /usr/local/java/jdk1.8.0_162/jre/lib/amd64/server/libjvm.so at 0x00007f0007ec5000
R11=0x00007efff15ee200 is at entry_point+0 in (nmethod*)0x00007efff15ee090
R12=0x0000000000000000 is an unknown value
R13=0x00007effec1ed6f0 is pointing into the stack for thread: 0x00007eff98002000
R14=0x00007effec1ed750 is pointing into the stack for thread: 0x00007eff98002000
R15=0x00007eff98002000 is a thread


Stack: [0x00007effec0f3000,0x00007effec1f4000],  sp=0x00007effec1ed5d0,  free space=1001k
Native frames: (J=compiled Java code, j=interpreted, Vv=VM code, C=native code)
J 2688 C1 org.springframework.core.ResolvableType.forMethodParameter(Lorg/springframework/core/MethodParameter;Ljava/lang/reflect/Type;)Lorg/springframework/core/ResolvableType; (49 bytes) @ 0x00007efff15ac189 [0x00007efff15ac160+0x29]
J 2855 C1 org.springframework.core.ResolvableType.forMethodParameter(Lorg/springframework/core/MethodParameter;)Lorg/springframework/core/ResolvableType; (9 bytes) @ 0x00007efff15ee21c [0x00007efff15ee200+0x1c]
j  org.springframework.beans.factory.config.DependencyDescriptor.getResolvableType()Lorg/springframework/core/ResolvableType;+38
j  org.springframework.beans.factory.support.GenericTypeAwareAutowireCandidateResolver.checkGenericTypeMatch(Lorg/springframework/beans/factory/config/BeanDefinitionHolder;Lorg/springframework/beans/factory/config/DependencyDescriptor;)Z+1
j  org.springframework.beans.factory.support.GenericTypeAwareAutowireCandidateResolver.isAutowireCandidate(Lorg/springframework/beans/factory/config/BeanDefinitionHolder;Lorg/springframework/beans/factory/config/DependencyDescriptor;)Z+14
j  org.springframework.beans.factory.annotation.QualifierAnnotationAutowireCandidateResolver.isAutowireCandidate(Lorg/springframework/beans/factory/config/BeanDefinitionHolder;Lorg/springframework/beans/factory/config/DependencyDescriptor;)Z+3
j  org.springframework.beans.factory.support.DefaultListableBeanFactory.isAutowireCandidate(Ljava/lang/String;Lorg/springframework/beans/factory/support/RootBeanDefinition;Lorg/springframework/beans/factory/config/DependencyDescriptor;Lorg/springframework/beans/factory/support/AutowireCandidateResolver;)Z+96
j  org.springframework.beans.factory.support.DefaultListableBeanFactory.isAutowireCandidate(Ljava/lang/String;Lorg/springframework/beans/factory/config/DependencyDescriptor;Lorg/springframework/beans/factory/support/AutowireCandidateResolver;)Z+25
j  org.springframework.beans.factory.support.DefaultListableBeanFactory.isAutowireCandidate(Ljava/lang/String;Lorg/springframework/beans/factory/config/DependencyDescriptor;)Z+7
j  org.springframework.beans.factory.support.DefaultListableBeanFactory.findAutowireCandidates(Ljava/lang/String;Ljava/lang/Class;Lorg/springframework/beans/factory/config/DependencyDescriptor;)Ljava/util/Map;+162
j  org.springframework.beans.factory.support.DefaultListableBeanFactory.doResolveDependency(Lorg/springframework/beans/factory/config/DependencyDescriptor;Ljava/lang/String;Ljava/util/Set;Lorg/springframework/beans/TypeConverter;)Ljava/lang/Object;+207
j  org.springframework.beans.factory.support.DefaultListableBeanFactory.resolveDependency(Lorg/springframework/beans/factory/config/DependencyDescriptor;Ljava/lang/String;Ljava/util/Set;Lorg/springframework/beans/TypeConverter;)Ljava/lang/Object;+106
j  org.springframework.beans.factory.support.ConstructorResolver.resolveAutowiredArgument(Lorg/springframework/core/MethodParameter;Ljava/lang/String;Ljava/util/Set;Lorg/springframework/beans/TypeConverter;)Ljava/lang/Object;+75
j  org.springframework.beans.factory.support.ConstructorResolver.createArgumentArray(Ljava/lang/String;Lorg/springframework/beans/factory/support/RootBeanDefinition;Lorg/springframework/beans/factory/config/ConstructorArgumentValues;Lorg/springframework/beans/BeanWrapper;[Ljava/lang/Class;[Ljava/lang/String;Ljava/lang/reflect/Executable;Z)Lorg/springframework/beans/factory/support/ConstructorResolver$ArgumentsHolder;+432
j  org.springframework.beans.factory.support.ConstructorResolver.instantiateUsingFactoryMethod(Ljava/lang/String;Lorg/springframework/beans/factory/support/RootBeanDefinition;[Ljava/lang/Object;)Lorg/springframework/beans/BeanWrapper;+551
j  org.springframework.beans.factory.support.AbstractAutowireCapableBeanFactory.instantiateUsingFactoryMethod(Ljava/lang/String;Lorg/springframework/beans/factory/support/RootBeanDefinition;[Ljava/lang/Object;)Lorg/springframework/beans/BeanWrapper;+11
j  org.springframework.beans.factory.support.AbstractAutowireCapableBeanFactory.createBeanInstance(Ljava/lang/String;Lorg/springframework/beans/factory/support/RootBeanDefinition;[Ljava/lang/Object;)Lorg/springframework/beans/BeanWrapper;+101
j  org.springframework.beans.factory.support.AbstractAutowireCapableBeanFactory.doCreateBean(Ljava/lang/String;Lorg/springframework/beans/factory/support/RootBeanDefinition;[Ljava/lang/Object;)Ljava/lang/Object;+34
j  org.springframework.beans.factory.support.AbstractAutowireCapableBeanFactory.createBean(Ljava/lang/String;Lorg/springframework/beans/factory/support/RootBeanDefinition;[Ljava/lang/Object;)Ljava/lang/Object;+169
j  org.springframework.beans.factory.support.AbstractBeanFactory.lambda$doGetBean$0(Ljava/lang/String;Lorg/springframework/beans/factory/support/RootBeanDefinition;[Ljava/lang/Object;)Ljava/lang/Object;+4
j  org.springframework.beans.factory.support.AbstractBeanFactory$$Lambda$125.getObject()Ljava/lang/Object;+16
j  org.springframework.beans.factory.support.DefaultSingletonBeanRegistry.getSingleton(Ljava/lang/String;Lorg/springframework/beans/factory/ObjectFactory;)Ljava/lang/Object;+132
J 3284 C1 org.springframework.beans.factory.support.AbstractBeanFactory.doGetBean(Ljava/lang/String;Ljava/lang/Class;[Ljava/lang/Object;Z)Ljava/lang/Object; (819 bytes) @ 0x00007efff16a6604 [0x00007efff16a6040+0x5c4]
j  org.springframework.beans.factory.support.AbstractBeanFactory.getBean(Ljava/lang/String;)Ljava/lang/Object;+5
j  org.springframework.beans.factory.config.DependencyDescriptor.resolveCandidate(Ljava/lang/String;Ljava/lang/Class;Lorg/springframework/beans/factory/BeanFactory;)Ljava/lang/Object;+2
j  org.springframework.beans.factory.support.DefaultListableBeanFactory.addCandidateEntry(Ljava/util/Map;Ljava/lang/String;Lorg/springframework/beans/factory/config/DependencyDescriptor;Ljava/lang/Class;)V+20
j  org.springframework.beans.factory.support.DefaultListableBeanFactory.findAutowireCandidates(Ljava/lang/String;Ljava/lang/Class;Lorg/springframework/beans/factory/config/DependencyDescriptor;)Ljava/util/Map;+175
j  org.springframework.beans.factory.support.DefaultListableBeanFactory.resolveMultipleBeans(Lorg/springframework/beans/factory/config/DependencyDescriptor;Ljava/lang/String;Ljava/util/Set;Lorg/springframework/beans/TypeConverter;)Ljava/lang/Object;+236
j  org.springframework.beans.factory.support.DefaultListableBeanFactory.doResolveDependency(Lorg/springframework/beans/factory/config/DependencyDescriptor;Ljava/lang/String;Ljava/util/Set;Lorg/springframework/beans/TypeConverter;)Ljava/lang/Object;+179
j  org.springframework.beans.factory.support.DefaultListableBeanFactory$DependencyObjectProvider.getIfAvailable()Ljava/lang/Object;+51
j  org.springframework.boot.autoconfigure.http.HttpMessageConvertersAutoConfiguration.<init>(Lorg/springframework/beans/factory/ObjectProvider;)V+6
j  org.springframework.boot.autoconfigure.http.HttpMessageConvertersAutoConfiguration$$EnhancerBySpringCGLIB$$750bd544.<init>(Lorg/springframework/beans/factory/ObjectProvider;)V+3
v  ~StubRoutines::call_stub
V  [libjvm.so+0x695b86]  JavaCalls::call_helper(JavaValue*, methodHandle*, JavaCallArguments*, Thread*)+0x1056
V  [libjvm.so+0x9a4247]  Reflection::invoke(instanceKlassHandle, methodHandle, Handle, bool, objArrayHandle, BasicType, objArrayHandle, bool, Thread*)+0x5d7
V  [libjvm.so+0x9a4ec3]  Reflection::invoke_constructor(oopDesc*, objArrayHandle, Thread*)+0x313
V  [libjvm.so+0x7202ea]  JVM_NewInstanceFromConstructor+0x10a
J 1370  sun.reflect.NativeConstructorAccessorImpl.newInstance0(Ljava/lang/reflect/Constructor;[Ljava/lang/Object;)Ljava/lang/Object; (0 bytes) @ 0x00007efff12f86d5 [0x00007efff12f8600+0xd5]
J 1369 C1 sun.reflect.NativeConstructorAccessorImpl.newInstance([Ljava/lang/Object;)Ljava/lang/Object; (89 bytes) @ 0x00007efff12f8d64 [0x00007efff12f8a20+0x344]
J 909 C1 sun.reflect.DelegatingConstructorAccessorImpl.newInstance([Ljava/lang/Object;)Ljava/lang/Object; (9 bytes) @ 0x00007efff1265dc4 [0x00007efff1265d80+0x44]
J 876 C1 java.lang.reflect.Constructor.newInstance([Ljava/lang/Object;)Ljava/lang/Object; (87 bytes) @ 0x00007efff125761c [0x00007efff1257500+0x11c]
J 2110 C1 org.springframework.beans.BeanUtils.instantiateClass(Ljava/lang/reflect/Constructor;[Ljava/lang/Object;)Ljava/lang/Object; (89 bytes) @ 0x00007efff149ca4c [0x00007efff149ca00+0x4c]
j  org.springframework.beans.factory.support.SimpleInstantiationStrategy.instantiate(Lorg/springframework/beans/factory/support/RootBeanDefinition;Ljava/lang/String;Lorg/springframework/beans/factory/BeanFactory;Ljava/lang/reflect/Constructor;[Ljava/lang/Object;)Ljava/lang/Object;+33
j  org.springframework.beans.factory.support.ConstructorResolver.autowireConstructor(Ljava/lang/String;Lorg/springframework/beans/factory/support/RootBeanDefinition;[Ljava/lang/reflect/Constructor;[Ljava/lang/Object;)Lorg/springframework/beans/BeanWrapper;+865
j  org.springframework.beans.factory.support.AbstractAutowireCapableBeanFactory.autowireConstructor(Ljava/lang/String;Lorg/springframework/beans/factory/support/RootBeanDefinition;[Ljava/lang/reflect/Constructor;[Ljava/lang/Object;)Lorg/springframework/beans/BeanWrapper;+13
j  org.springframework.beans.factory.support.AbstractAutowireCapableBeanFactory.createBeanInstance(Ljava/lang/String;Lorg/springframework/beans/factory/support/RootBeanDefinition;[Ljava/lang/Object;)Lorg/springframework/beans/BeanWrapper;+221
j  org.springframework.beans.factory.support.AbstractAutowireCapableBeanFactory.doCreateBean(Ljava/lang/String;Lorg/springframework/beans/factory/support/RootBeanDefinition;[Ljava/lang/Object;)Ljava/lang/Object;+34
j  org.springframework.beans.factory.support.AbstractAutowireCapableBeanFactory.createBean(Ljava/lang/String;Lorg/springframework/beans/factory/support/RootBeanDefinition;[Ljava/lang/Object;)Ljava/lang/Object;+169
j  org.springframework.beans.factory.support.AbstractBeanFactory.lambda$doGetBean$0(Ljava/lang/String;Lorg/springframework/beans/factory/support/RootBeanDefinition;[Ljava/lang/Object;)Ljava/lang/Object;+4
j  org.springframework.beans.factory.support.AbstractBeanFactory$$Lambda$125.getObject()Ljava/lang/Object;+16
j  org.springframework.beans.factory.support.DefaultSingletonBeanRegistry.getSingleton(Ljava/lang/String;Lorg/springframework/beans/factory/ObjectFactory;)Ljava/lang/Object;+132
J 3284 C1 org.springframework.beans.factory.support.AbstractBeanFactory.doGetBean(Ljava/lang/String;Ljava/lang/Class;[Ljava/lang/Object;Z)Ljava/lang/Object; (819 bytes) @ 0x00007efff16a6604 [0x00007efff16a6040+0x5c4]
j  org.springframework.beans.factory.support.AbstractBeanFactory.getBean(Ljava/lang/String;)Ljava/lang/Object;+5
j  org.springframework.beans.factory.support.ConstructorResolver.instantiateUsingFactoryMethod(Ljava/lang/String;Lorg/springframework/beans/factory/support/RootBeanDefinition;[Ljava/lang/Object;)Lorg/springframework/beans/BeanWrapper;+59
j  org.springframework.beans.factory.support.AbstractAutowireCapableBeanFactory.instantiateUsingFactoryMethod(Ljava/lang/String;Lorg/springframework/beans/factory/support/RootBeanDefinition;[Ljava/lang/Object;)Lorg/springframework/beans/BeanWrapper;+11
j  org.springframework.beans.factory.support.AbstractAutowireCapableBeanFactory.createBeanInstance(Ljava/lang/String;Lorg/springframework/beans/factory/support/RootBeanDefinition;[Ljava/lang/Object;)Lorg/springframework/beans/BeanWrapper;+101
j  org.springframework.beans.factory.support.AbstractAutowireCapableBeanFactory.doCreateBean(Ljava/lang/String;Lorg/springframework/beans/factory/support/RootBeanDefinition;[Ljava/lang/Object;)Ljava/lang/Object;+34
j  org.springframework.beans.factory.support.AbstractAutowireCapableBeanFactory.createBean(Ljava/lang/String;Lorg/springframework/beans/factory/support/RootBeanDefinition;[Ljava/lang/Object;)Ljava/lang/Object;+169
j  org.springframework.beans.factory.support.AbstractBeanFactory.lambda$doGetBean$0(Ljava/lang/String;Lorg/springframework/beans/factory/support/RootBeanDefinition;[Ljava/lang/Object;)Ljava/lang/Object;+4
j  org.springframework.beans.factory.support.AbstractBeanFactory$$Lambda$125.getObject()Ljava/lang/Object;+16
j  org.springframework.beans.factory.support.DefaultSingletonBeanRegistry.getSingleton(Ljava/lang/String;Lorg/springframework/beans/factory/ObjectFactory;)Ljava/lang/Object;+132
J 3284 C1 org.springframework.beans.factory.support.AbstractBeanFactory.doGetBean(Ljava/lang/String;Ljava/lang/Class;[Ljava/lang/Object;Z)Ljava/lang/Object; (819 bytes) @ 0x00007efff16a6604 [0x00007efff16a6040+0x5c4]
j  org.springframework.beans.factory.support.AbstractBeanFactory.getBean(Ljava/lang/String;)Ljava/lang/Object;+5
j  org.springframework.beans.factory.config.DependencyDescriptor.resolveCandidate(Ljava/lang/String;Ljava/lang/Class;Lorg/springframework/beans/factory/BeanFactory;)Ljava/lang/Object;+2
j  org.springframework.beans.factory.support.DefaultListableBeanFactory.doResolveDependency(Lorg/springframework/beans/factory/config/DependencyDescriptor;Ljava/lang/String;Ljava/util/Set;Lorg/springframework/beans/TypeConverter;)Ljava/lang/Object;+410
j  org.springframework.context.annotation.ContextAnnotationAutowireCandidateResolver$1.getTarget()Ljava/lang/Object;+14
j  org.springframework.aop.framework.CglibAopProxy$DynamicAdvisedInterceptor.intercept(Ljava/lang/Object;Ljava/lang/reflect/Method;[Ljava/lang/Object;Lorg/springframework/cglib/proxy/MethodProxy;)Ljava/lang/Object;+39
j  org.springframework.boot.autoconfigure.http.HttpMessageConverters$$EnhancerBySpringCGLIB$$1d90bff9.getConverters()Ljava/util/List;+31
j  org.springframework.boot.autoconfigure.web.servlet.WebMvcAutoConfiguration$WebMvcAutoConfigurationAdapter.configureMessageConverters(Ljava/util/List;)V+5
j  org.springframework.web.servlet.config.annotation.WebMvcConfigurerComposite.configureMessageConverters(Ljava/util/List;)V+31
j  org.springframework.web.servlet.config.annotation.DelegatingWebMvcConfiguration.configureMessageConverters(Ljava/util/List;)V+5
j  org.springframework.web.servlet.config.annotation.WebMvcConfigurationSupport.getMessageConverters()Ljava/util/List;+23
j  org.springframework.web.servlet.config.annotation.WebMvcConfigurationSupport.requestMappingHandlerAdapter()Lorg/springframework/web/servlet/mvc/method/annotation/RequestMappingHandlerAdapter;+15
j  org.springframework.boot.autoconfigure.web.servlet.WebMvcAutoConfiguration$EnableWebMvcConfiguration.requestMappingHandlerAdapter()Lorg/springframework/web/servlet/mvc/method/annotation/RequestMappingHandlerAdapter;+1
j  org.springframework.boot.autoconfigure.web.servlet.WebMvcAutoConfiguration$EnableWebMvcConfiguration$$EnhancerBySpringCGLIB$$c5c55a30.CGLIB$requestMappingHandlerAdapter$2()Lorg/springframework/web/servlet/mvc/method/annotation/RequestMappingHandlerAdapter;+1
j  org.springframework.boot.autoconfigure.web.servlet.WebMvcAutoConfiguration$EnableWebMvcConfiguration$$EnhancerBySpringCGLIB$$c5c55a30$$FastClassBySpringCGLIB$$de8186eb.invoke(ILjava/lang/Object;[Ljava/lang/Object;)Ljava/lang/Object;+357
j  org.springframework.cglib.proxy.MethodProxy.invokeSuper(Ljava/lang/Object;[Ljava/lang/Object;)Ljava/lang/Object;+19
j  org.springframework.context.annotation.ConfigurationClassEnhancer$BeanMethodInterceptor.intercept(Ljava/lang/Object;Ljava/lang/reflect/Method;[Ljava/lang/Object;Lorg/springframework/cglib/proxy/MethodProxy;)Ljava/lang/Object;+229
j  org.springframework.boot.autoconfigure.web.servlet.WebMvcAutoConfiguration$EnableWebMvcConfiguration$$EnhancerBySpringCGLIB$$c5c55a30.requestMappingHandlerAdapter()Lorg/springframework/web/servlet/mvc/method/annotation/RequestMappingHandlerAdapter;+31
v  ~StubRoutines::call_stub
V  [libjvm.so+0x695b86]  JavaCalls::call_helper(JavaValue*, methodHandle*, JavaCallArguments*, Thread*)+0x1056
V  [libjvm.so+0x9a4247]  Reflection::invoke(instanceKlassHandle, methodHandle, Handle, bool, objArrayHandle, BasicType, objArrayHandle, bool, Thread*)+0x5d7
V  [libjvm.so+0x9a7957]  Reflection::invoke_method(oopDesc*, Handle, objArrayHandle, Thread*)+0x147
V  [libjvm.so+0x7296db]  JVM_InvokeMethod+0x26b
J 1481  sun.reflect.NativeMethodAccessorImpl.invoke0(Ljava/lang/reflect/Method;Ljava/lang/Object;[Ljava/lang/Object;)Ljava/lang/Object; (0 bytes) @ 0x00007efff133462d [0x00007efff1334540+0xed]
J 1480 C1 sun.reflect.NativeMethodAccessorImpl.invoke(Ljava/lang/Object;[Ljava/lang/Object;)Ljava/lang/Object; (104 bytes) @ 0x00007efff1335854 [0x00007efff13354e0+0x374]
J 995 C1 sun.reflect.DelegatingMethodAccessorImpl.invoke(Ljava/lang/Object;[Ljava/lang/Object;)Ljava/lang/Object; (10 bytes) @ 0x00007efff1282bc4 [0x00007efff1282b80+0x44]
J 994 C1 java.lang.reflect.Method.invoke(Ljava/lang/Object;[Ljava/lang/Object;)Ljava/lang/Object; (62 bytes) @ 0x00007efff12827d4 [0x00007efff12826e0+0xf4]
j  org.springframework.beans.factory.support.SimpleInstantiationStrategy.instantiate(Lorg/springframework/beans/factory/support/RootBeanDefinition;Ljava/lang/String;Lorg/springframework/beans/factory/BeanFactory;Ljava/lang/Object;Ljava/lang/reflect/Method;[Ljava/lang/Object;)Ljava/lang/Object;+50
j  org.springframework.beans.factory.support.ConstructorResolver.instantiateUsingFactoryMethod(Ljava/lang/String;Lorg/springframework/beans/factory/support/RootBeanDefinition;[Ljava/lang/Object;)Lorg/springframework/beans/BeanWrapper;+1390
j  org.springframework.beans.factory.support.AbstractAutowireCapableBeanFactory.instantiateUsingFactoryMethod(Ljava/lang/String;Lorg/springframework/beans/factory/support/RootBeanDefinition;[Ljava/lang/Object;)Lorg/springframework/beans/BeanWrapper;+11
j  org.springframework.beans.factory.support.AbstractAutowireCapableBeanFactory.createBeanInstance(Ljava/lang/String;Lorg/springframework/beans/factory/support/RootBeanDefinition;[Ljava/lang/Object;)Lorg/springframework/beans/BeanWrapper;+101
j  org.springframework.beans.factory.support.AbstractAutowireCapableBeanFactory.doCreateBean(Ljava/lang/String;Lorg/springframework/beans/factory/support/RootBeanDefinition;[Ljava/lang/Object;)Ljava/lang/Object;+34
j  org.springframework.beans.factory.support.AbstractAutowireCapableBeanFactory.createBean(Ljava/lang/String;Lorg/springframework/beans/factory/support/RootBeanDefinition;[Ljava/lang/Object;)Ljava/lang/Object;+169
j  org.springframework.beans.factory.support.AbstractBeanFactory.lambda$doGetBean$0(Ljava/lang/String;Lorg/springframework/beans/factory/support/RootBeanDefinition;[Ljava/lang/Object;)Ljava/lang/Object;+4
j  org.springframework.beans.factory.support.AbstractBeanFactory$$Lambda$125.getObject()Ljava/lang/Object;+16
j  org.springframework.beans.factory.support.DefaultSingletonBeanRegistry.getSingleton(Ljava/lang/String;Lorg/springframework/beans/factory/ObjectFactory;)Ljava/lang/Object;+132
J 3284 C1 org.springframework.beans.factory.support.AbstractBeanFactory.doGetBean(Ljava/lang/String;Ljava/lang/Class;[Ljava/lang/Object;Z)Ljava/lang/Object; (819 bytes) @ 0x00007efff16a6604 [0x00007efff16a6040+0x5c4]
j  org.springframework.beans.factory.support.AbstractBeanFactory.getBean(Ljava/lang/String;)Ljava/lang/Object;+5
j  org.springframework.beans.factory.support.DefaultListableBeanFactory.preInstantiateSingletons()V+248
...<more frames>...


---------------  P R O C E S S  ---------------

Java Threads: ( => current thread )
  0x00007eff70001000 JavaThread "HikariPool-1 connection adder" daemon [_thread_blocked, id=4985, stack(0x00007eff8b3fc000,0x00007eff8b4fd000)]
  0x00007eff8c808000 JavaThread "HikariPool-1 housekeeper" daemon [_thread_blocked, id=4984, stack(0x00007eff8b4fd000,0x00007eff8b5fe000)]
  0x00007eff8c749000 JavaThread "Abandoned connection cleanup thread" daemon [_thread_blocked, id=4983, stack(0x00007eff8b7fe000,0x00007eff8b8ff000)]
  0x00007eff8c71f800 JavaThread "container-0" [_thread_blocked, id=4982, stack(0x00007eff8b8ff000,0x00007eff8ba00000)]
  0x00007eff8c71c800 JavaThread "ContainerBackgroundProcessor[StandardEngine[Tomcat]]" daemon [_thread_blocked, id=4981, stack(0x00007effbc0fc000,0x00007effbc1fd000)]
  0x00007eff90285800 JavaThread "localhost-startStop-1" daemon [_thread_blocked, id=4980, stack(0x00007effbc3fd000,0x00007effbc4fe000)]
  0x00007eff8c71b800 JavaThread "Tomcat-startStop-1" daemon [_thread_blocked, id=4979, stack(0x00007effbcefe000,0x00007effbcfff000)]
=>0x00007eff98002000 JavaThread "restartedMain" [_thread_in_Java, id=4972, stack(0x00007effec0f3000,0x00007effec1f4000)]
  0x00007f0000817000 JavaThread "Thread-2" [_thread_blocked, id=4971, stack(0x00007effec1f4000,0x00007effec2f5000)]
  0x00007effa000b000 JavaThread "JMX server connection timeout 16" daemon [_thread_blocked, id=4967, stack(0x00007effec521000,0x00007effec622000)]
  0x00007effb4001000 JavaThread "RMI TCP Connection(2)-127.0.0.1" daemon [_thread_in_native, id=4966, stack(0x00007effec63e000,0x00007effec73f000)]
  0x00007effa8009000 JavaThread "RMI Scheduler(0)" daemon [_thread_blocked, id=4965, stack(0x00007effec73f000,0x00007effec840000)]
  0x00007effac001000 JavaThread "RMI TCP Connection(1)-127.0.0.1" daemon [_thread_in_native, id=4963, stack(0x00007effec840000,0x00007effec941000)]
  0x00007f0000536800 JavaThread "RMI TCP Accept-0" daemon [_thread_in_native, id=4961, stack(0x00007effeca42000,0x00007effecb43000)]
  0x00007f0000504800 JavaThread "RMI TCP Accept-36617" daemon [_thread_in_native, id=4960, stack(0x00007effecb4d000,0x00007effecc4e000)]
  0x00007f00004f0000 JavaThread "RMI TCP Accept-0" daemon [_thread_in_native, id=4959, stack(0x00007effecc4e000,0x00007effecd4f000)]
  0x00007f00000d7000 JavaThread "Service Thread" daemon [_thread_blocked, id=4958, stack(0x00007effed5dc000,0x00007effed6dd000)]
  0x00007f00000c2000 JavaThread "C1 CompilerThread2" daemon [_thread_blocked, id=4957, stack(0x00007effed6dd000,0x00007effed7de000)]
  0x00007f00000c0000 JavaThread "C2 CompilerThread1" daemon [_thread_blocked, id=4956, stack(0x00007effed7de000,0x00007effed8df000)]
  0x00007f00000bd000 JavaThread "C2 CompilerThread0" daemon [_thread_blocked, id=4955, stack(0x00007effed8df000,0x00007effed9e0000)]
  0x00007f00000bb800 JavaThread "Signal Dispatcher" daemon [_thread_blocked, id=4954, stack(0x00007effed9e0000,0x00007effedae1000)]
  0x00007f0000088800 JavaThread "Finalizer" daemon [_thread_blocked, id=4953, stack(0x00007effee02e000,0x00007effee12f000)]
  0x00007f0000084000 JavaThread "Reference Handler" daemon [_thread_blocked, id=4952, stack(0x00007effee12f000,0x00007effee230000)]
  0x00007f000000e800 JavaThread "main" [_thread_blocked, id=4943, stack(0x00007f00099c6000,0x00007f0009ac7000)]

Other Threads:
  0x00007f000007c800 VMThread [stack: 0x00007f0004083000,0x00007f0004184000] [id=4951]
  0x00007f0000539000 WatcherThread [stack: 0x00007effec941000,0x00007effeca42000] [id=4962]

VM state:not at safepoint (normal execution)

VM Mutex/Monitor currently owned by a thread: None

Heap:
 PSYoungGen      total 297472K, used 149555K [0x00000000e1780000, 0x00000000f7180000, 0x0000000100000000)
  eden space 282112K, 53% used [0x00000000e1780000,0x00000000ea98cd78,0x00000000f2b00000)
  from space 15360K, 0% used [0x00000000f3d00000,0x00000000f3d00000,0x00000000f4c00000)
  to   space 18432K, 0% used [0x00000000f2b00000,0x00000000f2b00000,0x00000000f3d00000)
 ParOldGen       total 71680K, used 21587K [0x00000000a4600000, 0x00000000a8c00000, 0x00000000e1780000)
  object space 71680K, 30% used [0x00000000a4600000,0x00000000a5b14d80,0x00000000a8c00000)
 Metaspace       used 42839K, capacity 44476K, committed 44672K, reserved 1087488K
  class space    used 5843K, capacity 6186K, committed 6272K, reserved 1048576K

Card table byte_map: [0x00007f000647f000,0x00007f000675d000] byte_map_base: 0x00007f0005f5c000

Marking Bits: (ParMarkBitMap*) 0x00007f0008e94ca0
 Begin Bits: [0x00007effee230000, 0x00007effef918000)
 End Bits:   [0x00007effef918000, 0x00007efff1000000)

Polling page: 0x00007f0009ae7000

CodeCache: size=245760Kb used=8516Kb max_used=8516Kb free=237243Kb
 bounds [0x00007efff1000000, 0x00007efff1860000, 0x00007f0000000000]
 total_blobs=4782 nmethods=4255 adapters=439
 compilation: enabled

Compilation events (10 events):
Event: 6,459 Thread 0x00007f00000c2000 nmethod 4248 0x00007efff184da10 code [0x00007efff184db60, 0x00007efff184dc70]
Event: 6,463 Thread 0x00007f00000c2000 4249       1       sun.rmi.runtime.Log$LoggerLog::isLoggable (9 bytes)
Event: 6,463 Thread 0x00007f00000c2000 nmethod 4249 0x00007efff184dcd0 code [0x00007efff184de20, 0x00007efff184df70]
Event: 6,463 Thread 0x00007f00000c2000 4251   !   1       java.io.ObjectOutputStream::defaultWriteFields (270 bytes)
Event: 6,465 Thread 0x00007f00000c2000 nmethod 4251 0x00007efff184e050 code [0x00007efff184e240, 0x00007efff184e878]
Event: 6,465 Thread 0x00007f00000c2000 4254       1       java.io.ObjectStreamClass$FieldReflector::getPrimFieldValues (317 bytes)
Event: 6,466 Thread 0x00007f00000c2000 nmethod 4254 0x00007efff184ef90 code [0x00007efff184f180, 0x00007efff184f728]
Event: 6,466 Thread 0x00007f00000c2000 4250       1       java.io.ObjectOutputStream$BlockDataOutputStream::write (152 bytes)
Event: 6,467 Thread 0x00007f00000c2000 nmethod 4250 0x00007efff184fe90 code [0x00007efff1850040, 0x00007efff1850418]
Event: 6,467 Thread 0x00007f00000c2000 4252       1       java.io.ObjectStreamClass::checkDefaultSerialize (20 bytes)

GC Heap History (10 events):
Event: 1,728 GC heap before
{Heap before GC invocations=6 (full 1):
 PSYoungGen      total 99840K, used 3552K [0x00000000e1780000, 0x00000000ee680000, 0x0000000100000000)
  eden space 96256K, 0% used [0x00000000e1780000,0x00000000e1780000,0x00000000e7580000)
  from space 3584K, 99% used [0x00000000e7580000,0x00000000e78f8040,0x00000000e7900000)
  to   space 9728K, 0% used [0x00000000edd00000,0x00000000edd00000,0x00000000ee680000)
 ParOldGen       total 62976K, used 10306K [0x00000000a4600000, 0x00000000a8380000, 0x00000000e1780000)
  object space 62976K, 16% used [0x00000000a4600000,0x00000000a5010930,0x00000000a8380000)
 Metaspace       used 20535K, capacity 21216K, committed 21296K, reserved 1067008K
  class space    used 2740K, capacity 2905K, committed 2944K, reserved 1048576K
Event: 1,766 GC heap after
Heap after GC invocations=6 (full 1):
 PSYoungGen      total 99840K, used 0K [0x00000000e1780000, 0x00000000ee680000, 0x0000000100000000)
  eden space 96256K, 0% used [0x00000000e1780000,0x00000000e1780000,0x00000000e7580000)
  from space 3584K, 0% used [0x00000000e7580000,0x00000000e7580000,0x00000000e7900000)
  to   space 9728K, 0% used [0x00000000edd00000,0x00000000edd00000,0x00000000ee680000)
 ParOldGen       total 42496K, used 6497K [0x00000000a4600000, 0x00000000a6f80000, 0x00000000e1780000)
  object space 42496K, 15% used [0x00000000a4600000,0x00000000a4c58600,0x00000000a6f80000)
 Metaspace       used 20535K, capacity 21216K, committed 21296K, reserved 1067008K
  class space    used 2740K, capacity 2905K, committed 2944K, reserved 1048576K
}
Event: 2,322 GC heap before
{Heap before GC invocations=7 (full 1):
 PSYoungGen      total 99840K, used 96256K [0x00000000e1780000, 0x00000000ee680000, 0x0000000100000000)
  eden space 96256K, 100% used [0x00000000e1780000,0x00000000e7580000,0x00000000e7580000)
  from space 3584K, 0% used [0x00000000e7580000,0x00000000e7580000,0x00000000e7900000)
  to   space 9728K, 0% used [0x00000000edd00000,0x00000000edd00000,0x00000000ee680000)
 ParOldGen       total 42496K, used 6497K [0x00000000a4600000, 0x00000000a6f80000, 0x00000000e1780000)
  object space 42496K, 15% used [0x00000000a4600000,0x00000000a4c58600,0x00000000a6f80000)
 Metaspace       used 23223K, capacity 24114K, committed 24448K, reserved 1071104K
  class space    used 3119K, capacity 3355K, committed 3456K, reserved 1048576K
Event: 2,330 GC heap after
Heap after GC invocations=7 (full 1):
 PSYoungGen      total 176128K, used 8031K [0x00000000e1780000, 0x00000000ee500000, 0x0000000100000000)
  eden space 167936K, 0% used [0x00000000e1780000,0x00000000e1780000,0x00000000ebb80000)
  from space 8192K, 98% used [0x00000000edd00000,0x00000000ee4d7f68,0x00000000ee500000)
  to   space 10752K, 0% used [0x00000000ed000000,0x00000000ed000000,0x00000000eda80000)
 ParOldGen       total 42496K, used 6569K [0x00000000a4600000, 0x00000000a6f80000, 0x00000000e1780000)
  object space 42496K, 15% used [0x00000000a4600000,0x00000000a4c6a610,0x00000000a6f80000)
 Metaspace       used 23223K, capacity 24114K, committed 24448K, reserved 1071104K
  class space    used 3119K, capacity 3355K, committed 3456K, reserved 1048576K
}
Event: 3,709 GC heap before
{Heap before GC invocations=8 (full 1):
 PSYoungGen      total 176128K, used 175967K [0x00000000e1780000, 0x00000000ee500000, 0x0000000100000000)
  eden space 167936K, 100% used [0x00000000e1780000,0x00000000ebb80000,0x00000000ebb80000)
  from space 8192K, 98% used [0x00000000edd00000,0x00000000ee4d7f68,0x00000000ee500000)
  to   space 10752K, 0% used [0x00000000ed000000,0x00000000ed000000,0x00000000eda80000)
 ParOldGen       total 42496K, used 6569K [0x00000000a4600000, 0x00000000a6f80000, 0x00000000e1780000)
  object space 42496K, 15% used [0x00000000a4600000,0x00000000a4c6a610,0x00000000a6f80000)
 Metaspace       used 29291K, capacity 30846K, committed 30976K, reserved 1075200K
  class space    used 3960K, capacity 4301K, committed 4352K, reserved 1048576K
Event: 3,729 GC heap after
Heap after GC invocations=8 (full 1):
 PSYoungGen      total 199680K, used 10751K [0x00000000e1780000, 0x00000000f4c00000, 0x0000000100000000)
  eden space 188928K, 0% used [0x00000000e1780000,0x00000000e1780000,0x00000000ed000000)
  from space 10752K, 99% used [0x00000000ed000000,0x00000000eda7fdb0,0x00000000eda80000)
  to   space 15360K, 0% used [0x00000000f3d00000,0x00000000f3d00000,0x00000000f4c00000)
 ParOldGen       total 42496K, used 12226K [0x00000000a4600000, 0x00000000a6f80000, 0x00000000e1780000)
  object space 42496K, 28% used [0x00000000a4600000,0x00000000a51f0b30,0x00000000a6f80000)
 Metaspace       used 29291K, capacity 30846K, committed 30976K, reserved 1075200K
  class space    used 3960K, capacity 4301K, committed 4352K, reserved 1048576K
}
Event: 4,618 GC heap before
{Heap before GC invocations=9 (full 1):
 PSYoungGen      total 199680K, used 102487K [0x00000000e1780000, 0x00000000f4c00000, 0x0000000100000000)
  eden space 188928K, 48% used [0x00000000e1780000,0x00000000e7116238,0x00000000ed000000)
  from space 10752K, 99% used [0x00000000ed000000,0x00000000eda7fdb0,0x00000000eda80000)
  to   space 15360K, 0% used [0x00000000f3d00000,0x00000000f3d00000,0x00000000f4c00000)
 ParOldGen       total 42496K, used 12226K [0x00000000a4600000, 0x00000000a6f80000, 0x00000000e1780000)
  object space 42496K, 28% used [0x00000000a4600000,0x00000000a51f0b30,0x00000000a6f80000)
 Metaspace       used 33882K, capacity 35442K, committed 35496K, reserved 1079296K
  class space    used 4512K, capacity 4843K, committed 4864K, reserved 1048576K
Event: 4,648 GC heap after
Heap after GC invocations=9 (full 1):
 PSYoungGen      total 297472K, used 15354K [0x00000000e1780000, 0x00000000f7180000, 0x0000000100000000)
  eden space 282112K, 0% used [0x00000000e1780000,0x00000000e1780000,0x00000000f2b00000)
  from space 15360K, 99% used [0x00000000f3d00000,0x00000000f4bfebb8,0x00000000f4c00000)
  to   space 18432K, 0% used [0x00000000f2b00000,0x00000000f2b00000,0x00000000f3d00000)
 ParOldGen       total 42496K, used 13357K [0x00000000a4600000, 0x00000000a6f80000, 0x00000000e1780000)
  object space 42496K, 31% used [0x00000000a4600000,0x00000000a530b560,0x00000000a6f80000)
 Metaspace       used 33882K, capacity 35442K, committed 35496K, reserved 1079296K
  class space    used 4512K, capacity 4843K, committed 4864K, reserved 1048576K
}
Event: 4,648 GC heap before
{Heap before GC invocations=10 (full 2):
 PSYoungGen      total 297472K, used 15354K [0x00000000e1780000, 0x00000000f7180000, 0x0000000100000000)
  eden space 282112K, 0% used [0x00000000e1780000,0x00000000e1780000,0x00000000f2b00000)
  from space 15360K, 99% used [0x00000000f3d00000,0x00000000f4bfebb8,0x00000000f4c00000)
  to   space 18432K, 0% used [0x00000000f2b00000,0x00000000f2b00000,0x00000000f3d00000)
 ParOldGen       total 42496K, used 13357K [0x00000000a4600000, 0x00000000a6f80000, 0x00000000e1780000)
  object space 42496K, 31% used [0x00000000a4600000,0x00000000a530b560,0x00000000a6f80000)
 Metaspace       used 33882K, capacity 35442K, committed 35496K, reserved 1079296K
  class space    used 4512K, capacity 4843K, committed 4864K, reserved 1048576K
Event: 4,799 GC heap after
Heap after GC invocations=10 (full 2):
 PSYoungGen      total 297472K, used 0K [0x00000000e1780000, 0x00000000f7180000, 0x0000000100000000)
  eden space 282112K, 0% used [0x00000000e1780000,0x00000000e1780000,0x00000000f2b00000)
  from space 15360K, 0% used [0x00000000f3d00000,0x00000000f3d00000,0x00000000f4c00000)
  to   space 18432K, 0% used [0x00000000f2b00000,0x00000000f2b00000,0x00000000f3d00000)
 ParOldGen       total 71680K, used 21587K [0x00000000a4600000, 0x00000000a8c00000, 0x00000000e1780000)
  object space 71680K, 30% used [0x00000000a4600000,0x00000000a5b14d80,0x00000000a8c00000)
 Metaspace       used 33882K, capacity 35442K, committed 35496K, reserved 1079296K
  class space    used 4512K, capacity 4843K, committed 4864K, reserved 1048576K
}

Deoptimization events (0 events):
No events

Classes redefined (0 events):
No events

Internal exceptions (10 events):
Event: 6,459 Thread 0x00007eff98002000 Exception <a 'java/lang/ArrayIndexOutOfBoundsException'> (0x00000000ea8c69b0) thrown at [/HUDSON/workspace/8-2-build-linux-amd64/jdk8u162/10278/hotspot/src/share/vm/runtime/sharedRuntime.cpp, line 605]
Event: 6,459 Thread 0x00007eff98002000 Exception <a 'java/lang/ArrayIndexOutOfBoundsException'> (0x00000000ea8c8680) thrown at [/HUDSON/workspace/8-2-build-linux-amd64/jdk8u162/10278/hotspot/src/share/vm/runtime/sharedRuntime.cpp, line 605]
Event: 6,460 Thread 0x00007eff98002000 Exception <a 'java/lang/ArrayIndexOutOfBoundsException'> (0x00000000ea8d9d48) thrown at [/HUDSON/workspace/8-2-build-linux-amd64/jdk8u162/10278/hotspot/src/share/vm/runtime/sharedRuntime.cpp, line 605]
Event: 6,460 Thread 0x00007eff98002000 Exception <a 'java/lang/ArrayIndexOutOfBoundsException'> (0x00000000ea8dbc98) thrown at [/HUDSON/workspace/8-2-build-linux-amd64/jdk8u162/10278/hotspot/src/share/vm/runtime/sharedRuntime.cpp, line 605]
Event: 6,460 Thread 0x00007eff98002000 Exception <a 'java/lang/ArrayIndexOutOfBoundsException'> (0x00000000ea8dda90) thrown at [/HUDSON/workspace/8-2-build-linux-amd64/jdk8u162/10278/hotspot/src/share/vm/runtime/sharedRuntime.cpp, line 605]
Event: 6,462 Thread 0x00007eff98002000 Exception <a 'java/lang/ClassNotFoundException': java/lang/ObjectCustomizer> (0x00000000ea8f1f90) thrown at [/HUDSON/workspace/8-2-build-linux-amd64/jdk8u162/10278/hotspot/src/share/vm/classfile/systemDictionary.cpp, line 210]
Event: 6,463 Thread 0x00007eff98002000 Exception <a 'java/lang/ClassNotFoundException': org/springframework/boot/autoconfigure/http/JacksonHttpMessageConvertersConfiguration$MappingJackson2HttpMessageConverterConfigurationCustomizer> (0x00000000ea91eb90) thrown at [/HUDSON/workspace/8-2-build-
Event: 6,463 Thread 0x00007effb4001000 Exception <a 'java/lang/reflect/InvocationTargetException'> (0x00000000e27ac828) thrown at [/HUDSON/workspace/8-2-build-linux-amd64/jdk8u162/10278/hotspot/src/share/vm/runtime/reflection.cpp, line 1092]
Event: 6,464 Thread 0x00007eff98002000 Exception <a 'java/lang/ClassNotFoundException': org/springframework/boot/autoconfigure/http/JacksonHttpMessageConvertersConfiguration$MappingJackson2HttpMessageConverterConfiguration$$EnhancerBySpringCGLIB$$e1ef97e4Customizer> (0x00000000ea951b80) thrown
Event: 6,465 Thread 0x00007eff98002000 Exception <a 'java/lang/ClassNotFoundException': org/springframework/context/annotation/ConfigurationClassEnhancer$EnhancedConfigurationCustomizer> (0x00000000ea9787d0) thrown at [/HUDSON/workspace/8-2-build-linux-amd64/jdk8u162/10278/hotspot/src/share/vm

Events (10 events):
Event: 6,463 loading class org/springframework/boot/autoconfigure/http/JacksonHttpMessageConvertersConfiguration$MappingJackson2HttpMessageConverterConfiguration$$EnhancerBySpringCGLIB$$e1ef97e4Customizer
Event: 6,463 loading class org/springframework/boot/autoconfigure/http/JacksonHttpMessageConvertersConfiguration$MappingJackson2HttpMessageConverterConfiguration$$EnhancerBySpringCGLIB$$e1ef97e4Customizer done
Event: 6,464 loading class org/springframework/boot/autoconfigure/http/JacksonHttpMessageConvertersConfiguration$MappingJackson2HttpMessageConverterConfiguration$$EnhancerBySpringCGLIB$$e1ef97e4Customizer
Event: 6,464 loading class org/springframework/boot/autoconfigure/http/JacksonHttpMessageConvertersConfiguration$MappingJackson2HttpMessageConverterConfiguration$$EnhancerBySpringCGLIB$$e1ef97e4Customizer done
Event: 6,464 loading class org/springframework/context/annotation/ConfigurationClassEnhancer$EnhancedConfigurationCustomizer
Event: 6,464 loading class org/springframework/context/annotation/ConfigurationClassEnhancer$EnhancedConfigurationCustomizer done
Event: 6,464 loading class org/springframework/context/annotation/ConfigurationClassEnhancer$EnhancedConfigurationCustomizer
Event: 6,464 loading class org/springframework/context/annotation/ConfigurationClassEnhancer$EnhancedConfigurationCustomizer done
Event: 6,465 loading class org/springframework/context/annotation/ConfigurationClassEnhancer$EnhancedConfigurationCustomizer
Event: 6,465 loading class org/springframework/context/annotation/ConfigurationClassEnhancer$EnhancedConfigurationCustomizer done


Dynamic libraries:
00400000-00401000 r-xp 00000000 08:02 16517874                           /usr/local/java/jdk1.8.0_162/bin/java
00600000-00601000 rw-p 00000000 08:02 16517874                           /usr/local/java/jdk1.8.0_162/bin/java
02201000-02222000 rw-p 00000000 00:00 0                                  [heap]
a4600000-a8c00000 rw-p 00000000 00:00 0 
a8c00000-e1780000 ---p 00000000 00:00 0 
e1780000-f7180000 rw-p 00000000 00:00 0 
f7180000-100000000 ---p 00000000 00:00 0 
100000000-100620000 rw-p 00000000 00:00 0 
100620000-140000000 ---p 00000000 00:00 0 
7eff70000000-7eff70021000 rw-p 00000000 00:00 0 
7eff70021000-7eff74000000 ---p 00000000 00:00 0 
7eff74000000-7eff74021000 rw-p 00000000 00:00 0 
7eff74021000-7eff78000000 ---p 00000000 00:00 0 
7eff78000000-7eff78021000 rw-p 00000000 00:00 0 
7eff78021000-7eff7c000000 ---p 00000000 00:00 0 
7eff7c000000-7eff7c021000 rw-p 00000000 00:00 0 
7eff7c021000-7eff80000000 ---p 00000000 00:00 0 
7eff80000000-7eff80021000 rw-p 00000000 00:00 0 
7eff80021000-7eff84000000 ---p 00000000 00:00 0 
7eff84000000-7eff8404c000 rw-p 00000000 00:00 0 
7eff8404c000-7eff88000000 ---p 00000000 00:00 0 
7eff8abfc000-7eff8ad7c000 rw-p 00000000 00:00 0 
7eff8ad7c000-7eff8adfc000 ---p 00000000 00:00 0 
7eff8adfc000-7eff8affc000 rw-p 00000000 00:00 0 
7eff8affc000-7eff8b1fc000 rw-p 00000000 00:00 0 
7eff8b1fc000-7eff8b3fc000 rw-p 00000000 00:00 0 
7eff8b3fc000-7eff8b3ff000 ---p 00000000 00:00 0 
7eff8b3ff000-7eff8b4fd000 rw-p 00000000 00:00 0 
7eff8b4fd000-7eff8b500000 ---p 00000000 00:00 0 
7eff8b500000-7eff8b7fe000 rw-p 00000000 00:00 0 
7eff8b7fe000-7eff8b801000 ---p 00000000 00:00 0 
7eff8b801000-7eff8b8ff000 rw-p 00000000 00:00 0 
7eff8b8ff000-7eff8b902000 ---p 00000000 00:00 0 
7eff8b902000-7eff8bc00000 rw-p 00000000 00:00 0 
7eff8bc00000-7eff8be00000 rw-p 00000000 00:00 0 
7eff8be00000-7eff8c000000 rw-p 00000000 00:00 0 
7eff8c000000-7eff8cdf0000 rw-p 00000000 00:00 0 
7eff8cdf0000-7eff90000000 ---p 00000000 00:00 0 
7eff90000000-7eff90407000 rw-p 00000000 00:00 0 
7eff90407000-7eff94000000 ---p 00000000 00:00 0 
7eff94000000-7eff94021000 rw-p 00000000 00:00 0 
7eff94021000-7eff98000000 ---p 00000000 00:00 0 
7eff98000000-7eff98021000 rw-p 00000000 00:00 0 
7eff98021000-7eff9c000000 ---p 00000000 00:00 0 
7eff9c000000-7eff9c021000 rw-p 00000000 00:00 0 
7eff9c021000-7effa0000000 ---p 00000000 00:00 0 
7effa0000000-7effa0021000 rw-p 00000000 00:00 0 
7effa0021000-7effa4000000 ---p 00000000 00:00 0 
7effa4000000-7effa4021000 rw-p 00000000 00:00 0 
7effa4021000-7effa8000000 ---p 00000000 00:00 0 
7effa8000000-7effa8021000 rw-p 00000000 00:00 0 
7effa8021000-7effac000000 ---p 00000000 00:00 0 
7effac000000-7effac021000 rw-p 00000000 00:00 0 
7effac021000-7effb0000000 ---p 00000000 00:00 0 
7effb0000000-7effb0021000 rw-p 00000000 00:00 0 
7effb0021000-7effb4000000 ---p 00000000 00:00 0 
7effb4000000-7effb4021000 rw-p 00000000 00:00 0 
7effb4021000-7effb8000000 ---p 00000000 00:00 0 
7effb8000000-7effb8021000 rw-p 00000000 00:00 0 
7effb8021000-7effbc000000 ---p 00000000 00:00 0 
7effbc0fc000-7effbc0ff000 ---p 00000000 00:00 0 
7effbc0ff000-7effbc3fd000 rw-p 00000000 00:00 0 
7effbc3fd000-7effbc400000 ---p 00000000 00:00 0 
7effbc400000-7effbc6fe000 rw-p 00000000 00:00 0 
7effbc6fe000-7effbc8fe000 rw-p 00000000 00:00 0 
7effbc8fe000-7effbcafe000 rw-p 00000000 00:00 0 
7effbcafe000-7effbccfe000 rw-p 00000000 00:00 0 
7effbccfe000-7effbcefe000 rw-p 00000000 00:00 0 
7effbcefe000-7effbcf01000 ---p 00000000 00:00 0 
7effbcf01000-7effc0000000 rw-p 00000000 00:00 0 
7effc0000000-7effc0021000 rw-p 00000000 00:00 0 
7effc0021000-7effc4000000 ---p 00000000 00:00 0 
7effc4000000-7effc45f4000 rw-p 00000000 00:00 0 
7effc45f4000-7effc8000000 ---p 00000000 00:00 0 
7effc8000000-7effc8021000 rw-p 00000000 00:00 0 
7effc8021000-7effcc000000 ---p 00000000 00:00 0 
7effcc000000-7effcc05e000 rw-p 00000000 00:00 0 
7effcc05e000-7effd0000000 ---p 00000000 00:00 0 
7effd0000000-7effd0021000 rw-p 00000000 00:00 0 
7effd0021000-7effd4000000 ---p 00000000 00:00 0 
7effd4000000-7effd4021000 rw-p 00000000 00:00 0 
7effd4021000-7effd8000000 ---p 00000000 00:00 0 
7effd8000000-7effd8021000 rw-p 00000000 00:00 0 
7effd8021000-7effdc000000 ---p 00000000 00:00 0 
7effdc000000-7effdc021000 rw-p 00000000 00:00 0 
7effdc021000-7effe0000000 ---p 00000000 00:00 0 
7effe0000000-7effe0021000 rw-p 00000000 00:00 0 
7effe0021000-7effe4000000 ---p 00000000 00:00 0 
7effe4000000-7effe4021000 rw-p 00000000 00:00 0 
7effe4021000-7effe8000000 ---p 00000000 00:00 0 
7effe8000000-7effe8021000 rw-p 00000000 00:00 0 
7effe8021000-7effec000000 ---p 00000000 00:00 0 
7effec0db000-7effec0e0000 r--s 002f9000 08:02 17042995                   /usr/local/java/jdk1.8.0_162/jre/lib/charsets.jar
7effec0e0000-7effec0f3000 r--s 00345000 08:02 17043001                   /usr/local/java/jdk1.8.0_162/jre/lib/resources.jar
7effec0f3000-7effec0f6000 ---p 00000000 00:00 0 
7effec0f6000-7effec1f4000 rw-p 00000000 00:00 0 
7effec1f4000-7effec1f7000 ---p 00000000 00:00 0 
7effec1f7000-7effec2f5000 rw-p 00000000 00:00 0 
7effec2f5000-7effec2fc000 r--s 00000000 08:02 16651651                   /usr/lib/x86_64-linux-gnu/gconv/gconv-modules.cache
7effec2fc000-7effec321000 r--p 00000000 08:02 18223226                   /usr/share/locale-langpack/es/LC_MESSAGES/libc.mo
7effec321000-7effec521000 rw-p 00000000 00:00 0 
7effec521000-7effec524000 ---p 00000000 00:00 0 
7effec524000-7effec622000 rw-p 00000000 00:00 0 
7effec622000-7effec63e000 r--s 00393000 08:02 17172589                   /usr/local/java/jdk1.8.0_162/jre/lib/ext/cldrdata.jar
7effec63e000-7effec641000 ---p 00000000 00:00 0 
7effec641000-7effec73f000 rw-p 00000000 00:00 0 
7effec73f000-7effec742000 ---p 00000000 00:00 0 
7effec742000-7effec840000 rw-p 00000000 00:00 0 
7effec840000-7effec843000 ---p 00000000 00:00 0 
7effec843000-7effec941000 rw-p 00000000 00:00 0 
7effec941000-7effec942000 ---p 00000000 00:00 0 
7effec942000-7effeca42000 rw-p 00000000 00:00 0 
7effeca42000-7effeca45000 ---p 00000000 00:00 0 
7effeca45000-7effecb43000 rw-p 00000000 00:00 0 
7effecb43000-7effecb4d000 r--s 00116000 08:02 17174272                   /usr/local/java/jdk1.8.0_162/jre/lib/ext/localedata.jar
7effecb4d000-7effecb50000 ---p 00000000 00:00 0 
7effecb50000-7effecc4e000 rw-p 00000000 00:00 0 
7effecc4e000-7effecc51000 ---p 00000000 00:00 0 
7effecc51000-7effecd4f000 rw-p 00000000 00:00 0 
7effecd4f000-7effecd54000 r--s 0009d000 08:02 17043002                   /usr/local/java/jdk1.8.0_162/jre/lib/jsse.jar
7effecd54000-7effecd56000 r--s 00004000 08:02 10493841                   /home/kevin/.m2/repository/org/springframework/spring-jcl/5.0.7.RELEASE/spring-jcl-5.0.7.RELEASE.jar
7effecd56000-7effecd6e000 r--s 00114000 08:02 10363871                   /home/kevin/.m2/repository/org/springframework/spring-core/5.0.7.RELEASE/spring-core-5.0.7.RELEASE.jar
7effecd6e000-7effecd78000 r--s 000ec000 08:02 9830809                    /home/kevin/.m2/repository/mysql/mysql-connector-java/5.1.46/mysql-connector-java-5.1.46.jar
7effecd78000-7effecd98000 r--s 000fc000 08:02 11146166                   /home/kevin/.m2/repository/org/springframework/boot/spring-boot-autoconfigure/2.0.3.RELEASE/spring-boot-autoconfigure-2.0.3.RELEASE.jar
7effecd98000-7effecdad000 r--s 000cf000 08:02 10231656                   /home/kevin/.m2/repository/org/springframework/boot/spring-boot/2.0.3.RELEASE/spring-boot-2.0.3.RELEASE.jar
7effecdad000-7effecdb3000 r--s 0002d000 08:02 11667134                   /home/kevin/.m2/repository/org/springframework/boot/spring-boot-devtools/2.0.3.RELEASE/spring-boot-devtools-2.0.3.RELEASE.jar
7effecdb3000-7effecdb8000 r--s 00040000 08:02 11018448                   /home/kevin/.m2/repository/org/springframework/spring-expression/5.0.7.RELEASE/spring-expression-5.0.7.RELEASE.jar
7effecdb8000-7effecdc7000 r--s 000b2000 08:02 11667132                   /home/kevin/.m2/repository/org/springframework/spring-webmvc/5.0.7.RELEASE/spring-webmvc-5.0.7.RELEASE.jar
7effecdc7000-7effecde1000 r--s 00119000 08:02 11667130                   /home/kevin/.m2/repository/org/springframework/spring-web/5.0.7.RELEASE/spring-web-5.0.7.RELEASE.jar
7effecde1000-7effecde6000 r--s 00012000 08:02 9830791                    /home/kevin/.m2/repository/javax/validation/validation-api/2.0.1.Final/validation-api-2.0.1.Final.jar
7effecde6000-7effece02000 r--s 000f9000 08:02 11667128                   /home/kevin/.m2/repository/org/hibernate/validator/hibernate-validator/6.0.10.Final/hibernate-validator-6.0.10.Final.jar
7effece02000-7effece07000 r--s 0003a000 08:02 9830787                    /home/kevin/.m2/repository/org/apache/tomcat/embed/tomcat-embed-websocket/8.5.31/tomcat-embed-websocket-8.5.31.jar
7effece07000-7effece0b000 r--s 00037000 08:02 9830785                    /home/kevin/.m2/repository/org/apache/tomcat/embed/tomcat-embed-el/8.5.31/tomcat-embed-el-8.5.31.jar
7effece0b000-7effece34000 r--s 002d0000 08:02 9830783                    /home/kevin/.m2/repository/org/apache/tomcat/embed/tomcat-embed-core/8.5.31/tomcat-embed-core-8.5.31.jar
7effece34000-7effece35000 r--s 00000000 08:02 11667152                   /home/kevin/.m2/repository/org/springframework/boot/spring-boot-starter-tomcat/2.0.3.RELEASE/spring-boot-starter-tomcat-2.0.3.RELEASE.jar
7effece35000-7effece37000 r--s 00001000 08:02 11667126                   /home/kevin/.m2/repository/com/fasterxml/jackson/module/jackson-module-parameter-names/2.9.6/jackson-module-parameter-names-2.9.6.jar
7effece37000-7effece3a000 r--s 00016000 08:02 11667124                   /home/kevin/.m2/repository/com/fasterxml/jackson/datatype/jackson-datatype-jsr310/2.9.6/jackson-datatype-jsr310-2.9.6.jar
7effece3a000-7effece3c000 r--s 00007000 08:02 11667122                   /home/kevin/.m2/repository/com/fasterxml/jackson/datatype/jackson-datatype-jdk8/2.9.6/jackson-datatype-jdk8-2.9.6.jar
7effece3c000-7effece41000 r--s 0004b000 08:02 11667120                   /home/kevin/.m2/repository/com/fasterxml/jackson/core/jackson-core/2.9.6/jackson-core-2.9.6.jar
7effece41000-7effece44000 r--s 0000e000 08:02 9830771                    /home/kevin/.m2/repository/com/fasterxml/jackson/core/jackson-annotations/2.9.0/jackson-annotations-2.9.0.jar
7effece44000-7effece57000 r--s 00137000 08:02 9314812                    /home/kevin/.m2/repository/com/fasterxml/jackson/core/jackson-databind/2.9.6/jackson-databind-2.9.6.jar
7effece57000-7effece58000 r--s 00000000 08:02 11667118                   /home/kevin/.m2/repository/org/springframework/boot/spring-boot-starter-json/2.0.3.RELEASE/spring-boot-starter-json-2.0.3.RELEASE.jar
7effece58000-7effece59000 r--s 00000000 08:02 11667116                   /home/kevin/.m2/repository/org/springframework/boot/spring-boot-starter-web/2.0.3.RELEASE/spring-boot-starter-web-2.0.3.RELEASE.jar
7effece59000-7effece5a000 r--s 00009000 08:02 9830765                    /home/kevin/.m2/repository/org/thymeleaf/extras/thymeleaf-extras-java8time/3.0.1.RELEASE/thymeleaf-extras-java8time-3.0.1.RELEASE.jar
7effece5a000-7effece5d000 r--s 00026000 08:02 9830763                    /home/kevin/.m2/repository/org/unbescape/unbescape/1.1.5.RELEASE/unbescape-1.1.5.RELEASE.jar
7effece5d000-7effece61000 r--s 00035000 08:02 9830761                    /home/kevin/.m2/repository/org/attoparser/attoparser/2.0.4.RELEASE/attoparser-2.0.4.RELEASE.jar
7effece61000-7effece71000 r--s 000c5000 08:02 9830759                    /home/kevin/.m2/repository/org/thymeleaf/thymeleaf/3.0.9.RELEASE/thymeleaf-3.0.9.RELEASE.jar
7effece71000-7effece7d000 r--s 00096000 08:02 10887012                   /home/kevin/.m2/repository/org/springframework/spring-beans/5.0.7.RELEASE/spring-beans-5.0.7.RELEASE.jar
7effece7d000-7effece97000 r--s 000f1000 08:02 10624930                   /home/kevin/.m2/repository/org/springframework/spring-context/5.0.7.RELEASE/spring-context-5.0.7.RELEASE.jar
7effece97000-7effecf15000 r--s 005f0000 08:02 9702603                    /home/kevin/.m2/repository/org/hibernate/hibernate-core/5.2.17.Final/hibernate-core-5.2.17.Final.jar
7effecf15000-7effecfab000 r--s 0110a000 08:02 17172598                   /usr/local/java/jdk1.8.0_162/jre/lib/ext/jfxrt.jar
7effecfab000-7effecfbc000 r-xp 00000000 08:02 17174417                   /usr/local/java/jdk1.8.0_162/jre/lib/amd64/libnio.so
7effecfbc000-7effed1bb000 ---p 00011000 08:02 17174417                   /usr/local/java/jdk1.8.0_162/jre/lib/amd64/libnio.so
7effed1bb000-7effed1bc000 rw-p 00010000 08:02 17174417                   /usr/local/java/jdk1.8.0_162/jre/lib/amd64/libnio.so
7effed1bc000-7effed1d2000 r-xp 00000000 08:02 17174414                   /usr/local/java/jdk1.8.0_162/jre/lib/amd64/libnet.so
7effed1d2000-7effed3d2000 ---p 00016000 08:02 17174414                   /usr/local/java/jdk1.8.0_162/jre/lib/amd64/libnet.so
7effed3d2000-7effed3d3000 rw-p 00016000 08:02 17174414                   /usr/local/java/jdk1.8.0_162/jre/lib/amd64/libnet.so
7effed3d3000-7effed3dc000 r-xp 00000000 08:02 17174422                   /usr/local/java/jdk1.8.0_162/jre/lib/amd64/libmanagement.so
7effed3dc000-7effed5db000 ---p 00009000 08:02 17174422                   /usr/local/java/jdk1.8.0_162/jre/lib/amd64/libmanagement.so
7effed5db000-7effed5dc000 rw-p 00008000 08:02 17174422                   /usr/local/java/jdk1.8.0_162/jre/lib/amd64/libmanagement.so
7effed5dc000-7effed5df000 ---p 00000000 00:00 0 
7effed5df000-7effed6dd000 rw-p 00000000 00:00 0 
7effed6dd000-7effed6e0000 ---p 00000000 00:00 0 
7effed6e0000-7effed7de000 rw-p 00000000 00:00 0 
7effed7de000-7effed7e1000 ---p 00000000 00:00 0 
7effed7e1000-7effed8df000 rw-p 00000000 00:00 0 
7effed8df000-7effed8e2000 ---p 00000000 00:00 0 
7effed8e2000-7effed9e0000 rw-p 00000000 00:00 0 
7effed9e0000-7effed9e3000 ---p 00000000 00:00 0 
7effed9e3000-7effedae1000 rw-p 00000000 00:00 0 
7effedae1000-7effee02e000 r--p 00000000 08:02 16384199                   /usr/lib/locale/locale-archive
7effee02e000-7effee031000 ---p 00000000 00:00 0 
7effee031000-7effee12f000 rw-p 00000000 00:00 0 
7effee12f000-7effee132000 ---p 00000000 00:00 0 
7effee132000-7efff1000000 rw-p 00000000 00:00 0 
7efff1000000-7efff1860000 rwxp 00000000 00:00 0 
7efff1860000-7f0000000000 ---p 00000000 00:00 0 
7f0000000000-7f0000821000 rw-p 00000000 00:00 0 
7f0000821000-7f0004000000 ---p 00000000 00:00 0 
7f0004000000-7f0004004000 r--s 00027000 08:02 9830757                    /home/kevin/.m2/repository/org/thymeleaf/thymeleaf-spring5/3.0.9.RELEASE/thymeleaf-spring5-3.0.9.RELEASE.jar
7f0004004000-7f0004006000 r--s 0000a000 08:02 11667112                   /home/kevin/.m2/repository/org/springframework/spring-aspects/5.0.7.RELEASE/spring-aspects-5.0.7.RELEASE.jar
7f0004006000-7f0004008000 r--s 00009000 08:02 9702647                    /home/kevin/.m2/repository/org/slf4j/slf4j-api/1.7.25/slf4j-api-1.7.25.jar
7f0004008000-7f0004010000 r--s 00037000 08:02 11667109                   /home/kevin/.m2/repository/org/springframework/spring-tx/5.0.7.RELEASE/spring-tx-5.0.7.RELEASE.jar
7f0004010000-7f0004014000 r--s 0002b000 08:02 11667107                   /home/kevin/.m2/repository/org/springframework/spring-orm/5.0.7.RELEASE/spring-orm-5.0.7.RELEASE.jar
7f0004014000-7f000402b000 r--s 000f1000 08:02 11667105                   /home/kevin/.m2/repository/org/springframework/data/spring-data-commons/2.0.8.RELEASE/spring-data-commons-2.0.8.RELEASE.jar
7f000402b000-7f0004033000 r--s 0004b000 08:02 11667103                   /home/kevin/.m2/repository/org/springframework/data/spring-data-jpa/2.0.8.RELEASE/spring-data-jpa-2.0.8.RELEASE.jar
7f0004033000-7f0004035000 r--s 00006000 08:02 9702619                    /home/kevin/.m2/repository/javax/transaction/javax.transaction-api/1.2/javax.transaction-api-1.2.jar
7f0004035000-7f0004038000 r--s 00010000 08:02 9702617                    /home/kevin/.m2/repository/org/hibernate/common/hibernate-commons-annotations/5.0.1.Final/hibernate-commons-annotations-5.0.1.Final.jar
7f0004038000-7f000403d000 r--s 00048000 08:02 9702615                    /home/kevin/.m2/repository/dom4j/dom4j/1.6.1/dom4j-1.6.1.jar
7f000403d000-7f000403f000 r--s 0000e000 08:02 9044051                    /home/kevin/.m2/repository/com/fasterxml/classmate/1.3.4/classmate-1.3.4.jar
7f000403f000-7f0004042000 r--s 0002b000 08:02 9702613                    /home/kevin/.m2/repository/org/jboss/jandex/2.0.3.Final/jandex-2.0.3.Final.jar
7f0004042000-7f0004047000 r--s 00068000 08:02 9702611                    /home/kevin/.m2/repository/antlr/antlr/2.7.7/antlr-2.7.7.jar
7f0004047000-7f0004051000 r--s 000ab000 08:02 9702609                    /home/kevin/.m2/repository/org/javassist/javassist/3.22.0-GA/javassist-3.22.0-GA.jar
7f0004051000-7f0004056000 r--s 00017000 08:02 11667101                   /home/kevin/.m2/repository/org/hibernate/javax/persistence/hibernate-jpa-2.1-api/1.0.2.Final/hibernate-jpa-2.1-api-1.0.2.Final.jar
7f0004056000-7f0004058000 r--s 0000f000 08:02 9702605                    /home/kevin/.m2/repository/org/jboss/logging/jboss-logging/3.3.2.Final/jboss-logging-3.3.2.Final.jar
7f0004058000-7f0004061000 r--s 00059000 08:02 11667099                   /home/kevin/.m2/repository/org/springframework/spring-jdbc/5.0.7.RELEASE/spring-jdbc-5.0.7.RELEASE.jar
7f0004061000-7f000407a000 r--s 001bf000 08:02 9702601                    /home/kevin/.m2/repository/org/aspectj/aspectjweaver/1.8.13/aspectjweaver-1.8.13.jar
7f000407a000-7f0004083000 r--s 00051000 08:02 10757813                   /home/kevin/.m2/repository/org/springframework/spring-aop/5.0.7.RELEASE/spring-aop-5.0.7.RELEASE.jar
7f0004083000-7f0004084000 ---p 00000000 00:00 0 
7f0004084000-7f0005166000 rw-p 00000000 00:00 0 
7f0005166000-7f000533f000 r--s 03d65000 08:02 17042997                   /usr/local/java/jdk1.8.0_162/jre/lib/rt.jar
7f000533f000-7f0005e92000 rw-p 00000000 00:00 0 
7f0005e92000-7f0005e93000 ---p 00000000 00:00 0 
7f0005e93000-7f0005f93000 rw-p 00000000 00:00 0 
7f0005f93000-7f0005f94000 ---p 00000000 00:00 0 
7f0005f94000-7f0006094000 rw-p 00000000 00:00 0 
7f0006094000-7f0006095000 ---p 00000000 00:00 0 
7f0006095000-7f0006195000 rw-p 00000000 00:00 0 
7f0006195000-7f0006196000 ---p 00000000 00:00 0 
7f0006196000-7f00062b9000 rw-p 00000000 00:00 0 
7f00062b9000-7f000647f000 ---p 00000000 00:00 0 
7f000647f000-7f00064a2000 rw-p 00000000 00:00 0 
7f00064a2000-7f0006667000 ---p 00000000 00:00 0 
7f0006667000-7f0006715000 rw-p 00000000 00:00 0 
7f0006715000-7f000675c000 ---p 00000000 00:00 0 
7f000675c000-7f000677f000 rw-p 00000000 00:00 0 
7f000677f000-7f0006b1d000 ---p 00000000 00:00 0 
7f0006b1d000-7f0006b38000 r-xp 00000000 08:02 17174410                   /usr/local/java/jdk1.8.0_162/jre/lib/amd64/libzip.so
7f0006b38000-7f0006d38000 ---p 0001b000 08:02 17174410                   /usr/local/java/jdk1.8.0_162/jre/lib/amd64/libzip.so
7f0006d38000-7f0006d39000 rw-p 0001b000 08:02 17174410                   /usr/local/java/jdk1.8.0_162/jre/lib/amd64/libzip.so
7f0006d39000-7f0006d44000 r-xp 00000000 08:02 21758048                   /lib/x86_64-linux-gnu/libnss_files-2.23.so
7f0006d44000-7f0006f43000 ---p 0000b000 08:02 21758048                   /lib/x86_64-linux-gnu/libnss_files-2.23.so
7f0006f43000-7f0006f44000 r--p 0000a000 08:02 21758048                   /lib/x86_64-linux-gnu/libnss_files-2.23.so
7f0006f44000-7f0006f45000 rw-p 0000b000 08:02 21758048                   /lib/x86_64-linux-gnu/libnss_files-2.23.so
7f0006f45000-7f0006f4b000 rw-p 00000000 00:00 0 
7f0006f4b000-7f0006f56000 r-xp 00000000 08:02 21762516                   /lib/x86_64-linux-gnu/libnss_nis-2.23.so
7f0006f56000-7f0007155000 ---p 0000b000 08:02 21762516                   /lib/x86_64-linux-gnu/libnss_nis-2.23.so
7f0007155000-7f0007156000 r--p 0000a000 08:02 21762516                   /lib/x86_64-linux-gnu/libnss_nis-2.23.so
7f0007156000-7f0007157000 rw-p 0000b000 08:02 21762516                   /lib/x86_64-linux-gnu/libnss_nis-2.23.so
7f0007157000-7f000716d000 r-xp 00000000 08:02 21757966                   /lib/x86_64-linux-gnu/libnsl-2.23.so
7f000716d000-7f000736c000 ---p 00016000 08:02 21757966                   /lib/x86_64-linux-gnu/libnsl-2.23.so
7f000736c000-7f000736d000 r--p 00015000 08:02 21757966                   /lib/x86_64-linux-gnu/libnsl-2.23.so
7f000736d000-7f000736e000 rw-p 00016000 08:02 21757966                   /lib/x86_64-linux-gnu/libnsl-2.23.so
7f000736e000-7f0007370000 rw-p 00000000 00:00 0 
7f0007370000-7f0007378000 r-xp 00000000 08:02 21758043                   /lib/x86_64-linux-gnu/libnss_compat-2.23.so
7f0007378000-7f0007577000 ---p 00008000 08:02 21758043                   /lib/x86_64-linux-gnu/libnss_compat-2.23.so
7f0007577000-7f0007578000 r--p 00007000 08:02 21758043                   /lib/x86_64-linux-gnu/libnss_compat-2.23.so
7f0007578000-7f0007579000 rw-p 00008000 08:02 21758043                   /lib/x86_64-linux-gnu/libnss_compat-2.23.so
7f0007579000-7f00075a4000 r-xp 00000000 08:02 17174404                   /usr/local/java/jdk1.8.0_162/jre/lib/amd64/libjava.so
7f00075a4000-7f00077a3000 ---p 0002b000 08:02 17174404                   /usr/local/java/jdk1.8.0_162/jre/lib/amd64/libjava.so
7f00077a3000-7f00077a5000 rw-p 0002a000 08:02 17174404                   /usr/local/java/jdk1.8.0_162/jre/lib/amd64/libjava.so
7f00077a5000-7f00077b2000 r-xp 00000000 08:02 17174409                   /usr/local/java/jdk1.8.0_162/jre/lib/amd64/libverify.so
7f00077b2000-7f00079b2000 ---p 0000d000 08:02 17174409                   /usr/local/java/jdk1.8.0_162/jre/lib/amd64/libverify.so
7f00079b2000-7f00079b4000 rw-p 0000d000 08:02 17174409                   /usr/local/java/jdk1.8.0_162/jre/lib/amd64/libverify.so
7f00079b4000-7f00079bb000 r-xp 00000000 08:02 21762517                   /lib/x86_64-linux-gnu/librt-2.23.so
7f00079bb000-7f0007bba000 ---p 00007000 08:02 21762517                   /lib/x86_64-linux-gnu/librt-2.23.so
7f0007bba000-7f0007bbb000 r--p 00006000 08:02 21762517                   /lib/x86_64-linux-gnu/librt-2.23.so
7f0007bbb000-7f0007bbc000 rw-p 00007000 08:02 21762517                   /lib/x86_64-linux-gnu/librt-2.23.so
7f0007bbc000-7f0007cc4000 r-xp 00000000 08:02 21757957                   /lib/x86_64-linux-gnu/libm-2.23.so
7f0007cc4000-7f0007ec3000 ---p 00108000 08:02 21757957                   /lib/x86_64-linux-gnu/libm-2.23.so
7f0007ec3000-7f0007ec4000 r--p 00107000 08:02 21757957                   /lib/x86_64-linux-gnu/libm-2.23.so
7f0007ec4000-7f0007ec5000 rw-p 00108000 08:02 21757957                   /lib/x86_64-linux-gnu/libm-2.23.so
7f0007ec5000-7f0008b9e000 r-xp 00000000 08:02 17301606                   /usr/local/java/jdk1.8.0_162/jre/lib/amd64/server/libjvm.so
7f0008b9e000-7f0008d9d000 ---p 00cd9000 08:02 17301606                   /usr/local/java/jdk1.8.0_162/jre/lib/amd64/server/libjvm.so
7f0008d9d000-7f0008e77000 rw-p 00cd8000 08:02 17301606                   /usr/local/java/jdk1.8.0_162/jre/lib/amd64/server/libjvm.so
7f0008e77000-7f0008ec2000 rw-p 00000000 00:00 0 
7f0008ec2000-7f0009082000 r-xp 00000000 08:02 21758035                   /lib/x86_64-linux-gnu/libc-2.23.so
7f0009082000-7f0009282000 ---p 001c0000 08:02 21758035                   /lib/x86_64-linux-gnu/libc-2.23.so
7f0009282000-7f0009286000 r--p 001c0000 08:02 21758035                   /lib/x86_64-linux-gnu/libc-2.23.so
7f0009286000-7f0009288000 rw-p 001c4000 08:02 21758035                   /lib/x86_64-linux-gnu/libc-2.23.so
7f0009288000-7f000928c000 rw-p 00000000 00:00 0 
7f000928c000-7f000928f000 r-xp 00000000 08:02 21758037                   /lib/x86_64-linux-gnu/libdl-2.23.so
7f000928f000-7f000948e000 ---p 00003000 08:02 21758037                   /lib/x86_64-linux-gnu/libdl-2.23.so
7f000948e000-7f000948f000 r--p 00002000 08:02 21758037                   /lib/x86_64-linux-gnu/libdl-2.23.so
7f000948f000-7f0009490000 rw-p 00003000 08:02 21758037                   /lib/x86_64-linux-gnu/libdl-2.23.so
7f0009490000-7f00094a6000 r-xp 00000000 08:02 17041765                   /usr/local/java/jdk1.8.0_162/lib/amd64/jli/libjli.so
7f00094a6000-7f00096a5000 ---p 00016000 08:02 17041765                   /usr/local/java/jdk1.8.0_162/lib/amd64/jli/libjli.so
7f00096a5000-7f00096a6000 rw-p 00015000 08:02 17041765                   /usr/local/java/jdk1.8.0_162/lib/amd64/jli/libjli.so
7f00096a6000-7f00096be000 r-xp 00000000 08:02 21757977                   /lib/x86_64-linux-gnu/libpthread-2.23.so
7f00096be000-7f00098bd000 ---p 00018000 08:02 21757977                   /lib/x86_64-linux-gnu/libpthread-2.23.so
7f00098bd000-7f00098be000 r--p 00017000 08:02 21757977                   /lib/x86_64-linux-gnu/libpthread-2.23.so
7f00098be000-7f00098bf000 rw-p 00018000 08:02 21757977                   /lib/x86_64-linux-gnu/libpthread-2.23.so
7f00098bf000-7f00098c3000 rw-p 00000000 00:00 0 
7f00098c3000-7f00098e9000 r-xp 00000000 08:02 21757969                   /lib/x86_64-linux-gnu/ld-2.23.so
7f00098e9000-7f00098ea000 r--s 00000000 08:02 11667114                   /home/kevin/.m2/repository/org/springframework/boot/spring-boot-starter-thymeleaf/2.0.3.RELEASE/spring-boot-starter-thymeleaf-2.0.3.RELEASE.jar
7f00098ea000-7f00098ee000 r--s 00020000 08:02 9702637                    /home/kevin/.m2/repository/com/zaxxer/HikariCP/2.7.9/HikariCP-2.7.9.jar
7f00098ee000-7f00098ef000 r--s 00000000 08:02 11537316                   /home/kevin/.m2/repository/org/springframework/boot/spring-boot-starter-jdbc/2.0.3.RELEASE/spring-boot-starter-jdbc-2.0.3.RELEASE.jar
7f00098ef000-7f00098f6000 r--s 00042000 08:02 9702597                    /home/kevin/.m2/repository/org/yaml/snakeyaml/1.19/snakeyaml-1.19.jar
7f00098f6000-7f00098f8000 r--s 00005000 08:02 9702595                    /home/kevin/.m2/repository/javax/annotation/javax.annotation-api/1.3.2/javax.annotation-api-1.3.2.jar
7f00098f8000-7f00098fa000 r--s 00000000 08:02 9702593                    /home/kevin/.m2/repository/org/slf4j/jul-to-slf4j/1.7.25/jul-to-slf4j-1.7.25.jar
7f00098fa000-7f0009905000 r--s 00069000 08:02 9702587                    /home/kevin/.m2/repository/ch/qos/logback/logback-core/1.2.3/logback-core-1.2.3.jar
7f0009905000-7f00099c6000 rw-p 00000000 00:00 0 
7f00099c6000-7f00099c9000 ---p 00000000 00:00 0 
7f00099c9000-7f0009acc000 rw-p 00000000 00:00 0 
7f0009acc000-7f0009acd000 r--s 00000000 08:02 11405880                   /home/kevin/.m2/repository/org/springframework/boot/spring-boot-starter-aop/2.0.3.RELEASE/spring-boot-starter-aop-2.0.3.RELEASE.jar
7f0009acd000-7f0009ad3000 r--s 00039000 08:02 9702591                    /home/kevin/.m2/repository/org/apache/logging/log4j/log4j-api/2.10.0/log4j-api-2.10.0.jar
7f0009ad3000-7f0009ad5000 r--s 00003000 08:02 9702589                    /home/kevin/.m2/repository/org/apache/logging/log4j/log4j-to-slf4j/2.10.0/log4j-to-slf4j-2.10.0.jar
7f0009ad5000-7f0009adb000 r--s 00041000 08:02 9702585                    /home/kevin/.m2/repository/ch/qos/logback/logback-classic/1.2.3/logback-classic-1.2.3.jar
7f0009adb000-7f0009adc000 r--s 00000000 08:02 11274563                   /home/kevin/.m2/repository/org/springframework/boot/spring-boot-starter-logging/2.0.3.RELEASE/spring-boot-starter-logging-2.0.3.RELEASE.jar
7f0009adc000-7f0009add000 r--s 00000000 08:02 10095343                   /home/kevin/.m2/repository/org/springframework/boot/spring-boot-starter/2.0.3.RELEASE/spring-boot-starter-2.0.3.RELEASE.jar
7f0009add000-7f0009ade000 r--s 00000000 08:02 9832912                    /home/kevin/.m2/repository/org/springframework/boot/spring-boot-starter-data-jpa/2.0.3.RELEASE/spring-boot-starter-data-jpa-2.0.3.RELEASE.jar
7f0009ade000-7f0009ae6000 rw-s 00000000 08:02 23073461                   /tmp/hsperfdata_kevin/4941
7f0009ae6000-7f0009ae7000 rw-p 00000000 00:00 0 
7f0009ae7000-7f0009ae8000 r--p 00000000 00:00 0 
7f0009ae8000-7f0009ae9000 r--p 00025000 08:02 21757969                   /lib/x86_64-linux-gnu/ld-2.23.so
7f0009ae9000-7f0009aea000 rw-p 00026000 08:02 21757969                   /lib/x86_64-linux-gnu/ld-2.23.so
7f0009aea000-7f0009aeb000 rw-p 00000000 00:00 0 
7ffcc787e000-7ffcc78a1000 rw-p 00000000 00:00 0                          [stack]
7ffcc794f000-7ffcc7952000 r--p 00000000 00:00 0                          [vvar]
7ffcc7952000-7ffcc7954000 r-xp 00000000 00:00 0                          [vdso]
ffffffffff600000-ffffffffff601000 r-xp 00000000 00:00 0                  [vsyscall]

VM Arguments:
jvm_args: -Dcom.sun.management.jmxremote -Dcom.sun.management.jmxremote.port=36617 -Dcom.sun.management.jmxremote.authenticate=false -Dcom.sun.management.jmxremote.ssl=false -Djava.rmi.server.hostname=localhost -Dspring.liveBeansView.mbeanDomain -Dspring.application.admin.enabled=true -Djava.security.egd=file:/dev/./urandom -Xverify:none -XX:TieredStopAtLevel=1 -Dfile.encoding=UTF-8 
java_command: com.springcontrolcomedor.app.SpringControlComedorApplication --spring.output.ansi.enabled=always
java_class_path (initial): /usr/local/java/jdk1.8.0_162/jre/lib/resources.jar:/usr/local/java/jdk1.8.0_162/jre/lib/rt.jar:/usr/local/java/jdk1.8.0_162/jre/lib/jsse.jar:/usr/local/java/jdk1.8.0_162/jre/lib/jce.jar:/usr/local/java/jdk1.8.0_162/jre/lib/charsets.jar:/usr/local/java/jdk1.8.0_162/jre/lib/jfr.jar:/usr/local/java/jdk1.8.0_162/jre/lib/ext/jaccess.jar:/usr/local/java/jdk1.8.0_162/jre/lib/ext/localedata.jar:/usr/local/java/jdk1.8.0_162/jre/lib/ext/sunec.jar:/usr/local/java/jdk1.8.0_162/jre/lib/ext/sunpkcs11.jar:/usr/local/java/jdk1.8.0_162/jre/lib/ext/cldrdata.jar:/usr/local/java/jdk1.8.0_162/jre/lib/ext/zipfs.jar:/usr/local/java/jdk1.8.0_162/jre/lib/ext/sunjce_provider.jar:/usr/local/java/jdk1.8.0_162/jre/lib/ext/nashorn.jar:/usr/local/java/jdk1.8.0_162/jre/lib/ext/jfxrt.jar:/usr/local/java/jdk1.8.0_162/jre/lib/ext/dnsns.jar:/home/kevin/Documentos/proyectos_sts/spring-control-comedor/target/classes:/home/kevin/.m2/repository/org/springframework/boot/spring-boot-starter-data-jpa/2.0.3.RELEASE/spring-boot-starter-data-jpa-2.0.3.RELEASE.jar:/home/kevin/.m2/repository/org/springframework/boot/spring-boot-starter/2.0.3.RELEASE/spring-boot-starter-2.0.3.RELEASE.jar:/home/kevin/.m2/repository/org/springframework/boot/spring-boot-starter-logging/2.0.3.RELEASE/spring-boot-starter-logging-2.0.3.RELEASE.jar:/home/kevin/.m2/repository/ch/qos/logback/logback-classic/1.2.3/logback-classic-1.2.3.jar:/home/kevin/.m2/repository/ch/qos/logback/logback-core/1.2.3/logback-core-1.2.3.jar:/home/kevin/.m2/repository/org/apache/logging/log4j/log4j-to-slf4j/2.10.0/log4j-to-slf4j-2.10.0.jar:/home/kevin/.m2/repository/org/apache/logging/log4j/log4j-api/2.10.0/log4j-api-2.10.0.jar:/home/kevin/.m2/repository/org/slf4j/jul-to-slf4j/1.7.25/jul-to-slf4j-1.7.25.jar:/home/kevin/.m2/repository/javax/annotation/javax.annotation-api/1.3.2/javax.annotation-api-1.3.2.jar:/home/kevin/.m2/repository/org/yaml/snakeyaml/1.19/snakeyaml-1.19.jar:/home/kevin/.m2/repository/org/springframework/boot/spri
Launcher Type: SUN_STANDARD

Environment Variables:
JAVA_HOME=/usr/local/java/jdk1.8.0_162
PATH=/home/kevin/bin:/home/kevin/.local/bin:/usr/local/sbin:/usr/local/bin:/usr/sbin:/usr/bin:/sbin:/bin:/usr/games:/usr/local/games:/snap/bin:/home/kevin/bin:/usr/local/java/jdk1.8.0_162/bin
SHELL=/bin/bash
DISPLAY=:0

Signal Handlers:
SIGSEGV: [libjvm.so+0xad03c0], sa_mask[0]=11111111011111111101111111111110, sa_flags=SA_RESTART|SA_SIGINFO
SIGBUS: [libjvm.so+0xad03c0], sa_mask[0]=11111111011111111101111111111110, sa_flags=SA_RESTART|SA_SIGINFO
SIGFPE: [libjvm.so+0x928210], sa_mask[0]=11111111011111111101111111111110, sa_flags=SA_RESTART|SA_SIGINFO
SIGPIPE: [libjvm.so+0x928210], sa_mask[0]=11111111011111111101111111111110, sa_flags=SA_RESTART|SA_SIGINFO
SIGXFSZ: [libjvm.so+0x928210], sa_mask[0]=11111111011111111101111111111110, sa_flags=SA_RESTART|SA_SIGINFO
SIGILL: [libjvm.so+0x928210], sa_mask[0]=11111111011111111101111111111110, sa_flags=SA_RESTART|SA_SIGINFO
SIGUSR1: SIG_DFL, sa_mask[0]=00000000000000000000000000000000, sa_flags=none
SIGUSR2: [libjvm.so+0x929a70], sa_mask[0]=00100000000000000000000000000000, sa_flags=SA_RESTART|SA_SIGINFO
SIGHUP: [libjvm.so+0x92ae70], sa_mask[0]=11111111011111111101111111111110, sa_flags=SA_RESTART|SA_SIGINFO
SIGINT: [libjvm.so+0x92ae70], sa_mask[0]=11111111011111111101111111111110, sa_flags=SA_RESTART|SA_SIGINFO
SIGTERM: [libjvm.so+0x92ae70], sa_mask[0]=11111111011111111101111111111110, sa_flags=SA_RESTART|SA_SIGINFO
SIGQUIT: [libjvm.so+0x92ae70], sa_mask[0]=11111111011111111101111111111110, sa_flags=SA_RESTART|SA_SIGINFO


---------------  S Y S T E M  ---------------

OS:DISTRIB_ID=Ubuntu
DISTRIB_RELEASE=16.04
DISTRIB_CODENAME=xenial
DISTRIB_DESCRIPTION="Ubuntu 16.04.3 LTS"

uname:Linux 4.13.0-45-generic #50~16.04.1-Ubuntu SMP Wed May 30 11:18:27 UTC 2018 x86_64
libc:glibc 2.23 NPTL 2.23 
rlimit: STACK 8192k, CORE 0k, NPROC 22962, NOFILE 1048576, AS infinity
load average:1,86 1,33 1,24

/proc/meminfo:
MemTotal:        5997932 kB
MemFree:          880132 kB
MemAvailable:    2403680 kB
Buffers:          132112 kB
Cached:          1635180 kB
SwapCached:            0 kB
Active:          3519052 kB
Inactive:        1297568 kB
Active(anon):    2871544 kB
Inactive(anon):   270656 kB
Active(file):     647508 kB
Inactive(file):  1026912 kB
Unevictable:         168 kB
Mlocked:             168 kB
SwapTotal:       6184956 kB
SwapFree:        6184956 kB
Dirty:               480 kB
Writeback:             0 kB
AnonPages:       3049472 kB
Mapped:           510000 kB
Shmem:            271972 kB
Slab:             169500 kB
SReclaimable:     125860 kB
SUnreclaim:        43640 kB
KernelStack:       11744 kB
PageTables:        50732 kB
NFS_Unstable:          0 kB
Bounce:                0 kB
WritebackTmp:          0 kB
CommitLimit:     9183920 kB
Committed_AS:    8564992 kB
VmallocTotal:   34359738367 kB
VmallocUsed:           0 kB
VmallocChunk:          0 kB
HardwareCorrupted:     0 kB
AnonHugePages:      8192 kB
ShmemHugePages:        0 kB
ShmemPmdMapped:        0 kB
CmaTotal:              0 kB
CmaFree:               0 kB
HugePages_Total:       0
HugePages_Free:        0
HugePages_Rsvd:        0
HugePages_Surp:        0
Hugepagesize:       2048 kB
DirectMap4k:      149248 kB
DirectMap2M:     6037504 kB


CPU:total 4 (initial active 4) (2 cores per cpu, 2 threads per core) family 6 model 42 stepping 7, cmov, cx8, fxsr, mmx, sse, sse2, sse3, ssse3, sse4.1, sse4.2, popcnt, avx, clmul, ht, tsc, tscinvbit

/proc/cpuinfo:
processor	: 0
vendor_id	: GenuineIntel
cpu family	: 6
model		: 42
model name	: Intel(R) Core(TM) i3-2328M CPU @ 2.20GHz
stepping	: 7
microcode	: 0x2d
cpu MHz		: 1398.166
cache size	: 3072 KB
physical id	: 0
siblings	: 4
core id		: 0
cpu cores	: 2
apicid		: 0
initial apicid	: 0
fpu		: yes
fpu_exception	: yes
cpuid level	: 13
wp		: yes
flags		: fpu vme de pse tsc msr pae mce cx8 apic sep mtrr pge mca cmov pat pse36 clflush dts acpi mmx fxsr sse sse2 ss ht tm pbe syscall nx rdtscp lm constant_tsc arch_perfmon pebs bts rep_good nopl xtopology nonstop_tsc cpuid aperfmperf pni pclmulqdq dtes64 monitor ds_cpl vmx est tm2 ssse3 cx16 xtpr pdcm pcid sse4_1 sse4_2 x2apic popcnt tsc_deadline_timer xsave avx lahf_lm epb pti retpoline spec_ctrl tpr_shadow vnmi flexpriority ept vpid xsaveopt dtherm arat pln pts
bugs		: cpu_meltdown spectre_v1 spectre_v2 spec_store_bypass
bogomips	: 4390.08
clflush size	: 64
cache_alignment	: 64
address sizes	: 36 bits physical, 48 bits virtual
power management:

processor	: 1
vendor_id	: GenuineIntel
cpu family	: 6
model		: 42
model name	: Intel(R) Core(TM) i3-2328M CPU @ 2.20GHz
stepping	: 7
microcode	: 0x2d
cpu MHz		: 1673.396
cache size	: 3072 KB
physical id	: 0
siblings	: 4
core id		: 0
cpu cores	: 2
apicid		: 1
initial apicid	: 1
fpu		: yes
fpu_exception	: yes
cpuid level	: 13
wp		: yes
flags		: fpu vme de pse tsc msr pae mce cx8 apic sep mtrr pge mca cmov pat pse36 clflush dts acpi mmx fxsr sse sse2 ss ht tm pbe syscall nx rdtscp lm constant_tsc arch_perfmon pebs bts rep_good nopl xtopology nonstop_tsc cpuid aperfmperf pni pclmulqdq dtes64 monitor ds_cpl vmx est tm2 ssse3 cx16 xtpr pdcm pcid sse4_1 sse4_2 x2apic popcnt tsc_deadline_timer xsave avx lahf_lm epb pti retpoline spec_ctrl tpr_shadow vnmi flexpriority ept vpid xsaveopt dtherm arat pln pts
bugs		: cpu_meltdown spectre_v1 spectre_v2 spec_store_bypass
bogomips	: 4390.08
clflush size	: 64
cache_alignment	: 64
address sizes	: 36 bits physical, 48 bits virtual
power management:

processor	: 2
vendor_id	: GenuineIntel
cpu family	: 6
model		: 42
model name	: Intel(R) Core(TM) i3-2328M CPU @ 2.20GHz
stepping	: 7
microcode	: 0x2d
cpu MHz		: 1403.878
cache size	: 3072 KB
physical id	: 0
siblings	: 4
core id		: 1
cpu cores	: 2
apicid		: 2
initial apicid	: 2
fpu		: yes
fpu_exception	: yes
cpuid level	: 13
wp		: yes
flags		: fpu vme de pse tsc msr pae mce cx8 apic sep mtrr pge mca cmov pat pse36 clflush dts acpi mmx fxsr sse sse2 ss ht tm pbe syscall nx rdtscp lm constant_tsc arch_perfmon pebs bts rep_good nopl xtopology nonstop_tsc cpuid aperfmperf pni pclmulqdq dtes64 monitor ds_cpl vmx est tm2 ssse3 cx16 xtpr pdcm pcid sse4_1 sse4_2 x2apic popcnt tsc_deadline_timer xsave avx lahf_lm epb pti retpoline spec_ctrl tpr_shadow vnmi flexpriority ept vpid xsaveopt dtherm arat pln pts
bugs		: cpu_meltdown spectre_v1 spectre_v2 spec_store_bypass
bogomips	: 4390.08
clflush size	: 64
cache_alignment	: 64
address sizes	: 36 bits physical, 48 bits virtual
power management:

processor	: 3
vendor_id	: GenuineIntel
cpu family	: 6
model		: 42
model name	: Intel(R) Core(TM) i3-2328M CPU @ 2.20GHz
stepping	: 7
microcode	: 0x2d
cpu MHz		: 1620.483
cache size	: 3072 KB
physical id	: 0
siblings	: 4
core id		: 1
cpu cores	: 2
apicid		: 3
initial apicid	: 3
fpu		: yes
fpu_exception	: yes
cpuid level	: 13
wp		: yes
flags		: fpu vme de pse tsc msr pae mce cx8 apic sep mtrr pge mca cmov pat pse36 clflush dts acpi mmx fxsr sse sse2 ss ht tm pbe syscall nx rdtscp lm constant_tsc arch_perfmon pebs bts rep_good nopl xtopology nonstop_tsc cpuid aperfmperf pni pclmulqdq dtes64 monitor ds_cpl vmx est tm2 ssse3 cx16 xtpr pdcm pcid sse4_1 sse4_2 x2apic popcnt tsc_deadline_timer xsave avx lahf_lm epb pti retpoline spec_ctrl tpr_shadow vnmi flexpriority ept vpid xsaveopt dtherm arat pln pts
bugs		: cpu_meltdown spectre_v1 spectre_v2 spec_store_bypass
bogomips	: 4390.08
clflush size	: 64
cache_alignment	: 64
address sizes	: 36 bits physical, 48 bits virtual
power management:



Memory: 4k page, physical 5997932k(880008k free), swap 6184956k(6184956k free)

vm_info: Java HotSpot(TM) 64-Bit Server VM (25.162-b12) for linux-amd64 JRE (1.8.0_162-b12), built on Dec 19 2017 21:15:48 by "java_re" with gcc 4.3.0 20080428 (Red Hat 4.3.0-8)

time: Wed Jun 27 23:43:51 2018
elapsed time: 6 seconds (0d 0h 0m 6s)

