#
# A fatal error has been detected by the Java Runtime Environment:
#
#  SIGSEGV (0xb) at pc=0x00007f07d5af37a7, pid=4990, tid=0x00007f077c7d4700
#
# JRE version: Java(TM) SE Runtime Environment (8.0_162-b12) (build 1.8.0_162-b12)
# Java VM: Java HotSpot(TM) 64-Bit Server VM (25.162-b12 mixed mode linux-amd64 compressed oops)
# Problematic frame:
# J 5892 C1 org.springframework.beans.CachedIntrospectionResults.getPropertyDescriptors()[Ljava/beans/PropertyDescriptor; (84 bytes) @ 0x00007f07d5af37a7 [0x00007f07d5af3660+0x147]
#
# Failed to write core dump. Core dumps have been disabled. To enable core dumping, try "ulimit -c unlimited" before starting Java again
#
# If you would like to submit a bug report, please visit:
#   http://bugreport.java.com/bugreport/crash.jsp
#

---------------  T H R E A D  ---------------

Current thread (0x00007f07bc02b800):  JavaThread "restartedMain" [_thread_in_Java, id=5095, stack(0x00007f077c6d4000,0x00007f077c7d5000)]

siginfo: si_signo: 11 (SIGSEGV), si_code: 1 (SEGV_MAPERR), si_addr: 0x0000000002600178

Registers:
RAX=0x00000000e5bb5858, RBX=0x0000000002600140, RCX=0x00000001002893a0, RDX=0x00000000a5bb5dc0
RSP=0x00007f077c7d1e60, RBP=0x00007f077c7d2a50, RSI=0x00000000007751c9, RDI=0x000000010028f580
R8 =0x0000000000000038, R9 =0x000000010027a848, R10=0x00000000a5bb5dc0, R11=0x00000000000002f8
R12=0x0000000000000000, R13=0x00000000e56c2460, R14=0x00000000a47a6740, R15=0x00007f07bc02b800
RIP=0x00007f07d5af37a7, EFLAGS=0x0000000000010202, CSGSFS=0x002b000000000033, ERR=0x0000000000000004
  TRAPNO=0x000000000000000e

Top of Stack: (sp=0x00007f077c7d1e60)
0x00007f077c7d1e60:   00007f07bc02b800 00000000115b46a7
0x00007f077c7d1e70:   00007f077c7d1ec0 00007f07eb2eef94
0x00007f077c7d1e80:   00007f07bc02b800 00000000a4dd1160
0x00007f077c7d1e90:   00007f077c7d1f00 00007f07e80c6640
0x00007f077c7d1ea0:   00000000a5baa560 00000000eea392f0
0x00007f077c7d1eb0:   00000000eea39328 00007f0700000005
0x00007f077c7d1ec0:   00007f077c7d1f10 00007f07d5126966
0x00007f077c7d1ed0:   00007f077c7d2a50 00007f07d5a10494
0x00007f077c7d1ee0:   00007f077c7d2a50 00000000e697e9d0
0x00007f077c7d1ef0:   0000000000000000 0000000000000000
0x00007f077c7d1f00:   00007f077c7d1f50 00007f07d51a02e6
0x00007f077c7d1f10:   00007f077c7d2a50 00007f07d516a24c
0x00007f077c7d1f20:   00007f077c7d2a50 00007f07d5195d4c
0x00007f077c7d1f30:   00007f077c7d2a50 00007f07d53e9384
0x00007f077c7d1f40:   00007f077c7d2018 00007f07d50082bd
0x00007f077c7d1f50:   000000027c7d2a50 00007f07d5a32c04
0x00007f077c7d1f60:   00007f077eef5d1e 00000000e6b07d78
0x00007f077c7d1f70:   00000000eea341e0 00000000eea392d0
0x00007f077c7d1f80:   00000000e262eec8 00000000e2670528
0x00007f077c7d1f90:   00000000115b57fc 00007f07d5164d9c
0x00007f077c7d1fa0:   00000000eea391a0 00000000e697e9d0
0x00007f077c7d1fb0:   00007f077c7d2a50 00007f07d5a0cc9c
0x00007f077c7d1fc0:   0000000000000000 000000024b1c0e64
0x00007f077c7d1fd0:   0000000000000001 00000000e6ccd568
0x00007f077c7d1fe0:   00000000e69ff8d0 0000000200000064
0x00007f077c7d1ff0:   00007f077c7d2a50 00007f07d511531c
0x00007f077c7d2000:   000000004b1c0e64 00000000e56c2460
0x00007f077c7d2010:   00000000a4820338 00000000e262f0a0
0x00007f077c7d2020:   00007f0700000001 00000000eea341e0
0x00007f077c7d2030:   00000000e262eec8 0000000000000001
0x00007f077c7d2040:   000000010022de30 00000000e6b07d60
0x00007f077c7d2050:   00000000e56c2460 0000000000000001 

Instructions: (pc=0x00007f07d5af37a7)
0x00007f07d5af3787:   e8 34 13 75 ff 48 83 f8 00 0f 84 20 00 00 00 48
0x00007f07d5af3797:   bf 80 f5 28 00 01 00 00 00 8b 58 08 48 c1 e3 03
0x00007f07d5af37a7:   48 3b 7b 38 0f 85 72 01 00 00 e9 00 00 00 00 48
0x00007f07d5af37b7:   8b f8 48 83 ff 00 0f 84 1f 00 00 00 48 ba a0 93 

Register to memory mapping:

RAX=0x00000000e5bb5858 is an oop

[error occurred during error reporting (printing register info), id 0xb]

Stack: [0x00007f077c6d4000,0x00007f077c7d5000],  sp=0x00007f077c7d1e60,  free space=1015k
Native frames: (J=compiled Java code, j=interpreted, Vv=VM code, C=native code)
J 5892 C1 org.springframework.beans.CachedIntrospectionResults.getPropertyDescriptors()[Ljava/beans/PropertyDescriptor; (84 bytes) @ 0x00007f07d5af37a7 [0x00007f07d5af3660+0x147]
J 5392 C1 org.springframework.beans.factory.support.AbstractAutowireCapableBeanFactory.filterPropertyDescriptorsForDependencyCheck(Lorg/springframework/beans/BeanWrapper;)[Ljava/beans/PropertyDescriptor; (44 bytes) @ 0x00007f07d5a10494 [0x00007f07d5a10360+0x134]
J 5387 C1 org.springframework.beans.factory.support.AbstractAutowireCapableBeanFactory.filterPropertyDescriptorsForDependencyCheck(Lorg/springframework/beans/BeanWrapper;Z)[Ljava/beans/PropertyDescriptor; (64 bytes) @ 0x00007f07d5a0cc9c [0x00007f07d5a0cba0+0xfc]
J 4185 C1 org.springframework.beans.factory.support.AbstractAutowireCapableBeanFactory.populateBean(Ljava/lang/String;Lorg/springframework/beans/factory/support/RootBeanDefinition;Lorg/springframework/beans/BeanWrapper;)V (370 bytes) @ 0x00007f07d5841abc [0x00007f07d5841340+0x77c]
J 5371 C1 org.springframework.beans.factory.support.AbstractAutowireCapableBeanFactory.doCreateBean(Ljava/lang/String;Lorg/springframework/beans/factory/support/RootBeanDefinition;[Ljava/lang/Object;)Ljava/lang/Object; (507 bytes) @ 0x00007f07d5a02c1c [0x00007f07d5a024e0+0x73c]
J 5370 C1 org.springframework.beans.factory.support.AbstractAutowireCapableBeanFactory.createBean(Ljava/lang/String;Lorg/springframework/beans/factory/support/RootBeanDefinition;[Ljava/lang/Object;)Ljava/lang/Object; (247 bytes) @ 0x00007f07d5a06a2c [0x00007f07d5a06500+0x52c]
J 5942 C1 org.springframework.beans.factory.support.AbstractBeanFactory$$Lambda$125.getObject()Ljava/lang/Object; (20 bytes) @ 0x00007f07d5b1051c [0x00007f07d5b104c0+0x5c]
J 5389 C1 org.springframework.beans.factory.support.DefaultSingletonBeanRegistry.getSingleton(Ljava/lang/String;Lorg/springframework/beans/factory/ObjectFactory;)Ljava/lang/Object; (297 bytes) @ 0x00007f07d5a0decc [0x00007f07d5a0da00+0x4cc]
J 5248 C1 org.springframework.beans.factory.support.AbstractBeanFactory.doGetBean(Ljava/lang/String;Ljava/lang/Class;[Ljava/lang/Object;Z)Ljava/lang/Object; (819 bytes) @ 0x00007f07d59c0724 [0x00007f07d59c0160+0x5c4]
J 4415 C1 org.springframework.beans.factory.support.AbstractBeanFactory.getBean(Ljava/lang/String;)Ljava/lang/Object; (9 bytes) @ 0x00007f07d58be84c [0x00007f07d58be800+0x4c]
j  org.springframework.beans.factory.support.DefaultListableBeanFactory.preInstantiateSingletons()V+248
j  org.springframework.context.support.AbstractApplicationContext.finishBeanFactoryInitialization(Lorg/springframework/beans/factory/config/ConfigurableListableBeanFactory;)V+124
j  org.springframework.context.support.AbstractApplicationContext.refresh()V+54
j  org.springframework.boot.web.servlet.context.ServletWebServerApplicationContext.refresh()V+1
j  org.springframework.boot.SpringApplication.refresh(Lorg/springframework/context/ApplicationContext;)V+10
j  org.springframework.boot.SpringApplication.refreshContext(Lorg/springframework/context/ConfigurableApplicationContext;)V+2
j  org.springframework.boot.SpringApplication.run([Ljava/lang/String;)Lorg/springframework/context/ConfigurableApplicationContext;+118
j  org.springframework.boot.SpringApplication.run([Ljava/lang/Class;[Ljava/lang/String;)Lorg/springframework/context/ConfigurableApplicationContext;+9
j  org.springframework.boot.SpringApplication.run(Ljava/lang/Class;[Ljava/lang/String;)Lorg/springframework/context/ConfigurableApplicationContext;+9
j  com.springcontrolcomedor.app.SpringControlComedorApplication.main([Ljava/lang/String;)V+3
v  ~StubRoutines::call_stub
V  [libjvm.so+0x695b86]  JavaCalls::call_helper(JavaValue*, methodHandle*, JavaCallArguments*, Thread*)+0x1056
V  [libjvm.so+0x9a4247]  Reflection::invoke(instanceKlassHandle, methodHandle, Handle, bool, objArrayHandle, BasicType, objArrayHandle, bool, Thread*)+0x5d7
V  [libjvm.so+0x9a7957]  Reflection::invoke_method(oopDesc*, Handle, objArrayHandle, Thread*)+0x147
V  [libjvm.so+0x7296db]  JVM_InvokeMethod+0x26b
J 1456  sun.reflect.NativeMethodAccessorImpl.invoke0(Ljava/lang/reflect/Method;Ljava/lang/Object;[Ljava/lang/Object;)Ljava/lang/Object; (0 bytes) @ 0x00007f07d53259ed [0x00007f07d5325900+0xed]
J 1455 C1 sun.reflect.NativeMethodAccessorImpl.invoke(Ljava/lang/Object;[Ljava/lang/Object;)Ljava/lang/Object; (104 bytes) @ 0x00007f07d53264d4 [0x00007f07d5326160+0x374]
J 1005 C1 sun.reflect.DelegatingMethodAccessorImpl.invoke(Ljava/lang/Object;[Ljava/lang/Object;)Ljava/lang/Object; (10 bytes) @ 0x00007f07d5285fc4 [0x00007f07d5285f80+0x44]
J 1004 C1 java.lang.reflect.Method.invoke(Ljava/lang/Object;[Ljava/lang/Object;)Ljava/lang/Object; (62 bytes) @ 0x00007f07d5285bd4 [0x00007f07d5285ae0+0xf4]
j  org.springframework.boot.devtools.restart.RestartLauncher.run()V+41
v  ~StubRoutines::call_stub
V  [libjvm.so+0x695b86]  JavaCalls::call_helper(JavaValue*, methodHandle*, JavaCallArguments*, Thread*)+0x1056
V  [libjvm.so+0x696091]  JavaCalls::call_virtual(JavaValue*, KlassHandle, Symbol*, Symbol*, JavaCallArguments*, Thread*)+0x321
V  [libjvm.so+0x696537]  JavaCalls::call_virtual(JavaValue*, Handle, KlassHandle, Symbol*, Symbol*, Thread*)+0x47
V  [libjvm.so+0x731d60]  thread_entry(JavaThread*, Thread*)+0xa0
V  [libjvm.so+0xa7ede3]  JavaThread::thread_main_inner()+0x103
V  [libjvm.so+0xa7ef2c]  JavaThread::run()+0x11c
V  [libjvm.so+0x92dcc8]  java_start(Thread*)+0x108
C  [libpthread.so.0+0x76ba]  start_thread+0xca


---------------  P R O C E S S  ---------------

Java Threads: ( => current thread )
  0x00007f076cc3a000 JavaThread "HikariPool-2 connection adder" daemon [_thread_blocked, id=5122, stack(0x00007f077cbd9000,0x00007f077ccda000)]
  0x00007f075c01b000 JavaThread "HikariPool-2 housekeeper" daemon [_thread_blocked, id=5121, stack(0x00007f077d3e1000,0x00007f077d4e2000)]
  0x00007f075c019800 JavaThread "container-0" [_thread_blocked, id=5120, stack(0x00007f077e7e7000,0x00007f077e8e8000)]
  0x00007f075c019000 JavaThread "ContainerBackgroundProcessor[StandardEngine[Tomcat]]" daemon [_thread_blocked, id=5119, stack(0x00007f077d7e3000,0x00007f077d8e4000)]
  0x00007f0758002800 JavaThread "localhost-startStop-1" daemon [_thread_blocked, id=5113, stack(0x00007f077e8e8000,0x00007f077e9e9000)]
  0x00007f075c009800 JavaThread "Tomcat-startStop-1" daemon [_thread_blocked, id=5112, stack(0x00007f077c5d3000,0x00007f077c6d4000)]
=>0x00007f07bc02b800 JavaThread "restartedMain" [_thread_in_Java, id=5095, stack(0x00007f077c6d4000,0x00007f077c7d5000)]
  0x00007f074c003000 JavaThread "Thread-7" [_thread_blocked, id=5089, stack(0x00007f077fcfd000,0x00007f077fdfe000)]
  0x00007f0798006800 JavaThread "RMI TCP Connection(idle)" daemon [_thread_blocked, id=5054, stack(0x00007f077c1cf000,0x00007f077c2d0000)]
  0x00007f0798004800 JavaThread "RMI TCP Connection(idle)" daemon [_thread_blocked, id=5053, stack(0x00007f077c2d0000,0x00007f077c3d1000)]
  0x00007f0798003000 JavaThread "RMI TCP Connection(idle)" daemon [_thread_blocked, id=5052, stack(0x00007f077c3d1000,0x00007f077c4d2000)]
  0x00007f0790007000 JavaThread "RMI TCP Connection(idle)" daemon [_thread_blocked, id=5051, stack(0x00007f077c4d2000,0x00007f077c5d3000)]
  0x00007f0790006000 JavaThread "RMI TCP Connection(idle)" daemon [_thread_blocked, id=5050, stack(0x00007f077fdfe000,0x00007f077feff000)]
  0x00007f0790005000 JavaThread "RMI TCP Connection(idle)" daemon [_thread_blocked, id=5049, stack(0x00007f077feff000,0x00007f0780000000)]
  0x00007f07e47ce800 JavaThread "DestroyJavaVM" [_thread_blocked, id=4995, stack(0x00007f07ec6d7000,0x00007f07ec7d8000)]
  0x00007f076cc43000 JavaThread "Live Reload Server" daemon [_thread_in_native, id=5033, stack(0x00007f077d6e2000,0x00007f077d7e3000)]
  0x00007f076c707800 JavaThread "Abandoned connection cleanup thread" daemon [_thread_blocked, id=5026, stack(0x00007f077e6e6000,0x00007f077e7e7000)]
  0x00007f0780008800 JavaThread "JMX server connection timeout 16" daemon [_thread_blocked, id=5016, stack(0x00007f07a0231000,0x00007f07a0332000)]
  0x00007f0798001000 JavaThread "RMI TCP Connection(idle)" daemon [_thread_blocked, id=5015, stack(0x00007f07a034e000,0x00007f07a044f000)]
  0x00007f0794003800 JavaThread "RMI Scheduler(0)" daemon [_thread_blocked, id=5014, stack(0x00007f07a044f000,0x00007f07a0550000)]
  0x00007f07e44ea800 JavaThread "RMI TCP Accept-0" daemon [_thread_in_native, id=5011, stack(0x00007f07a0651000,0x00007f07a0752000)]
  0x00007f0790003800 JavaThread "RMI TCP Connection(idle)" daemon [_thread_blocked, id=5010, stack(0x00007f07a0752000,0x00007f07a0853000)]
  0x00007f07e44bf000 JavaThread "RMI TCP Accept-45249" daemon [_thread_in_native, id=5009, stack(0x00007f07a085d000,0x00007f07a095e000)]
  0x00007f07e44aa000 JavaThread "RMI TCP Accept-0" daemon [_thread_in_native, id=5008, stack(0x00007f07a095e000,0x00007f07a0a5f000)]
  0x00007f07e40c5000 JavaThread "Service Thread" daemon [_thread_blocked, id=5007, stack(0x00007f07d036f000,0x00007f07d0470000)]
  0x00007f07e40c2000 JavaThread "C1 CompilerThread2" daemon [_thread_blocked, id=5006, stack(0x00007f07d0470000,0x00007f07d0571000)]
  0x00007f07e40c0000 JavaThread "C2 CompilerThread1" daemon [_thread_blocked, id=5005, stack(0x00007f07d0571000,0x00007f07d0672000)]
  0x00007f07e40bd000 JavaThread "C2 CompilerThread0" daemon [_thread_blocked, id=5004, stack(0x00007f07d0672000,0x00007f07d0773000)]
  0x00007f07e40bb800 JavaThread "Signal Dispatcher" daemon [_thread_blocked, id=5003, stack(0x00007f07d0773000,0x00007f07d0874000)]
  0x00007f07e4088800 JavaThread "Finalizer" daemon [_thread_blocked, id=5002, stack(0x00007f07d0dc1000,0x00007f07d0ec2000)]
  0x00007f07e4084000 JavaThread "Reference Handler" daemon [_thread_blocked, id=5001, stack(0x00007f07d0ec2000,0x00007f07d0fc3000)]

Other Threads:
  0x00007f07e407c800 VMThread [stack: 0x00007f07d0fc3000,0x00007f07d10c4000] [id=5000]
  0x00007f07e44f3000 WatcherThread [stack: 0x00007f07a0550000,0x00007f07a0651000] [id=5012]

VM state:not at safepoint (normal execution)

VM Mutex/Monitor currently owned by a thread: None

Heap:
 PSYoungGen      total 432640K, used 216372K [0x00000000e1780000, 0x00000000fce80000, 0x0000000100000000)
  eden space 416768K, 51% used [0x00000000e1780000,0x00000000eeacd378,0x00000000fae80000)
  from space 15872K, 0% used [0x00000000fbf00000,0x00000000fbf00000,0x00000000fce80000)
  to   space 16384K, 0% used [0x00000000fae80000,0x00000000fae80000,0x00000000fbe80000)
 ParOldGen       total 70144K, used 28309K [0x00000000a4600000, 0x00000000a8a80000, 0x00000000e1780000)
  object space 70144K, 40% used [0x00000000a4600000,0x00000000a61a5788,0x00000000a8a80000)
 Metaspace       used 53438K, capacity 55934K, committed 56064K, reserved 1097728K
  class space    used 7241K, capacity 7679K, committed 7680K, reserved 1048576K

Card table byte_map: [0x00007f07e9190000,0x00007f07e946e000] byte_map_base: 0x00007f07e8c6d000

Marking Bits: (ParMarkBitMap*) 0x00007f07ebba5ca0
 Begin Bits: [0x00007f07d2230000, 0x00007f07d3918000)
 End Bits:   [0x00007f07d3918000, 0x00007f07d5000000)

Polling page: 0x00007f07ec7f8000

CodeCache: size=245760Kb used=11445Kb max_used=11445Kb free=234314Kb
 bounds [0x00007f07d5000000, 0x00007f07d5b30000, 0x00007f07e4000000]
 total_blobs=6468 nmethods=5886 adapters=494
 compilation: enabled

Compilation events (10 events):
Event: 51,987 Thread 0x00007f07e40c2000 5998   !   1       com.sun.proxy.$Proxy56::hashCode (32 bytes)
Event: 51,987 Thread 0x00007f07e40c2000 nmethod 5998 0x00007f07d5b2d790 code [0x00007f07d5b2d920, 0x00007f07d5b2dbb8]
Event: 51,991 Thread 0x00007f07e40c2000 5999       1       org.springframework.boot.autoconfigure.orm.jpa.DataSourceInitializedPublisher::postProcessAfterInitialization (47 bytes)
Event: 51,992 Thread 0x00007f07e40c2000 nmethod 5999 0x00007f07d5b2dd50 code [0x00007f07d5b2dec0, 0x00007f07d5b2e208]
Event: 51,992 Thread 0x00007f07e40c2000 6000       1       org.springframework.data.web.config.ProjectingArgumentResolverRegistrar$ProjectingArgumentResolverBeanPostProcessor::postProcessAfterInitialization (96 bytes)
Event: 51,994 Thread 0x00007f07e40c2000 nmethod 6000 0x00007f07d5b2e310 code [0x00007f07d5b2e580, 0x00007f07d5b2f058]
Event: 51,994 Thread 0x00007f07e40c2000 6001       1       org.springframework.boot.autoconfigure.orm.jpa.DataSourceInitializedPublisher::postProcessBeforeInitialization (2 bytes)
Event: 51,994 Thread 0x00007f07e40c2000 nmethod 6001 0x00007f07d5b2fa90 code [0x00007f07d5b2fbe0, 0x00007f07d5b2fcf0]
Event: 51,994 Thread 0x00007f07e40c2000 6002       1       org.springframework.data.web.config.ProjectingArgumentResolverRegistrar$ProjectingArgumentResolverBeanPostProcessor::postProcessBeforeInitialization (2 bytes)
Event: 51,994 Thread 0x00007f07e40c2000 nmethod 6002 0x00007f07d5b2fd50 code [0x00007f07d5b2fea0, 0x00007f07d5b2ffb0]

GC Heap History (10 events):
Event: 25,268 GC heap before
{Heap before GC invocations=15 (full 2):
 PSYoungGen      total 314368K, used 299751K [0x00000000e1780000, 0x00000000f5d80000, 0x0000000100000000)
  eden space 296960K, 100% used [0x00000000e1780000,0x00000000f3980000,0x00000000f3980000)
  from space 17408K, 16% used [0x00000000f4c80000,0x00000000f4f39dc0,0x00000000f5d80000)
  to   space 18432K, 0% used [0x00000000f3980000,0x00000000f3980000,0x00000000f4b80000)
 ParOldGen       total 70144K, used 36877K [0x00000000a4600000, 0x00000000a8a80000, 0x00000000e1780000)
  object space 70144K, 52% used [0x00000000a4600000,0x00000000a6a03468,0x00000000a8a80000)
 Metaspace       used 52963K, capacity 55274K, committed 55552K, reserved 1097728K
  class space    used 7183K, capacity 7602K, committed 7680K, reserved 1048576K
Event: 25,278 GC heap after
Heap after GC invocations=15 (full 2):
 PSYoungGen      total 315392K, used 9628K [0x00000000e1780000, 0x00000000fa200000, 0x0000000100000000)
  eden space 296960K, 0% used [0x00000000e1780000,0x00000000e1780000,0x00000000f3980000)
  from space 18432K, 52% used [0x00000000f3980000,0x00000000f42e73d8,0x00000000f4b80000)
  to   space 17920K, 0% used [0x00000000f9080000,0x00000000f9080000,0x00000000fa200000)
 ParOldGen       total 70144K, used 36885K [0x00000000a4600000, 0x00000000a8a80000, 0x00000000e1780000)
  object space 70144K, 52% used [0x00000000a4600000,0x00000000a6a05468,0x00000000a8a80000)
 Metaspace       used 52963K, capacity 55274K, committed 55552K, reserved 1097728K
  class space    used 7183K, capacity 7602K, committed 7680K, reserved 1048576K
}
Event: 35,339 GC heap before
{Heap before GC invocations=16 (full 2):
 PSYoungGen      total 315392K, used 306588K [0x00000000e1780000, 0x00000000fa200000, 0x0000000100000000)
  eden space 296960K, 100% used [0x00000000e1780000,0x00000000f3980000,0x00000000f3980000)
  from space 18432K, 52% used [0x00000000f3980000,0x00000000f42e73d8,0x00000000f4b80000)
  to   space 17920K, 0% used [0x00000000f9080000,0x00000000f9080000,0x00000000fa200000)
 ParOldGen       total 70144K, used 36885K [0x00000000a4600000, 0x00000000a8a80000, 0x00000000e1780000)
  object space 70144K, 52% used [0x00000000a4600000,0x00000000a6a05468,0x00000000a8a80000)
 Metaspace       used 52970K, capacity 55274K, committed 55552K, reserved 1097728K
  class space    used 7185K, capacity 7602K, committed 7680K, reserved 1048576K
Event: 35,346 GC heap after
Heap after GC invocations=16 (full 2):
 PSYoungGen      total 362496K, used 4464K [0x00000000e1780000, 0x00000000f9600000, 0x0000000100000000)
  eden space 356864K, 0% used [0x00000000e1780000,0x00000000e1780000,0x00000000f7400000)
  from space 5632K, 79% used [0x00000000f9080000,0x00000000f94dc070,0x00000000f9600000)
  to   space 17408K, 0% used [0x00000000f7400000,0x00000000f7400000,0x00000000f8500000)
 ParOldGen       total 70144K, used 36893K [0x00000000a4600000, 0x00000000a8a80000, 0x00000000e1780000)
  object space 70144K, 52% used [0x00000000a4600000,0x00000000a6a07468,0x00000000a8a80000)
 Metaspace       used 52970K, capacity 55274K, committed 55552K, reserved 1097728K
  class space    used 7185K, capacity 7602K, committed 7680K, reserved 1048576K
}
Event: 46,883 GC heap before
{Heap before GC invocations=17 (full 2):
 PSYoungGen      total 362496K, used 361328K [0x00000000e1780000, 0x00000000f9600000, 0x0000000100000000)
  eden space 356864K, 100% used [0x00000000e1780000,0x00000000f7400000,0x00000000f7400000)
  from space 5632K, 79% used [0x00000000f9080000,0x00000000f94dc070,0x00000000f9600000)
  to   space 17408K, 0% used [0x00000000f7400000,0x00000000f7400000,0x00000000f8500000)
 ParOldGen       total 70144K, used 36893K [0x00000000a4600000, 0x00000000a8a80000, 0x00000000e1780000)
  object space 70144K, 52% used [0x00000000a4600000,0x00000000a6a07468,0x00000000a8a80000)
 Metaspace       used 52970K, capacity 55274K, committed 55552K, reserved 1097728K
  class space    used 7185K, capacity 7602K, committed 7680K, reserved 1048576K
Event: 46,893 GC heap after
Heap after GC invocations=17 (full 2):
 PSYoungGen      total 374272K, used 5608K [0x00000000e1780000, 0x00000000fcf80000, 0x0000000100000000)
  eden space 356864K, 0% used [0x00000000e1780000,0x00000000e1780000,0x00000000f7400000)
  from space 17408K, 32% used [0x00000000f7400000,0x00000000f797a080,0x00000000f8500000)
  to   space 16896K, 0% used [0x00000000fbf00000,0x00000000fbf00000,0x00000000fcf80000)
 ParOldGen       total 70144K, used 36901K [0x00000000a4600000, 0x00000000a8a80000, 0x00000000e1780000)
  object space 70144K, 52% used [0x00000000a4600000,0x00000000a6a09468,0x00000000a8a80000)
 Metaspace       used 52970K, capacity 55274K, committed 55552K, reserved 1097728K
  class space    used 7185K, capacity 7602K, committed 7680K, reserved 1048576K
}
Event: 49,214 GC heap before
{Heap before GC invocations=18 (full 2):
 PSYoungGen      total 374272K, used 118724K [0x00000000e1780000, 0x00000000fcf80000, 0x0000000100000000)
  eden space 356864K, 31% used [0x00000000e1780000,0x00000000e85f71e0,0x00000000f7400000)
  from space 17408K, 32% used [0x00000000f7400000,0x00000000f797a080,0x00000000f8500000)
  to   space 16896K, 0% used [0x00000000fbf00000,0x00000000fbf00000,0x00000000fcf80000)
 ParOldGen       total 70144K, used 36901K [0x00000000a4600000, 0x00000000a8a80000, 0x00000000e1780000)
  object space 70144K, 52% used [0x00000000a4600000,0x00000000a6a09468,0x00000000a8a80000)
 Metaspace       used 53052K, capacity 55462K, committed 55808K, reserved 1097728K
  class space    used 7201K, capacity 7613K, committed 7680K, reserved 1048576K
Event: 49,229 GC heap after
Heap after GC invocations=18 (full 2):
 PSYoungGen      total 432640K, used 6640K [0x00000000e1780000, 0x00000000fce80000, 0x0000000100000000)
  eden space 416768K, 0% used [0x00000000e1780000,0x00000000e1780000,0x00000000fae80000)
  from space 15872K, 41% used [0x00000000fbf00000,0x00000000fc57c060,0x00000000fce80000)
  to   space 16384K, 0% used [0x00000000fae80000,0x00000000fae80000,0x00000000fbe80000)
 ParOldGen       total 70144K, used 36901K [0x00000000a4600000, 0x00000000a8a80000, 0x00000000e1780000)
  object space 70144K, 52% used [0x00000000a4600000,0x00000000a6a09468,0x00000000a8a80000)
 Metaspace       used 53052K, capacity 55462K, committed 55808K, reserved 1097728K
  class space    used 7201K, capacity 7613K, committed 7680K, reserved 1048576K
}
Event: 49,229 GC heap before
{Heap before GC invocations=19 (full 3):
 PSYoungGen      total 432640K, used 6640K [0x00000000e1780000, 0x00000000fce80000, 0x0000000100000000)
  eden space 416768K, 0% used [0x00000000e1780000,0x00000000e1780000,0x00000000fae80000)
  from space 15872K, 41% used [0x00000000fbf00000,0x00000000fc57c060,0x00000000fce80000)
  to   space 16384K, 0% used [0x00000000fae80000,0x00000000fae80000,0x00000000fbe80000)
 ParOldGen       total 70144K, used 36901K [0x00000000a4600000, 0x00000000a8a80000, 0x00000000e1780000)
  object space 70144K, 52% used [0x00000000a4600000,0x00000000a6a09468,0x00000000a8a80000)
 Metaspace       used 53052K, capacity 55462K, committed 55808K, reserved 1097728K
  class space    used 7201K, capacity 7613K, committed 7680K, reserved 1048576K
Event: 49,549 GC heap after
Heap after GC invocations=19 (full 3):
 PSYoungGen      total 432640K, used 0K [0x00000000e1780000, 0x00000000fce80000, 0x0000000100000000)
  eden space 416768K, 0% used [0x00000000e1780000,0x00000000e1780000,0x00000000fae80000)
  from space 15872K, 0% used [0x00000000fbf00000,0x00000000fbf00000,0x00000000fce80000)
  to   space 16384K, 0% used [0x00000000fae80000,0x00000000fae80000,0x00000000fbe80000)
 ParOldGen       total 70144K, used 28309K [0x00000000a4600000, 0x00000000a8a80000, 0x00000000e1780000)
  object space 70144K, 40% used [0x00000000a4600000,0x00000000a61a5788,0x00000000a8a80000)
 Metaspace       used 53046K, capacity 55450K, committed 55808K, reserved 1097728K
  class space    used 7199K, capacity 7611K, committed 7680K, reserved 1048576K
}

Deoptimization events (0 events):
No events

Classes redefined (0 events):
No events

Internal exceptions (10 events):
Event: 51,941 Thread 0x00007f07bc02b800 Exception <a 'java/lang/ArrayIndexOutOfBoundsException'> (0x00000000ee688540) thrown at [/HUDSON/workspace/8-2-build-linux-amd64/jdk8u162/10278/hotspot/src/share/vm/runtime/sharedRuntime.cpp, line 605]
Event: 51,948 Thread 0x00007f07bc02b800 Exception <a 'java/lang/ClassNotFoundException': java/lang/ObjectCustomizer> (0x00000000ee6cfab0) thrown at [/HUDSON/workspace/8-2-build-linux-amd64/jdk8u162/10278/hotspot/src/share/vm/classfile/systemDictionary.cpp, line 210]
Event: 51,948 Thread 0x00007f07bc02b800 Exception <a 'java/lang/ClassNotFoundException': java/lang/reflect/ProxyCustomizer> (0x00000000ee6dbce0) thrown at [/HUDSON/workspace/8-2-build-linux-amd64/jdk8u162/10278/hotspot/src/share/vm/classfile/systemDictionary.cpp, line 210]
Event: 51,948 Thread 0x00007f07bc02b800 Exception <a 'java/lang/ArrayIndexOutOfBoundsException'> (0x00000000ee6ddc90) thrown at [/HUDSON/workspace/8-2-build-linux-amd64/jdk8u162/10278/hotspot/src/share/vm/runtime/sharedRuntime.cpp, line 605]
Event: 51,948 Thread 0x00007f07bc02b800 Exception <a 'java/lang/ArrayIndexOutOfBoundsException'> (0x00000000ee6dffd0) thrown at [/HUDSON/workspace/8-2-build-linux-amd64/jdk8u162/10278/hotspot/src/share/vm/runtime/sharedRuntime.cpp, line 605]
Event: 51,949 Thread 0x00007f07bc02b800 Exception <a 'java/lang/ArrayIndexOutOfBoundsException'> (0x00000000ee6e27a0) thrown at [/HUDSON/workspace/8-2-build-linux-amd64/jdk8u162/10278/hotspot/src/share/vm/runtime/sharedRuntime.cpp, line 605]
Event: 51,949 Thread 0x00007f07bc02b800 Exception <a 'java/lang/ClassNotFoundException': com/sun/proxy/$Proxy104Customizer> (0x00000000ee6f3cb8) thrown at [/HUDSON/workspace/8-2-build-linux-amd64/jdk8u162/10278/hotspot/src/share/vm/classfile/systemDictionary.cpp, line 210]
Event: 51,951 Thread 0x00007f07bc02b800 Exception <a 'java/lang/ClassNotFoundException': org/hibernate/jpa/HibernateEntityManagerCustomizer> (0x00000000ee746220) thrown at [/HUDSON/workspace/8-2-build-linux-amd64/jdk8u162/10278/hotspot/src/share/vm/classfile/systemDictionary.cpp, line 210]
Event: 51,952 Thread 0x00007f07bc02b800 Exception <a 'java/lang/ClassNotFoundException': org/springframework/orm/jpa/EntityManagerProxyCustomizer> (0x00000000ee75e098) thrown at [/HUDSON/workspace/8-2-build-linux-amd64/jdk8u162/10278/hotspot/src/share/vm/classfile/systemDictionary.cpp, line 210
Event: 51,989 Thread 0x00007f07bc02b800 Exception <a 'java/lang/ArrayIndexOutOfBoundsException'> (0x00000000ee9e62b8) thrown at [/HUDSON/workspace/8-2-build-linux-amd64/jdk8u162/10278/hotspot/src/share/vm/runtime/sharedRuntime.cpp, line 605]

Events (10 events):
Event: 51,951 loading class org/hibernate/jpa/HibernateEntityManagerCustomizer
Event: 51,951 loading class org/hibernate/jpa/HibernateEntityManagerCustomizer done
Event: 51,951 loading class org/hibernate/jpa/HibernateEntityManagerCustomizer
Event: 51,951 loading class org/hibernate/jpa/HibernateEntityManagerCustomizer done
Event: 51,951 loading class org/springframework/orm/jpa/EntityManagerProxyCustomizer
Event: 51,951 loading class org/springframework/orm/jpa/EntityManagerProxyCustomizer done
Event: 51,952 loading class org/springframework/orm/jpa/EntityManagerProxyCustomizer
Event: 51,952 loading class org/springframework/orm/jpa/EntityManagerProxyCustomizer done
Event: 51,952 loading class org/springframework/orm/jpa/EntityManagerProxyCustomizer
Event: 51,952 loading class org/springframework/orm/jpa/EntityManagerProxyCustomizer done


Dynamic libraries:
00400000-00401000 r-xp 00000000 08:02 16517874                           /usr/local/java/jdk1.8.0_162/bin/java
00600000-00601000 rw-p 00000000 08:02 16517874                           /usr/local/java/jdk1.8.0_162/bin/java
016b9000-016da000 rw-p 00000000 00:00 0                                  [heap]
a4600000-a8a80000 rw-p 00000000 00:00 0 
a8a80000-e1780000 ---p 00000000 00:00 0 
e1780000-fce80000 rw-p 00000000 00:00 0 
fce80000-100000000 ---p 00000000 00:00 0 
100000000-100780000 rw-p 00000000 00:00 0 
100780000-140000000 ---p 00000000 00:00 0 
7f074c000000-7f074c021000 rw-p 00000000 00:00 0 
7f074c021000-7f0750000000 ---p 00000000 00:00 0 
7f07536fd000-7f075383d000 rw-p 00000000 00:00 0 
7f075383d000-7f07538fd000 ---p 00000000 00:00 0 
7f07538fd000-7f0753afd000 rw-p 00000000 00:00 0 
7f0753afd000-7f0753cfd000 rw-p 00000000 00:00 0 
7f0753cfd000-7f0753d00000 ---p 00000000 00:00 0 
7f0753d00000-7f0753dfe000 rw-p 00000000 00:00 0 
7f0753dfe000-7f0753e01000 ---p 00000000 00:00 0 
7f0753e01000-7f0753eff000 rw-p 00000000 00:00 0 
7f0753eff000-7f0753f02000 ---p 00000000 00:00 0 
7f0753f02000-7f0754000000 rw-p 00000000 00:00 0 
7f0754000000-7f0754455000 rw-p 00000000 00:00 0 
7f0754455000-7f0758000000 ---p 00000000 00:00 0 
7f0758000000-7f0758021000 rw-p 00000000 00:00 0 
7f0758021000-7f075c000000 ---p 00000000 00:00 0 
7f075c000000-7f075c2f8000 rw-p 00000000 00:00 0 
7f075c2f8000-7f0760000000 ---p 00000000 00:00 0 
7f0760000000-7f0760030000 rw-p 00000000 00:00 0 
7f0760030000-7f0764000000 ---p 00000000 00:00 0 
7f0764000000-7f0764050000 rw-p 00000000 00:00 0 
7f0764050000-7f0768000000 ---p 00000000 00:00 0 
7f0768000000-7f0768021000 rw-p 00000000 00:00 0 
7f0768021000-7f076c000000 ---p 00000000 00:00 0 
7f076c000000-7f076ccc3000 rw-p 00000000 00:00 0 
7f076ccc3000-7f0770000000 ---p 00000000 00:00 0 
7f0770000000-7f077043d000 rw-p 00000000 00:00 0 
7f077043d000-7f0774000000 ---p 00000000 00:00 0 
7f0774000000-7f0774021000 rw-p 00000000 00:00 0 
7f0774021000-7f0778000000 ---p 00000000 00:00 0 
7f0778000000-7f0778021000 rw-p 00000000 00:00 0 
7f0778021000-7f077c000000 ---p 00000000 00:00 0 
7f077c0ce000-7f077c0d1000 ---p 00000000 00:00 0 
7f077c0d1000-7f077c1cf000 rw-p 00000000 00:00 0 
7f077c1cf000-7f077c1d2000 ---p 00000000 00:00 0 
7f077c1d2000-7f077c2d0000 rw-p 00000000 00:00 0 
7f077c2d0000-7f077c2d3000 ---p 00000000 00:00 0 
7f077c2d3000-7f077c3d1000 rw-p 00000000 00:00 0 
7f077c3d1000-7f077c3d4000 ---p 00000000 00:00 0 
7f077c3d4000-7f077c4d2000 rw-p 00000000 00:00 0 
7f077c4d2000-7f077c4d5000 ---p 00000000 00:00 0 
7f077c4d5000-7f077c5d3000 rw-p 00000000 00:00 0 
7f077c5d3000-7f077c5d6000 ---p 00000000 00:00 0 
7f077c5d6000-7f077c6d4000 rw-p 00000000 00:00 0 
7f077c6d4000-7f077c6d7000 ---p 00000000 00:00 0 
7f077c6d7000-7f077c7d5000 rw-p 00000000 00:00 0 
7f077c7d5000-7f077c7d8000 ---p 00000000 00:00 0 
7f077c7d8000-7f077c8d6000 rw-p 00000000 00:00 0 
7f077c8d6000-7f077c8d9000 ---p 00000000 00:00 0 
7f077c8d9000-7f077c9d7000 rw-p 00000000 00:00 0 
7f077c9d7000-7f077c9da000 ---p 00000000 00:00 0 
7f077c9da000-7f077cad8000 rw-p 00000000 00:00 0 
7f077cad8000-7f077cadb000 ---p 00000000 00:00 0 
7f077cadb000-7f077cbd9000 rw-p 00000000 00:00 0 
7f077cbd9000-7f077cbdc000 ---p 00000000 00:00 0 
7f077cbdc000-7f077ccda000 rw-p 00000000 00:00 0 
7f077ccda000-7f077ccdd000 ---p 00000000 00:00 0 
7f077ccdd000-7f077cddb000 rw-p 00000000 00:00 0 
7f077cddb000-7f077cdde000 ---p 00000000 00:00 0 
7f077cdde000-7f077cedc000 rw-p 00000000 00:00 0 
7f077cedc000-7f077cedf000 ---p 00000000 00:00 0 
7f077cedf000-7f077cfdd000 rw-p 00000000 00:00 0 
7f077cfdd000-7f077cfe0000 ---p 00000000 00:00 0 
7f077cfe0000-7f077d0de000 rw-p 00000000 00:00 0 
7f077d0de000-7f077d0e1000 ---p 00000000 00:00 0 
7f077d0e1000-7f077d1df000 rw-p 00000000 00:00 0 
7f077d1df000-7f077d1e2000 ---p 00000000 00:00 0 
7f077d1e2000-7f077d2e0000 rw-p 00000000 00:00 0 
7f077d2e0000-7f077d2e3000 ---p 00000000 00:00 0 
7f077d2e3000-7f077d3e1000 rw-p 00000000 00:00 0 
7f077d3e1000-7f077d3e4000 ---p 00000000 00:00 0 
7f077d3e4000-7f077d6e2000 rw-p 00000000 00:00 0 
7f077d6e2000-7f077d6e5000 ---p 00000000 00:00 0 
7f077d6e5000-7f077d7e3000 rw-p 00000000 00:00 0 
7f077d7e3000-7f077d7e6000 ---p 00000000 00:00 0 
7f077d7e6000-7f077dae4000 rw-p 00000000 00:00 0 
7f077dae4000-7f077dce4000 rw-p 00000000 00:00 0 
7f077dce4000-7f077dee4000 rw-p 00000000 00:00 0 
7f077dee4000-7f077e0e4000 rw-p 00000000 00:00 0 
7f077e0e4000-7f077e2e4000 rw-p 00000000 00:00 0 
7f077e2e4000-7f077e2e7000 ---p 00000000 00:00 0 
7f077e2e7000-7f077e3e5000 rw-p 00000000 00:00 0 
7f077e3e5000-7f077e3e8000 ---p 00000000 00:00 0 
7f077e3e8000-7f077e6e6000 rw-p 00000000 00:00 0 
7f077e6e6000-7f077e6e9000 ---p 00000000 00:00 0 
7f077e6e9000-7f077e7e7000 rw-p 00000000 00:00 0 
7f077e7e7000-7f077e7ea000 ---p 00000000 00:00 0 
7f077e7ea000-7f077e8e8000 rw-p 00000000 00:00 0 
7f077e8e8000-7f077e8eb000 ---p 00000000 00:00 0 
7f077e8eb000-7f077ebe9000 rw-p 00000000 00:00 0 
7f077ebe9000-7f077ede9000 rw-p 00000000 00:00 0 
7f077ede9000-7f077efe9000 rw-p 00000000 00:00 0 
7f077efe9000-7f077f1e9000 rw-p 00000000 00:00 0 
7f077f1e9000-7f077f1ec000 ---p 00000000 00:00 0 
7f077f1ec000-7f077f4ea000 rw-p 00000000 00:00 0 
7f077f4ea000-7f077f6ea000 rw-p 00000000 00:00 0 
7f077f6ea000-7f077f6fd000 r--s 00345000 08:02 17043001                   /usr/local/java/jdk1.8.0_162/jre/lib/resources.jar
7f077f6fd000-7f077f8fd000 rw-p 00000000 00:00 0 
7f077f8fd000-7f077fafd000 rw-p 00000000 00:00 0 
7f077fafd000-7f077fcfd000 rw-p 00000000 00:00 0 
7f077fcfd000-7f077fd00000 ---p 00000000 00:00 0 
7f077fd00000-7f077fdfe000 rw-p 00000000 00:00 0 
7f077fdfe000-7f077fe01000 ---p 00000000 00:00 0 
7f077fe01000-7f077feff000 rw-p 00000000 00:00 0 
7f077feff000-7f077ff02000 ---p 00000000 00:00 0 
7f077ff02000-7f0780000000 rw-p 00000000 00:00 0 
7f0780000000-7f0780021000 rw-p 00000000 00:00 0 
7f0780021000-7f0784000000 ---p 00000000 00:00 0 
7f0784000000-7f0784021000 rw-p 00000000 00:00 0 
7f0784021000-7f0788000000 ---p 00000000 00:00 0 
7f0788000000-7f0788021000 rw-p 00000000 00:00 0 
7f0788021000-7f078c000000 ---p 00000000 00:00 0 
7f078c000000-7f078c021000 rw-p 00000000 00:00 0 
7f078c021000-7f0790000000 ---p 00000000 00:00 0 
7f0790000000-7f0790021000 rw-p 00000000 00:00 0 
7f0790021000-7f0794000000 ---p 00000000 00:00 0 
7f0794000000-7f0794021000 rw-p 00000000 00:00 0 
7f0794021000-7f0798000000 ---p 00000000 00:00 0 
7f0798000000-7f0798021000 rw-p 00000000 00:00 0 
7f0798021000-7f079c000000 ---p 00000000 00:00 0 
7f079c000000-7f079c021000 rw-p 00000000 00:00 0 
7f079c021000-7f07a0000000 ---p 00000000 00:00 0 
7f07a0000000-7f07a0005000 r--s 002f9000 08:02 17042995                   /usr/local/java/jdk1.8.0_162/jre/lib/charsets.jar
7f07a0005000-7f07a000c000 r--s 00000000 08:02 16651651                   /usr/lib/x86_64-linux-gnu/gconv/gconv-modules.cache
7f07a000c000-7f07a0031000 r--p 00000000 08:02 18223226                   /usr/share/locale-langpack/es/LC_MESSAGES/libc.mo
7f07a0031000-7f07a0231000 rw-p 00000000 00:00 0 
7f07a0231000-7f07a0234000 ---p 00000000 00:00 0 
7f07a0234000-7f07a0332000 rw-p 00000000 00:00 0 
7f07a0332000-7f07a034e000 r--s 00393000 08:02 17172589                   /usr/local/java/jdk1.8.0_162/jre/lib/ext/cldrdata.jar
7f07a034e000-7f07a0351000 ---p 00000000 00:00 0 
7f07a0351000-7f07a044f000 rw-p 00000000 00:00 0 
7f07a044f000-7f07a0452000 ---p 00000000 00:00 0 
7f07a0452000-7f07a0550000 rw-p 00000000 00:00 0 
7f07a0550000-7f07a0551000 ---p 00000000 00:00 0 
7f07a0551000-7f07a0651000 rw-p 00000000 00:00 0 
7f07a0651000-7f07a0654000 ---p 00000000 00:00 0 
7f07a0654000-7f07a0752000 rw-p 00000000 00:00 0 
7f07a0752000-7f07a0755000 ---p 00000000 00:00 0 
7f07a0755000-7f07a0853000 rw-p 00000000 00:00 0 
7f07a0853000-7f07a085d000 r--s 00116000 08:02 17174272                   /usr/local/java/jdk1.8.0_162/jre/lib/ext/localedata.jar
7f07a085d000-7f07a0860000 ---p 00000000 00:00 0 
7f07a0860000-7f07a095e000 rw-p 00000000 00:00 0 
7f07a095e000-7f07a0961000 ---p 00000000 00:00 0 
7f07a0961000-7f07a0a5f000 rw-p 00000000 00:00 0 
7f07a0a5f000-7f07a0a64000 r--s 0009d000 08:02 17043002                   /usr/local/java/jdk1.8.0_162/jre/lib/jsse.jar
7f07a0a64000-7f07a0a66000 r--s 00004000 08:02 10493841                   /home/kevin/.m2/repository/org/springframework/spring-jcl/5.0.7.RELEASE/spring-jcl-5.0.7.RELEASE.jar
7f07a0a66000-7f07a0a7e000 r--s 00114000 08:02 10363871                   /home/kevin/.m2/repository/org/springframework/spring-core/5.0.7.RELEASE/spring-core-5.0.7.RELEASE.jar
7f07a0a7e000-7f07a0a88000 r--s 000ec000 08:02 9830809                    /home/kevin/.m2/repository/mysql/mysql-connector-java/5.1.46/mysql-connector-java-5.1.46.jar
7f07a0a88000-7f07a0aa8000 r--s 000fc000 08:02 11146166                   /home/kevin/.m2/repository/org/springframework/boot/spring-boot-autoconfigure/2.0.3.RELEASE/spring-boot-autoconfigure-2.0.3.RELEASE.jar
7f07a0aa8000-7f07a0abd000 r--s 000cf000 08:02 10231656                   /home/kevin/.m2/repository/org/springframework/boot/spring-boot/2.0.3.RELEASE/spring-boot-2.0.3.RELEASE.jar
7f07a0abd000-7f07a0ac3000 r--s 0002d000 08:02 11667134                   /home/kevin/.m2/repository/org/springframework/boot/spring-boot-devtools/2.0.3.RELEASE/spring-boot-devtools-2.0.3.RELEASE.jar
7f07a0ac3000-7f07a0ac8000 r--s 00040000 08:02 11018448                   /home/kevin/.m2/repository/org/springframework/spring-expression/5.0.7.RELEASE/spring-expression-5.0.7.RELEASE.jar
7f07a0ac8000-7f07a0ad7000 r--s 000b2000 08:02 11667132                   /home/kevin/.m2/repository/org/springframework/spring-webmvc/5.0.7.RELEASE/spring-webmvc-5.0.7.RELEASE.jar
7f07a0ad7000-7f07a0af1000 r--s 00119000 08:02 11667130                   /home/kevin/.m2/repository/org/springframework/spring-web/5.0.7.RELEASE/spring-web-5.0.7.RELEASE.jar
7f07a0af1000-7f07a0af6000 r--s 00012000 08:02 9830791                    /home/kevin/.m2/repository/javax/validation/validation-api/2.0.1.Final/validation-api-2.0.1.Final.jar
7f07a0af6000-7f07a0b12000 r--s 000f9000 08:02 11667128                   /home/kevin/.m2/repository/org/hibernate/validator/hibernate-validator/6.0.10.Final/hibernate-validator-6.0.10.Final.jar
7f07a0b12000-7f07a0b17000 r--s 0003a000 08:02 9830787                    /home/kevin/.m2/repository/org/apache/tomcat/embed/tomcat-embed-websocket/8.5.31/tomcat-embed-websocket-8.5.31.jar
7f07a0b17000-7f07a0b1b000 r--s 00037000 08:02 9830785                    /home/kevin/.m2/repository/org/apache/tomcat/embed/tomcat-embed-el/8.5.31/tomcat-embed-el-8.5.31.jar
7f07a0b1b000-7f07a0b44000 r--s 002d0000 08:02 9830783                    /home/kevin/.m2/repository/org/apache/tomcat/embed/tomcat-embed-core/8.5.31/tomcat-embed-core-8.5.31.jar
7f07a0b44000-7f07a0b45000 r--s 00000000 08:02 11667152                   /home/kevin/.m2/repository/org/springframework/boot/spring-boot-starter-tomcat/2.0.3.RELEASE/spring-boot-starter-tomcat-2.0.3.RELEASE.jar
7f07a0b45000-7f07a0b47000 r--s 00001000 08:02 11667126                   /home/kevin/.m2/repository/com/fasterxml/jackson/module/jackson-module-parameter-names/2.9.6/jackson-module-parameter-names-2.9.6.jar
7f07a0b47000-7f07a0b4a000 r--s 00016000 08:02 11667124                   /home/kevin/.m2/repository/com/fasterxml/jackson/datatype/jackson-datatype-jsr310/2.9.6/jackson-datatype-jsr310-2.9.6.jar
7f07a0b4a000-7f07a0b4c000 r--s 00007000 08:02 11667122                   /home/kevin/.m2/repository/com/fasterxml/jackson/datatype/jackson-datatype-jdk8/2.9.6/jackson-datatype-jdk8-2.9.6.jar
7f07a0b4c000-7f07a0b51000 r--s 0004b000 08:02 11667120                   /home/kevin/.m2/repository/com/fasterxml/jackson/core/jackson-core/2.9.6/jackson-core-2.9.6.jar
7f07a0b51000-7f07a0b54000 r--s 0000e000 08:02 9830771                    /home/kevin/.m2/repository/com/fasterxml/jackson/core/jackson-annotations/2.9.0/jackson-annotations-2.9.0.jar
7f07a0b54000-7f07a0b67000 r--s 00137000 08:02 9314812                    /home/kevin/.m2/repository/com/fasterxml/jackson/core/jackson-databind/2.9.6/jackson-databind-2.9.6.jar
7f07a0b67000-7f07a0b68000 r--s 00000000 08:02 11667118                   /home/kevin/.m2/repository/org/springframework/boot/spring-boot-starter-json/2.0.3.RELEASE/spring-boot-starter-json-2.0.3.RELEASE.jar
7f07a0b68000-7f07a0b69000 r--s 00000000 08:02 11667116                   /home/kevin/.m2/repository/org/springframework/boot/spring-boot-starter-web/2.0.3.RELEASE/spring-boot-starter-web-2.0.3.RELEASE.jar
7f07a0b69000-7f07a0b6c000 r--s 00026000 08:02 9830763                    /home/kevin/.m2/repository/org/unbescape/unbescape/1.1.5.RELEASE/unbescape-1.1.5.RELEASE.jar
7f07a0b6c000-7f07a0b70000 r--s 00035000 08:02 9830761                    /home/kevin/.m2/repository/org/attoparser/attoparser/2.0.4.RELEASE/attoparser-2.0.4.RELEASE.jar
7f07a0b70000-7f07a0b80000 r--s 000c5000 08:02 9830759                    /home/kevin/.m2/repository/org/thymeleaf/thymeleaf/3.0.9.RELEASE/thymeleaf-3.0.9.RELEASE.jar
7f07a0b80000-7f07a0b84000 r--s 00027000 08:02 9830757                    /home/kevin/.m2/repository/org/thymeleaf/thymeleaf-spring5/3.0.9.RELEASE/thymeleaf-spring5-3.0.9.RELEASE.jar
7f07a0b84000-7f07a0b86000 r--s 0000a000 08:02 11667112                   /home/kevin/.m2/repository/org/springframework/spring-aspects/5.0.7.RELEASE/spring-aspects-5.0.7.RELEASE.jar
7f07a0b86000-7f07a0b92000 r--s 00096000 08:02 10887012                   /home/kevin/.m2/repository/org/springframework/spring-beans/5.0.7.RELEASE/spring-beans-5.0.7.RELEASE.jar
7f07a0b92000-7f07a0b9a000 r--s 00037000 08:02 11667109                   /home/kevin/.m2/repository/org/springframework/spring-tx/5.0.7.RELEASE/spring-tx-5.0.7.RELEASE.jar
7f07a0b9a000-7f07a0bb4000 r--s 000f1000 08:02 10624930                   /home/kevin/.m2/repository/org/springframework/spring-context/5.0.7.RELEASE/spring-context-5.0.7.RELEASE.jar
7f07a0bb4000-7f07a0bb8000 r--s 0002b000 08:02 11667107                   /home/kevin/.m2/repository/org/springframework/spring-orm/5.0.7.RELEASE/spring-orm-5.0.7.RELEASE.jar
7f07a0bb8000-7f07a0bcf000 r--s 000f1000 08:02 11667105                   /home/kevin/.m2/repository/org/springframework/data/spring-data-commons/2.0.8.RELEASE/spring-data-commons-2.0.8.RELEASE.jar
7f07a0bcf000-7f07a0bd7000 r--s 0004b000 08:02 11667103                   /home/kevin/.m2/repository/org/springframework/data/spring-data-jpa/2.0.8.RELEASE/spring-data-jpa-2.0.8.RELEASE.jar
7f07a0bd7000-7f07a0be8000 r-xp 00000000 08:02 17174417                   /usr/local/java/jdk1.8.0_162/jre/lib/amd64/libnio.so
7f07a0be8000-7f07a0de7000 ---p 00011000 08:02 17174417                   /usr/local/java/jdk1.8.0_162/jre/lib/amd64/libnio.so
7f07a0de7000-7f07a0de8000 rw-p 00010000 08:02 17174417                   /usr/local/java/jdk1.8.0_162/jre/lib/amd64/libnio.so
7f07a0de8000-7f07a3de9000 rw-p 00000000 00:00 0 
7f07a3de9000-7f07a3dff000 r-xp 00000000 08:02 17174414                   /usr/local/java/jdk1.8.0_162/jre/lib/amd64/libnet.so
7f07a3dff000-7f07a3fff000 ---p 00016000 08:02 17174414                   /usr/local/java/jdk1.8.0_162/jre/lib/amd64/libnet.so
7f07a3fff000-7f07a4000000 rw-p 00016000 08:02 17174414                   /usr/local/java/jdk1.8.0_162/jre/lib/amd64/libnet.so
7f07a4000000-7f07a4021000 rw-p 00000000 00:00 0 
7f07a4021000-7f07a8000000 ---p 00000000 00:00 0 
7f07a8000000-7f07a8717000 rw-p 00000000 00:00 0 
7f07a8717000-7f07ac000000 ---p 00000000 00:00 0 
7f07ac000000-7f07ac021000 rw-p 00000000 00:00 0 
7f07ac021000-7f07b0000000 ---p 00000000 00:00 0 
7f07b0000000-7f07b006e000 rw-p 00000000 00:00 0 
7f07b006e000-7f07b4000000 ---p 00000000 00:00 0 
7f07b4000000-7f07b4021000 rw-p 00000000 00:00 0 
7f07b4021000-7f07b8000000 ---p 00000000 00:00 0 
7f07b8000000-7f07b8021000 rw-p 00000000 00:00 0 
7f07b8021000-7f07bc000000 ---p 00000000 00:00 0 
7f07bc000000-7f07bc02d000 rw-p 00000000 00:00 0 
7f07bc02d000-7f07c0000000 ---p 00000000 00:00 0 
7f07c0000000-7f07c0072000 rw-p 00000000 00:00 0 
7f07c0072000-7f07c4000000 ---p 00000000 00:00 0 
7f07c4000000-7f07c4021000 rw-p 00000000 00:00 0 
7f07c4021000-7f07c8000000 ---p 00000000 00:00 0 
7f07c8000000-7f07c8021000 rw-p 00000000 00:00 0 
7f07c8021000-7f07cc000000 ---p 00000000 00:00 0 
7f07cc000000-7f07cc021000 rw-p 00000000 00:00 0 
7f07cc021000-7f07d0000000 ---p 00000000 00:00 0 
7f07d0000000-7f07d0002000 r--s 00009000 08:02 9702647                    /home/kevin/.m2/repository/org/slf4j/slf4j-api/1.7.25/slf4j-api-1.7.25.jar
7f07d0002000-7f07d0004000 r--s 00006000 08:02 9702619                    /home/kevin/.m2/repository/javax/transaction/javax.transaction-api/1.2/javax.transaction-api-1.2.jar
7f07d0004000-7f07d0007000 r--s 00010000 08:02 9702617                    /home/kevin/.m2/repository/org/hibernate/common/hibernate-commons-annotations/5.0.1.Final/hibernate-commons-annotations-5.0.1.Final.jar
7f07d0007000-7f07d000c000 r--s 00048000 08:02 9702615                    /home/kevin/.m2/repository/dom4j/dom4j/1.6.1/dom4j-1.6.1.jar
7f07d000c000-7f07d000e000 r--s 0000e000 08:02 9044051                    /home/kevin/.m2/repository/com/fasterxml/classmate/1.3.4/classmate-1.3.4.jar
7f07d000e000-7f07d0011000 r--s 0002b000 08:02 9702613                    /home/kevin/.m2/repository/org/jboss/jandex/2.0.3.Final/jandex-2.0.3.Final.jar
7f07d0011000-7f07d0016000 r--s 00068000 08:02 9702611                    /home/kevin/.m2/repository/antlr/antlr/2.7.7/antlr-2.7.7.jar
7f07d0016000-7f07d0020000 r--s 000ab000 08:02 9702609                    /home/kevin/.m2/repository/org/javassist/javassist/3.22.0-GA/javassist-3.22.0-GA.jar
7f07d0020000-7f07d0025000 r--s 00017000 08:02 11667101                   /home/kevin/.m2/repository/org/hibernate/javax/persistence/hibernate-jpa-2.1-api/1.0.2.Final/hibernate-jpa-2.1-api-1.0.2.Final.jar
7f07d0025000-7f07d0027000 r--s 0000f000 08:02 9702605                    /home/kevin/.m2/repository/org/jboss/logging/jboss-logging/3.3.2.Final/jboss-logging-3.3.2.Final.jar
7f07d0027000-7f07d00a5000 r--s 005f0000 08:02 9702603                    /home/kevin/.m2/repository/org/hibernate/hibernate-core/5.2.17.Final/hibernate-core-5.2.17.Final.jar
7f07d00a5000-7f07d00ae000 r--s 00059000 08:02 11667099                   /home/kevin/.m2/repository/org/springframework/spring-jdbc/5.0.7.RELEASE/spring-jdbc-5.0.7.RELEASE.jar
7f07d00ae000-7f07d00c7000 r--s 001bf000 08:02 9702601                    /home/kevin/.m2/repository/org/aspectj/aspectjweaver/1.8.13/aspectjweaver-1.8.13.jar
7f07d00c7000-7f07d00d0000 r--s 00051000 08:02 10757813                   /home/kevin/.m2/repository/org/springframework/spring-aop/5.0.7.RELEASE/spring-aop-5.0.7.RELEASE.jar
7f07d00d0000-7f07d0166000 r--s 0110a000 08:02 17172598                   /usr/local/java/jdk1.8.0_162/jre/lib/ext/jfxrt.jar
7f07d0166000-7f07d016f000 r-xp 00000000 08:02 17174422                   /usr/local/java/jdk1.8.0_162/jre/lib/amd64/libmanagement.so
7f07d016f000-7f07d036e000 ---p 00009000 08:02 17174422                   /usr/local/java/jdk1.8.0_162/jre/lib/amd64/libmanagement.so
7f07d036e000-7f07d036f000 rw-p 00008000 08:02 17174422                   /usr/local/java/jdk1.8.0_162/jre/lib/amd64/libmanagement.so
7f07d036f000-7f07d0372000 ---p 00000000 00:00 0 
7f07d0372000-7f07d0470000 rw-p 00000000 00:00 0 
7f07d0470000-7f07d0473000 ---p 00000000 00:00 0 
7f07d0473000-7f07d0571000 rw-p 00000000 00:00 0 
7f07d0571000-7f07d0574000 ---p 00000000 00:00 0 
7f07d0574000-7f07d0672000 rw-p 00000000 00:00 0 
7f07d0672000-7f07d0675000 ---p 00000000 00:00 0 
7f07d0675000-7f07d0773000 rw-p 00000000 00:00 0 
7f07d0773000-7f07d0776000 ---p 00000000 00:00 0 
7f07d0776000-7f07d0874000 rw-p 00000000 00:00 0 
7f07d0874000-7f07d0dc1000 r--p 00000000 08:02 16384199                   /usr/lib/locale/locale-archive
7f07d0dc1000-7f07d0dc4000 ---p 00000000 00:00 0 
7f07d0dc4000-7f07d0ec2000 rw-p 00000000 00:00 0 
7f07d0ec2000-7f07d0ec5000 ---p 00000000 00:00 0 
7f07d0ec5000-7f07d0fc3000 rw-p 00000000 00:00 0 
7f07d0fc3000-7f07d0fc4000 ---p 00000000 00:00 0 
7f07d0fc4000-7f07d2057000 rw-p 00000000 00:00 0 
7f07d2057000-7f07d2230000 r--s 03d65000 08:02 17042997                   /usr/local/java/jdk1.8.0_162/jre/lib/rt.jar
7f07d2230000-7f07d5000000 rw-p 00000000 00:00 0 
7f07d5000000-7f07d5b30000 rwxp 00000000 00:00 0 
7f07d5b30000-7f07e4000000 ---p 00000000 00:00 0 
7f07e4000000-7f07e47d5000 rw-p 00000000 00:00 0 
7f07e47d5000-7f07e8000000 ---p 00000000 00:00 0 
7f07e8000000-7f07e8001000 r--s 00009000 08:02 9830765                    /home/kevin/.m2/repository/org/thymeleaf/extras/thymeleaf-extras-java8time/3.0.1.RELEASE/thymeleaf-extras-java8time-3.0.1.RELEASE.jar
7f07e8001000-7f07e8ba3000 rw-p 00000000 00:00 0 
7f07e8ba3000-7f07e8ba4000 ---p 00000000 00:00 0 
7f07e8ba4000-7f07e8ca4000 rw-p 00000000 00:00 0 
7f07e8ca4000-7f07e8ca5000 ---p 00000000 00:00 0 
7f07e8ca5000-7f07e8da5000 rw-p 00000000 00:00 0 
7f07e8da5000-7f07e8da6000 ---p 00000000 00:00 0 
7f07e8da6000-7f07e8ea6000 rw-p 00000000 00:00 0 
7f07e8ea6000-7f07e8ea7000 ---p 00000000 00:00 0 
7f07e8ea7000-7f07e8fca000 rw-p 00000000 00:00 0 
7f07e8fca000-7f07e9190000 ---p 00000000 00:00 0 
7f07e9190000-7f07e91b3000 rw-p 00000000 00:00 0 
7f07e91b3000-7f07e9378000 ---p 00000000 00:00 0 
7f07e9378000-7f07e9455000 rw-p 00000000 00:00 0 
7f07e9455000-7f07e946d000 ---p 00000000 00:00 0 
7f07e946d000-7f07e949b000 rw-p 00000000 00:00 0 
7f07e949b000-7f07e982e000 ---p 00000000 00:00 0 
7f07e982e000-7f07e9849000 r-xp 00000000 08:02 17174410                   /usr/local/java/jdk1.8.0_162/jre/lib/amd64/libzip.so
7f07e9849000-7f07e9a49000 ---p 0001b000 08:02 17174410                   /usr/local/java/jdk1.8.0_162/jre/lib/amd64/libzip.so
7f07e9a49000-7f07e9a4a000 rw-p 0001b000 08:02 17174410                   /usr/local/java/jdk1.8.0_162/jre/lib/amd64/libzip.so
7f07e9a4a000-7f07e9a55000 r-xp 00000000 08:02 21758048                   /lib/x86_64-linux-gnu/libnss_files-2.23.so
7f07e9a55000-7f07e9c54000 ---p 0000b000 08:02 21758048                   /lib/x86_64-linux-gnu/libnss_files-2.23.so
7f07e9c54000-7f07e9c55000 r--p 0000a000 08:02 21758048                   /lib/x86_64-linux-gnu/libnss_files-2.23.so
7f07e9c55000-7f07e9c56000 rw-p 0000b000 08:02 21758048                   /lib/x86_64-linux-gnu/libnss_files-2.23.so
7f07e9c56000-7f07e9c5c000 rw-p 00000000 00:00 0 
7f07e9c5c000-7f07e9c67000 r-xp 00000000 08:02 21762516                   /lib/x86_64-linux-gnu/libnss_nis-2.23.so
7f07e9c67000-7f07e9e66000 ---p 0000b000 08:02 21762516                   /lib/x86_64-linux-gnu/libnss_nis-2.23.so
7f07e9e66000-7f07e9e67000 r--p 0000a000 08:02 21762516                   /lib/x86_64-linux-gnu/libnss_nis-2.23.so
7f07e9e67000-7f07e9e68000 rw-p 0000b000 08:02 21762516                   /lib/x86_64-linux-gnu/libnss_nis-2.23.so
7f07e9e68000-7f07e9e7e000 r-xp 00000000 08:02 21757966                   /lib/x86_64-linux-gnu/libnsl-2.23.so
7f07e9e7e000-7f07ea07d000 ---p 00016000 08:02 21757966                   /lib/x86_64-linux-gnu/libnsl-2.23.so
7f07ea07d000-7f07ea07e000 r--p 00015000 08:02 21757966                   /lib/x86_64-linux-gnu/libnsl-2.23.so
7f07ea07e000-7f07ea07f000 rw-p 00016000 08:02 21757966                   /lib/x86_64-linux-gnu/libnsl-2.23.so
7f07ea07f000-7f07ea081000 rw-p 00000000 00:00 0 
7f07ea081000-7f07ea089000 r-xp 00000000 08:02 21758043                   /lib/x86_64-linux-gnu/libnss_compat-2.23.so
7f07ea089000-7f07ea288000 ---p 00008000 08:02 21758043                   /lib/x86_64-linux-gnu/libnss_compat-2.23.so
7f07ea288000-7f07ea289000 r--p 00007000 08:02 21758043                   /lib/x86_64-linux-gnu/libnss_compat-2.23.so
7f07ea289000-7f07ea28a000 rw-p 00008000 08:02 21758043                   /lib/x86_64-linux-gnu/libnss_compat-2.23.so
7f07ea28a000-7f07ea2b5000 r-xp 00000000 08:02 17174404                   /usr/local/java/jdk1.8.0_162/jre/lib/amd64/libjava.so
7f07ea2b5000-7f07ea4b4000 ---p 0002b000 08:02 17174404                   /usr/local/java/jdk1.8.0_162/jre/lib/amd64/libjava.so
7f07ea4b4000-7f07ea4b6000 rw-p 0002a000 08:02 17174404                   /usr/local/java/jdk1.8.0_162/jre/lib/amd64/libjava.so
7f07ea4b6000-7f07ea4c3000 r-xp 00000000 08:02 17174409                   /usr/local/java/jdk1.8.0_162/jre/lib/amd64/libverify.so
7f07ea4c3000-7f07ea6c3000 ---p 0000d000 08:02 17174409                   /usr/local/java/jdk1.8.0_162/jre/lib/amd64/libverify.so
7f07ea6c3000-7f07ea6c5000 rw-p 0000d000 08:02 17174409                   /usr/local/java/jdk1.8.0_162/jre/lib/amd64/libverify.so
7f07ea6c5000-7f07ea6cc000 r-xp 00000000 08:02 21762517                   /lib/x86_64-linux-gnu/librt-2.23.so
7f07ea6cc000-7f07ea8cb000 ---p 00007000 08:02 21762517                   /lib/x86_64-linux-gnu/librt-2.23.so
7f07ea8cb000-7f07ea8cc000 r--p 00006000 08:02 21762517                   /lib/x86_64-linux-gnu/librt-2.23.so
7f07ea8cc000-7f07ea8cd000 rw-p 00007000 08:02 21762517                   /lib/x86_64-linux-gnu/librt-2.23.so
7f07ea8cd000-7f07ea9d5000 r-xp 00000000 08:02 21757957                   /lib/x86_64-linux-gnu/libm-2.23.so
7f07ea9d5000-7f07eabd4000 ---p 00108000 08:02 21757957                   /lib/x86_64-linux-gnu/libm-2.23.so
7f07eabd4000-7f07eabd5000 r--p 00107000 08:02 21757957                   /lib/x86_64-linux-gnu/libm-2.23.so
7f07eabd5000-7f07eabd6000 rw-p 00108000 08:02 21757957                   /lib/x86_64-linux-gnu/libm-2.23.so
7f07eabd6000-7f07eb8af000 r-xp 00000000 08:02 17301606                   /usr/local/java/jdk1.8.0_162/jre/lib/amd64/server/libjvm.so
7f07eb8af000-7f07ebaae000 ---p 00cd9000 08:02 17301606                   /usr/local/java/jdk1.8.0_162/jre/lib/amd64/server/libjvm.so
7f07ebaae000-7f07ebb88000 rw-p 00cd8000 08:02 17301606                   /usr/local/java/jdk1.8.0_162/jre/lib/amd64/server/libjvm.so
7f07ebb88000-7f07ebbd3000 rw-p 00000000 00:00 0 
7f07ebbd3000-7f07ebd93000 r-xp 00000000 08:02 21758035                   /lib/x86_64-linux-gnu/libc-2.23.so
7f07ebd93000-7f07ebf93000 ---p 001c0000 08:02 21758035                   /lib/x86_64-linux-gnu/libc-2.23.so
7f07ebf93000-7f07ebf97000 r--p 001c0000 08:02 21758035                   /lib/x86_64-linux-gnu/libc-2.23.so
7f07ebf97000-7f07ebf99000 rw-p 001c4000 08:02 21758035                   /lib/x86_64-linux-gnu/libc-2.23.so
7f07ebf99000-7f07ebf9d000 rw-p 00000000 00:00 0 
7f07ebf9d000-7f07ebfa0000 r-xp 00000000 08:02 21758037                   /lib/x86_64-linux-gnu/libdl-2.23.so
7f07ebfa0000-7f07ec19f000 ---p 00003000 08:02 21758037                   /lib/x86_64-linux-gnu/libdl-2.23.so
7f07ec19f000-7f07ec1a0000 r--p 00002000 08:02 21758037                   /lib/x86_64-linux-gnu/libdl-2.23.so
7f07ec1a0000-7f07ec1a1000 rw-p 00003000 08:02 21758037                   /lib/x86_64-linux-gnu/libdl-2.23.so
7f07ec1a1000-7f07ec1b7000 r-xp 00000000 08:02 17041765                   /usr/local/java/jdk1.8.0_162/lib/amd64/jli/libjli.so
7f07ec1b7000-7f07ec3b6000 ---p 00016000 08:02 17041765                   /usr/local/java/jdk1.8.0_162/lib/amd64/jli/libjli.so
7f07ec3b6000-7f07ec3b7000 rw-p 00015000 08:02 17041765                   /usr/local/java/jdk1.8.0_162/lib/amd64/jli/libjli.so
7f07ec3b7000-7f07ec3cf000 r-xp 00000000 08:02 21757977                   /lib/x86_64-linux-gnu/libpthread-2.23.so
7f07ec3cf000-7f07ec5ce000 ---p 00018000 08:02 21757977                   /lib/x86_64-linux-gnu/libpthread-2.23.so
7f07ec5ce000-7f07ec5cf000 r--p 00017000 08:02 21757977                   /lib/x86_64-linux-gnu/libpthread-2.23.so
7f07ec5cf000-7f07ec5d0000 rw-p 00018000 08:02 21757977                   /lib/x86_64-linux-gnu/libpthread-2.23.so
7f07ec5d0000-7f07ec5d4000 rw-p 00000000 00:00 0 
7f07ec5d4000-7f07ec5fa000 r-xp 00000000 08:02 21757969                   /lib/x86_64-linux-gnu/ld-2.23.so
7f07ec5fa000-7f07ec5fb000 r--s 00000000 08:02 11667114                   /home/kevin/.m2/repository/org/springframework/boot/spring-boot-starter-thymeleaf/2.0.3.RELEASE/spring-boot-starter-thymeleaf-2.0.3.RELEASE.jar
7f07ec5fb000-7f07ec5ff000 r--s 00020000 08:02 9702637                    /home/kevin/.m2/repository/com/zaxxer/HikariCP/2.7.9/HikariCP-2.7.9.jar
7f07ec5ff000-7f07ec600000 r--s 00000000 08:02 11537316                   /home/kevin/.m2/repository/org/springframework/boot/spring-boot-starter-jdbc/2.0.3.RELEASE/spring-boot-starter-jdbc-2.0.3.RELEASE.jar
7f07ec600000-7f07ec607000 r--s 00042000 08:02 9702597                    /home/kevin/.m2/repository/org/yaml/snakeyaml/1.19/snakeyaml-1.19.jar
7f07ec607000-7f07ec609000 r--s 00005000 08:02 9702595                    /home/kevin/.m2/repository/javax/annotation/javax.annotation-api/1.3.2/javax.annotation-api-1.3.2.jar
7f07ec609000-7f07ec60b000 r--s 00000000 08:02 9702593                    /home/kevin/.m2/repository/org/slf4j/jul-to-slf4j/1.7.25/jul-to-slf4j-1.7.25.jar
7f07ec60b000-7f07ec616000 r--s 00069000 08:02 9702587                    /home/kevin/.m2/repository/ch/qos/logback/logback-core/1.2.3/logback-core-1.2.3.jar
7f07ec616000-7f07ec6d7000 rw-p 00000000 00:00 0 
7f07ec6d7000-7f07ec6da000 ---p 00000000 00:00 0 
7f07ec6da000-7f07ec7dd000 rw-p 00000000 00:00 0 
7f07ec7dd000-7f07ec7de000 r--s 00000000 08:02 11405880                   /home/kevin/.m2/repository/org/springframework/boot/spring-boot-starter-aop/2.0.3.RELEASE/spring-boot-starter-aop-2.0.3.RELEASE.jar
7f07ec7de000-7f07ec7e4000 r--s 00039000 08:02 9702591                    /home/kevin/.m2/repository/org/apache/logging/log4j/log4j-api/2.10.0/log4j-api-2.10.0.jar
7f07ec7e4000-7f07ec7e6000 r--s 00003000 08:02 9702589                    /home/kevin/.m2/repository/org/apache/logging/log4j/log4j-to-slf4j/2.10.0/log4j-to-slf4j-2.10.0.jar
7f07ec7e6000-7f07ec7ec000 r--s 00041000 08:02 9702585                    /home/kevin/.m2/repository/ch/qos/logback/logback-classic/1.2.3/logback-classic-1.2.3.jar
7f07ec7ec000-7f07ec7ed000 r--s 00000000 08:02 11274563                   /home/kevin/.m2/repository/org/springframework/boot/spring-boot-starter-logging/2.0.3.RELEASE/spring-boot-starter-logging-2.0.3.RELEASE.jar
7f07ec7ed000-7f07ec7ee000 r--s 00000000 08:02 10095343                   /home/kevin/.m2/repository/org/springframework/boot/spring-boot-starter/2.0.3.RELEASE/spring-boot-starter-2.0.3.RELEASE.jar
7f07ec7ee000-7f07ec7ef000 r--s 00000000 08:02 9832912                    /home/kevin/.m2/repository/org/springframework/boot/spring-boot-starter-data-jpa/2.0.3.RELEASE/spring-boot-starter-data-jpa-2.0.3.RELEASE.jar
7f07ec7ef000-7f07ec7f7000 rw-s 00000000 08:02 23073461                   /tmp/hsperfdata_kevin/4990
7f07ec7f7000-7f07ec7f8000 rw-p 00000000 00:00 0 
7f07ec7f8000-7f07ec7f9000 r--p 00000000 00:00 0 
7f07ec7f9000-7f07ec7fa000 r--p 00025000 08:02 21757969                   /lib/x86_64-linux-gnu/ld-2.23.so
7f07ec7fa000-7f07ec7fb000 rw-p 00026000 08:02 21757969                   /lib/x86_64-linux-gnu/ld-2.23.so
7f07ec7fb000-7f07ec7fc000 rw-p 00000000 00:00 0 
7ffd9e820000-7ffd9e843000 rw-p 00000000 00:00 0                          [stack]
7ffd9e8e4000-7ffd9e8e7000 r--p 00000000 00:00 0                          [vvar]
7ffd9e8e7000-7ffd9e8e9000 r-xp 00000000 00:00 0                          [vdso]
ffffffffff600000-ffffffffff601000 r-xp 00000000 00:00 0                  [vsyscall]

VM Arguments:
jvm_args: -Dcom.sun.management.jmxremote -Dcom.sun.management.jmxremote.port=45249 -Dcom.sun.management.jmxremote.authenticate=false -Dcom.sun.management.jmxremote.ssl=false -Djava.rmi.server.hostname=localhost -Dspring.liveBeansView.mbeanDomain -Dspring.application.admin.enabled=true -Djava.security.egd=file:/dev/./urandom -Xverify:none -XX:TieredStopAtLevel=1 -Dfile.encoding=UTF-8 
java_command: com.springcontrolcomedor.app.SpringControlComedorApplication --spring.output.ansi.enabled=always
java_class_path (initial): /usr/local/java/jdk1.8.0_162/jre/lib/resources.jar:/usr/local/java/jdk1.8.0_162/jre/lib/rt.jar:/usr/local/java/jdk1.8.0_162/jre/lib/jsse.jar:/usr/local/java/jdk1.8.0_162/jre/lib/jce.jar:/usr/local/java/jdk1.8.0_162/jre/lib/charsets.jar:/usr/local/java/jdk1.8.0_162/jre/lib/jfr.jar:/usr/local/java/jdk1.8.0_162/jre/lib/ext/jaccess.jar:/usr/local/java/jdk1.8.0_162/jre/lib/ext/localedata.jar:/usr/local/java/jdk1.8.0_162/jre/lib/ext/sunec.jar:/usr/local/java/jdk1.8.0_162/jre/lib/ext/sunpkcs11.jar:/usr/local/java/jdk1.8.0_162/jre/lib/ext/cldrdata.jar:/usr/local/java/jdk1.8.0_162/jre/lib/ext/zipfs.jar:/usr/local/java/jdk1.8.0_162/jre/lib/ext/sunjce_provider.jar:/usr/local/java/jdk1.8.0_162/jre/lib/ext/nashorn.jar:/usr/local/java/jdk1.8.0_162/jre/lib/ext/jfxrt.jar:/usr/local/java/jdk1.8.0_162/jre/lib/ext/dnsns.jar:/home/kevin/Documentos/proyectos_sts/spring-control-comedor/target/classes:/home/kevin/.m2/repository/org/springframework/boot/spring-boot-starter-data-jpa/2.0.3.RELEASE/spring-boot-starter-data-jpa-2.0.3.RELEASE.jar:/home/kevin/.m2/repository/org/springframework/boot/spring-boot-starter/2.0.3.RELEASE/spring-boot-starter-2.0.3.RELEASE.jar:/home/kevin/.m2/repository/org/springframework/boot/spring-boot-starter-logging/2.0.3.RELEASE/spring-boot-starter-logging-2.0.3.RELEASE.jar:/home/kevin/.m2/repository/ch/qos/logback/logback-classic/1.2.3/logback-classic-1.2.3.jar:/home/kevin/.m2/repository/ch/qos/logback/logback-core/1.2.3/logback-core-1.2.3.jar:/home/kevin/.m2/repository/org/apache/logging/log4j/log4j-to-slf4j/2.10.0/log4j-to-slf4j-2.10.0.jar:/home/kevin/.m2/repository/org/apache/logging/log4j/log4j-api/2.10.0/log4j-api-2.10.0.jar:/home/kevin/.m2/repository/org/slf4j/jul-to-slf4j/1.7.25/jul-to-slf4j-1.7.25.jar:/home/kevin/.m2/repository/javax/annotation/javax.annotation-api/1.3.2/javax.annotation-api-1.3.2.jar:/home/kevin/.m2/repository/org/yaml/snakeyaml/1.19/snakeyaml-1.19.jar:/home/kevin/.m2/repository/org/springframework/boot/spri
Launcher Type: SUN_STANDARD

Environment Variables:
JAVA_HOME=/usr/local/java/jdk1.8.0_162
PATH=/home/kevin/bin:/home/kevin/.local/bin:/usr/local/sbin:/usr/local/bin:/usr/sbin:/usr/bin:/sbin:/bin:/usr/games:/usr/local/games:/snap/bin:/home/kevin/bin:/usr/local/java/jdk1.8.0_162/bin
SHELL=/bin/bash
DISPLAY=:0

Signal Handlers:
SIGSEGV: [libjvm.so+0xad03c0], sa_mask[0]=11111111011111111101111111111110, sa_flags=SA_RESTART|SA_SIGINFO
SIGBUS: [libjvm.so+0xad03c0], sa_mask[0]=11111111011111111101111111111110, sa_flags=SA_RESTART|SA_SIGINFO
SIGFPE: [libjvm.so+0x928210], sa_mask[0]=11111111011111111101111111111110, sa_flags=SA_RESTART|SA_SIGINFO
SIGPIPE: [libjvm.so+0x928210], sa_mask[0]=11111111011111111101111111111110, sa_flags=SA_RESTART|SA_SIGINFO
SIGXFSZ: [libjvm.so+0x928210], sa_mask[0]=11111111011111111101111111111110, sa_flags=SA_RESTART|SA_SIGINFO
SIGILL: [libjvm.so+0x928210], sa_mask[0]=11111111011111111101111111111110, sa_flags=SA_RESTART|SA_SIGINFO
SIGUSR1: SIG_DFL, sa_mask[0]=00000000000000000000000000000000, sa_flags=none
SIGUSR2: [libjvm.so+0x929a70], sa_mask[0]=00100000000000000000000000000000, sa_flags=SA_RESTART|SA_SIGINFO
SIGHUP: [libjvm.so+0x92ae70], sa_mask[0]=11111111011111111101111111111110, sa_flags=SA_RESTART|SA_SIGINFO
SIGINT: [libjvm.so+0x92ae70], sa_mask[0]=11111111011111111101111111111110, sa_flags=SA_RESTART|SA_SIGINFO
SIGTERM: [libjvm.so+0x92ae70], sa_mask[0]=11111111011111111101111111111110, sa_flags=SA_RESTART|SA_SIGINFO
SIGQUIT: [libjvm.so+0x92ae70], sa_mask[0]=11111111011111111101111111111110, sa_flags=SA_RESTART|SA_SIGINFO


---------------  S Y S T E M  ---------------

OS:DISTRIB_ID=Ubuntu
DISTRIB_RELEASE=16.04
DISTRIB_CODENAME=xenial
DISTRIB_DESCRIPTION="Ubuntu 16.04.3 LTS"

uname:Linux 4.13.0-45-generic #50~16.04.1-Ubuntu SMP Wed May 30 11:18:27 UTC 2018 x86_64
libc:glibc 2.23 NPTL 2.23 
rlimit: STACK 8192k, CORE 0k, NPROC 22962, NOFILE 1048576, AS infinity
load average:2,07 1,47 1,30

/proc/meminfo:
MemTotal:        5997932 kB
MemFree:          568976 kB
MemAvailable:    2093384 kB
Buffers:          132456 kB
Cached:          1649888 kB
SwapCached:            0 kB
Active:          3814904 kB
Inactive:        1311096 kB
Active(anon):    3165688 kB
Inactive(anon):   285208 kB
Active(file):     649216 kB
Inactive(file):  1025888 kB
Unevictable:         168 kB
Mlocked:             168 kB
SwapTotal:       6184956 kB
SwapFree:        6184956 kB
Dirty:               444 kB
Writeback:             0 kB
AnonPages:       3343948 kB
Mapped:           510708 kB
Shmem:            286524 kB
Slab:             169988 kB
SReclaimable:     126216 kB
SUnreclaim:        43772 kB
KernelStack:       12416 kB
PageTables:        51680 kB
NFS_Unstable:          0 kB
Bounce:                0 kB
WritebackTmp:          0 kB
CommitLimit:     9183920 kB
Committed_AS:    9006304 kB
VmallocTotal:   34359738367 kB
VmallocUsed:           0 kB
VmallocChunk:          0 kB
HardwareCorrupted:     0 kB
AnonHugePages:      8192 kB
ShmemHugePages:        0 kB
ShmemPmdMapped:        0 kB
CmaTotal:              0 kB
CmaFree:               0 kB
HugePages_Total:       0
HugePages_Free:        0
HugePages_Rsvd:        0
HugePages_Surp:        0
Hugepagesize:       2048 kB
DirectMap4k:      149248 kB
DirectMap2M:     6037504 kB


CPU:total 4 (initial active 4) (2 cores per cpu, 2 threads per core) family 6 model 42 stepping 7, cmov, cx8, fxsr, mmx, sse, sse2, sse3, ssse3, sse4.1, sse4.2, popcnt, avx, clmul, ht, tsc, tscinvbit

/proc/cpuinfo:
processor	: 0
vendor_id	: GenuineIntel
cpu family	: 6
model		: 42
model name	: Intel(R) Core(TM) i3-2328M CPU @ 2.20GHz
stepping	: 7
microcode	: 0x2d
cpu MHz		: 2195.041
cache size	: 3072 KB
physical id	: 0
siblings	: 4
core id		: 0
cpu cores	: 2
apicid		: 0
initial apicid	: 0
fpu		: yes
fpu_exception	: yes
cpuid level	: 13
wp		: yes
flags		: fpu vme de pse tsc msr pae mce cx8 apic sep mtrr pge mca cmov pat pse36 clflush dts acpi mmx fxsr sse sse2 ss ht tm pbe syscall nx rdtscp lm constant_tsc arch_perfmon pebs bts rep_good nopl xtopology nonstop_tsc cpuid aperfmperf pni pclmulqdq dtes64 monitor ds_cpl vmx est tm2 ssse3 cx16 xtpr pdcm pcid sse4_1 sse4_2 x2apic popcnt tsc_deadline_timer xsave avx lahf_lm epb pti retpoline spec_ctrl tpr_shadow vnmi flexpriority ept vpid xsaveopt dtherm arat pln pts
bugs		: cpu_meltdown spectre_v1 spectre_v2 spec_store_bypass
bogomips	: 4390.08
clflush size	: 64
cache_alignment	: 64
address sizes	: 36 bits physical, 48 bits virtual
power management:

processor	: 1
vendor_id	: GenuineIntel
cpu family	: 6
model		: 42
model name	: Intel(R) Core(TM) i3-2328M CPU @ 2.20GHz
stepping	: 7
microcode	: 0x2d
cpu MHz		: 2195.039
cache size	: 3072 KB
physical id	: 0
siblings	: 4
core id		: 0
cpu cores	: 2
apicid		: 1
initial apicid	: 1
fpu		: yes
fpu_exception	: yes
cpuid level	: 13
wp		: yes
flags		: fpu vme de pse tsc msr pae mce cx8 apic sep mtrr pge mca cmov pat pse36 clflush dts acpi mmx fxsr sse sse2 ss ht tm pbe syscall nx rdtscp lm constant_tsc arch_perfmon pebs bts rep_good nopl xtopology nonstop_tsc cpuid aperfmperf pni pclmulqdq dtes64 monitor ds_cpl vmx est tm2 ssse3 cx16 xtpr pdcm pcid sse4_1 sse4_2 x2apic popcnt tsc_deadline_timer xsave avx lahf_lm epb pti retpoline spec_ctrl tpr_shadow vnmi flexpriority ept vpid xsaveopt dtherm arat pln pts
bugs		: cpu_meltdown spectre_v1 spectre_v2 spec_store_bypass
bogomips	: 4390.08
clflush size	: 64
cache_alignment	: 64
address sizes	: 36 bits physical, 48 bits virtual
power management:

processor	: 2
vendor_id	: GenuineIntel
cpu family	: 6
model		: 42
model name	: Intel(R) Core(TM) i3-2328M CPU @ 2.20GHz
stepping	: 7
microcode	: 0x2d
cpu MHz		: 2195.042
cache size	: 3072 KB
physical id	: 0
siblings	: 4
core id		: 1
cpu cores	: 2
apicid		: 2
initial apicid	: 2
fpu		: yes
fpu_exception	: yes
cpuid level	: 13
wp		: yes
flags		: fpu vme de pse tsc msr pae mce cx8 apic sep mtrr pge mca cmov pat pse36 clflush dts acpi mmx fxsr sse sse2 ss ht tm pbe syscall nx rdtscp lm constant_tsc arch_perfmon pebs bts rep_good nopl xtopology nonstop_tsc cpuid aperfmperf pni pclmulqdq dtes64 monitor ds_cpl vmx est tm2 ssse3 cx16 xtpr pdcm pcid sse4_1 sse4_2 x2apic popcnt tsc_deadline_timer xsave avx lahf_lm epb pti retpoline spec_ctrl tpr_shadow vnmi flexpriority ept vpid xsaveopt dtherm arat pln pts
bugs		: cpu_meltdown spectre_v1 spectre_v2 spec_store_bypass
bogomips	: 4390.08
clflush size	: 64
cache_alignment	: 64
address sizes	: 36 bits physical, 48 bits virtual
power management:

processor	: 3
vendor_id	: GenuineIntel
cpu family	: 6
model		: 42
model name	: Intel(R) Core(TM) i3-2328M CPU @ 2.20GHz
stepping	: 7
microcode	: 0x2d
cpu MHz		: 2195.040
cache size	: 3072 KB
physical id	: 0
siblings	: 4
core id		: 1
cpu cores	: 2
apicid		: 3
initial apicid	: 3
fpu		: yes
fpu_exception	: yes
cpuid level	: 13
wp		: yes
flags		: fpu vme de pse tsc msr pae mce cx8 apic sep mtrr pge mca cmov pat pse36 clflush dts acpi mmx fxsr sse sse2 ss ht tm pbe syscall nx rdtscp lm constant_tsc arch_perfmon pebs bts rep_good nopl xtopology nonstop_tsc cpuid aperfmperf pni pclmulqdq dtes64 monitor ds_cpl vmx est tm2 ssse3 cx16 xtpr pdcm pcid sse4_1 sse4_2 x2apic popcnt tsc_deadline_timer xsave avx lahf_lm epb pti retpoline spec_ctrl tpr_shadow vnmi flexpriority ept vpid xsaveopt dtherm arat pln pts
bugs		: cpu_meltdown spectre_v1 spectre_v2 spec_store_bypass
bogomips	: 4390.08
clflush size	: 64
cache_alignment	: 64
address sizes	: 36 bits physical, 48 bits virtual
power management:



Memory: 4k page, physical 5997932k(568348k free), swap 6184956k(6184956k free)

vm_info: Java HotSpot(TM) 64-Bit Server VM (25.162-b12) for linux-amd64 JRE (1.8.0_162-b12), built on Dec 19 2017 21:15:48 by "java_re" with gcc 4.3.0 20080428 (Red Hat 4.3.0-8)

time: Wed Jun 27 23:44:45 2018
elapsed time: 52 seconds (0d 0h 0m 52s)

