#
# A fatal error has been detected by the Java Runtime Environment:
#
#  SIGSEGV (0xb) at pc=0x00007fcae1127fb5, pid=3151, tid=0x00007fca763f7700
#
# JRE version: Java(TM) SE Runtime Environment (8.0_162-b12) (build 1.8.0_162-b12)
# Java VM: Java HotSpot(TM) 64-Bit Server VM (25.162-b12 mixed mode linux-amd64 compressed oops)
# Problematic frame:
# J 100 C1 java.lang.String.compareTo(Ljava/lang/String;)I (78 bytes) @ 0x00007fcae1127fb5 [0x00007fcae1127f80+0x35]
#
# Failed to write core dump. Core dumps have been disabled. To enable core dumping, try "ulimit -c unlimited" before starting Java again
#
# If you would like to submit a bug report, please visit:
#   http://bugreport.java.com/bugreport/crash.jsp
#

---------------  T H R E A D  ---------------

Current thread (0x00007fca80014000):  JavaThread "File Watcher" daemon [_thread_in_Java, id=4436, stack(0x00007fca762f7000,0x00007fca763f8000)]

siginfo: si_signo: 11 (SIGSEGV), si_code: 2 (SEGV_ACCERR), si_addr: 0x00000000aa6f5764

Registers:
RAX=0x00000000e3dc96f8, RBX=0x00007fcaf5316ee8, RCX=0x000000010000e940, RDX=0x00000000ea6f5740
RSP=0x00007fca763f64e0, RBP=0x00007fca763f68e8, RSI=0x00000000000000ad, RDI=0x00000000aa6f5758
R8 =0x0000000000000000, R9 =0x0000000000000000, R10=0x000000010002af48, R11=0x00000000e4853440
R12=0x0000000000000000, R13=0x00000000ea6f5720, R14=0x00007fca763f65f8, R15=0x00007fca80014000
RIP=0x00007fcae1127fb5, EFLAGS=0x0000000000010202, CSGSFS=0x002b000000000033, ERR=0x0000000000000004
  TRAPNO=0x000000000000000e

Top of Stack: (sp=0x00007fca763f64e0)
0x00007fca763f64e0:   00007fca763f65f8 00007fca80014000
0x00007fca763f64f0:   00007fca763f6540 00007fcae1125ea6
0x00007fca763f6500:   00000000a5ea44c8 0000000000000000
0x00007fca763f6510:   0000000000000000 00000000e4875c90
0x00007fca763f6520:   00007fca763f68e8 00007fcae192d804
0x00007fca763f6530:   0000000000000000 677261742f726f64
0x00007fca763f6540:   00007fca763f68e8 00007fcae111469c
0x00007fca763f6550:   702f736f746e656d 736f746365796f72
0x00007fca763f6560:   75636f442f6e6976 702f736f746e656d
0x00007fca763f6570:   0000000000000000 0000000000000000
0x00007fca763f6580:   00007fca763f65e8 00007fcae1007d00
0x00007fca763f6590:   0000000063db92e9 00000000e4875d38
0x00007fca763f65a0:   00007fca763f68e8 00007fcae13f5274
0x00007fca763f65b0:   0000000900000001 00000000e4875c40
0x00007fca763f65c0:   00007fca7487c7e0 0000000000000000
0x00007fca763f65d0:   00007fca76ab97b8 00000000e4853440
0x00007fca763f65e0:   00000000a7e7f89e 00000000e3dc9338
0x00007fca763f65f0:   0000000000000000 000000010000389e
0x00007fca763f6600:   00000000e485b410 00000000e480f308
0x00007fca763f6610:   00007fca763f68e8 00000000e48533a0
0x00007fca763f6620:   00000000e4875d38 00000000e4853378
0x00007fca763f6630:   00007fca763f6698 00007fcae10082bd
0x00007fca763f6640:   00007fca763f68e8 00007fcae13f639c
0x00007fca763f6650:   00000000e4875d38 00000000e4875d38
0x00007fca763f6660:   00000000a47c7248 00000000e480f2d0
0x00007fca763f6670:   00007fca7487c7e0 0000000000000000
0x00007fca763f6680:   00007fca763f68e8 00007fcae1234244
0x00007fca763f6690:   00007fca763f66d0 00007fca763f68e8
0x00007fca763f66a0:   00007fcae22d64cc 00000000e3dc9338
0x00007fca763f66b0:   00000000e480f308 00000000ea5bb060
0x00007fca763f66c0:   00007fca763f68e8 00007fcae22d6424
0x00007fca763f66d0:   0000000000000048 0000000000000048 

Instructions: (pc=0x00007fcae1127fb5)
0x00007fcae1127f95:   1f 84 00 00 00 00 00 66 66 66 90 89 84 24 00 c0
0x00007fcae1127fa5:   fe ff 55 48 83 ec 40 8b 46 0c 8b 70 0c 8b 7a 0c
0x00007fcae1127fb5:   8b 5f 0c 3b f3 48 8b d3 48 0f 4e d6 b9 00 00 00
0x00007fcae1127fc5:   00 e9 3a 00 00 00 0f 1f 44 00 00 4c 63 c1 3b 48 

Register to memory mapping:

RAX=0x00000000e3dc96f8 is an oop
[C 
 - klass: {type array char}
 - length: 173
RBX={method} {0x00007fcaf5316ee8} 'equals' '(Ljava/lang/Object;)Z' in 'java/io/File'
RCX=0x000000010000e940 is pointing into metadata
RDX=0x00000000ea6f5740 is an oop
java.lang.String 
 - klass: 'java/lang/String'
RSP=0x00007fca763f64e0 is pointing into the stack for thread: 0x00007fca80014000
RBP=0x00007fca763f68e8 is pointing into the stack for thread: 0x00007fca80014000
RSI=0x00000000000000ad is an unknown value
RDI=0x00000000aa6f5758 is an unallocated location in the heap
R8 =0x0000000000000000 is an unknown value
R9 =0x0000000000000000 is an unknown value
R10=0x000000010002af48 is pointing into metadata
R11=0x00000000e4853440 is an oop
java.util.LinkedHashMap$Entry 
 - klass: 'java/util/LinkedHashMap$Entry'
R12=0x0000000000000000 is an unknown value
R13=0x00000000ea6f5720 is an oop
java.io.File 
 - klass: 'java/io/File'
R14=0x00007fca763f65f8 is pointing into the stack for thread: 0x00007fca80014000
R15=0x00007fca80014000 is a thread


Stack: [0x00007fca762f7000,0x00007fca763f8000],  sp=0x00007fca763f64e0,  free space=1021k
Native frames: (J=compiled Java code, j=interpreted, Vv=VM code, C=native code)
J 100 C1 java.lang.String.compareTo(Ljava/lang/String;)I (78 bytes) @ 0x00007fcae1127fb5 [0x00007fcae1127f80+0x35]
J 4775 C1 java.io.File.equals(Ljava/lang/Object;)Z (30 bytes) @ 0x00007fcae192d804 [0x00007fcae192d740+0xc4]
J 1848 C1 java.util.HashMap.removeNode(ILjava/lang/Object;Ljava/lang/Object;ZZ)Ljava/util/HashMap$Node; (291 bytes) @ 0x00007fcae13f5274 [0x00007fcae13f5160+0x114]
J 1850 C1 java.util.HashMap.remove(Ljava/lang/Object;)Ljava/lang/Object; (26 bytes) @ 0x00007fcae13f639c [0x00007fcae13f6300+0x9c]
J 9963% C1 org.springframework.boot.devtools.filewatch.FolderSnapshot.getChangedFiles(Lorg/springframework/boot/devtools/filewatch/FolderSnapshot;Ljava/io/FileFilter;)Lorg/springframework/boot/devtools/filewatch/ChangedFiles; (256 bytes) @ 0x00007fcae22d6424 [0x00007fcae22d6040+0x3e4]
j  org.springframework.boot.devtools.filewatch.FileSystemWatcher$Watcher.updateSnapshots(Ljava/util/Collection;)V+87
J 8226 C1 org.springframework.boot.devtools.filewatch.FileSystemWatcher$Watcher.scan()V (63 bytes) @ 0x00007fcae1f29fbc [0x00007fcae1f29ec0+0xfc]
j  org.springframework.boot.devtools.filewatch.FileSystemWatcher$Watcher.run()V+30
j  java.lang.Thread.run()V+11
v  ~StubRoutines::call_stub
V  [libjvm.so+0x695b86]  JavaCalls::call_helper(JavaValue*, methodHandle*, JavaCallArguments*, Thread*)+0x1056
V  [libjvm.so+0x696091]  JavaCalls::call_virtual(JavaValue*, KlassHandle, Symbol*, Symbol*, JavaCallArguments*, Thread*)+0x321
V  [libjvm.so+0x696537]  JavaCalls::call_virtual(JavaValue*, Handle, KlassHandle, Symbol*, Symbol*, Thread*)+0x47
V  [libjvm.so+0x731d60]  thread_entry(JavaThread*, Thread*)+0xa0
V  [libjvm.so+0xa7ede3]  JavaThread::thread_main_inner()+0x103
V  [libjvm.so+0xa7ef2c]  JavaThread::run()+0x11c
V  [libjvm.so+0x92dcc8]  java_start(Thread*)+0x108
C  [libpthread.so.0+0x76ba]  start_thread+0xca


---------------  P R O C E S S  ---------------

Java Threads: ( => current thread )
  0x00007fca8006e800 JavaThread "http-nio-8080-AsyncTimeout" daemon [_thread_blocked, id=4452, stack(0x00007fca74fe4000,0x00007fca750e5000)]
  0x00007fca8006d800 JavaThread "http-nio-8080-Acceptor-0" daemon [_thread_in_native, id=4451, stack(0x00007fca763f8000,0x00007fca764f9000)]
  0x00007fca8006c800 JavaThread "http-nio-8080-ClientPoller-1" daemon [_thread_in_native, id=4450, stack(0x00007fca777fe000,0x00007fca778ff000)]
  0x00007fca80052800 JavaThread "http-nio-8080-ClientPoller-0" daemon [_thread_in_native, id=4449, stack(0x00007fca75ff4000,0x00007fca760f5000)]
  0x00007fca80038800 JavaThread "http-nio-8080-exec-10" daemon [_thread_blocked, id=4448, stack(0x00007fca757ec000,0x00007fca758ed000)]
  0x00007fca80037000 JavaThread "http-nio-8080-exec-9" daemon [_thread_blocked, id=4447, stack(0x00007fca752e7000,0x00007fca753e8000)]
  0x00007fca80036000 JavaThread "http-nio-8080-exec-8" daemon [_thread_blocked, id=4446, stack(0x00007fca755ea000,0x00007fca756eb000)]
  0x00007fca80035000 JavaThread "http-nio-8080-exec-7" daemon [_thread_blocked, id=4445, stack(0x00007fca758ed000,0x00007fca759ee000)]
  0x00007fca80034000 JavaThread "http-nio-8080-exec-6" daemon [_thread_blocked, id=4444, stack(0x00007fcad44fc000,0x00007fcad45fd000)]
  0x00007fca80033000 JavaThread "http-nio-8080-exec-5" daemon [_thread_blocked, id=4443, stack(0x00007fca75df2000,0x00007fca75ef3000)]
  0x00007fca80032000 JavaThread "http-nio-8080-exec-4" daemon [_thread_blocked, id=4442, stack(0x00007fcadc71b000,0x00007fcadc81c000)]
  0x00007fca80031000 JavaThread "http-nio-8080-exec-3" daemon [_thread_blocked, id=4441, stack(0x00007fca761f6000,0x00007fca762f7000)]
  0x00007fca80030000 JavaThread "http-nio-8080-exec-2" daemon [_thread_blocked, id=4440, stack(0x00007fca754e9000,0x00007fca755ea000)]
  0x00007fca8002f000 JavaThread "http-nio-8080-exec-1" daemon [_thread_blocked, id=4439, stack(0x00007fca759ee000,0x00007fca75aef000)]
  0x00007fca8002d800 JavaThread "NioBlockingSelector.BlockPoller-9" daemon [_thread_in_native, id=4438, stack(0x00007fca75ef3000,0x00007fca75ff4000)]
=>0x00007fca80014000 JavaThread "File Watcher" daemon [_thread_in_Java, id=4436, stack(0x00007fca762f7000,0x00007fca763f8000)]
  0x00007fca8000e000 JavaThread "HikariPool-9 housekeeper" daemon [_thread_blocked, id=4432, stack(0x00007fca75cf1000,0x00007fca75df2000)]
  0x00007fca8000d000 JavaThread "container-0" [_thread_blocked, id=4431, stack(0x00007fca750e5000,0x00007fca751e6000)]
  0x00007fca8000c000 JavaThread "ContainerBackgroundProcessor[StandardEngine[Tomcat]]" daemon [_thread_blocked, id=4430, stack(0x00007fca756eb000,0x00007fca757ec000)]
  0x00007fca88059000 JavaThread "localhost-startStop-1" daemon [_thread_blocked, id=4429, stack(0x00007fca74ee3000,0x00007fca74fe4000)]
  0x00007fca8000b800 JavaThread "Tomcat-startStop-1" daemon [_thread_blocked, id=4428, stack(0x00007fca75aef000,0x00007fca75bf0000)]
  0x00007fcaa0004800 JavaThread "RMI TCP Connection(44)-127.0.0.1" daemon [_thread_in_native, id=4216, stack(0x00007fca751e6000,0x00007fca752e7000)]
  0x00007fcaa0001000 JavaThread "RMI TCP Connection(48)-127.0.0.1" daemon [_thread_in_native, id=4215, stack(0x00007fcadc2ed000,0x00007fcadc3ee000)]
  0x00007fcaa4004800 JavaThread "RMI TCP Connection(47)-127.0.0.1" daemon [_thread_in_native, id=4214, stack(0x00007fca760f5000,0x00007fca761f6000)]
  0x00007fcaa4003000 JavaThread "RMI TCP Connection(46)-127.0.0.1" daemon [_thread_in_native, id=4213, stack(0x00007fca75bf0000,0x00007fca75cf1000)]
  0x00007fcaa0006000 JavaThread "RMI TCP Connection(39)-127.0.0.1" daemon [_thread_in_native, id=3794, stack(0x00007fcad4efe000,0x00007fcad4fff000)]
  0x00007fcaf079f000 JavaThread "DestroyJavaVM" [_thread_blocked, id=3153, stack(0x00007fcaf98a1000,0x00007fcaf99a2000)]
  0x00007fca84c39800 JavaThread "Live Reload Server" daemon [_thread_in_native, id=3203, stack(0x00007fca766f9000,0x00007fca767fa000)]
  0x00007fca846c4000 JavaThread "Abandoned connection cleanup thread" daemon [_thread_blocked, id=3191, stack(0x00007fca776fd000,0x00007fca777fe000)]
  0x00007fca88008800 JavaThread "JMX server connection timeout 16" daemon [_thread_blocked, id=3180, stack(0x00007fcadc1d0000,0x00007fcadc2d1000)]
  0x00007fca90024000 JavaThread "RMI Scheduler(0)" daemon [_thread_blocked, id=3175, stack(0x00007fcadc3ee000,0x00007fcadc4ef000)]
  0x00007fcaf04d8800 JavaThread "RMI TCP Accept-0" daemon [_thread_in_native, id=3172, stack(0x00007fcadc91d000,0x00007fcadca1e000)]
  0x00007fcaf04a6800 JavaThread "RMI TCP Accept-37465" daemon [_thread_in_native, id=3171, stack(0x00007fcadca28000,0x00007fcadcb29000)]
  0x00007fcaf0492000 JavaThread "RMI TCP Accept-0" daemon [_thread_in_native, id=3170, stack(0x00007fcadcb29000,0x00007fcadcc2a000)]
  0x00007fcaf00c5000 JavaThread "Service Thread" daemon [_thread_blocked, id=3169, stack(0x00007fcadd4db000,0x00007fcadd5dc000)]
  0x00007fcaf00c2000 JavaThread "C1 CompilerThread2" daemon [_thread_blocked, id=3168, stack(0x00007fcadd5dc000,0x00007fcadd6dd000)]
  0x00007fcaf00c0000 JavaThread "C2 CompilerThread1" daemon [_thread_blocked, id=3167, stack(0x00007fcadd6dd000,0x00007fcadd7de000)]
  0x00007fcaf00bd000 JavaThread "C2 CompilerThread0" daemon [_thread_blocked, id=3166, stack(0x00007fcadd7de000,0x00007fcadd8df000)]
  0x00007fcaf00bb800 JavaThread "Signal Dispatcher" daemon [_thread_blocked, id=3165, stack(0x00007fcadd8df000,0x00007fcadd9e0000)]
  0x00007fcaf0088800 JavaThread "Finalizer" daemon [_thread_blocked, id=3160, stack(0x00007fcaddf2d000,0x00007fcade02e000)]
  0x00007fcaf0084000 JavaThread "Reference Handler" daemon [_thread_blocked, id=3159, stack(0x00007fcade02e000,0x00007fcade12f000)]

Other Threads:
  0x00007fcaf007c800 VMThread [stack: 0x00007fcade12f000,0x00007fcade230000] [id=3158]
  0x00007fcaf04db000 WatcherThread [stack: 0x00007fcadc81c000,0x00007fcadc91d000] [id=3173]

VM state:not at safepoint (normal execution)

VM Mutex/Monitor currently owned by a thread: None

Heap:
 PSYoungGen      total 142336K, used 61560K [0x00000000e1780000, 0x00000000eb300000, 0x0000000100000000)
  eden space 126976K, 40% used [0x00000000e1780000,0x00000000e491a180,0x00000000e9380000)
  from space 15360K, 70% used [0x00000000ea300000,0x00000000ead84150,0x00000000eb200000)
  to   space 15872K, 0% used [0x00000000e9380000,0x00000000e9380000,0x00000000ea300000)
 ParOldGen       total 62976K, used 30856K [0x00000000a4600000, 0x00000000a8380000, 0x00000000e1780000)
  object space 62976K, 48% used [0x00000000a4600000,0x00000000a6422048,0x00000000a8380000)
 Metaspace       used 56412K, capacity 59768K, committed 59904K, reserved 1101824K
  class space    used 7533K, capacity 8165K, committed 8192K, reserved 1048576K

Card table byte_map: [0x00007fcaf635a000,0x00007fcaf6638000] byte_map_base: 0x00007fcaf5e37000

Marking Bits: (ParMarkBitMap*) 0x00007fcaf8d6fca0
 Begin Bits: [0x00007fcade230000, 0x00007fcadf918000)
 End Bits:   [0x00007fcadf918000, 0x00007fcae1000000)

Polling page: 0x00007fcaf99c2000

CodeCache: size=245760Kb used=19292Kb max_used=19292Kb free=226468Kb
 bounds [0x00007fcae1000000, 0x00007fcae22e0000, 0x00007fcaf0000000]
 total_blobs=10435 nmethods=9847 adapters=500
 compilation: enabled

Compilation events (10 events):
Event: 1212,966 Thread 0x00007fcaf00c2000 nmethod 9959 0x00007fcae22d49d0 code [0x00007fcae22d4b20, 0x00007fcae22d4c30]
Event: 1213,068 Thread 0x00007fcaf00c2000 9960       1       javax.management.remote.rmi.RMIConnectionImpl::access$000 (5 bytes)
Event: 1213,068 Thread 0x00007fcaf00c2000 nmethod 9960 0x00007fcae22d4c90 code [0x00007fcae22d4de0, 0x00007fcae22d4ed0]
Event: 1216,934 Thread 0x00007fcaf00c2000 9961 %     1       org.springframework.boot.devtools.filewatch.FolderSnapshot::getFilesMap @ 18 (54 bytes)
Event: 1216,935 Thread 0x00007fcaf00c2000 nmethod 9961% 0x00007fcae22d4f50 code [0x00007fcae22d5100, 0x00007fcae22d53f8]
Event: 1216,935 Thread 0x00007fcaf00c2000 9962       1       org.springframework.boot.devtools.filewatch.FolderSnapshot::getFilesMap (54 bytes)
Event: 1216,936 Thread 0x00007fcaf00c2000 nmethod 9962 0x00007fcae22d5590 code [0x00007fcae22d5740, 0x00007fcae22d5a68]
Event: 1216,940 Thread 0x00007fcaf00c2000 9963 %     1       org.springframework.boot.devtools.filewatch.FolderSnapshot::getChangedFiles @ 54 (256 bytes)
Event: 1216,943 Thread 0x00007fcaf00c2000 nmethod 9963% 0x00007fcae22d5d10 code [0x00007fcae22d6040, 0x00007fcae22d6e58]
Event: 1216,944 Thread 0x00007fcaf00c2000 9964       1       org.springframework.boot.devtools.filewatch.FolderSnapshot::getChangedFiles (256 bytes)

GC Heap History (10 events):
Event: 1210,545 GC heap before
{Heap before GC invocations=410 (full 9):
 PSYoungGen      total 132096K, used 41820K [0x00000000e1780000, 0x00000000eab80000, 0x0000000100000000)
  eden space 117248K, 25% used [0x00000000e1780000,0x00000000e348f228,0x00000000e8a00000)
  from space 14848K, 81% used [0x00000000e9a00000,0x00000000ea5c8150,0x00000000ea880000)
  to   space 16384K, 0% used [0x00000000e8a00000,0x00000000e8a00000,0x00000000e9a00000)
 ParOldGen       total 62976K, used 34547K [0x00000000a4600000, 0x00000000a8380000, 0x00000000e1780000)
  object space 62976K, 54% used [0x00000000a4600000,0x00000000a67bcde0,0x00000000a8380000)
 Metaspace       used 56083K, capacity 59452K, committed 59648K, reserved 1101824K
  class space    used 7508K, capacity 8126K, committed 8192K, reserved 1048576K
Event: 1210,556 GC heap after
Heap after GC invocations=410 (full 9):
 PSYoungGen      total 133632K, used 7200K [0x00000000e1780000, 0x00000000eaa80000, 0x0000000100000000)
  eden space 117248K, 0% used [0x00000000e1780000,0x00000000e1780000,0x00000000e8a00000)
  from space 16384K, 43% used [0x00000000e8a00000,0x00000000e91080c0,0x00000000e9a00000)
  to   space 15872K, 0% used [0x00000000e9b00000,0x00000000e9b00000,0x00000000eaa80000)
 ParOldGen       total 62976K, used 34547K [0x00000000a4600000, 0x00000000a8380000, 0x00000000e1780000)
  object space 62976K, 54% used [0x00000000a4600000,0x00000000a67bcde0,0x00000000a8380000)
 Metaspace       used 56083K, capacity 59452K, committed 59648K, reserved 1101824K
  class space    used 7508K, capacity 8126K, committed 8192K, reserved 1048576K
}
Event: 1210,556 GC heap before
{Heap before GC invocations=411 (full 10):
 PSYoungGen      total 133632K, used 7200K [0x00000000e1780000, 0x00000000eaa80000, 0x0000000100000000)
  eden space 117248K, 0% used [0x00000000e1780000,0x00000000e1780000,0x00000000e8a00000)
  from space 16384K, 43% used [0x00000000e8a00000,0x00000000e91080c0,0x00000000e9a00000)
  to   space 15872K, 0% used [0x00000000e9b00000,0x00000000e9b00000,0x00000000eaa80000)
 ParOldGen       total 62976K, used 34547K [0x00000000a4600000, 0x00000000a8380000, 0x00000000e1780000)
  object space 62976K, 54% used [0x00000000a4600000,0x00000000a67bcde0,0x00000000a8380000)
 Metaspace       used 56083K, capacity 59452K, committed 59648K, reserved 1101824K
  class space    used 7508K, capacity 8126K, committed 8192K, reserved 1048576K
Event: 1210,821 GC heap after
Heap after GC invocations=411 (full 10):
 PSYoungGen      total 133632K, used 0K [0x00000000e1780000, 0x00000000eaa80000, 0x0000000100000000)
  eden space 117248K, 0% used [0x00000000e1780000,0x00000000e1780000,0x00000000e8a00000)
  from space 16384K, 0% used [0x00000000e8a00000,0x00000000e8a00000,0x00000000e9a00000)
  to   space 15872K, 0% used [0x00000000e9b00000,0x00000000e9b00000,0x00000000eaa80000)
 ParOldGen       total 62976K, used 30832K [0x00000000a4600000, 0x00000000a8380000, 0x00000000e1780000)
  object space 62976K, 48% used [0x00000000a4600000,0x00000000a641c048,0x00000000a8380000)
 Metaspace       used 56077K, capacity 59440K, committed 59648K, reserved 1101824K
  class space    used 7507K, capacity 8123K, committed 8192K, reserved 1048576K
}
Event: 1211,468 GC heap before
{Heap before GC invocations=412 (full 10):
 PSYoungGen      total 133632K, used 117248K [0x00000000e1780000, 0x00000000eaa80000, 0x0000000100000000)
  eden space 117248K, 100% used [0x00000000e1780000,0x00000000e8a00000,0x00000000e8a00000)
  from space 16384K, 0% used [0x00000000e8a00000,0x00000000e8a00000,0x00000000e9a00000)
  to   space 15872K, 0% used [0x00000000e9b00000,0x00000000e9b00000,0x00000000eaa80000)
 ParOldGen       total 62976K, used 30832K [0x00000000a4600000, 0x00000000a8380000, 0x00000000e1780000)
  object space 62976K, 48% used [0x00000000a4600000,0x00000000a641c048,0x00000000a8380000)
 Metaspace       used 56118K, capacity 59560K, committed 59648K, reserved 1101824K
  class space    used 7516K, capacity 8163K, committed 8192K, reserved 1048576K
Event: 1211,475 GC heap after
Heap after GC invocations=412 (full 10):
 PSYoungGen      total 135168K, used 3807K [0x00000000e1780000, 0x00000000eae00000, 0x0000000100000000)
  eden space 119296K, 0% used [0x00000000e1780000,0x00000000e1780000,0x00000000e8c00000)
  from space 15872K, 23% used [0x00000000e9b00000,0x00000000e9eb7ef0,0x00000000eaa80000)
  to   space 15360K, 0% used [0x00000000e8c00000,0x00000000e8c00000,0x00000000e9b00000)
 ParOldGen       total 62976K, used 30840K [0x00000000a4600000, 0x00000000a8380000, 0x00000000e1780000)
  object space 62976K, 48% used [0x00000000a4600000,0x00000000a641e048,0x00000000a8380000)
 Metaspace       used 56118K, capacity 59560K, committed 59648K, reserved 1101824K
  class space    used 7516K, capacity 8163K, committed 8192K, reserved 1048576K
}
Event: 1212,260 GC heap before
{Heap before GC invocations=413 (full 10):
 PSYoungGen      total 135168K, used 123103K [0x00000000e1780000, 0x00000000eae00000, 0x0000000100000000)
  eden space 119296K, 100% used [0x00000000e1780000,0x00000000e8c00000,0x00000000e8c00000)
  from space 15872K, 23% used [0x00000000e9b00000,0x00000000e9eb7ef0,0x00000000eaa80000)
  to   space 15360K, 0% used [0x00000000e8c00000,0x00000000e8c00000,0x00000000e9b00000)
 ParOldGen       total 62976K, used 30840K [0x00000000a4600000, 0x00000000a8380000, 0x00000000e1780000)
  object space 62976K, 48% used [0x00000000a4600000,0x00000000a641e048,0x00000000a8380000)
 Metaspace       used 56412K, capacity 59768K, committed 59904K, reserved 1101824K
  class space    used 7533K, capacity 8165K, committed 8192K, reserved 1048576K
Event: 1212,271 GC heap after
Heap after GC invocations=413 (full 10):
 PSYoungGen      total 134656K, used 9200K [0x00000000e1780000, 0x00000000eb200000, 0x0000000100000000)
  eden space 119296K, 0% used [0x00000000e1780000,0x00000000e1780000,0x00000000e8c00000)
  from space 15360K, 59% used [0x00000000e8c00000,0x00000000e94fc110,0x00000000e9b00000)
  to   space 15360K, 0% used [0x00000000ea300000,0x00000000ea300000,0x00000000eb200000)
 ParOldGen       total 62976K, used 30848K [0x00000000a4600000, 0x00000000a8380000, 0x00000000e1780000)
  object space 62976K, 48% used [0x00000000a4600000,0x00000000a6420048,0x00000000a8380000)
 Metaspace       used 56412K, capacity 59768K, committed 59904K, reserved 1101824K
  class space    used 7533K, capacity 8165K, committed 8192K, reserved 1048576K
}
Event: 1215,615 GC heap before
{Heap before GC invocations=414 (full 10):
 PSYoungGen      total 134656K, used 128496K [0x00000000e1780000, 0x00000000eb200000, 0x0000000100000000)
  eden space 119296K, 100% used [0x00000000e1780000,0x00000000e8c00000,0x00000000e8c00000)
  from space 15360K, 59% used [0x00000000e8c00000,0x00000000e94fc110,0x00000000e9b00000)
  to   space 15360K, 0% used [0x00000000ea300000,0x00000000ea300000,0x00000000eb200000)
 ParOldGen       total 62976K, used 30848K [0x00000000a4600000, 0x00000000a8380000, 0x00000000e1780000)
  object space 62976K, 48% used [0x00000000a4600000,0x00000000a6420048,0x00000000a8380000)
 Metaspace       used 56412K, capacity 59768K, committed 59904K, reserved 1101824K
  class space    used 7533K, capacity 8165K, committed 8192K, reserved 1048576K
Event: 1215,635 GC heap after
Heap after GC invocations=414 (full 10):
 PSYoungGen      total 142336K, used 10768K [0x00000000e1780000, 0x00000000eb300000, 0x0000000100000000)
  eden space 126976K, 0% used [0x00000000e1780000,0x00000000e1780000,0x00000000e9380000)
  from space 15360K, 70% used [0x00000000ea300000,0x00000000ead84150,0x00000000eb200000)
  to   space 15872K, 0% used [0x00000000e9380000,0x00000000e9380000,0x00000000ea300000)
 ParOldGen       total 62976K, used 30856K [0x00000000a4600000, 0x00000000a8380000, 0x00000000e1780000)
  object space 62976K, 48% used [0x00000000a4600000,0x00000000a6422048,0x00000000a8380000)
 Metaspace       used 56412K, capacity 59768K, committed 59904K, reserved 1101824K
  class space    used 7533K, capacity 8165K, committed 8192K, reserved 1048576K
}

Deoptimization events (0 events):
No events

Classes redefined (0 events):
No events

Internal exceptions (10 events):
Event: 1212,301 Thread 0x00007fca90005800 Exception <a 'java/lang/ArrayIndexOutOfBoundsException'> (0x00000000e1b85c00) thrown at [/HUDSON/workspace/8-2-build-linux-amd64/jdk8u162/10278/hotspot/src/share/vm/runtime/sharedRuntime.cpp, line 605]
Event: 1212,304 Thread 0x00007fca90005800 Exception <a 'java/lang/ArrayIndexOutOfBoundsException'> (0x00000000e1bd0c78) thrown at [/HUDSON/workspace/8-2-build-linux-amd64/jdk8u162/10278/hotspot/src/share/vm/runtime/sharedRuntime.cpp, line 605]
Event: 1212,304 Thread 0x00007fca90005800 Exception <a 'java/lang/ArrayIndexOutOfBoundsException'> (0x00000000e1bd3768) thrown at [/HUDSON/workspace/8-2-build-linux-amd64/jdk8u162/10278/hotspot/src/share/vm/runtime/sharedRuntime.cpp, line 605]
Event: 1212,304 Thread 0x00007fca90005800 Exception <a 'java/lang/ArrayIndexOutOfBoundsException'> (0x00000000e1bd5598) thrown at [/HUDSON/workspace/8-2-build-linux-amd64/jdk8u162/10278/hotspot/src/share/vm/runtime/sharedRuntime.cpp, line 605]
Event: 1212,304 Thread 0x00007fca90005800 Exception <a 'java/lang/ArrayIndexOutOfBoundsException'> (0x00000000e1bd6d68) thrown at [/HUDSON/workspace/8-2-build-linux-amd64/jdk8u162/10278/hotspot/src/share/vm/runtime/sharedRuntime.cpp, line 605]
Event: 1212,312 Thread 0x00007fca90005800 Exception <a 'java/lang/ArrayIndexOutOfBoundsException'> (0x00000000e1c975b8) thrown at [/HUDSON/workspace/8-2-build-linux-amd64/jdk8u162/10278/hotspot/src/share/vm/runtime/sharedRuntime.cpp, line 605]
Event: 1212,312 Thread 0x00007fca90005800 Exception <a 'java/lang/ArrayIndexOutOfBoundsException'> (0x00000000e1c9a190) thrown at [/HUDSON/workspace/8-2-build-linux-amd64/jdk8u162/10278/hotspot/src/share/vm/runtime/sharedRuntime.cpp, line 605]
Event: 1212,312 Thread 0x00007fca90005800 Exception <a 'java/lang/ArrayIndexOutOfBoundsException'> (0x00000000e1c9c0f8) thrown at [/HUDSON/workspace/8-2-build-linux-amd64/jdk8u162/10278/hotspot/src/share/vm/runtime/sharedRuntime.cpp, line 605]
Event: 1212,314 Thread 0x00007fca90005800 Exception <a 'java/lang/ArrayIndexOutOfBoundsException'> (0x00000000e1cc93c8) thrown at [/HUDSON/workspace/8-2-build-linux-amd64/jdk8u162/10278/hotspot/src/share/vm/runtime/sharedRuntime.cpp, line 605]
Event: 1212,314 Thread 0x00007fca90005800 Exception <a 'java/lang/ArrayIndexOutOfBoundsException'> (0x00000000e1ccab38) thrown at [/HUDSON/workspace/8-2-build-linux-amd64/jdk8u162/10278/hotspot/src/share/vm/runtime/sharedRuntime.cpp, line 605]

Events (10 events):
Event: 1212,348 Executing VM operation: BulkRevokeBias
Event: 1212,348 Executing VM operation: BulkRevokeBias done
Event: 1213,376 Executing VM operation: RevokeBias
Event: 1213,376 Executing VM operation: RevokeBias done
Event: 1213,376 Thread 0x00007fcaa87b8800 Thread exited: 0x00007fcaa87b8800
Event: 1215,615 Executing VM operation: ParallelGCFailedAllocation
Event: 1215,636 Executing VM operation: ParallelGCFailedAllocation done
Event: 1216,621 Executing VM operation: RevokeBias
Event: 1216,621 Executing VM operation: RevokeBias done
Event: 1216,622 Thread 0x00007fca782a7800 Thread exited: 0x00007fca782a7800


Dynamic libraries:
00400000-00401000 r-xp 00000000 08:02 16517874                           /usr/local/java/jdk1.8.0_162/bin/java
00600000-00601000 rw-p 00000000 08:02 16517874                           /usr/local/java/jdk1.8.0_162/bin/java
00d8b000-00dac000 rw-p 00000000 00:00 0                                  [heap]
a4600000-a8380000 rw-p 00000000 00:00 0 
a8380000-e1780000 ---p 00000000 00:00 0 
e1780000-eb300000 rw-p 00000000 00:00 0 
eb300000-100000000 ---p 00000000 00:00 0 
100000000-100800000 rw-p 00000000 00:00 0 
100800000-140000000 ---p 00000000 00:00 0 
7fca58000000-7fca58021000 rw-p 00000000 00:00 0 
7fca58021000-7fca5c000000 ---p 00000000 00:00 0 
7fca60000000-7fca60176000 rw-p 00000000 00:00 0 
7fca60176000-7fca64000000 ---p 00000000 00:00 0 
7fca64000000-7fca640c6000 rw-p 00000000 00:00 0 
7fca640c6000-7fca68000000 ---p 00000000 00:00 0 
7fca68000000-7fca681ae000 rw-p 00000000 00:00 0 
7fca681ae000-7fca6c000000 ---p 00000000 00:00 0 
7fca6c000000-7fca6c021000 rw-p 00000000 00:00 0 
7fca6c021000-7fca70000000 ---p 00000000 00:00 0 
7fca70000000-7fca701a2000 rw-p 00000000 00:00 0 
7fca701a2000-7fca74000000 ---p 00000000 00:00 0 
7fca743e2000-7fca74462000 rw-p 00000000 00:00 0 
7fca74462000-7fca745e2000 ---p 00000000 00:00 0 
7fca745e2000-7fca747e2000 rw-p 00000000 00:00 0 
7fca747e2000-7fca749e2000 rw-p 00000000 00:00 0 
7fca749e2000-7fca74be2000 rw-p 00000000 00:00 0 
7fca74be2000-7fca74de2000 rw-p 00000000 00:00 0 
7fca74de2000-7fca74de5000 ---p 00000000 00:00 0 
7fca74de5000-7fca74ee3000 rw-p 00000000 00:00 0 
7fca74ee3000-7fca74ee6000 ---p 00000000 00:00 0 
7fca74ee6000-7fca74fe4000 rw-p 00000000 00:00 0 
7fca74fe4000-7fca74fe7000 ---p 00000000 00:00 0 
7fca74fe7000-7fca750e5000 rw-p 00000000 00:00 0 
7fca750e5000-7fca750e8000 ---p 00000000 00:00 0 
7fca750e8000-7fca751e6000 rw-p 00000000 00:00 0 
7fca751e6000-7fca751e9000 ---p 00000000 00:00 0 
7fca751e9000-7fca752e7000 rw-p 00000000 00:00 0 
7fca752e7000-7fca752ea000 ---p 00000000 00:00 0 
7fca752ea000-7fca753e8000 rw-p 00000000 00:00 0 
7fca753e8000-7fca753eb000 ---p 00000000 00:00 0 
7fca753eb000-7fca754e9000 rw-p 00000000 00:00 0 
7fca754e9000-7fca754ec000 ---p 00000000 00:00 0 
7fca754ec000-7fca755ea000 rw-p 00000000 00:00 0 
7fca755ea000-7fca755ed000 ---p 00000000 00:00 0 
7fca755ed000-7fca756eb000 rw-p 00000000 00:00 0 
7fca756eb000-7fca756ee000 ---p 00000000 00:00 0 
7fca756ee000-7fca757ec000 rw-p 00000000 00:00 0 
7fca757ec000-7fca757ef000 ---p 00000000 00:00 0 
7fca757ef000-7fca758ed000 rw-p 00000000 00:00 0 
7fca758ed000-7fca758f0000 ---p 00000000 00:00 0 
7fca758f0000-7fca759ee000 rw-p 00000000 00:00 0 
7fca759ee000-7fca759f1000 ---p 00000000 00:00 0 
7fca759f1000-7fca75aef000 rw-p 00000000 00:00 0 
7fca75aef000-7fca75af2000 ---p 00000000 00:00 0 
7fca75af2000-7fca75bf0000 rw-p 00000000 00:00 0 
7fca75bf0000-7fca75bf3000 ---p 00000000 00:00 0 
7fca75bf3000-7fca75cf1000 rw-p 00000000 00:00 0 
7fca75cf1000-7fca75cf4000 ---p 00000000 00:00 0 
7fca75cf4000-7fca75df2000 rw-p 00000000 00:00 0 
7fca75df2000-7fca75df5000 ---p 00000000 00:00 0 
7fca75df5000-7fca75ef3000 rw-p 00000000 00:00 0 
7fca75ef3000-7fca75ef6000 ---p 00000000 00:00 0 
7fca75ef6000-7fca75ff4000 rw-p 00000000 00:00 0 
7fca75ff4000-7fca75ff7000 ---p 00000000 00:00 0 
7fca75ff7000-7fca760f5000 rw-p 00000000 00:00 0 
7fca760f5000-7fca760f8000 ---p 00000000 00:00 0 
7fca760f8000-7fca761f6000 rw-p 00000000 00:00 0 
7fca761f6000-7fca761f9000 ---p 00000000 00:00 0 
7fca761f9000-7fca762f7000 rw-p 00000000 00:00 0 
7fca762f7000-7fca762fa000 ---p 00000000 00:00 0 
7fca762fa000-7fca763f8000 rw-p 00000000 00:00 0 
7fca763f8000-7fca763fb000 ---p 00000000 00:00 0 
7fca763fb000-7fca766f9000 rw-p 00000000 00:00 0 
7fca766f9000-7fca766fc000 ---p 00000000 00:00 0 
7fca766fc000-7fca767fa000 rw-p 00000000 00:00 0 
7fca767fa000-7fca767fd000 ---p 00000000 00:00 0 
7fca767fd000-7fca76afb000 rw-p 00000000 00:00 0 
7fca76afb000-7fca76cfb000 rw-p 00000000 00:00 0 
7fca76cfb000-7fca76efb000 rw-p 00000000 00:00 0 
7fca76efb000-7fca770fb000 rw-p 00000000 00:00 0 
7fca770fb000-7fca772fb000 rw-p 00000000 00:00 0 
7fca772fb000-7fca772fe000 ---p 00000000 00:00 0 
7fca772fe000-7fca773fc000 rw-p 00000000 00:00 0 
7fca773fc000-7fca773ff000 ---p 00000000 00:00 0 
7fca773ff000-7fca776fd000 rw-p 00000000 00:00 0 
7fca776fd000-7fca77700000 ---p 00000000 00:00 0 
7fca77700000-7fca777fe000 rw-p 00000000 00:00 0 
7fca777fe000-7fca77801000 ---p 00000000 00:00 0 
7fca77801000-7fca778ff000 rw-p 00000000 00:00 0 
7fca778ff000-7fca77902000 ---p 00000000 00:00 0 
7fca77902000-7fca77c00000 rw-p 00000000 00:00 0 
7fca77c00000-7fca77e00000 rw-p 00000000 00:00 0 
7fca77e00000-7fca78000000 rw-p 00000000 00:00 0 
7fca78000000-7fca7832c000 rw-p 00000000 00:00 0 
7fca7832c000-7fca7c000000 ---p 00000000 00:00 0 
7fca7c000000-7fca7c0db000 rw-p 00000000 00:00 0 
7fca7c0db000-7fca80000000 ---p 00000000 00:00 0 
7fca80000000-7fca80070000 rw-p 00000000 00:00 0 
7fca80070000-7fca84000000 ---p 00000000 00:00 0 
7fca84000000-7fca84cbc000 rw-p 00000000 00:00 0 
7fca84cbc000-7fca88000000 ---p 00000000 00:00 0 
7fca88000000-7fca8805b000 rw-p 00000000 00:00 0 
7fca8805b000-7fca8c000000 ---p 00000000 00:00 0 
7fca8c000000-7fca8c021000 rw-p 00000000 00:00 0 
7fca8c021000-7fca90000000 ---p 00000000 00:00 0 
7fca90000000-7fca9002e000 rw-p 00000000 00:00 0 
7fca9002e000-7fca94000000 ---p 00000000 00:00 0 
7fca94000000-7fca94021000 rw-p 00000000 00:00 0 
7fca94021000-7fca98000000 ---p 00000000 00:00 0 
7fca98000000-7fca9828f000 rw-p 00000000 00:00 0 
7fca9828f000-7fca9c000000 ---p 00000000 00:00 0 
7fca9c000000-7fca9c021000 rw-p 00000000 00:00 0 
7fca9c021000-7fcaa0000000 ---p 00000000 00:00 0 
7fcaa0000000-7fcaa0021000 rw-p 00000000 00:00 0 
7fcaa0021000-7fcaa4000000 ---p 00000000 00:00 0 
7fcaa4000000-7fcaa42a1000 rw-p 00000000 00:00 0 
7fcaa42a1000-7fcaa8000000 ---p 00000000 00:00 0 
7fcaa8000000-7fcaa8ca4000 rw-p 00000000 00:00 0 
7fcaa8ca4000-7fcaac000000 ---p 00000000 00:00 0 
7fcaac000000-7fcaac021000 rw-p 00000000 00:00 0 
7fcaac021000-7fcab0000000 ---p 00000000 00:00 0 
7fcab0000000-7fcab0052000 rw-p 00000000 00:00 0 
7fcab0052000-7fcab4000000 ---p 00000000 00:00 0 
7fcab4000000-7fcab4021000 rw-p 00000000 00:00 0 
7fcab4021000-7fcab8000000 ---p 00000000 00:00 0 
7fcab8000000-7fcab8034000 rw-p 00000000 00:00 0 
7fcab8034000-7fcabc000000 ---p 00000000 00:00 0 
7fcabc000000-7fcabc021000 rw-p 00000000 00:00 0 
7fcabc021000-7fcac0000000 ---p 00000000 00:00 0 
7fcac0000000-7fcac012a000 rw-p 00000000 00:00 0 
7fcac012a000-7fcac4000000 ---p 00000000 00:00 0 
7fcac4000000-7fcac4021000 rw-p 00000000 00:00 0 
7fcac4021000-7fcac8000000 ---p 00000000 00:00 0 
7fcac8000000-7fcac8021000 rw-p 00000000 00:00 0 
7fcac8021000-7fcacc000000 ---p 00000000 00:00 0 
7fcacc000000-7fcacc021000 rw-p 00000000 00:00 0 
7fcacc021000-7fcad0000000 ---p 00000000 00:00 0 
7fcad0000000-7fcad002f000 rw-p 00000000 00:00 0 
7fcad002f000-7fcad4000000 ---p 00000000 00:00 0 
7fcad40fc000-7fcad42fc000 rw-p 00000000 00:00 0 
7fcad42fc000-7fcad44fc000 rw-p 00000000 00:00 0 
7fcad44fc000-7fcad44ff000 ---p 00000000 00:00 0 
7fcad44ff000-7fcad47fd000 rw-p 00000000 00:00 0 
7fcad47fd000-7fcad49fd000 rw-p 00000000 00:00 0 
7fcad49fd000-7fcad4bfd000 rw-p 00000000 00:00 0 
7fcad4bfd000-7fcad4dfd000 rw-p 00000000 00:00 0 
7fcad4dfd000-7fcad4e00000 ---p 00000000 00:00 0 
7fcad4e00000-7fcad4efe000 rw-p 00000000 00:00 0 
7fcad4efe000-7fcad4f01000 ---p 00000000 00:00 0 
7fcad4f01000-7fcad8000000 rw-p 00000000 00:00 0 
7fcad8000000-7fcad8023000 rw-p 00000000 00:00 0 
7fcad8023000-7fcadc000000 ---p 00000000 00:00 0 
7fcadc0b7000-7fcadc0bc000 r--s 002f9000 08:02 17042995                   /usr/local/java/jdk1.8.0_162/jre/lib/charsets.jar
7fcadc0bc000-7fcadc0cf000 r--s 00345000 08:02 17043001                   /usr/local/java/jdk1.8.0_162/jre/lib/resources.jar
7fcadc0cf000-7fcadc0d2000 ---p 00000000 00:00 0 
7fcadc0d2000-7fcadc1d0000 rw-p 00000000 00:00 0 
7fcadc1d0000-7fcadc1d3000 ---p 00000000 00:00 0 
7fcadc1d3000-7fcadc2d1000 rw-p 00000000 00:00 0 
7fcadc2d1000-7fcadc2ed000 r--s 00393000 08:02 17172589                   /usr/local/java/jdk1.8.0_162/jre/lib/ext/cldrdata.jar
7fcadc2ed000-7fcadc2f0000 ---p 00000000 00:00 0 
7fcadc2f0000-7fcadc3ee000 rw-p 00000000 00:00 0 
7fcadc3ee000-7fcadc3f1000 ---p 00000000 00:00 0 
7fcadc3f1000-7fcadc6ef000 rw-p 00000000 00:00 0 
7fcadc6ef000-7fcadc6f6000 r--s 00000000 08:02 16651651                   /usr/lib/x86_64-linux-gnu/gconv/gconv-modules.cache
7fcadc6f6000-7fcadc71b000 r--p 00000000 08:02 18223226                   /usr/share/locale-langpack/es/LC_MESSAGES/libc.mo
7fcadc71b000-7fcadc71e000 ---p 00000000 00:00 0 
7fcadc71e000-7fcadc81c000 rw-p 00000000 00:00 0 
7fcadc81c000-7fcadc81d000 ---p 00000000 00:00 0 
7fcadc81d000-7fcadc91d000 rw-p 00000000 00:00 0 
7fcadc91d000-7fcadc920000 ---p 00000000 00:00 0 
7fcadc920000-7fcadca1e000 rw-p 00000000 00:00 0 
7fcadca1e000-7fcadca28000 r--s 00116000 08:02 17174272                   /usr/local/java/jdk1.8.0_162/jre/lib/ext/localedata.jar
7fcadca28000-7fcadca2b000 ---p 00000000 00:00 0 
7fcadca2b000-7fcadcb29000 rw-p 00000000 00:00 0 
7fcadcb29000-7fcadcb2c000 ---p 00000000 00:00 0 
7fcadcb2c000-7fcadcc2a000 rw-p 00000000 00:00 0 
7fcadcc2a000-7fcadcc2f000 r--s 0009d000 08:02 17043002                   /usr/local/java/jdk1.8.0_162/jre/lib/jsse.jar
7fcadcc2f000-7fcadcc31000 r--s 00004000 08:02 10493841                   /home/kevin/.m2/repository/org/springframework/spring-jcl/5.0.7.RELEASE/spring-jcl-5.0.7.RELEASE.jar
7fcadcc31000-7fcadcc49000 r--s 00114000 08:02 10363871                   /home/kevin/.m2/repository/org/springframework/spring-core/5.0.7.RELEASE/spring-core-5.0.7.RELEASE.jar
7fcadcc49000-7fcadcc53000 r--s 000ec000 08:02 9830809                    /home/kevin/.m2/repository/mysql/mysql-connector-java/5.1.46/mysql-connector-java-5.1.46.jar
7fcadcc53000-7fcadcc73000 r--s 000fc000 08:02 11146166                   /home/kevin/.m2/repository/org/springframework/boot/spring-boot-autoconfigure/2.0.3.RELEASE/spring-boot-autoconfigure-2.0.3.RELEASE.jar
7fcadcc73000-7fcadcc88000 r--s 000cf000 08:02 10231656                   /home/kevin/.m2/repository/org/springframework/boot/spring-boot/2.0.3.RELEASE/spring-boot-2.0.3.RELEASE.jar
7fcadcc88000-7fcadcc8e000 r--s 0002d000 08:02 11667134                   /home/kevin/.m2/repository/org/springframework/boot/spring-boot-devtools/2.0.3.RELEASE/spring-boot-devtools-2.0.3.RELEASE.jar
7fcadcc8e000-7fcadcc93000 r--s 00040000 08:02 11018448                   /home/kevin/.m2/repository/org/springframework/spring-expression/5.0.7.RELEASE/spring-expression-5.0.7.RELEASE.jar
7fcadcc93000-7fcadcca2000 r--s 000b2000 08:02 11667132                   /home/kevin/.m2/repository/org/springframework/spring-webmvc/5.0.7.RELEASE/spring-webmvc-5.0.7.RELEASE.jar
7fcadcca2000-7fcadccbc000 r--s 00119000 08:02 11667130                   /home/kevin/.m2/repository/org/springframework/spring-web/5.0.7.RELEASE/spring-web-5.0.7.RELEASE.jar
7fcadccbc000-7fcadccc1000 r--s 00012000 08:02 9830791                    /home/kevin/.m2/repository/javax/validation/validation-api/2.0.1.Final/validation-api-2.0.1.Final.jar
7fcadccc1000-7fcadccdd000 r--s 000f9000 08:02 11667128                   /home/kevin/.m2/repository/org/hibernate/validator/hibernate-validator/6.0.10.Final/hibernate-validator-6.0.10.Final.jar
7fcadccdd000-7fcadcce2000 r--s 0003a000 08:02 9830787                    /home/kevin/.m2/repository/org/apache/tomcat/embed/tomcat-embed-websocket/8.5.31/tomcat-embed-websocket-8.5.31.jar
7fcadcce2000-7fcadcce6000 r--s 00037000 08:02 9830785                    /home/kevin/.m2/repository/org/apache/tomcat/embed/tomcat-embed-el/8.5.31/tomcat-embed-el-8.5.31.jar
7fcadcce6000-7fcadcd0f000 r--s 002d0000 08:02 9830783                    /home/kevin/.m2/repository/org/apache/tomcat/embed/tomcat-embed-core/8.5.31/tomcat-embed-core-8.5.31.jar
7fcadcd0f000-7fcadcd10000 r--s 00000000 08:02 11667152                   /home/kevin/.m2/repository/org/springframework/boot/spring-boot-starter-tomcat/2.0.3.RELEASE/spring-boot-starter-tomcat-2.0.3.RELEASE.jar
7fcadcd10000-7fcadcd12000 r--s 00001000 08:02 11667126                   /home/kevin/.m2/repository/com/fasterxml/jackson/module/jackson-module-parameter-names/2.9.6/jackson-module-parameter-names-2.9.6.jar
7fcadcd12000-7fcadcd15000 r--s 00016000 08:02 11667124                   /home/kevin/.m2/repository/com/fasterxml/jackson/datatype/jackson-datatype-jsr310/2.9.6/jackson-datatype-jsr310-2.9.6.jar
7fcadcd15000-7fcadcd17000 r--s 00007000 08:02 11667122                   /home/kevin/.m2/repository/com/fasterxml/jackson/datatype/jackson-datatype-jdk8/2.9.6/jackson-datatype-jdk8-2.9.6.jar
7fcadcd17000-7fcadcd1c000 r--s 0004b000 08:02 11667120                   /home/kevin/.m2/repository/com/fasterxml/jackson/core/jackson-core/2.9.6/jackson-core-2.9.6.jar
7fcadcd1c000-7fcadcd1f000 r--s 0000e000 08:02 9830771                    /home/kevin/.m2/repository/com/fasterxml/jackson/core/jackson-annotations/2.9.0/jackson-annotations-2.9.0.jar
7fcadcd1f000-7fcadcd32000 r--s 00137000 08:02 9314812                    /home/kevin/.m2/repository/com/fasterxml/jackson/core/jackson-databind/2.9.6/jackson-databind-2.9.6.jar
7fcadcd32000-7fcadcd33000 r--s 00000000 08:02 11667118                   /home/kevin/.m2/repository/org/springframework/boot/spring-boot-starter-json/2.0.3.RELEASE/spring-boot-starter-json-2.0.3.RELEASE.jar
7fcadcd33000-7fcadcd34000 r--s 00000000 08:02 11667116                   /home/kevin/.m2/repository/org/springframework/boot/spring-boot-starter-web/2.0.3.RELEASE/spring-boot-starter-web-2.0.3.RELEASE.jar
7fcadcd34000-7fcadcd37000 r--s 00026000 08:02 9830763                    /home/kevin/.m2/repository/org/unbescape/unbescape/1.1.5.RELEASE/unbescape-1.1.5.RELEASE.jar
7fcadcd37000-7fcadcd3b000 r--s 00035000 08:02 9830761                    /home/kevin/.m2/repository/org/attoparser/attoparser/2.0.4.RELEASE/attoparser-2.0.4.RELEASE.jar
7fcadcd3b000-7fcadcd4b000 r--s 000c5000 08:02 9830759                    /home/kevin/.m2/repository/org/thymeleaf/thymeleaf/3.0.9.RELEASE/thymeleaf-3.0.9.RELEASE.jar
7fcadcd4b000-7fcadcd4f000 r--s 00027000 08:02 9830757                    /home/kevin/.m2/repository/org/thymeleaf/thymeleaf-spring5/3.0.9.RELEASE/thymeleaf-spring5-3.0.9.RELEASE.jar
7fcadcd4f000-7fcadcd51000 r--s 0000a000 08:02 11667112                   /home/kevin/.m2/repository/org/springframework/spring-aspects/5.0.7.RELEASE/spring-aspects-5.0.7.RELEASE.jar
7fcadcd51000-7fcadcd5d000 r--s 00096000 08:02 10887012                   /home/kevin/.m2/repository/org/springframework/spring-beans/5.0.7.RELEASE/spring-beans-5.0.7.RELEASE.jar
7fcadcd5d000-7fcadcd65000 r--s 00037000 08:02 11667109                   /home/kevin/.m2/repository/org/springframework/spring-tx/5.0.7.RELEASE/spring-tx-5.0.7.RELEASE.jar
7fcadcd65000-7fcadcd7f000 r--s 000f1000 08:02 10624930                   /home/kevin/.m2/repository/org/springframework/spring-context/5.0.7.RELEASE/spring-context-5.0.7.RELEASE.jar
7fcadcd7f000-7fcadcd96000 r--s 000f1000 08:02 11667105                   /home/kevin/.m2/repository/org/springframework/data/spring-data-commons/2.0.8.RELEASE/spring-data-commons-2.0.8.RELEASE.jar
7fcadcd96000-7fcadce14000 r--s 005f0000 08:02 9702603                    /home/kevin/.m2/repository/org/hibernate/hibernate-core/5.2.17.Final/hibernate-core-5.2.17.Final.jar
7fcadce14000-7fcadceaa000 r--s 0110a000 08:02 17172598                   /usr/local/java/jdk1.8.0_162/jre/lib/ext/jfxrt.jar
7fcadceaa000-7fcadcebb000 r-xp 00000000 08:02 17174417                   /usr/local/java/jdk1.8.0_162/jre/lib/amd64/libnio.so
7fcadcebb000-7fcadd0ba000 ---p 00011000 08:02 17174417                   /usr/local/java/jdk1.8.0_162/jre/lib/amd64/libnio.so
7fcadd0ba000-7fcadd0bb000 rw-p 00010000 08:02 17174417                   /usr/local/java/jdk1.8.0_162/jre/lib/amd64/libnio.so
7fcadd0bb000-7fcadd0d1000 r-xp 00000000 08:02 17174414                   /usr/local/java/jdk1.8.0_162/jre/lib/amd64/libnet.so
7fcadd0d1000-7fcadd2d1000 ---p 00016000 08:02 17174414                   /usr/local/java/jdk1.8.0_162/jre/lib/amd64/libnet.so
7fcadd2d1000-7fcadd2d2000 rw-p 00016000 08:02 17174414                   /usr/local/java/jdk1.8.0_162/jre/lib/amd64/libnet.so
7fcadd2d2000-7fcadd2db000 r-xp 00000000 08:02 17174422                   /usr/local/java/jdk1.8.0_162/jre/lib/amd64/libmanagement.so
7fcadd2db000-7fcadd4da000 ---p 00009000 08:02 17174422                   /usr/local/java/jdk1.8.0_162/jre/lib/amd64/libmanagement.so
7fcadd4da000-7fcadd4db000 rw-p 00008000 08:02 17174422                   /usr/local/java/jdk1.8.0_162/jre/lib/amd64/libmanagement.so
7fcadd4db000-7fcadd4de000 ---p 00000000 00:00 0 
7fcadd4de000-7fcadd5dc000 rw-p 00000000 00:00 0 
7fcadd5dc000-7fcadd5df000 ---p 00000000 00:00 0 
7fcadd5df000-7fcadd6dd000 rw-p 00000000 00:00 0 
7fcadd6dd000-7fcadd6e0000 ---p 00000000 00:00 0 
7fcadd6e0000-7fcadd7de000 rw-p 00000000 00:00 0 
7fcadd7de000-7fcadd7e1000 ---p 00000000 00:00 0 
7fcadd7e1000-7fcadd8df000 rw-p 00000000 00:00 0 
7fcadd8df000-7fcadd8e2000 ---p 00000000 00:00 0 
7fcadd8e2000-7fcadd9e0000 rw-p 00000000 00:00 0 
7fcadd9e0000-7fcaddf2d000 r--p 00000000 08:02 16384199                   /usr/lib/locale/locale-archive
7fcaddf2d000-7fcaddf30000 ---p 00000000 00:00 0 
7fcaddf30000-7fcade02e000 rw-p 00000000 00:00 0 
7fcade02e000-7fcade031000 ---p 00000000 00:00 0 
7fcade031000-7fcade12f000 rw-p 00000000 00:00 0 
7fcade12f000-7fcade130000 ---p 00000000 00:00 0 
7fcade130000-7fcae1000000 rw-p 00000000 00:00 0 
7fcae1000000-7fcae22e0000 rwxp 00000000 00:00 0 
7fcae22e0000-7fcaf0000000 ---p 00000000 00:00 0 
7fcaf0000000-7fcaf07a7000 rw-p 00000000 00:00 0 
7fcaf07a7000-7fcaf4000000 ---p 00000000 00:00 0 
7fcaf4000000-7fcaf4001000 r--s 00009000 08:02 9830765                    /home/kevin/.m2/repository/org/thymeleaf/extras/thymeleaf-extras-java8time/3.0.1.RELEASE/thymeleaf-extras-java8time-3.0.1.RELEASE.jar
7fcaf4001000-7fcaf4003000 r--s 00009000 08:02 9702647                    /home/kevin/.m2/repository/org/slf4j/slf4j-api/1.7.25/slf4j-api-1.7.25.jar
7fcaf4003000-7fcaf4007000 r--s 0002b000 08:02 11667107                   /home/kevin/.m2/repository/org/springframework/spring-orm/5.0.7.RELEASE/spring-orm-5.0.7.RELEASE.jar
7fcaf4007000-7fcaf400f000 r--s 0004b000 08:02 11667103                   /home/kevin/.m2/repository/org/springframework/data/spring-data-jpa/2.0.8.RELEASE/spring-data-jpa-2.0.8.RELEASE.jar
7fcaf400f000-7fcaf4011000 r--s 00006000 08:02 9702619                    /home/kevin/.m2/repository/javax/transaction/javax.transaction-api/1.2/javax.transaction-api-1.2.jar
7fcaf4011000-7fcaf4014000 r--s 00010000 08:02 9702617                    /home/kevin/.m2/repository/org/hibernate/common/hibernate-commons-annotations/5.0.1.Final/hibernate-commons-annotations-5.0.1.Final.jar
7fcaf4014000-7fcaf4019000 r--s 00048000 08:02 9702615                    /home/kevin/.m2/repository/dom4j/dom4j/1.6.1/dom4j-1.6.1.jar
7fcaf4019000-7fcaf401b000 r--s 0000e000 08:02 9044051                    /home/kevin/.m2/repository/com/fasterxml/classmate/1.3.4/classmate-1.3.4.jar
7fcaf401b000-7fcaf401e000 r--s 0002b000 08:02 9702613                    /home/kevin/.m2/repository/org/jboss/jandex/2.0.3.Final/jandex-2.0.3.Final.jar
7fcaf401e000-7fcaf4023000 r--s 00068000 08:02 9702611                    /home/kevin/.m2/repository/antlr/antlr/2.7.7/antlr-2.7.7.jar
7fcaf4023000-7fcaf402d000 r--s 000ab000 08:02 9702609                    /home/kevin/.m2/repository/org/javassist/javassist/3.22.0-GA/javassist-3.22.0-GA.jar
7fcaf402d000-7fcaf4032000 r--s 00017000 08:02 11667101                   /home/kevin/.m2/repository/org/hibernate/javax/persistence/hibernate-jpa-2.1-api/1.0.2.Final/hibernate-jpa-2.1-api-1.0.2.Final.jar
7fcaf4032000-7fcaf4034000 r--s 0000f000 08:02 9702605                    /home/kevin/.m2/repository/org/jboss/logging/jboss-logging/3.3.2.Final/jboss-logging-3.3.2.Final.jar
7fcaf4034000-7fcaf403d000 r--s 00059000 08:02 11667099                   /home/kevin/.m2/repository/org/springframework/spring-jdbc/5.0.7.RELEASE/spring-jdbc-5.0.7.RELEASE.jar
7fcaf403d000-7fcaf4056000 r--s 001bf000 08:02 9702601                    /home/kevin/.m2/repository/org/aspectj/aspectjweaver/1.8.13/aspectjweaver-1.8.13.jar
7fcaf4056000-7fcaf405f000 r--s 00051000 08:02 10757813                   /home/kevin/.m2/repository/org/springframework/spring-aop/5.0.7.RELEASE/spring-aop-5.0.7.RELEASE.jar
7fcaf405f000-7fcaf5041000 rw-p 00000000 00:00 0 
7fcaf5041000-7fcaf521a000 r--s 03d65000 08:02 17042997                   /usr/local/java/jdk1.8.0_162/jre/lib/rt.jar
7fcaf521a000-7fcaf5d6d000 rw-p 00000000 00:00 0 
7fcaf5d6d000-7fcaf5d6e000 ---p 00000000 00:00 0 
7fcaf5d6e000-7fcaf5e6e000 rw-p 00000000 00:00 0 
7fcaf5e6e000-7fcaf5e6f000 ---p 00000000 00:00 0 
7fcaf5e6f000-7fcaf5f6f000 rw-p 00000000 00:00 0 
7fcaf5f6f000-7fcaf5f70000 ---p 00000000 00:00 0 
7fcaf5f70000-7fcaf6070000 rw-p 00000000 00:00 0 
7fcaf6070000-7fcaf6071000 ---p 00000000 00:00 0 
7fcaf6071000-7fcaf6190000 rw-p 00000000 00:00 0 
7fcaf6190000-7fcaf635a000 ---p 00000000 00:00 0 
7fcaf635a000-7fcaf6379000 rw-p 00000000 00:00 0 
7fcaf6379000-7fcaf6542000 ---p 00000000 00:00 0 
7fcaf6542000-7fcaf6591000 rw-p 00000000 00:00 0 
7fcaf6591000-7fcaf6637000 ---p 00000000 00:00 0 
7fcaf6637000-7fcaf6684000 rw-p 00000000 00:00 0 
7fcaf6684000-7fcaf69f8000 ---p 00000000 00:00 0 
7fcaf69f8000-7fcaf6a13000 r-xp 00000000 08:02 17174410                   /usr/local/java/jdk1.8.0_162/jre/lib/amd64/libzip.so
7fcaf6a13000-7fcaf6c13000 ---p 0001b000 08:02 17174410                   /usr/local/java/jdk1.8.0_162/jre/lib/amd64/libzip.so
7fcaf6c13000-7fcaf6c14000 rw-p 0001b000 08:02 17174410                   /usr/local/java/jdk1.8.0_162/jre/lib/amd64/libzip.so
7fcaf6c14000-7fcaf6c1f000 r-xp 00000000 08:02 21758048                   /lib/x86_64-linux-gnu/libnss_files-2.23.so
7fcaf6c1f000-7fcaf6e1e000 ---p 0000b000 08:02 21758048                   /lib/x86_64-linux-gnu/libnss_files-2.23.so
7fcaf6e1e000-7fcaf6e1f000 r--p 0000a000 08:02 21758048                   /lib/x86_64-linux-gnu/libnss_files-2.23.so
7fcaf6e1f000-7fcaf6e20000 rw-p 0000b000 08:02 21758048                   /lib/x86_64-linux-gnu/libnss_files-2.23.so
7fcaf6e20000-7fcaf6e26000 rw-p 00000000 00:00 0 
7fcaf6e26000-7fcaf6e31000 r-xp 00000000 08:02 21762516                   /lib/x86_64-linux-gnu/libnss_nis-2.23.so
7fcaf6e31000-7fcaf7030000 ---p 0000b000 08:02 21762516                   /lib/x86_64-linux-gnu/libnss_nis-2.23.so
7fcaf7030000-7fcaf7031000 r--p 0000a000 08:02 21762516                   /lib/x86_64-linux-gnu/libnss_nis-2.23.so
7fcaf7031000-7fcaf7032000 rw-p 0000b000 08:02 21762516                   /lib/x86_64-linux-gnu/libnss_nis-2.23.so
7fcaf7032000-7fcaf7048000 r-xp 00000000 08:02 21757966                   /lib/x86_64-linux-gnu/libnsl-2.23.so
7fcaf7048000-7fcaf7247000 ---p 00016000 08:02 21757966                   /lib/x86_64-linux-gnu/libnsl-2.23.so
7fcaf7247000-7fcaf7248000 r--p 00015000 08:02 21757966                   /lib/x86_64-linux-gnu/libnsl-2.23.so
7fcaf7248000-7fcaf7249000 rw-p 00016000 08:02 21757966                   /lib/x86_64-linux-gnu/libnsl-2.23.so
7fcaf7249000-7fcaf724b000 rw-p 00000000 00:00 0 
7fcaf724b000-7fcaf7253000 r-xp 00000000 08:02 21758043                   /lib/x86_64-linux-gnu/libnss_compat-2.23.so
7fcaf7253000-7fcaf7452000 ---p 00008000 08:02 21758043                   /lib/x86_64-linux-gnu/libnss_compat-2.23.so
7fcaf7452000-7fcaf7453000 r--p 00007000 08:02 21758043                   /lib/x86_64-linux-gnu/libnss_compat-2.23.so
7fcaf7453000-7fcaf7454000 rw-p 00008000 08:02 21758043                   /lib/x86_64-linux-gnu/libnss_compat-2.23.so
7fcaf7454000-7fcaf747f000 r-xp 00000000 08:02 17174404                   /usr/local/java/jdk1.8.0_162/jre/lib/amd64/libjava.so
7fcaf747f000-7fcaf767e000 ---p 0002b000 08:02 17174404                   /usr/local/java/jdk1.8.0_162/jre/lib/amd64/libjava.so
7fcaf767e000-7fcaf7680000 rw-p 0002a000 08:02 17174404                   /usr/local/java/jdk1.8.0_162/jre/lib/amd64/libjava.so
7fcaf7680000-7fcaf768d000 r-xp 00000000 08:02 17174409                   /usr/local/java/jdk1.8.0_162/jre/lib/amd64/libverify.so
7fcaf768d000-7fcaf788d000 ---p 0000d000 08:02 17174409                   /usr/local/java/jdk1.8.0_162/jre/lib/amd64/libverify.so
7fcaf788d000-7fcaf788f000 rw-p 0000d000 08:02 17174409                   /usr/local/java/jdk1.8.0_162/jre/lib/amd64/libverify.so
7fcaf788f000-7fcaf7896000 r-xp 00000000 08:02 21762517                   /lib/x86_64-linux-gnu/librt-2.23.so
7fcaf7896000-7fcaf7a95000 ---p 00007000 08:02 21762517                   /lib/x86_64-linux-gnu/librt-2.23.so
7fcaf7a95000-7fcaf7a96000 r--p 00006000 08:02 21762517                   /lib/x86_64-linux-gnu/librt-2.23.so
7fcaf7a96000-7fcaf7a97000 rw-p 00007000 08:02 21762517                   /lib/x86_64-linux-gnu/librt-2.23.so
7fcaf7a97000-7fcaf7b9f000 r-xp 00000000 08:02 21757957                   /lib/x86_64-linux-gnu/libm-2.23.so
7fcaf7b9f000-7fcaf7d9e000 ---p 00108000 08:02 21757957                   /lib/x86_64-linux-gnu/libm-2.23.so
7fcaf7d9e000-7fcaf7d9f000 r--p 00107000 08:02 21757957                   /lib/x86_64-linux-gnu/libm-2.23.so
7fcaf7d9f000-7fcaf7da0000 rw-p 00108000 08:02 21757957                   /lib/x86_64-linux-gnu/libm-2.23.so
7fcaf7da0000-7fcaf8a79000 r-xp 00000000 08:02 17301606                   /usr/local/java/jdk1.8.0_162/jre/lib/amd64/server/libjvm.so
7fcaf8a79000-7fcaf8c78000 ---p 00cd9000 08:02 17301606                   /usr/local/java/jdk1.8.0_162/jre/lib/amd64/server/libjvm.so
7fcaf8c78000-7fcaf8d52000 rw-p 00cd8000 08:02 17301606                   /usr/local/java/jdk1.8.0_162/jre/lib/amd64/server/libjvm.so
7fcaf8d52000-7fcaf8d9d000 rw-p 00000000 00:00 0 
7fcaf8d9d000-7fcaf8f5d000 r-xp 00000000 08:02 21758035                   /lib/x86_64-linux-gnu/libc-2.23.so
7fcaf8f5d000-7fcaf915d000 ---p 001c0000 08:02 21758035                   /lib/x86_64-linux-gnu/libc-2.23.so
7fcaf915d000-7fcaf9161000 r--p 001c0000 08:02 21758035                   /lib/x86_64-linux-gnu/libc-2.23.so
7fcaf9161000-7fcaf9163000 rw-p 001c4000 08:02 21758035                   /lib/x86_64-linux-gnu/libc-2.23.so
7fcaf9163000-7fcaf9167000 rw-p 00000000 00:00 0 
7fcaf9167000-7fcaf916a000 r-xp 00000000 08:02 21758037                   /lib/x86_64-linux-gnu/libdl-2.23.so
7fcaf916a000-7fcaf9369000 ---p 00003000 08:02 21758037                   /lib/x86_64-linux-gnu/libdl-2.23.so
7fcaf9369000-7fcaf936a000 r--p 00002000 08:02 21758037                   /lib/x86_64-linux-gnu/libdl-2.23.so
7fcaf936a000-7fcaf936b000 rw-p 00003000 08:02 21758037                   /lib/x86_64-linux-gnu/libdl-2.23.so
7fcaf936b000-7fcaf9381000 r-xp 00000000 08:02 17041765                   /usr/local/java/jdk1.8.0_162/lib/amd64/jli/libjli.so
7fcaf9381000-7fcaf9580000 ---p 00016000 08:02 17041765                   /usr/local/java/jdk1.8.0_162/lib/amd64/jli/libjli.so
7fcaf9580000-7fcaf9581000 rw-p 00015000 08:02 17041765                   /usr/local/java/jdk1.8.0_162/lib/amd64/jli/libjli.so
7fcaf9581000-7fcaf9599000 r-xp 00000000 08:02 21757977                   /lib/x86_64-linux-gnu/libpthread-2.23.so
7fcaf9599000-7fcaf9798000 ---p 00018000 08:02 21757977                   /lib/x86_64-linux-gnu/libpthread-2.23.so
7fcaf9798000-7fcaf9799000 r--p 00017000 08:02 21757977                   /lib/x86_64-linux-gnu/libpthread-2.23.so
7fcaf9799000-7fcaf979a000 rw-p 00018000 08:02 21757977                   /lib/x86_64-linux-gnu/libpthread-2.23.so
7fcaf979a000-7fcaf979e000 rw-p 00000000 00:00 0 
7fcaf979e000-7fcaf97c4000 r-xp 00000000 08:02 21757969                   /lib/x86_64-linux-gnu/ld-2.23.so
7fcaf97c4000-7fcaf97c5000 r--s 00000000 08:02 11667114                   /home/kevin/.m2/repository/org/springframework/boot/spring-boot-starter-thymeleaf/2.0.3.RELEASE/spring-boot-starter-thymeleaf-2.0.3.RELEASE.jar
7fcaf97c5000-7fcaf97c9000 r--s 00020000 08:02 9702637                    /home/kevin/.m2/repository/com/zaxxer/HikariCP/2.7.9/HikariCP-2.7.9.jar
7fcaf97c9000-7fcaf97ca000 r--s 00000000 08:02 11537316                   /home/kevin/.m2/repository/org/springframework/boot/spring-boot-starter-jdbc/2.0.3.RELEASE/spring-boot-starter-jdbc-2.0.3.RELEASE.jar
7fcaf97ca000-7fcaf97d1000 r--s 00042000 08:02 9702597                    /home/kevin/.m2/repository/org/yaml/snakeyaml/1.19/snakeyaml-1.19.jar
7fcaf97d1000-7fcaf97d3000 r--s 00005000 08:02 9702595                    /home/kevin/.m2/repository/javax/annotation/javax.annotation-api/1.3.2/javax.annotation-api-1.3.2.jar
7fcaf97d3000-7fcaf97d5000 r--s 00000000 08:02 9702593                    /home/kevin/.m2/repository/org/slf4j/jul-to-slf4j/1.7.25/jul-to-slf4j-1.7.25.jar
7fcaf97d5000-7fcaf97e0000 r--s 00069000 08:02 9702587                    /home/kevin/.m2/repository/ch/qos/logback/logback-core/1.2.3/logback-core-1.2.3.jar
7fcaf97e0000-7fcaf98a1000 rw-p 00000000 00:00 0 
7fcaf98a1000-7fcaf98a4000 ---p 00000000 00:00 0 
7fcaf98a4000-7fcaf99a7000 rw-p 00000000 00:00 0 
7fcaf99a7000-7fcaf99a8000 r--s 00000000 08:02 11405880                   /home/kevin/.m2/repository/org/springframework/boot/spring-boot-starter-aop/2.0.3.RELEASE/spring-boot-starter-aop-2.0.3.RELEASE.jar
7fcaf99a8000-7fcaf99ae000 r--s 00039000 08:02 9702591                    /home/kevin/.m2/repository/org/apache/logging/log4j/log4j-api/2.10.0/log4j-api-2.10.0.jar
7fcaf99ae000-7fcaf99b0000 r--s 00003000 08:02 9702589                    /home/kevin/.m2/repository/org/apache/logging/log4j/log4j-to-slf4j/2.10.0/log4j-to-slf4j-2.10.0.jar
7fcaf99b0000-7fcaf99b6000 r--s 00041000 08:02 9702585                    /home/kevin/.m2/repository/ch/qos/logback/logback-classic/1.2.3/logback-classic-1.2.3.jar
7fcaf99b6000-7fcaf99b7000 r--s 00000000 08:02 11274563                   /home/kevin/.m2/repository/org/springframework/boot/spring-boot-starter-logging/2.0.3.RELEASE/spring-boot-starter-logging-2.0.3.RELEASE.jar
7fcaf99b7000-7fcaf99b8000 r--s 00000000 08:02 10095343                   /home/kevin/.m2/repository/org/springframework/boot/spring-boot-starter/2.0.3.RELEASE/spring-boot-starter-2.0.3.RELEASE.jar
7fcaf99b8000-7fcaf99b9000 r--s 00000000 08:02 9832912                    /home/kevin/.m2/repository/org/springframework/boot/spring-boot-starter-data-jpa/2.0.3.RELEASE/spring-boot-starter-data-jpa-2.0.3.RELEASE.jar
7fcaf99b9000-7fcaf99c1000 rw-s 00000000 08:02 23073461                   /tmp/hsperfdata_kevin/3151
7fcaf99c1000-7fcaf99c2000 rw-p 00000000 00:00 0 
7fcaf99c2000-7fcaf99c3000 r--p 00000000 00:00 0 
7fcaf99c3000-7fcaf99c4000 r--p 00025000 08:02 21757969                   /lib/x86_64-linux-gnu/ld-2.23.so
7fcaf99c4000-7fcaf99c5000 rw-p 00026000 08:02 21757969                   /lib/x86_64-linux-gnu/ld-2.23.so
7fcaf99c5000-7fcaf99c6000 rw-p 00000000 00:00 0 
7ffc94b99000-7ffc94bbc000 rw-p 00000000 00:00 0                          [stack]
7ffc94bc4000-7ffc94bc7000 r--p 00000000 00:00 0                          [vvar]
7ffc94bc7000-7ffc94bc9000 r-xp 00000000 00:00 0                          [vdso]
ffffffffff600000-ffffffffff601000 r-xp 00000000 00:00 0                  [vsyscall]

VM Arguments:
jvm_args: -Dcom.sun.management.jmxremote -Dcom.sun.management.jmxremote.port=37465 -Dcom.sun.management.jmxremote.authenticate=false -Dcom.sun.management.jmxremote.ssl=false -Djava.rmi.server.hostname=localhost -Dspring.liveBeansView.mbeanDomain -Dspring.application.admin.enabled=true -Djava.security.egd=file:/dev/./urandom -Xverify:none -XX:TieredStopAtLevel=1 -Dfile.encoding=UTF-8 
java_command: com.springcontrolcomedor.app.SpringControlComedorApplication --spring.output.ansi.enabled=always
java_class_path (initial): /usr/local/java/jdk1.8.0_162/jre/lib/resources.jar:/usr/local/java/jdk1.8.0_162/jre/lib/rt.jar:/usr/local/java/jdk1.8.0_162/jre/lib/jsse.jar:/usr/local/java/jdk1.8.0_162/jre/lib/jce.jar:/usr/local/java/jdk1.8.0_162/jre/lib/charsets.jar:/usr/local/java/jdk1.8.0_162/jre/lib/jfr.jar:/usr/local/java/jdk1.8.0_162/jre/lib/ext/jaccess.jar:/usr/local/java/jdk1.8.0_162/jre/lib/ext/localedata.jar:/usr/local/java/jdk1.8.0_162/jre/lib/ext/sunec.jar:/usr/local/java/jdk1.8.0_162/jre/lib/ext/sunpkcs11.jar:/usr/local/java/jdk1.8.0_162/jre/lib/ext/cldrdata.jar:/usr/local/java/jdk1.8.0_162/jre/lib/ext/zipfs.jar:/usr/local/java/jdk1.8.0_162/jre/lib/ext/sunjce_provider.jar:/usr/local/java/jdk1.8.0_162/jre/lib/ext/nashorn.jar:/usr/local/java/jdk1.8.0_162/jre/lib/ext/jfxrt.jar:/usr/local/java/jdk1.8.0_162/jre/lib/ext/dnsns.jar:/home/kevin/Documentos/proyectos_sts/spring-control-comedor/target/classes:/home/kevin/.m2/repository/org/springframework/boot/spring-boot-starter-data-jpa/2.0.3.RELEASE/spring-boot-starter-data-jpa-2.0.3.RELEASE.jar:/home/kevin/.m2/repository/org/springframework/boot/spring-boot-starter/2.0.3.RELEASE/spring-boot-starter-2.0.3.RELEASE.jar:/home/kevin/.m2/repository/org/springframework/boot/spring-boot-starter-logging/2.0.3.RELEASE/spring-boot-starter-logging-2.0.3.RELEASE.jar:/home/kevin/.m2/repository/ch/qos/logback/logback-classic/1.2.3/logback-classic-1.2.3.jar:/home/kevin/.m2/repository/ch/qos/logback/logback-core/1.2.3/logback-core-1.2.3.jar:/home/kevin/.m2/repository/org/apache/logging/log4j/log4j-to-slf4j/2.10.0/log4j-to-slf4j-2.10.0.jar:/home/kevin/.m2/repository/org/apache/logging/log4j/log4j-api/2.10.0/log4j-api-2.10.0.jar:/home/kevin/.m2/repository/org/slf4j/jul-to-slf4j/1.7.25/jul-to-slf4j-1.7.25.jar:/home/kevin/.m2/repository/javax/annotation/javax.annotation-api/1.3.2/javax.annotation-api-1.3.2.jar:/home/kevin/.m2/repository/org/yaml/snakeyaml/1.19/snakeyaml-1.19.jar:/home/kevin/.m2/repository/org/springframework/boot/spri
Launcher Type: SUN_STANDARD

Environment Variables:
JAVA_HOME=/usr/local/java/jdk1.8.0_162
PATH=/home/kevin/bin:/home/kevin/.local/bin:/usr/local/sbin:/usr/local/bin:/usr/sbin:/usr/bin:/sbin:/bin:/usr/games:/usr/local/games:/snap/bin:/home/kevin/bin:/usr/local/java/jdk1.8.0_162/bin
SHELL=/bin/bash
DISPLAY=:0

Signal Handlers:
SIGSEGV: [libjvm.so+0xad03c0], sa_mask[0]=11111111011111111101111111111110, sa_flags=SA_RESTART|SA_SIGINFO
SIGBUS: [libjvm.so+0xad03c0], sa_mask[0]=11111111011111111101111111111110, sa_flags=SA_RESTART|SA_SIGINFO
SIGFPE: [libjvm.so+0x928210], sa_mask[0]=11111111011111111101111111111110, sa_flags=SA_RESTART|SA_SIGINFO
SIGPIPE: [libjvm.so+0x928210], sa_mask[0]=11111111011111111101111111111110, sa_flags=SA_RESTART|SA_SIGINFO
SIGXFSZ: [libjvm.so+0x928210], sa_mask[0]=11111111011111111101111111111110, sa_flags=SA_RESTART|SA_SIGINFO
SIGILL: [libjvm.so+0x928210], sa_mask[0]=11111111011111111101111111111110, sa_flags=SA_RESTART|SA_SIGINFO
SIGUSR1: SIG_DFL, sa_mask[0]=00000000000000000000000000000000, sa_flags=none
SIGUSR2: [libjvm.so+0x929a70], sa_mask[0]=00100000000000000000000000000000, sa_flags=SA_RESTART|SA_SIGINFO
SIGHUP: [libjvm.so+0x92ae70], sa_mask[0]=11111111011111111101111111111110, sa_flags=SA_RESTART|SA_SIGINFO
SIGINT: [libjvm.so+0x92ae70], sa_mask[0]=11111111011111111101111111111110, sa_flags=SA_RESTART|SA_SIGINFO
SIGTERM: [libjvm.so+0x92ae70], sa_mask[0]=11111111011111111101111111111110, sa_flags=SA_RESTART|SA_SIGINFO
SIGQUIT: [libjvm.so+0x92ae70], sa_mask[0]=11111111011111111101111111111110, sa_flags=SA_RESTART|SA_SIGINFO


---------------  S Y S T E M  ---------------

OS:DISTRIB_ID=Ubuntu
DISTRIB_RELEASE=16.04
DISTRIB_CODENAME=xenial
DISTRIB_DESCRIPTION="Ubuntu 16.04.3 LTS"

uname:Linux 4.13.0-45-generic #50~16.04.1-Ubuntu SMP Wed May 30 11:18:27 UTC 2018 x86_64
libc:glibc 2.23 NPTL 2.23 
rlimit: STACK 8192k, CORE 0k, NPROC 22962, NOFILE 1048576, AS infinity
load average:1,35 1,30 1,24

/proc/meminfo:
MemTotal:        5997932 kB
MemFree:          984196 kB
MemAvailable:    2465988 kB
Buffers:          129864 kB
Cached:          1640320 kB
SwapCached:            0 kB
Active:          3445792 kB
Inactive:        1269892 kB
Active(anon):    2803432 kB
Inactive(anon):   279316 kB
Active(file):     642360 kB
Inactive(file):   990576 kB
Unevictable:         168 kB
Mlocked:             168 kB
SwapTotal:       6184956 kB
SwapFree:        6184956 kB
Dirty:               172 kB
Writeback:             0 kB
AnonPages:       2945736 kB
Mapped:           526416 kB
Shmem:            280704 kB
Slab:             168812 kB
SReclaimable:     125316 kB
SUnreclaim:        43496 kB
KernelStack:       11728 kB
PageTables:        49616 kB
NFS_Unstable:          0 kB
Bounce:                0 kB
WritebackTmp:          0 kB
CommitLimit:     9183920 kB
Committed_AS:    8192628 kB
VmallocTotal:   34359738367 kB
VmallocUsed:           0 kB
VmallocChunk:          0 kB
HardwareCorrupted:     0 kB
AnonHugePages:      8192 kB
ShmemHugePages:        0 kB
ShmemPmdMapped:        0 kB
CmaTotal:              0 kB
CmaFree:               0 kB
HugePages_Total:       0
HugePages_Free:        0
HugePages_Rsvd:        0
HugePages_Surp:        0
Hugepagesize:       2048 kB
DirectMap4k:      145152 kB
DirectMap2M:     6041600 kB


CPU:total 4 (initial active 4) (2 cores per cpu, 2 threads per core) family 6 model 42 stepping 7, cmov, cx8, fxsr, mmx, sse, sse2, sse3, ssse3, sse4.1, sse4.2, popcnt, avx, clmul, ht, tsc, tscinvbit

/proc/cpuinfo:
processor	: 0
vendor_id	: GenuineIntel
cpu family	: 6
model		: 42
model name	: Intel(R) Core(TM) i3-2328M CPU @ 2.20GHz
stepping	: 7
microcode	: 0x2d
cpu MHz		: 1361.701
cache size	: 3072 KB
physical id	: 0
siblings	: 4
core id		: 0
cpu cores	: 2
apicid		: 0
initial apicid	: 0
fpu		: yes
fpu_exception	: yes
cpuid level	: 13
wp		: yes
flags		: fpu vme de pse tsc msr pae mce cx8 apic sep mtrr pge mca cmov pat pse36 clflush dts acpi mmx fxsr sse sse2 ss ht tm pbe syscall nx rdtscp lm constant_tsc arch_perfmon pebs bts rep_good nopl xtopology nonstop_tsc cpuid aperfmperf pni pclmulqdq dtes64 monitor ds_cpl vmx est tm2 ssse3 cx16 xtpr pdcm pcid sse4_1 sse4_2 x2apic popcnt tsc_deadline_timer xsave avx lahf_lm epb pti retpoline spec_ctrl tpr_shadow vnmi flexpriority ept vpid xsaveopt dtherm arat pln pts
bugs		: cpu_meltdown spectre_v1 spectre_v2 spec_store_bypass
bogomips	: 4390.08
clflush size	: 64
cache_alignment	: 64
address sizes	: 36 bits physical, 48 bits virtual
power management:

processor	: 1
vendor_id	: GenuineIntel
cpu family	: 6
model		: 42
model name	: Intel(R) Core(TM) i3-2328M CPU @ 2.20GHz
stepping	: 7
microcode	: 0x2d
cpu MHz		: 1154.740
cache size	: 3072 KB
physical id	: 0
siblings	: 4
core id		: 0
cpu cores	: 2
apicid		: 1
initial apicid	: 1
fpu		: yes
fpu_exception	: yes
cpuid level	: 13
wp		: yes
flags		: fpu vme de pse tsc msr pae mce cx8 apic sep mtrr pge mca cmov pat pse36 clflush dts acpi mmx fxsr sse sse2 ss ht tm pbe syscall nx rdtscp lm constant_tsc arch_perfmon pebs bts rep_good nopl xtopology nonstop_tsc cpuid aperfmperf pni pclmulqdq dtes64 monitor ds_cpl vmx est tm2 ssse3 cx16 xtpr pdcm pcid sse4_1 sse4_2 x2apic popcnt tsc_deadline_timer xsave avx lahf_lm epb pti retpoline spec_ctrl tpr_shadow vnmi flexpriority ept vpid xsaveopt dtherm arat pln pts
bugs		: cpu_meltdown spectre_v1 spectre_v2 spec_store_bypass
bogomips	: 4390.08
clflush size	: 64
cache_alignment	: 64
address sizes	: 36 bits physical, 48 bits virtual
power management:

processor	: 2
vendor_id	: GenuineIntel
cpu family	: 6
model		: 42
model name	: Intel(R) Core(TM) i3-2328M CPU @ 2.20GHz
stepping	: 7
microcode	: 0x2d
cpu MHz		: 1289.457
cache size	: 3072 KB
physical id	: 0
siblings	: 4
core id		: 1
cpu cores	: 2
apicid		: 2
initial apicid	: 2
fpu		: yes
fpu_exception	: yes
cpuid level	: 13
wp		: yes
flags		: fpu vme de pse tsc msr pae mce cx8 apic sep mtrr pge mca cmov pat pse36 clflush dts acpi mmx fxsr sse sse2 ss ht tm pbe syscall nx rdtscp lm constant_tsc arch_perfmon pebs bts rep_good nopl xtopology nonstop_tsc cpuid aperfmperf pni pclmulqdq dtes64 monitor ds_cpl vmx est tm2 ssse3 cx16 xtpr pdcm pcid sse4_1 sse4_2 x2apic popcnt tsc_deadline_timer xsave avx lahf_lm epb pti retpoline spec_ctrl tpr_shadow vnmi flexpriority ept vpid xsaveopt dtherm arat pln pts
bugs		: cpu_meltdown spectre_v1 spectre_v2 spec_store_bypass
bogomips	: 4390.08
clflush size	: 64
cache_alignment	: 64
address sizes	: 36 bits physical, 48 bits virtual
power management:

processor	: 3
vendor_id	: GenuineIntel
cpu family	: 6
model		: 42
model name	: Intel(R) Core(TM) i3-2328M CPU @ 2.20GHz
stepping	: 7
microcode	: 0x2d
cpu MHz		: 1236.897
cache size	: 3072 KB
physical id	: 0
siblings	: 4
core id		: 1
cpu cores	: 2
apicid		: 3
initial apicid	: 3
fpu		: yes
fpu_exception	: yes
cpuid level	: 13
wp		: yes
flags		: fpu vme de pse tsc msr pae mce cx8 apic sep mtrr pge mca cmov pat pse36 clflush dts acpi mmx fxsr sse sse2 ss ht tm pbe syscall nx rdtscp lm constant_tsc arch_perfmon pebs bts rep_good nopl xtopology nonstop_tsc cpuid aperfmperf pni pclmulqdq dtes64 monitor ds_cpl vmx est tm2 ssse3 cx16 xtpr pdcm pcid sse4_1 sse4_2 x2apic popcnt tsc_deadline_timer xsave avx lahf_lm epb pti retpoline spec_ctrl tpr_shadow vnmi flexpriority ept vpid xsaveopt dtherm arat pln pts
bugs		: cpu_meltdown spectre_v1 spectre_v2 spec_store_bypass
bogomips	: 4390.08
clflush size	: 64
cache_alignment	: 64
address sizes	: 36 bits physical, 48 bits virtual
power management:



Memory: 4k page, physical 5997932k(984072k free), swap 6184956k(6184956k free)

vm_info: Java HotSpot(TM) 64-Bit Server VM (25.162-b12) for linux-amd64 JRE (1.8.0_162-b12), built on Dec 19 2017 21:15:48 by "java_re" with gcc 4.3.0 20080428 (Red Hat 4.3.0-8)

time: Wed Jun 27 23:36:33 2018
elapsed time: 1216 seconds (0d 0h 20m 16s)

