#
# A fatal error has been detected by the Java Runtime Environment:
#
#  SIGSEGV (0xb) at pc=0x00007f825590a34f, pid=4467, tid=0x00007f81ee2fa700
#
# JRE version: Java(TM) SE Runtime Environment (8.0_162-b12) (build 1.8.0_162-b12)
# Java VM: Java HotSpot(TM) 64-Bit Server VM (25.162-b12 mixed mode linux-amd64 compressed oops)
# Problematic frame:
# J 4603 C1 org.springframework.boot.devtools.filewatch.FolderSnapshot.collectFiles(Ljava/io/File;Ljava/util/Set;)V (99 bytes) @ 0x00007f825590a34f [0x00007f825590a2e0+0x6f]
#
# Failed to write core dump. Core dumps have been disabled. To enable core dumping, try "ulimit -c unlimited" before starting Java again
#
# If you would like to submit a bug report, please visit:
#   http://bugreport.java.com/bugreport/crash.jsp
#

---------------  T H R E A D  ---------------

Current thread (0x00007f8200bb0000):  JavaThread "File Watcher" daemon [_thread_in_Java, id=4508, stack(0x00007f81ee1fa000,0x00007f81ee2fb000)]

siginfo: si_signo: 11 (SIGSEGV), si_code: 2 (SEGV_ACCERR), si_addr: 0x00000000aae6af28

Registers:
RAX=0x00000000eae6a240, RBX=0x0000000000000003, RCX=0x0000000000000000, RDX=0x00000000aae6af28
RSP=0x00007f81ee2f9360, RBP=0x00007f81ee2f9698, RSI=0x00000000e9c16fc8, RDI=0x000000000000000a
R8 =0x00000000a4600228, R9 =0x0000000000000000, R10=0x00000000eaea4fb0, R11=0x0000000059204689
R12=0x0000000000000000, R13=0x00000000eaea4548, R14=0x0000000000002000, R15=0x00007f8200bb0000
RIP=0x00007f825590a34f, EFLAGS=0x0000000000010297, CSGSFS=0x002b000000000033, ERR=0x0000000000000004
  TRAPNO=0x000000000000000e

Top of Stack: (sp=0x00007f81ee2f9360)
0x00007f81ee2f9360:   00007f81ee2f9698 00000000eae65c88
0x00007f81ee2f9370:   00007f81ee2f9698 00007f82551acaac
0x00007f81ee2f9380:   00000000eae69c98 00000000a6979998
0x00007f81ee2f9390:   00007f81ee2f9698 00007f825565b914
0x00007f81ee2f93a0:   00000000e9c16fb8 00000000e9c16e00
0x00007f81ee2f93b0:   00000000eae6aaf0 0000000a00000002
0x00007f81ee2f93c0:   00000000eae6a240 00000000eae65c88
0x00007f81ee2f93d0:   00000000eae65010 00007f8255700b74
0x00007f81ee2f93e0:   00007f81ee2f9698 00007f825590a45c
0x00007f81ee2f93f0:   00007f81ee2f9440 00000000e9d10810
0x00007f81ee2f9400:   00007f81ee2f9698 00007f82551acaac
0x00007f81ee2f9410:   00000000eae64aa0 00000000a6979998
0x00007f81ee2f9420:   00007f81ee2f9698 00007f825565b914
0x00007f81ee2f9430:   00000000e9c16fb8 00000000e9c16e00
0x00007f81ee2f9440:   00000000eae65c88 0000000900000003
0x00007f81ee2f9450:   00000000eae65048 00000000eae69240
0x00007f81ee2f9460:   00000000e9d0e7e8 00007f8255700b74
0x00007f81ee2f9470:   00007f81ee2f9698 00007f825590a45c
0x00007f81ee2f9480:   00007f81ee2f94d0 00000000e9c19768
0x00007f81ee2f9490:   00007f81ee2f9698 00007f82551acaac
0x00007f81ee2f94a0:   00000000e9d0d9b0 00000000a6979998
0x00007f81ee2f94b0:   00007f81ee2f9698 00007f825565b914
0x00007f81ee2f94c0:   00000000e9c16fb8 00000000e9c16e00
0x00007f81ee2f94d0:   00000000e9d10810 0000001e00000008
0x00007f81ee2f94e0:   00000000e9d0e870 00000000e9c19768
0x00007f81ee2f94f0:   00000000e9c189b0 00007f8255700b74
0x00007f81ee2f9500:   00007f81ee2f9698 00007f825590a45c
0x00007f81ee2f9510:   00007f81ee2f9550 00000000e9c173b8
0x00007f81ee2f9520:   00007f81ee2f9698 00007f82551acaac
0x00007f81ee2f9530:   00000000e9c18518 00000000a6979998
0x00007f81ee2f9540:   00007f81ee2f9698 00007f825565b914
0x00007f81ee2f9550:   00000000e9c16fb8 00000000e9c16e00 

Instructions: (pc=0x00007f825590a34f)
0x00007f825590a32f:   43 01 00 00 8b 78 0c 89 7c 24 5c bb 00 00 00 00
0x00007f825590a33f:   90 3b df 0f 8d 2e 01 00 00 48 63 d3 8b 54 90 10
0x00007f825590a34f:   48 3b 02 48 8b f2 89 5c 24 58 48 89 54 24 50 90
0x00007f825590a35f:   e8 1c 15 d5 ff 83 f8 00 0f 84 3b 00 00 00 48 8b 

Register to memory mapping:

RAX=0x00000000eae6a240 is an oop
[Ljava.io.File; 
 - klass: 'java/io/File'[]
 - length: 10
RBX=0x0000000000000003 is an unknown value
RCX=0x0000000000000000 is an unknown value
RDX=0x00000000aae6af28 is an unallocated location in the heap
RSP=0x00007f81ee2f9360 is pointing into the stack for thread: 0x00007f8200bb0000
RBP=0x00007f81ee2f9698 is pointing into the stack for thread: 0x00007f8200bb0000
RSI=0x00000000e9c16fc8 is an oop
java.util.LinkedHashMap 
 - klass: 'java/util/LinkedHashMap'
RDI=0x000000000000000a is an unknown value
R8 =0x00000000a4600228 is an oop
java.lang.Object 
 - klass: 'java/lang/Object'
R9 =0x0000000000000000 is an unknown value
R10=0x00000000eaea4fb0 is an oop
java.util.LinkedHashMap$Entry 
 - klass: 'java/util/LinkedHashMap$Entry'
R11=0x0000000059204689 is an unknown value
R12=0x0000000000000000 is an unknown value
R13=0x00000000eaea4548 is an oop
org.springframework.boot.devtools.filewatch.FileSnapshot 
 - klass: 'org/springframework/boot/devtools/filewatch/FileSnapshot'
R14=0x0000000000002000 is an unknown value
R15=0x00007f8200bb0000 is a thread


Stack: [0x00007f81ee1fa000,0x00007f81ee2fb000],  sp=0x00007f81ee2f9360,  free space=1020k
Native frames: (J=compiled Java code, j=interpreted, Vv=VM code, C=native code)
J 4603 C1 org.springframework.boot.devtools.filewatch.FolderSnapshot.collectFiles(Ljava/io/File;Ljava/util/Set;)V (99 bytes) @ 0x00007f825590a34f [0x00007f825590a2e0+0x6f]
J 4603 C1 org.springframework.boot.devtools.filewatch.FolderSnapshot.collectFiles(Ljava/io/File;Ljava/util/Set;)V (99 bytes) @ 0x00007f825590a45c [0x00007f825590a2e0+0x17c]
J 4603 C1 org.springframework.boot.devtools.filewatch.FolderSnapshot.collectFiles(Ljava/io/File;Ljava/util/Set;)V (99 bytes) @ 0x00007f825590a45c [0x00007f825590a2e0+0x17c]
J 4603 C1 org.springframework.boot.devtools.filewatch.FolderSnapshot.collectFiles(Ljava/io/File;Ljava/util/Set;)V (99 bytes) @ 0x00007f825590a45c [0x00007f825590a2e0+0x17c]
J 4603 C1 org.springframework.boot.devtools.filewatch.FolderSnapshot.collectFiles(Ljava/io/File;Ljava/util/Set;)V (99 bytes) @ 0x00007f825590a45c [0x00007f825590a2e0+0x17c]
j  org.springframework.boot.devtools.filewatch.FolderSnapshot.<init>(Ljava/io/File;)V+46
j  org.springframework.boot.devtools.filewatch.FileSystemWatcher$Watcher.getCurrentSnapshots()Ljava/util/Map;+49
j  org.springframework.boot.devtools.filewatch.FileSystemWatcher$Watcher.scan()V+20
j  org.springframework.boot.devtools.filewatch.FileSystemWatcher$Watcher.run()V+30
j  java.lang.Thread.run()V+11
v  ~StubRoutines::call_stub
V  [libjvm.so+0x695b86]  JavaCalls::call_helper(JavaValue*, methodHandle*, JavaCallArguments*, Thread*)+0x1056
V  [libjvm.so+0x696091]  JavaCalls::call_virtual(JavaValue*, KlassHandle, Symbol*, Symbol*, JavaCallArguments*, Thread*)+0x321
V  [libjvm.so+0x696537]  JavaCalls::call_virtual(JavaValue*, Handle, KlassHandle, Symbol*, Symbol*, Thread*)+0x47
V  [libjvm.so+0x731d60]  thread_entry(JavaThread*, Thread*)+0xa0
V  [libjvm.so+0xa7ede3]  JavaThread::thread_main_inner()+0x103
V  [libjvm.so+0xa7ef2c]  JavaThread::run()+0x11c
V  [libjvm.so+0x92dcc8]  java_start(Thread*)+0x108
C  [libpthread.so.0+0x76ba]  start_thread+0xca


---------------  P R O C E S S  ---------------

Java Threads: ( => current thread )
  0x00007f8218005000 JavaThread "RMI TCP Connection(idle)" daemon [_thread_blocked, id=4532, stack(0x00007f81ecbe6000,0x00007f81ecce7000)]
  0x00007f8218003000 JavaThread "RMI TCP Connection(idle)" daemon [_thread_blocked, id=4530, stack(0x00007f81ecde8000,0x00007f81ecee9000)]
  0x00007f8210005000 JavaThread "RMI TCP Connection(idle)" daemon [_thread_blocked, id=4529, stack(0x00007f81ecee9000,0x00007f81ecfea000)]
  0x00007f8210003800 JavaThread "RMI TCP Connection(idle)" daemon [_thread_blocked, id=4527, stack(0x00007f8220cfe000,0x00007f8220dff000)]
  0x00007f8210002800 JavaThread "RMI TCP Connection(idle)" daemon [_thread_blocked, id=4526, stack(0x00007f8250033000,0x00007f8250134000)]
  0x00007f82647bc800 JavaThread "DestroyJavaVM" [_thread_blocked, id=4472, stack(0x00007f826d1e5000,0x00007f826d2e6000)]
  0x00007f8200c32800 JavaThread "http-nio-8080-AsyncTimeout" daemon [_thread_blocked, id=4525, stack(0x00007f81ecfea000,0x00007f81ed0eb000)]
  0x00007f8200c31000 JavaThread "http-nio-8080-Acceptor-0" daemon [_thread_in_native, id=4524, stack(0x00007f81ed0eb000,0x00007f81ed1ec000)]
  0x00007f8200c2e000 JavaThread "http-nio-8080-ClientPoller-1" daemon [_thread_in_native, id=4523, stack(0x00007f81ed1ec000,0x00007f81ed2ed000)]
  0x00007f8200c13800 JavaThread "http-nio-8080-ClientPoller-0" daemon [_thread_in_native, id=4522, stack(0x00007f81ed2ed000,0x00007f81ed3ee000)]
  0x00007f8200bf8000 JavaThread "http-nio-8080-exec-10" daemon [_thread_blocked, id=4521, stack(0x00007f81ed3ee000,0x00007f81ed4ef000)]
  0x00007f8200bf6000 JavaThread "http-nio-8080-exec-9" daemon [_thread_blocked, id=4520, stack(0x00007f81ed4ef000,0x00007f81ed5f0000)]
  0x00007f8200bf4000 JavaThread "http-nio-8080-exec-8" daemon [_thread_blocked, id=4519, stack(0x00007f81ed5f0000,0x00007f81ed6f1000)]
  0x00007f8200bf2000 JavaThread "http-nio-8080-exec-7" daemon [_thread_blocked, id=4518, stack(0x00007f81ed6f1000,0x00007f81ed7f2000)]
  0x00007f8200bf0000 JavaThread "http-nio-8080-exec-6" daemon [_thread_blocked, id=4517, stack(0x00007f81ed7f2000,0x00007f81ed8f3000)]
  0x00007f8200bee000 JavaThread "http-nio-8080-exec-5" daemon [_thread_blocked, id=4516, stack(0x00007f81ed8f3000,0x00007f81ed9f4000)]
  0x00007f8200bec000 JavaThread "http-nio-8080-exec-4" daemon [_thread_blocked, id=4515, stack(0x00007f81ed9f4000,0x00007f81edaf5000)]
  0x00007f8200bea000 JavaThread "http-nio-8080-exec-3" daemon [_thread_blocked, id=4514, stack(0x00007f81edaf5000,0x00007f81edbf6000)]
  0x00007f8200be8000 JavaThread "http-nio-8080-exec-2" daemon [_thread_blocked, id=4513, stack(0x00007f81edbf6000,0x00007f81edcf7000)]
  0x00007f8200be6800 JavaThread "http-nio-8080-exec-1" daemon [_thread_blocked, id=4512, stack(0x00007f81edcf7000,0x00007f81eddf8000)]
  0x00007f8200bdf800 JavaThread "NioBlockingSelector.BlockPoller-1" daemon [_thread_in_native, id=4511, stack(0x00007f81eddf8000,0x00007f81edef9000)]
  0x00007f8200bb8800 JavaThread "Live Reload Server" daemon [_thread_in_native, id=4510, stack(0x00007f81ee0f9000,0x00007f81ee1fa000)]
=>0x00007f8200bb0000 JavaThread "File Watcher" daemon [_thread_in_Java, id=4508, stack(0x00007f81ee1fa000,0x00007f81ee2fb000)]
  0x00007f82007c2000 JavaThread "HikariPool-1 housekeeper" daemon [_thread_blocked, id=4504, stack(0x00007f81eedfc000,0x00007f81eeefd000)]
  0x00007f8200701000 JavaThread "Abandoned connection cleanup thread" daemon [_thread_blocked, id=4503, stack(0x00007f81ef0fd000,0x00007f81ef1fe000)]
  0x00007f82006d7000 JavaThread "container-0" [_thread_blocked, id=4502, stack(0x00007f81ef1fe000,0x00007f81ef2ff000)]
  0x00007f82006d4800 JavaThread "ContainerBackgroundProcessor[StandardEngine[Tomcat]]" daemon [_thread_blocked, id=4501, stack(0x00007f81ef2ff000,0x00007f81ef400000)]
  0x00007f81fc00b000 JavaThread "JMX server connection timeout 20" daemon [_thread_blocked, id=4496, stack(0x00007f82203f9000,0x00007f82204fa000)]
  0x00007f81f8005800 JavaThread "RMI Scheduler(0)" daemon [_thread_blocked, id=4495, stack(0x00007f82206fa000,0x00007f82207fb000)]
  0x00007f8218001000 JavaThread "RMI TCP Connection(idle)" daemon [_thread_blocked, id=4494, stack(0x00007f82207fb000,0x00007f82208fc000)]
  0x00007f8210001000 JavaThread "RMI TCP Connection(idle)" daemon [_thread_blocked, id=4492, stack(0x00007f82208fc000,0x00007f82209fd000)]
  0x00007f82644e0000 JavaThread "RMI TCP Accept-0" daemon [_thread_in_native, id=4487, stack(0x00007f8250261000,0x00007f8250362000)]
  0x00007f82644ae800 JavaThread "RMI TCP Accept-42977" daemon [_thread_in_native, id=4486, stack(0x00007f825036c000,0x00007f825046d000)]
  0x00007f826449a000 JavaThread "RMI TCP Accept-0" daemon [_thread_in_native, id=4485, stack(0x00007f825046d000,0x00007f825056e000)]
  0x00007f82640c5000 JavaThread "Service Thread" daemon [_thread_blocked, id=4484, stack(0x00007f8250dd4000,0x00007f8250ed5000)]
  0x00007f82640c2000 JavaThread "C1 CompilerThread2" daemon [_thread_blocked, id=4483, stack(0x00007f8250ed5000,0x00007f8250fd6000)]
  0x00007f82640c0000 JavaThread "C2 CompilerThread1" daemon [_thread_blocked, id=4482, stack(0x00007f8250fd6000,0x00007f82510d7000)]
  0x00007f82640bd000 JavaThread "C2 CompilerThread0" daemon [_thread_blocked, id=4481, stack(0x00007f82510d7000,0x00007f82511d8000)]
  0x00007f82640bb800 JavaThread "Signal Dispatcher" daemon [_thread_blocked, id=4480, stack(0x00007f82511d8000,0x00007f82512d9000)]
  0x00007f8264088800 JavaThread "Finalizer" daemon [_thread_blocked, id=4479, stack(0x00007f8251826000,0x00007f8251927000)]
  0x00007f8264084000 JavaThread "Reference Handler" daemon [_thread_blocked, id=4478, stack(0x00007f8251927000,0x00007f8251a28000)]

Other Threads:
  0x00007f826407c800 VMThread [stack: 0x00007f8251a28000,0x00007f8251b29000] [id=4477]
  0x00007f82644e3000 WatcherThread [stack: 0x00007f8250160000,0x00007f8250261000] [id=4488]

VM state:not at safepoint (normal execution)

VM Mutex/Monitor currently owned by a thread: None

Heap:
 PSYoungGen      total 374784K, used 164792K [0x00000000e1780000, 0x00000000fd200000, 0x0000000100000000)
  eden space 357888K, 44% used [0x00000000e1780000,0x00000000eb3880b8,0x00000000f7500000)
  from space 16896K, 29% used [0x00000000f7500000,0x00000000f79e60a0,0x00000000f8580000)
  to   space 16896K, 0% used [0x00000000fc180000,0x00000000fc180000,0x00000000fd200000)
 ParOldGen       total 69120K, used 38074K [0x00000000a4600000, 0x00000000a8980000, 0x00000000e1780000)
  object space 69120K, 55% used [0x00000000a4600000,0x00000000a6b2e830,0x00000000a8980000)
 Metaspace       used 52908K, capacity 55356K, committed 55552K, reserved 1097728K
  class space    used 7164K, capacity 7615K, committed 7680K, reserved 1048576K

Card table byte_map: [0x00007f8269c9e000,0x00007f8269f7c000] byte_map_base: 0x00007f826977b000

Marking Bits: (ParMarkBitMap*) 0x00007f826c6b3ca0
 Begin Bits: [0x00007f8252230000, 0x00007f8253918000)
 End Bits:   [0x00007f8253918000, 0x00007f8255000000)

Polling page: 0x00007f826d306000

CodeCache: size=245760Kb used=10219Kb max_used=10221Kb free=235540Kb
 bounds [0x00007f8255000000, 0x00007f8255a00000, 0x00007f8264000000]
 total_blobs=5774 nmethods=5195 adapters=491
 compilation: enabled

Compilation events (10 events):
Event: 31,127 Thread 0x00007f82640c2000 5286       1       java.lang.Thread::isInterrupted (6 bytes)
Event: 31,127 Thread 0x00007f82640c2000 nmethod 5286 0x00007f82559fc250 code [0x00007f82559fc3c0, 0x00007f82559fc4e8]
Event: 33,209 Thread 0x00007f82640c2000 5287  s    1       org.apache.tomcat.util.collections.SynchronizedQueue::size (23 bytes)
Event: 33,209 Thread 0x00007f82640c2000 nmethod 5287 0x00007f82559fc550 code [0x00007f82559fc6a0, 0x00007f82559fc930]
Event: 33,967 Thread 0x00007f82640c2000 5288       1       org.apache.catalina.webresources.CachedResource::getNextCheck (5 bytes)
Event: 33,967 Thread 0x00007f82640c2000 nmethod 5288 0x00007f82559fc9d0 code [0x00007f82559fcb20, 0x00007f82559fcc30]
Event: 34,208 Thread 0x00007f82640c2000 5289       1       java.nio.channels.spi.AbstractSelector::isOpen (8 bytes)
Event: 34,208 Thread 0x00007f82640c2000 nmethod 5289 0x00007f82559fcc90 code [0x00007f82559fcde0, 0x00007f82559fcf10]
Event: 48,224 Thread 0x00007f82640c2000 5290   !   1       org.apache.tomcat.util.net.NioEndpoint$Poller::events (103 bytes)
Event: 48,227 Thread 0x00007f82640c2000 nmethod 5290 0x00007f82559fcf90 code [0x00007f82559fd140, 0x00007f82559fd5f8]

GC Heap History (10 events):
Event: 9,449 GC heap before
{Heap before GC invocations=13 (full 2):
 PSYoungGen      total 240640K, used 240269K [0x00000000e1780000, 0x00000000f1c80000, 0x0000000100000000)
  eden space 226816K, 100% used [0x00000000e1780000,0x00000000ef500000,0x00000000ef500000)
  from space 13824K, 97% used [0x00000000f0f00000,0x00000000f1c236d0,0x00000000f1c80000)
  to   space 18432K, 0% used [0x00000000ef880000,0x00000000ef880000,0x00000000f0a80000)
 ParOldGen       total 69120K, used 23453K [0x00000000a4600000, 0x00000000a8980000, 0x00000000e1780000)
  object space 69120K, 33% used [0x00000000a4600000,0x00000000a5ce76e8,0x00000000a8980000)
 Metaspace       used 45836K, capacity 47990K, committed 48256K, reserved 1091584K
  class space    used 6300K, capacity 6704K, committed 6784K, reserved 1048576K
Event: 9,472 GC heap after
Heap after GC invocations=13 (full 2):
 PSYoungGen      total 248832K, used 11879K [0x00000000e1780000, 0x00000000f6200000, 0x0000000100000000)
  eden space 230400K, 0% used [0x00000000e1780000,0x00000000e1780000,0x00000000ef880000)
  from space 18432K, 64% used [0x00000000ef880000,0x00000000f0419f70,0x00000000f0a80000)
  to   space 18944K, 0% used [0x00000000f4f80000,0x00000000f4f80000,0x00000000f6200000)
 ParOldGen       total 69120K, used 28835K [0x00000000a4600000, 0x00000000a8980000, 0x00000000e1780000)
  object space 69120K, 41% used [0x00000000a4600000,0x00000000a6228cf0,0x00000000a8980000)
 Metaspace       used 45836K, capacity 47990K, committed 48256K, reserved 1091584K
  class space    used 6300K, capacity 6704K, committed 6784K, reserved 1048576K
}
Event: 16,206 GC heap before
{Heap before GC invocations=14 (full 2):
 PSYoungGen      total 248832K, used 242279K [0x00000000e1780000, 0x00000000f6200000, 0x0000000100000000)
  eden space 230400K, 100% used [0x00000000e1780000,0x00000000ef880000,0x00000000ef880000)
  from space 18432K, 64% used [0x00000000ef880000,0x00000000f0419f70,0x00000000f0a80000)
  to   space 18944K, 0% used [0x00000000f4f80000,0x00000000f4f80000,0x00000000f6200000)
 ParOldGen       total 69120K, used 28835K [0x00000000a4600000, 0x00000000a8980000, 0x00000000e1780000)
  object space 69120K, 41% used [0x00000000a4600000,0x00000000a6228cf0,0x00000000a8980000)
 Metaspace       used 48718K, capacity 51006K, committed 51072K, reserved 1093632K
  class space    used 6621K, capacity 7038K, committed 7040K, reserved 1048576K
Event: 16,234 GC heap after
Heap after GC invocations=14 (full 2):
 PSYoungGen      total 309248K, used 6049K [0x00000000e1780000, 0x00000000f5c00000, 0x0000000100000000)
  eden space 296448K, 0% used [0x00000000e1780000,0x00000000e1780000,0x00000000f3900000)
  from space 12800K, 47% used [0x00000000f4f80000,0x00000000f5568418,0x00000000f5c00000)
  to   space 17920K, 0% used [0x00000000f3900000,0x00000000f3900000,0x00000000f4a80000)
 ParOldGen       total 69120K, used 37071K [0x00000000a4600000, 0x00000000a8980000, 0x00000000e1780000)
  object space 69120K, 53% used [0x00000000a4600000,0x00000000a6a33e00,0x00000000a8980000)
 Metaspace       used 48718K, capacity 51006K, committed 51072K, reserved 1093632K
  class space    used 6621K, capacity 7038K, committed 7040K, reserved 1048576K
}
Event: 25,354 GC heap before
{Heap before GC invocations=15 (full 2):
 PSYoungGen      total 309248K, used 302497K [0x00000000e1780000, 0x00000000f5c00000, 0x0000000100000000)
  eden space 296448K, 100% used [0x00000000e1780000,0x00000000f3900000,0x00000000f3900000)
  from space 12800K, 47% used [0x00000000f4f80000,0x00000000f5568418,0x00000000f5c00000)
  to   space 17920K, 0% used [0x00000000f3900000,0x00000000f3900000,0x00000000f4a80000)
 ParOldGen       total 69120K, used 37071K [0x00000000a4600000, 0x00000000a8980000, 0x00000000e1780000)
  object space 69120K, 53% used [0x00000000a4600000,0x00000000a6a33e00,0x00000000a8980000)
 Metaspace       used 52901K, capacity 55292K, committed 55552K, reserved 1097728K
  class space    used 7162K, capacity 7615K, committed 7680K, reserved 1048576K
Event: 25,367 GC heap after
Heap after GC invocations=15 (full 2):
 PSYoungGen      total 314368K, used 8499K [0x00000000e1780000, 0x00000000fa280000, 0x0000000100000000)
  eden space 296448K, 0% used [0x00000000e1780000,0x00000000e1780000,0x00000000f3900000)
  from space 17920K, 47% used [0x00000000f3900000,0x00000000f414cdf0,0x00000000f4a80000)
  to   space 17408K, 0% used [0x00000000f9180000,0x00000000f9180000,0x00000000fa280000)
 ParOldGen       total 69120K, used 38058K [0x00000000a4600000, 0x00000000a8980000, 0x00000000e1780000)
  object space 69120K, 55% used [0x00000000a4600000,0x00000000a6b2a830,0x00000000a8980000)
 Metaspace       used 52901K, capacity 55292K, committed 55552K, reserved 1097728K
  class space    used 7162K, capacity 7615K, committed 7680K, reserved 1048576K
}
Event: 34,419 GC heap before
{Heap before GC invocations=16 (full 2):
 PSYoungGen      total 314368K, used 304947K [0x00000000e1780000, 0x00000000fa280000, 0x0000000100000000)
  eden space 296448K, 100% used [0x00000000e1780000,0x00000000f3900000,0x00000000f3900000)
  from space 17920K, 47% used [0x00000000f3900000,0x00000000f414cdf0,0x00000000f4a80000)
  to   space 17408K, 0% used [0x00000000f9180000,0x00000000f9180000,0x00000000fa280000)
 ParOldGen       total 69120K, used 38058K [0x00000000a4600000, 0x00000000a8980000, 0x00000000e1780000)
  object space 69120K, 55% used [0x00000000a4600000,0x00000000a6b2a830,0x00000000a8980000)
 Metaspace       used 52908K, capacity 55356K, committed 55552K, reserved 1097728K
  class space    used 7164K, capacity 7615K, committed 7680K, reserved 1048576K
Event: 34,425 GC heap after
Heap after GC invocations=16 (full 2):
 PSYoungGen      total 362496K, used 3888K [0x00000000e1780000, 0x00000000f9600000, 0x0000000100000000)
  eden space 357888K, 0% used [0x00000000e1780000,0x00000000e1780000,0x00000000f7500000)
  from space 4608K, 84% used [0x00000000f9180000,0x00000000f954c0a0,0x00000000f9600000)
  to   space 16896K, 0% used [0x00000000f7500000,0x00000000f7500000,0x00000000f8580000)
 ParOldGen       total 69120K, used 38066K [0x00000000a4600000, 0x00000000a8980000, 0x00000000e1780000)
  object space 69120K, 55% used [0x00000000a4600000,0x00000000a6b2c830,0x00000000a8980000)
 Metaspace       used 52908K, capacity 55356K, committed 55552K, reserved 1097728K
  class space    used 7164K, capacity 7615K, committed 7680K, reserved 1048576K
}
Event: 44,881 GC heap before
{Heap before GC invocations=17 (full 2):
 PSYoungGen      total 362496K, used 361776K [0x00000000e1780000, 0x00000000f9600000, 0x0000000100000000)
  eden space 357888K, 100% used [0x00000000e1780000,0x00000000f7500000,0x00000000f7500000)
  from space 4608K, 84% used [0x00000000f9180000,0x00000000f954c0a0,0x00000000f9600000)
  to   space 16896K, 0% used [0x00000000f7500000,0x00000000f7500000,0x00000000f8580000)
 ParOldGen       total 69120K, used 38066K [0x00000000a4600000, 0x00000000a8980000, 0x00000000e1780000)
  object space 69120K, 55% used [0x00000000a4600000,0x00000000a6b2c830,0x00000000a8980000)
 Metaspace       used 52908K, capacity 55356K, committed 55552K, reserved 1097728K
  class space    used 7164K, capacity 7615K, committed 7680K, reserved 1048576K
Event: 44,887 GC heap after
Heap after GC invocations=17 (full 2):
 PSYoungGen      total 374784K, used 5016K [0x00000000e1780000, 0x00000000fd200000, 0x0000000100000000)
  eden space 357888K, 0% used [0x00000000e1780000,0x00000000e1780000,0x00000000f7500000)
  from space 16896K, 29% used [0x00000000f7500000,0x00000000f79e60a0,0x00000000f8580000)
  to   space 16896K, 0% used [0x00000000fc180000,0x00000000fc180000,0x00000000fd200000)
 ParOldGen       total 69120K, used 38074K [0x00000000a4600000, 0x00000000a8980000, 0x00000000e1780000)
  object space 69120K, 55% used [0x00000000a4600000,0x00000000a6b2e830,0x00000000a8980000)
 Metaspace       used 52908K, capacity 55356K, committed 55552K, reserved 1097728K
  class space    used 7164K, capacity 7615K, committed 7680K, reserved 1048576K
}

Deoptimization events (0 events):
No events

Classes redefined (0 events):
No events

Internal exceptions (10 events):
Event: 20,125 Thread 0x00007f8200be6800 Exception <a 'java/lang/ClassNotFoundException': org/hibernate/validator/internal/constraintvalidators/AbstractEmailValidatorCustomizer> (0x00000000e9b1a078) thrown at [/HUDSON/workspace/8-2-build-linux-amd64/jdk8u162/10278/hotspot/src/share/vm/classfile/
Event: 20,125 Thread 0x00007f8200be6800 Exception <a 'java/lang/ClassNotFoundException': org/hibernate/validator/internal/constraintvalidators/bv/EmailValidatorCustomizer> (0x00000000e9b39a50) thrown at [/HUDSON/workspace/8-2-build-linux-amd64/jdk8u162/10278/hotspot/src/share/vm/classfile/syste
Event: 20,126 Thread 0x00007f8200be6800 Exception <a 'java/lang/ClassNotFoundException': javax/validation/ConstraintValidatorCustomizer> (0x00000000e9b53678) thrown at [/HUDSON/workspace/8-2-build-linux-amd64/jdk8u162/10278/hotspot/src/share/vm/classfile/systemDictionary.cpp, line 210]
Event: 20,126 Thread 0x00007f8200be6800 Exception <a 'java/lang/ArrayIndexOutOfBoundsException'> (0x00000000e9b56d18) thrown at [/HUDSON/workspace/8-2-build-linux-amd64/jdk8u162/10278/hotspot/src/share/vm/runtime/sharedRuntime.cpp, line 605]
Event: 20,126 Thread 0x00007f8200be6800 Exception <a 'java/lang/ArrayIndexOutOfBoundsException'> (0x00000000e9b58fa0) thrown at [/HUDSON/workspace/8-2-build-linux-amd64/jdk8u162/10278/hotspot/src/share/vm/runtime/sharedRuntime.cpp, line 605]
Event: 20,126 Thread 0x00007f8200be6800 Exception <a 'java/lang/ArrayIndexOutOfBoundsException'> (0x00000000e9b5b9c0) thrown at [/HUDSON/workspace/8-2-build-linux-amd64/jdk8u162/10278/hotspot/src/share/vm/runtime/sharedRuntime.cpp, line 605]
Event: 20,127 Thread 0x00007f8200be6800 Exception <a 'java/lang/ArrayIndexOutOfBoundsException'> (0x00000000e9b5dde8) thrown at [/HUDSON/workspace/8-2-build-linux-amd64/jdk8u162/10278/hotspot/src/share/vm/runtime/sharedRuntime.cpp, line 605]
Event: 20,127 Thread 0x00007f8200be6800 Exception <a 'java/lang/ArrayIndexOutOfBoundsException'> (0x00000000e9b60a70) thrown at [/HUDSON/workspace/8-2-build-linux-amd64/jdk8u162/10278/hotspot/src/share/vm/runtime/sharedRuntime.cpp, line 605]
Event: 20,127 Thread 0x00007f8200be6800 Exception <a 'java/lang/ArrayIndexOutOfBoundsException'> (0x00000000e9b63728) thrown at [/HUDSON/workspace/8-2-build-linux-amd64/jdk8u162/10278/hotspot/src/share/vm/runtime/sharedRuntime.cpp, line 605]
Event: 20,127 Thread 0x00007f8200be6800 Exception <a 'java/lang/ArrayIndexOutOfBoundsException'> (0x00000000e9b65968) thrown at [/HUDSON/workspace/8-2-build-linux-amd64/jdk8u162/10278/hotspot/src/share/vm/runtime/sharedRuntime.cpp, line 605]

Events (10 events):
Event: 31,126 loading class sun/net/ResourceManager done
Event: 33,965 loading class org/apache/catalina/webresources/Cache$EvictionOrder
Event: 33,965 loading class org/apache/catalina/webresources/Cache$EvictionOrder done
Event: 33,967 loading class org/apache/tomcat/PeriodicEventListener
Event: 33,967 loading class org/apache/tomcat/PeriodicEventListener done
Event: 34,419 Executing VM operation: ParallelGCFailedAllocation
Event: 34,425 Executing VM operation: ParallelGCFailedAllocation done
Event: 44,881 Executing VM operation: ParallelGCFailedAllocation
Event: 44,888 Executing VM operation: ParallelGCFailedAllocation done
Event: 48,228 Thread 0x00007f82640c2000 flushing nmethod 0x00007f8255146350


Dynamic libraries:
00400000-00401000 r-xp 00000000 08:02 16517874                           /usr/local/java/jdk1.8.0_162/bin/java
00600000-00601000 rw-p 00000000 08:02 16517874                           /usr/local/java/jdk1.8.0_162/bin/java
00ef8000-00f19000 rw-p 00000000 00:00 0                                  [heap]
a4600000-a8980000 rw-p 00000000 00:00 0 
a8980000-e1780000 ---p 00000000 00:00 0 
e1780000-fd200000 rw-p 00000000 00:00 0 
fd200000-100000000 ---p 00000000 00:00 0 
100000000-100780000 rw-p 00000000 00:00 0 
100780000-140000000 ---p 00000000 00:00 0 
7f81d0000000-7f81d0021000 rw-p 00000000 00:00 0 
7f81d0021000-7f81d4000000 ---p 00000000 00:00 0 
7f81d4000000-7f81d429c000 rw-p 00000000 00:00 0 
7f81d429c000-7f81d8000000 ---p 00000000 00:00 0 
7f81d8000000-7f81d8021000 rw-p 00000000 00:00 0 
7f81d8021000-7f81dc000000 ---p 00000000 00:00 0 
7f81dc000000-7f81dc47f000 rw-p 00000000 00:00 0 
7f81dc47f000-7f81e0000000 ---p 00000000 00:00 0 
7f81e0000000-7f81e0021000 rw-p 00000000 00:00 0 
7f81e0021000-7f81e4000000 ---p 00000000 00:00 0 
7f81e4000000-7f81e4021000 rw-p 00000000 00:00 0 
7f81e4021000-7f81e8000000 ---p 00000000 00:00 0 
7f81e8000000-7f81e8052000 rw-p 00000000 00:00 0 
7f81e8052000-7f81ec000000 ---p 00000000 00:00 0 
7f81ec3e4000-7f81ec4a4000 rw-p 00000000 00:00 0 
7f81ec4a4000-7f81ec5e4000 ---p 00000000 00:00 0 
7f81ec5e4000-7f81ec7e4000 rw-p 00000000 00:00 0 
7f81ec7e4000-7f81ec9e4000 rw-p 00000000 00:00 0 
7f81ec9e4000-7f81ec9e7000 ---p 00000000 00:00 0 
7f81ec9e7000-7f81ecae5000 rw-p 00000000 00:00 0 
7f81ecae5000-7f81ecae8000 ---p 00000000 00:00 0 
7f81ecae8000-7f81ecbe6000 rw-p 00000000 00:00 0 
7f81ecbe6000-7f81ecbe9000 ---p 00000000 00:00 0 
7f81ecbe9000-7f81ecce7000 rw-p 00000000 00:00 0 
7f81ecce7000-7f81eccea000 ---p 00000000 00:00 0 
7f81eccea000-7f81ecde8000 rw-p 00000000 00:00 0 
7f81ecde8000-7f81ecdeb000 ---p 00000000 00:00 0 
7f81ecdeb000-7f81ecee9000 rw-p 00000000 00:00 0 
7f81ecee9000-7f81eceec000 ---p 00000000 00:00 0 
7f81eceec000-7f81ecfea000 rw-p 00000000 00:00 0 
7f81ecfea000-7f81ecfed000 ---p 00000000 00:00 0 
7f81ecfed000-7f81ed0eb000 rw-p 00000000 00:00 0 
7f81ed0eb000-7f81ed0ee000 ---p 00000000 00:00 0 
7f81ed0ee000-7f81ed1ec000 rw-p 00000000 00:00 0 
7f81ed1ec000-7f81ed1ef000 ---p 00000000 00:00 0 
7f81ed1ef000-7f81ed2ed000 rw-p 00000000 00:00 0 
7f81ed2ed000-7f81ed2f0000 ---p 00000000 00:00 0 
7f81ed2f0000-7f81ed3ee000 rw-p 00000000 00:00 0 
7f81ed3ee000-7f81ed3f1000 ---p 00000000 00:00 0 
7f81ed3f1000-7f81ed4ef000 rw-p 00000000 00:00 0 
7f81ed4ef000-7f81ed4f2000 ---p 00000000 00:00 0 
7f81ed4f2000-7f81ed5f0000 rw-p 00000000 00:00 0 
7f81ed5f0000-7f81ed5f3000 ---p 00000000 00:00 0 
7f81ed5f3000-7f81ed6f1000 rw-p 00000000 00:00 0 
7f81ed6f1000-7f81ed6f4000 ---p 00000000 00:00 0 
7f81ed6f4000-7f81ed7f2000 rw-p 00000000 00:00 0 
7f81ed7f2000-7f81ed7f5000 ---p 00000000 00:00 0 
7f81ed7f5000-7f81ed8f3000 rw-p 00000000 00:00 0 
7f81ed8f3000-7f81ed8f6000 ---p 00000000 00:00 0 
7f81ed8f6000-7f81ed9f4000 rw-p 00000000 00:00 0 
7f81ed9f4000-7f81ed9f7000 ---p 00000000 00:00 0 
7f81ed9f7000-7f81edaf5000 rw-p 00000000 00:00 0 
7f81edaf5000-7f81edaf8000 ---p 00000000 00:00 0 
7f81edaf8000-7f81edbf6000 rw-p 00000000 00:00 0 
7f81edbf6000-7f81edbf9000 ---p 00000000 00:00 0 
7f81edbf9000-7f81edcf7000 rw-p 00000000 00:00 0 
7f81edcf7000-7f81edcfa000 ---p 00000000 00:00 0 
7f81edcfa000-7f81eddf8000 rw-p 00000000 00:00 0 
7f81eddf8000-7f81eddfb000 ---p 00000000 00:00 0 
7f81eddfb000-7f81ee0f9000 rw-p 00000000 00:00 0 
7f81ee0f9000-7f81ee0fc000 ---p 00000000 00:00 0 
7f81ee0fc000-7f81ee1fa000 rw-p 00000000 00:00 0 
7f81ee1fa000-7f81ee1fd000 ---p 00000000 00:00 0 
7f81ee1fd000-7f81ee4fb000 rw-p 00000000 00:00 0 
7f81ee4fb000-7f81ee6fb000 rw-p 00000000 00:00 0 
7f81ee6fb000-7f81ee8fb000 rw-p 00000000 00:00 0 
7f81ee8fb000-7f81eeafb000 rw-p 00000000 00:00 0 
7f81eeafb000-7f81eecfb000 rw-p 00000000 00:00 0 
7f81eecfb000-7f81eecfe000 ---p 00000000 00:00 0 
7f81eecfe000-7f81eedfc000 rw-p 00000000 00:00 0 
7f81eedfc000-7f81eedff000 ---p 00000000 00:00 0 
7f81eedff000-7f81ef0fd000 rw-p 00000000 00:00 0 
7f81ef0fd000-7f81ef100000 ---p 00000000 00:00 0 
7f81ef100000-7f81ef1fe000 rw-p 00000000 00:00 0 
7f81ef1fe000-7f81ef201000 ---p 00000000 00:00 0 
7f81ef201000-7f81ef2ff000 rw-p 00000000 00:00 0 
7f81ef2ff000-7f81ef302000 ---p 00000000 00:00 0 
7f81ef302000-7f81ef600000 rw-p 00000000 00:00 0 
7f81ef600000-7f81ef800000 rw-p 00000000 00:00 0 
7f81ef800000-7f81efa00000 rw-p 00000000 00:00 0 
7f81efa00000-7f81efc00000 rw-p 00000000 00:00 0 
7f81efc00000-7f81efe00000 rw-p 00000000 00:00 0 
7f81efe00000-7f81f0000000 rw-p 00000000 00:00 0 
7f81f0000000-7f81f0021000 rw-p 00000000 00:00 0 
7f81f0021000-7f81f4000000 ---p 00000000 00:00 0 
7f81f4000000-7f81f4021000 rw-p 00000000 00:00 0 
7f81f4021000-7f81f8000000 ---p 00000000 00:00 0 
7f81f8000000-7f81f8021000 rw-p 00000000 00:00 0 
7f81f8021000-7f81fc000000 ---p 00000000 00:00 0 
7f81fc000000-7f81fc021000 rw-p 00000000 00:00 0 
7f81fc021000-7f8200000000 ---p 00000000 00:00 0 
7f8200000000-7f8200c39000 rw-p 00000000 00:00 0 
7f8200c39000-7f8204000000 ---p 00000000 00:00 0 
7f8204000000-7f820443a000 rw-p 00000000 00:00 0 
7f820443a000-7f8208000000 ---p 00000000 00:00 0 
7f8208000000-7f8208021000 rw-p 00000000 00:00 0 
7f8208021000-7f820c000000 ---p 00000000 00:00 0 
7f820c000000-7f820c021000 rw-p 00000000 00:00 0 
7f820c021000-7f8210000000 ---p 00000000 00:00 0 
7f8210000000-7f8210021000 rw-p 00000000 00:00 0 
7f8210021000-7f8214000000 ---p 00000000 00:00 0 
7f8214000000-7f8214021000 rw-p 00000000 00:00 0 
7f8214021000-7f8218000000 ---p 00000000 00:00 0 
7f8218000000-7f8218021000 rw-p 00000000 00:00 0 
7f8218021000-7f821c000000 ---p 00000000 00:00 0 
7f821c000000-7f821c021000 rw-p 00000000 00:00 0 
7f821c021000-7f8220000000 ---p 00000000 00:00 0 
7f82200f3000-7f82200f8000 r--s 002f9000 08:02 17042995                   /usr/local/java/jdk1.8.0_162/jre/lib/charsets.jar
7f82200f8000-7f82200fb000 ---p 00000000 00:00 0 
7f82200fb000-7f82203f9000 rw-p 00000000 00:00 0 
7f82203f9000-7f82203fc000 ---p 00000000 00:00 0 
7f82203fc000-7f82206fa000 rw-p 00000000 00:00 0 
7f82206fa000-7f82206fd000 ---p 00000000 00:00 0 
7f82206fd000-7f82207fb000 rw-p 00000000 00:00 0 
7f82207fb000-7f82207fe000 ---p 00000000 00:00 0 
7f82207fe000-7f82208fc000 rw-p 00000000 00:00 0 
7f82208fc000-7f82208ff000 ---p 00000000 00:00 0 
7f82208ff000-7f8220bfd000 rw-p 00000000 00:00 0 
7f8220bfd000-7f8220c00000 ---p 00000000 00:00 0 
7f8220c00000-7f8220cfe000 rw-p 00000000 00:00 0 
7f8220cfe000-7f8220d01000 ---p 00000000 00:00 0 
7f8220d01000-7f8220fff000 rw-p 00000000 00:00 0 
7f8220fff000-7f8224000000 rw-p 00000000 00:00 0 
7f8224000000-7f8224021000 rw-p 00000000 00:00 0 
7f8224021000-7f8228000000 ---p 00000000 00:00 0 
7f8228000000-7f82286ae000 rw-p 00000000 00:00 0 
7f82286ae000-7f822c000000 ---p 00000000 00:00 0 
7f822c000000-7f822c021000 rw-p 00000000 00:00 0 
7f822c021000-7f8230000000 ---p 00000000 00:00 0 
7f8230000000-7f823004e000 rw-p 00000000 00:00 0 
7f823004e000-7f8234000000 ---p 00000000 00:00 0 
7f8234000000-7f8234021000 rw-p 00000000 00:00 0 
7f8234021000-7f8238000000 ---p 00000000 00:00 0 
7f8238000000-7f8238021000 rw-p 00000000 00:00 0 
7f8238021000-7f823c000000 ---p 00000000 00:00 0 
7f823c000000-7f823c043000 rw-p 00000000 00:00 0 
7f823c043000-7f8240000000 ---p 00000000 00:00 0 
7f8240000000-7f824005a000 rw-p 00000000 00:00 0 
7f824005a000-7f8244000000 ---p 00000000 00:00 0 
7f8244000000-7f8244021000 rw-p 00000000 00:00 0 
7f8244021000-7f8248000000 ---p 00000000 00:00 0 
7f8248000000-7f8248021000 rw-p 00000000 00:00 0 
7f8248021000-7f824c000000 ---p 00000000 00:00 0 
7f824c000000-7f824c021000 rw-p 00000000 00:00 0 
7f824c021000-7f8250000000 ---p 00000000 00:00 0 
7f8250004000-7f8250017000 r--s 00345000 08:02 17043001                   /usr/local/java/jdk1.8.0_162/jre/lib/resources.jar
7f8250017000-7f8250033000 r--s 00393000 08:02 17172589                   /usr/local/java/jdk1.8.0_162/jre/lib/ext/cldrdata.jar
7f8250033000-7f8250036000 ---p 00000000 00:00 0 
7f8250036000-7f8250134000 rw-p 00000000 00:00 0 
7f8250134000-7f825013b000 r--s 00000000 08:02 16651651                   /usr/lib/x86_64-linux-gnu/gconv/gconv-modules.cache
7f825013b000-7f8250160000 r--p 00000000 08:02 18223226                   /usr/share/locale-langpack/es/LC_MESSAGES/libc.mo
7f8250160000-7f8250161000 ---p 00000000 00:00 0 
7f8250161000-7f8250261000 rw-p 00000000 00:00 0 
7f8250261000-7f8250264000 ---p 00000000 00:00 0 
7f8250264000-7f8250362000 rw-p 00000000 00:00 0 
7f8250362000-7f825036c000 r--s 00116000 08:02 17174272                   /usr/local/java/jdk1.8.0_162/jre/lib/ext/localedata.jar
7f825036c000-7f825036f000 ---p 00000000 00:00 0 
7f825036f000-7f825046d000 rw-p 00000000 00:00 0 
7f825046d000-7f8250470000 ---p 00000000 00:00 0 
7f8250470000-7f825056e000 rw-p 00000000 00:00 0 
7f825056e000-7f8250573000 r--s 0009d000 08:02 17043002                   /usr/local/java/jdk1.8.0_162/jre/lib/jsse.jar
7f8250573000-7f8250575000 r--s 00004000 08:02 10493841                   /home/kevin/.m2/repository/org/springframework/spring-jcl/5.0.7.RELEASE/spring-jcl-5.0.7.RELEASE.jar
7f8250575000-7f825058d000 r--s 00114000 08:02 10363871                   /home/kevin/.m2/repository/org/springframework/spring-core/5.0.7.RELEASE/spring-core-5.0.7.RELEASE.jar
7f825058d000-7f8250597000 r--s 000ec000 08:02 9830809                    /home/kevin/.m2/repository/mysql/mysql-connector-java/5.1.46/mysql-connector-java-5.1.46.jar
7f8250597000-7f82505b7000 r--s 000fc000 08:02 11146166                   /home/kevin/.m2/repository/org/springframework/boot/spring-boot-autoconfigure/2.0.3.RELEASE/spring-boot-autoconfigure-2.0.3.RELEASE.jar
7f82505b7000-7f82505cc000 r--s 000cf000 08:02 10231656                   /home/kevin/.m2/repository/org/springframework/boot/spring-boot/2.0.3.RELEASE/spring-boot-2.0.3.RELEASE.jar
7f82505cc000-7f82505d2000 r--s 0002d000 08:02 11667134                   /home/kevin/.m2/repository/org/springframework/boot/spring-boot-devtools/2.0.3.RELEASE/spring-boot-devtools-2.0.3.RELEASE.jar
7f82505d2000-7f82505d7000 r--s 00040000 08:02 11018448                   /home/kevin/.m2/repository/org/springframework/spring-expression/5.0.7.RELEASE/spring-expression-5.0.7.RELEASE.jar
7f82505d7000-7f82505e6000 r--s 000b2000 08:02 11667132                   /home/kevin/.m2/repository/org/springframework/spring-webmvc/5.0.7.RELEASE/spring-webmvc-5.0.7.RELEASE.jar
7f82505e6000-7f8250600000 r--s 00119000 08:02 11667130                   /home/kevin/.m2/repository/org/springframework/spring-web/5.0.7.RELEASE/spring-web-5.0.7.RELEASE.jar
7f8250600000-7f8250605000 r--s 00012000 08:02 9830791                    /home/kevin/.m2/repository/javax/validation/validation-api/2.0.1.Final/validation-api-2.0.1.Final.jar
7f8250605000-7f8250621000 r--s 000f9000 08:02 11667128                   /home/kevin/.m2/repository/org/hibernate/validator/hibernate-validator/6.0.10.Final/hibernate-validator-6.0.10.Final.jar
7f8250621000-7f8250626000 r--s 0003a000 08:02 9830787                    /home/kevin/.m2/repository/org/apache/tomcat/embed/tomcat-embed-websocket/8.5.31/tomcat-embed-websocket-8.5.31.jar
7f8250626000-7f825062a000 r--s 00037000 08:02 9830785                    /home/kevin/.m2/repository/org/apache/tomcat/embed/tomcat-embed-el/8.5.31/tomcat-embed-el-8.5.31.jar
7f825062a000-7f8250653000 r--s 002d0000 08:02 9830783                    /home/kevin/.m2/repository/org/apache/tomcat/embed/tomcat-embed-core/8.5.31/tomcat-embed-core-8.5.31.jar
7f8250653000-7f8250654000 r--s 00000000 08:02 11667152                   /home/kevin/.m2/repository/org/springframework/boot/spring-boot-starter-tomcat/2.0.3.RELEASE/spring-boot-starter-tomcat-2.0.3.RELEASE.jar
7f8250654000-7f8250656000 r--s 00001000 08:02 11667126                   /home/kevin/.m2/repository/com/fasterxml/jackson/module/jackson-module-parameter-names/2.9.6/jackson-module-parameter-names-2.9.6.jar
7f8250656000-7f8250659000 r--s 00016000 08:02 11667124                   /home/kevin/.m2/repository/com/fasterxml/jackson/datatype/jackson-datatype-jsr310/2.9.6/jackson-datatype-jsr310-2.9.6.jar
7f8250659000-7f825065b000 r--s 00007000 08:02 11667122                   /home/kevin/.m2/repository/com/fasterxml/jackson/datatype/jackson-datatype-jdk8/2.9.6/jackson-datatype-jdk8-2.9.6.jar
7f825065b000-7f8250660000 r--s 0004b000 08:02 11667120                   /home/kevin/.m2/repository/com/fasterxml/jackson/core/jackson-core/2.9.6/jackson-core-2.9.6.jar
7f8250660000-7f8250663000 r--s 0000e000 08:02 9830771                    /home/kevin/.m2/repository/com/fasterxml/jackson/core/jackson-annotations/2.9.0/jackson-annotations-2.9.0.jar
7f8250663000-7f8250676000 r--s 00137000 08:02 9314812                    /home/kevin/.m2/repository/com/fasterxml/jackson/core/jackson-databind/2.9.6/jackson-databind-2.9.6.jar
7f8250676000-7f8250677000 r--s 00000000 08:02 11667118                   /home/kevin/.m2/repository/org/springframework/boot/spring-boot-starter-json/2.0.3.RELEASE/spring-boot-starter-json-2.0.3.RELEASE.jar
7f8250677000-7f8250678000 r--s 00000000 08:02 11667116                   /home/kevin/.m2/repository/org/springframework/boot/spring-boot-starter-web/2.0.3.RELEASE/spring-boot-starter-web-2.0.3.RELEASE.jar
7f8250678000-7f8250679000 r--s 00009000 08:02 9830765                    /home/kevin/.m2/repository/org/thymeleaf/extras/thymeleaf-extras-java8time/3.0.1.RELEASE/thymeleaf-extras-java8time-3.0.1.RELEASE.jar
7f8250679000-7f825067c000 r--s 00026000 08:02 9830763                    /home/kevin/.m2/repository/org/unbescape/unbescape/1.1.5.RELEASE/unbescape-1.1.5.RELEASE.jar
7f825067c000-7f8250680000 r--s 00035000 08:02 9830761                    /home/kevin/.m2/repository/org/attoparser/attoparser/2.0.4.RELEASE/attoparser-2.0.4.RELEASE.jar
7f8250680000-7f8250690000 r--s 000c5000 08:02 9830759                    /home/kevin/.m2/repository/org/thymeleaf/thymeleaf/3.0.9.RELEASE/thymeleaf-3.0.9.RELEASE.jar
7f8250690000-7f8250694000 r--s 00027000 08:02 9830757                    /home/kevin/.m2/repository/org/thymeleaf/thymeleaf-spring5/3.0.9.RELEASE/thymeleaf-spring5-3.0.9.RELEASE.jar
7f8250694000-7f8250696000 r--s 0000a000 08:02 11667112                   /home/kevin/.m2/repository/org/springframework/spring-aspects/5.0.7.RELEASE/spring-aspects-5.0.7.RELEASE.jar
7f8250696000-7f8250698000 r--s 00009000 08:02 9702647                    /home/kevin/.m2/repository/org/slf4j/slf4j-api/1.7.25/slf4j-api-1.7.25.jar
7f8250698000-7f82506a4000 r--s 00096000 08:02 10887012                   /home/kevin/.m2/repository/org/springframework/spring-beans/5.0.7.RELEASE/spring-beans-5.0.7.RELEASE.jar
7f82506a4000-7f82506ac000 r--s 00037000 08:02 11667109                   /home/kevin/.m2/repository/org/springframework/spring-tx/5.0.7.RELEASE/spring-tx-5.0.7.RELEASE.jar
7f82506ac000-7f82506c6000 r--s 000f1000 08:02 10624930                   /home/kevin/.m2/repository/org/springframework/spring-context/5.0.7.RELEASE/spring-context-5.0.7.RELEASE.jar
7f82506c6000-7f82506ca000 r--s 0002b000 08:02 11667107                   /home/kevin/.m2/repository/org/springframework/spring-orm/5.0.7.RELEASE/spring-orm-5.0.7.RELEASE.jar
7f82506ca000-7f82506e1000 r--s 000f1000 08:02 11667105                   /home/kevin/.m2/repository/org/springframework/data/spring-data-commons/2.0.8.RELEASE/spring-data-commons-2.0.8.RELEASE.jar
7f82506e1000-7f82506e9000 r--s 0004b000 08:02 11667103                   /home/kevin/.m2/repository/org/springframework/data/spring-data-jpa/2.0.8.RELEASE/spring-data-jpa-2.0.8.RELEASE.jar
7f82506e9000-7f82506eb000 r--s 00006000 08:02 9702619                    /home/kevin/.m2/repository/javax/transaction/javax.transaction-api/1.2/javax.transaction-api-1.2.jar
7f82506eb000-7f82506ee000 r--s 00010000 08:02 9702617                    /home/kevin/.m2/repository/org/hibernate/common/hibernate-commons-annotations/5.0.1.Final/hibernate-commons-annotations-5.0.1.Final.jar
7f82506ee000-7f82506f3000 r--s 00048000 08:02 9702615                    /home/kevin/.m2/repository/dom4j/dom4j/1.6.1/dom4j-1.6.1.jar
7f82506f3000-7f82506f5000 r--s 0000e000 08:02 9044051                    /home/kevin/.m2/repository/com/fasterxml/classmate/1.3.4/classmate-1.3.4.jar
7f82506f5000-7f82506f8000 r--s 0002b000 08:02 9702613                    /home/kevin/.m2/repository/org/jboss/jandex/2.0.3.Final/jandex-2.0.3.Final.jar
7f82506f8000-7f82506fd000 r--s 00068000 08:02 9702611                    /home/kevin/.m2/repository/antlr/antlr/2.7.7/antlr-2.7.7.jar
7f82506fd000-7f8250707000 r--s 000ab000 08:02 9702609                    /home/kevin/.m2/repository/org/javassist/javassist/3.22.0-GA/javassist-3.22.0-GA.jar
7f8250707000-7f825070c000 r--s 00017000 08:02 11667101                   /home/kevin/.m2/repository/org/hibernate/javax/persistence/hibernate-jpa-2.1-api/1.0.2.Final/hibernate-jpa-2.1-api-1.0.2.Final.jar
7f825070c000-7f825078a000 r--s 005f0000 08:02 9702603                    /home/kevin/.m2/repository/org/hibernate/hibernate-core/5.2.17.Final/hibernate-core-5.2.17.Final.jar
7f825078a000-7f82507a3000 r--s 001bf000 08:02 9702601                    /home/kevin/.m2/repository/org/aspectj/aspectjweaver/1.8.13/aspectjweaver-1.8.13.jar
7f82507a3000-7f82507b4000 r-xp 00000000 08:02 17174417                   /usr/local/java/jdk1.8.0_162/jre/lib/amd64/libnio.so
7f82507b4000-7f82509b3000 ---p 00011000 08:02 17174417                   /usr/local/java/jdk1.8.0_162/jre/lib/amd64/libnio.so
7f82509b3000-7f82509b4000 rw-p 00010000 08:02 17174417                   /usr/local/java/jdk1.8.0_162/jre/lib/amd64/libnio.so
7f82509b4000-7f82509ca000 r-xp 00000000 08:02 17174414                   /usr/local/java/jdk1.8.0_162/jre/lib/amd64/libnet.so
7f82509ca000-7f8250bca000 ---p 00016000 08:02 17174414                   /usr/local/java/jdk1.8.0_162/jre/lib/amd64/libnet.so
7f8250bca000-7f8250bcb000 rw-p 00016000 08:02 17174414                   /usr/local/java/jdk1.8.0_162/jre/lib/amd64/libnet.so
7f8250bcb000-7f8250bd4000 r-xp 00000000 08:02 17174422                   /usr/local/java/jdk1.8.0_162/jre/lib/amd64/libmanagement.so
7f8250bd4000-7f8250dd3000 ---p 00009000 08:02 17174422                   /usr/local/java/jdk1.8.0_162/jre/lib/amd64/libmanagement.so
7f8250dd3000-7f8250dd4000 rw-p 00008000 08:02 17174422                   /usr/local/java/jdk1.8.0_162/jre/lib/amd64/libmanagement.so
7f8250dd4000-7f8250dd7000 ---p 00000000 00:00 0 
7f8250dd7000-7f8250ed5000 rw-p 00000000 00:00 0 
7f8250ed5000-7f8250ed8000 ---p 00000000 00:00 0 
7f8250ed8000-7f8250fd6000 rw-p 00000000 00:00 0 
7f8250fd6000-7f8250fd9000 ---p 00000000 00:00 0 
7f8250fd9000-7f82510d7000 rw-p 00000000 00:00 0 
7f82510d7000-7f82510da000 ---p 00000000 00:00 0 
7f82510da000-7f82511d8000 rw-p 00000000 00:00 0 
7f82511d8000-7f82511db000 ---p 00000000 00:00 0 
7f82511db000-7f82512d9000 rw-p 00000000 00:00 0 
7f82512d9000-7f8251826000 r--p 00000000 08:02 16384199                   /usr/lib/locale/locale-archive
7f8251826000-7f8251829000 ---p 00000000 00:00 0 
7f8251829000-7f8251927000 rw-p 00000000 00:00 0 
7f8251927000-7f825192a000 ---p 00000000 00:00 0 
7f825192a000-7f8251a28000 rw-p 00000000 00:00 0 
7f8251a28000-7f8251a29000 ---p 00000000 00:00 0 
7f8251a29000-7f8255000000 rw-p 00000000 00:00 0 
7f8255000000-7f8255a00000 rwxp 00000000 00:00 0 
7f8255a00000-7f8264000000 ---p 00000000 00:00 0 
7f8264000000-7f82647c2000 rw-p 00000000 00:00 0 
7f82647c2000-7f8268000000 ---p 00000000 00:00 0 
7f8268000000-7f8268002000 r--s 0000f000 08:02 9702605                    /home/kevin/.m2/repository/org/jboss/logging/jboss-logging/3.3.2.Final/jboss-logging-3.3.2.Final.jar
7f8268002000-7f826800b000 r--s 00059000 08:02 11667099                   /home/kevin/.m2/repository/org/springframework/spring-jdbc/5.0.7.RELEASE/spring-jdbc-5.0.7.RELEASE.jar
7f826800b000-7f8268014000 r--s 00051000 08:02 10757813                   /home/kevin/.m2/repository/org/springframework/spring-aop/5.0.7.RELEASE/spring-aop-5.0.7.RELEASE.jar
7f8268014000-7f82680aa000 r--s 0110a000 08:02 17172598                   /usr/local/java/jdk1.8.0_162/jre/lib/ext/jfxrt.jar
7f82680aa000-7f8268985000 rw-p 00000000 00:00 0 
7f8268985000-7f8268b5e000 r--s 03d65000 08:02 17042997                   /usr/local/java/jdk1.8.0_162/jre/lib/rt.jar
7f8268b5e000-7f82696b1000 rw-p 00000000 00:00 0 
7f82696b1000-7f82696b2000 ---p 00000000 00:00 0 
7f82696b2000-7f82697b2000 rw-p 00000000 00:00 0 
7f82697b2000-7f82697b3000 ---p 00000000 00:00 0 
7f82697b3000-7f82698b3000 rw-p 00000000 00:00 0 
7f82698b3000-7f82698b4000 ---p 00000000 00:00 0 
7f82698b4000-7f82699b4000 rw-p 00000000 00:00 0 
7f82699b4000-7f82699b5000 ---p 00000000 00:00 0 
7f82699b5000-7f8269ad7000 rw-p 00000000 00:00 0 
7f8269ad7000-7f8269c9e000 ---p 00000000 00:00 0 
7f8269c9e000-7f8269cc0000 rw-p 00000000 00:00 0 
7f8269cc0000-7f8269e86000 ---p 00000000 00:00 0 
7f8269e86000-7f8269f64000 rw-p 00000000 00:00 0 
7f8269f64000-7f8269f7b000 ---p 00000000 00:00 0 
7f8269f7b000-7f8269fa4000 rw-p 00000000 00:00 0 
7f8269fa4000-7f826a33c000 ---p 00000000 00:00 0 
7f826a33c000-7f826a357000 r-xp 00000000 08:02 17174410                   /usr/local/java/jdk1.8.0_162/jre/lib/amd64/libzip.so
7f826a357000-7f826a557000 ---p 0001b000 08:02 17174410                   /usr/local/java/jdk1.8.0_162/jre/lib/amd64/libzip.so
7f826a557000-7f826a558000 rw-p 0001b000 08:02 17174410                   /usr/local/java/jdk1.8.0_162/jre/lib/amd64/libzip.so
7f826a558000-7f826a563000 r-xp 00000000 08:02 21758048                   /lib/x86_64-linux-gnu/libnss_files-2.23.so
7f826a563000-7f826a762000 ---p 0000b000 08:02 21758048                   /lib/x86_64-linux-gnu/libnss_files-2.23.so
7f826a762000-7f826a763000 r--p 0000a000 08:02 21758048                   /lib/x86_64-linux-gnu/libnss_files-2.23.so
7f826a763000-7f826a764000 rw-p 0000b000 08:02 21758048                   /lib/x86_64-linux-gnu/libnss_files-2.23.so
7f826a764000-7f826a76a000 rw-p 00000000 00:00 0 
7f826a76a000-7f826a775000 r-xp 00000000 08:02 21762516                   /lib/x86_64-linux-gnu/libnss_nis-2.23.so
7f826a775000-7f826a974000 ---p 0000b000 08:02 21762516                   /lib/x86_64-linux-gnu/libnss_nis-2.23.so
7f826a974000-7f826a975000 r--p 0000a000 08:02 21762516                   /lib/x86_64-linux-gnu/libnss_nis-2.23.so
7f826a975000-7f826a976000 rw-p 0000b000 08:02 21762516                   /lib/x86_64-linux-gnu/libnss_nis-2.23.so
7f826a976000-7f826a98c000 r-xp 00000000 08:02 21757966                   /lib/x86_64-linux-gnu/libnsl-2.23.so
7f826a98c000-7f826ab8b000 ---p 00016000 08:02 21757966                   /lib/x86_64-linux-gnu/libnsl-2.23.so
7f826ab8b000-7f826ab8c000 r--p 00015000 08:02 21757966                   /lib/x86_64-linux-gnu/libnsl-2.23.so
7f826ab8c000-7f826ab8d000 rw-p 00016000 08:02 21757966                   /lib/x86_64-linux-gnu/libnsl-2.23.so
7f826ab8d000-7f826ab8f000 rw-p 00000000 00:00 0 
7f826ab8f000-7f826ab97000 r-xp 00000000 08:02 21758043                   /lib/x86_64-linux-gnu/libnss_compat-2.23.so
7f826ab97000-7f826ad96000 ---p 00008000 08:02 21758043                   /lib/x86_64-linux-gnu/libnss_compat-2.23.so
7f826ad96000-7f826ad97000 r--p 00007000 08:02 21758043                   /lib/x86_64-linux-gnu/libnss_compat-2.23.so
7f826ad97000-7f826ad98000 rw-p 00008000 08:02 21758043                   /lib/x86_64-linux-gnu/libnss_compat-2.23.so
7f826ad98000-7f826adc3000 r-xp 00000000 08:02 17174404                   /usr/local/java/jdk1.8.0_162/jre/lib/amd64/libjava.so
7f826adc3000-7f826afc2000 ---p 0002b000 08:02 17174404                   /usr/local/java/jdk1.8.0_162/jre/lib/amd64/libjava.so
7f826afc2000-7f826afc4000 rw-p 0002a000 08:02 17174404                   /usr/local/java/jdk1.8.0_162/jre/lib/amd64/libjava.so
7f826afc4000-7f826afd1000 r-xp 00000000 08:02 17174409                   /usr/local/java/jdk1.8.0_162/jre/lib/amd64/libverify.so
7f826afd1000-7f826b1d1000 ---p 0000d000 08:02 17174409                   /usr/local/java/jdk1.8.0_162/jre/lib/amd64/libverify.so
7f826b1d1000-7f826b1d3000 rw-p 0000d000 08:02 17174409                   /usr/local/java/jdk1.8.0_162/jre/lib/amd64/libverify.so
7f826b1d3000-7f826b1da000 r-xp 00000000 08:02 21762517                   /lib/x86_64-linux-gnu/librt-2.23.so
7f826b1da000-7f826b3d9000 ---p 00007000 08:02 21762517                   /lib/x86_64-linux-gnu/librt-2.23.so
7f826b3d9000-7f826b3da000 r--p 00006000 08:02 21762517                   /lib/x86_64-linux-gnu/librt-2.23.so
7f826b3da000-7f826b3db000 rw-p 00007000 08:02 21762517                   /lib/x86_64-linux-gnu/librt-2.23.so
7f826b3db000-7f826b4e3000 r-xp 00000000 08:02 21757957                   /lib/x86_64-linux-gnu/libm-2.23.so
7f826b4e3000-7f826b6e2000 ---p 00108000 08:02 21757957                   /lib/x86_64-linux-gnu/libm-2.23.so
7f826b6e2000-7f826b6e3000 r--p 00107000 08:02 21757957                   /lib/x86_64-linux-gnu/libm-2.23.so
7f826b6e3000-7f826b6e4000 rw-p 00108000 08:02 21757957                   /lib/x86_64-linux-gnu/libm-2.23.so
7f826b6e4000-7f826c3bd000 r-xp 00000000 08:02 17301606                   /usr/local/java/jdk1.8.0_162/jre/lib/amd64/server/libjvm.so
7f826c3bd000-7f826c5bc000 ---p 00cd9000 08:02 17301606                   /usr/local/java/jdk1.8.0_162/jre/lib/amd64/server/libjvm.so
7f826c5bc000-7f826c696000 rw-p 00cd8000 08:02 17301606                   /usr/local/java/jdk1.8.0_162/jre/lib/amd64/server/libjvm.so
7f826c696000-7f826c6e1000 rw-p 00000000 00:00 0 
7f826c6e1000-7f826c8a1000 r-xp 00000000 08:02 21758035                   /lib/x86_64-linux-gnu/libc-2.23.so
7f826c8a1000-7f826caa1000 ---p 001c0000 08:02 21758035                   /lib/x86_64-linux-gnu/libc-2.23.so
7f826caa1000-7f826caa5000 r--p 001c0000 08:02 21758035                   /lib/x86_64-linux-gnu/libc-2.23.so
7f826caa5000-7f826caa7000 rw-p 001c4000 08:02 21758035                   /lib/x86_64-linux-gnu/libc-2.23.so
7f826caa7000-7f826caab000 rw-p 00000000 00:00 0 
7f826caab000-7f826caae000 r-xp 00000000 08:02 21758037                   /lib/x86_64-linux-gnu/libdl-2.23.so
7f826caae000-7f826ccad000 ---p 00003000 08:02 21758037                   /lib/x86_64-linux-gnu/libdl-2.23.so
7f826ccad000-7f826ccae000 r--p 00002000 08:02 21758037                   /lib/x86_64-linux-gnu/libdl-2.23.so
7f826ccae000-7f826ccaf000 rw-p 00003000 08:02 21758037                   /lib/x86_64-linux-gnu/libdl-2.23.so
7f826ccaf000-7f826ccc5000 r-xp 00000000 08:02 17041765                   /usr/local/java/jdk1.8.0_162/lib/amd64/jli/libjli.so
7f826ccc5000-7f826cec4000 ---p 00016000 08:02 17041765                   /usr/local/java/jdk1.8.0_162/lib/amd64/jli/libjli.so
7f826cec4000-7f826cec5000 rw-p 00015000 08:02 17041765                   /usr/local/java/jdk1.8.0_162/lib/amd64/jli/libjli.so
7f826cec5000-7f826cedd000 r-xp 00000000 08:02 21757977                   /lib/x86_64-linux-gnu/libpthread-2.23.so
7f826cedd000-7f826d0dc000 ---p 00018000 08:02 21757977                   /lib/x86_64-linux-gnu/libpthread-2.23.so
7f826d0dc000-7f826d0dd000 r--p 00017000 08:02 21757977                   /lib/x86_64-linux-gnu/libpthread-2.23.so
7f826d0dd000-7f826d0de000 rw-p 00018000 08:02 21757977                   /lib/x86_64-linux-gnu/libpthread-2.23.so
7f826d0de000-7f826d0e2000 rw-p 00000000 00:00 0 
7f826d0e2000-7f826d108000 r-xp 00000000 08:02 21757969                   /lib/x86_64-linux-gnu/ld-2.23.so
7f826d108000-7f826d109000 r--s 00000000 08:02 11667114                   /home/kevin/.m2/repository/org/springframework/boot/spring-boot-starter-thymeleaf/2.0.3.RELEASE/spring-boot-starter-thymeleaf-2.0.3.RELEASE.jar
7f826d109000-7f826d10d000 r--s 00020000 08:02 9702637                    /home/kevin/.m2/repository/com/zaxxer/HikariCP/2.7.9/HikariCP-2.7.9.jar
7f826d10d000-7f826d10e000 r--s 00000000 08:02 11537316                   /home/kevin/.m2/repository/org/springframework/boot/spring-boot-starter-jdbc/2.0.3.RELEASE/spring-boot-starter-jdbc-2.0.3.RELEASE.jar
7f826d10e000-7f826d115000 r--s 00042000 08:02 9702597                    /home/kevin/.m2/repository/org/yaml/snakeyaml/1.19/snakeyaml-1.19.jar
7f826d115000-7f826d117000 r--s 00005000 08:02 9702595                    /home/kevin/.m2/repository/javax/annotation/javax.annotation-api/1.3.2/javax.annotation-api-1.3.2.jar
7f826d117000-7f826d119000 r--s 00000000 08:02 9702593                    /home/kevin/.m2/repository/org/slf4j/jul-to-slf4j/1.7.25/jul-to-slf4j-1.7.25.jar
7f826d119000-7f826d124000 r--s 00069000 08:02 9702587                    /home/kevin/.m2/repository/ch/qos/logback/logback-core/1.2.3/logback-core-1.2.3.jar
7f826d124000-7f826d1e5000 rw-p 00000000 00:00 0 
7f826d1e5000-7f826d1e8000 ---p 00000000 00:00 0 
7f826d1e8000-7f826d2eb000 rw-p 00000000 00:00 0 
7f826d2eb000-7f826d2ec000 r--s 00000000 08:02 11405880                   /home/kevin/.m2/repository/org/springframework/boot/spring-boot-starter-aop/2.0.3.RELEASE/spring-boot-starter-aop-2.0.3.RELEASE.jar
7f826d2ec000-7f826d2f2000 r--s 00039000 08:02 9702591                    /home/kevin/.m2/repository/org/apache/logging/log4j/log4j-api/2.10.0/log4j-api-2.10.0.jar
7f826d2f2000-7f826d2f4000 r--s 00003000 08:02 9702589                    /home/kevin/.m2/repository/org/apache/logging/log4j/log4j-to-slf4j/2.10.0/log4j-to-slf4j-2.10.0.jar
7f826d2f4000-7f826d2fa000 r--s 00041000 08:02 9702585                    /home/kevin/.m2/repository/ch/qos/logback/logback-classic/1.2.3/logback-classic-1.2.3.jar
7f826d2fa000-7f826d2fb000 r--s 00000000 08:02 11274563                   /home/kevin/.m2/repository/org/springframework/boot/spring-boot-starter-logging/2.0.3.RELEASE/spring-boot-starter-logging-2.0.3.RELEASE.jar
7f826d2fb000-7f826d2fc000 r--s 00000000 08:02 10095343                   /home/kevin/.m2/repository/org/springframework/boot/spring-boot-starter/2.0.3.RELEASE/spring-boot-starter-2.0.3.RELEASE.jar
7f826d2fc000-7f826d2fd000 r--s 00000000 08:02 9832912                    /home/kevin/.m2/repository/org/springframework/boot/spring-boot-starter-data-jpa/2.0.3.RELEASE/spring-boot-starter-data-jpa-2.0.3.RELEASE.jar
7f826d2fd000-7f826d305000 rw-s 00000000 08:02 23073461                   /tmp/hsperfdata_kevin/4467
7f826d305000-7f826d306000 rw-p 00000000 00:00 0 
7f826d306000-7f826d307000 r--p 00000000 00:00 0 
7f826d307000-7f826d308000 r--p 00025000 08:02 21757969                   /lib/x86_64-linux-gnu/ld-2.23.so
7f826d308000-7f826d309000 rw-p 00026000 08:02 21757969                   /lib/x86_64-linux-gnu/ld-2.23.so
7f826d309000-7f826d30a000 rw-p 00000000 00:00 0 
7ffc3f248000-7ffc3f26b000 rw-p 00000000 00:00 0                          [stack]
7ffc3f2a2000-7ffc3f2a5000 r--p 00000000 00:00 0                          [vvar]
7ffc3f2a5000-7ffc3f2a7000 r-xp 00000000 00:00 0                          [vdso]
ffffffffff600000-ffffffffff601000 r-xp 00000000 00:00 0                  [vsyscall]

VM Arguments:
jvm_args: -Dcom.sun.management.jmxremote -Dcom.sun.management.jmxremote.port=42977 -Dcom.sun.management.jmxremote.authenticate=false -Dcom.sun.management.jmxremote.ssl=false -Djava.rmi.server.hostname=localhost -Dspring.liveBeansView.mbeanDomain -Dspring.application.admin.enabled=true -Djava.security.egd=file:/dev/./urandom -Xverify:none -XX:TieredStopAtLevel=1 -Dfile.encoding=UTF-8 
java_command: com.springcontrolcomedor.app.SpringControlComedorApplication --spring.output.ansi.enabled=always
java_class_path (initial): /usr/local/java/jdk1.8.0_162/jre/lib/resources.jar:/usr/local/java/jdk1.8.0_162/jre/lib/rt.jar:/usr/local/java/jdk1.8.0_162/jre/lib/jsse.jar:/usr/local/java/jdk1.8.0_162/jre/lib/jce.jar:/usr/local/java/jdk1.8.0_162/jre/lib/charsets.jar:/usr/local/java/jdk1.8.0_162/jre/lib/jfr.jar:/usr/local/java/jdk1.8.0_162/jre/lib/ext/jaccess.jar:/usr/local/java/jdk1.8.0_162/jre/lib/ext/localedata.jar:/usr/local/java/jdk1.8.0_162/jre/lib/ext/sunec.jar:/usr/local/java/jdk1.8.0_162/jre/lib/ext/sunpkcs11.jar:/usr/local/java/jdk1.8.0_162/jre/lib/ext/cldrdata.jar:/usr/local/java/jdk1.8.0_162/jre/lib/ext/zipfs.jar:/usr/local/java/jdk1.8.0_162/jre/lib/ext/sunjce_provider.jar:/usr/local/java/jdk1.8.0_162/jre/lib/ext/nashorn.jar:/usr/local/java/jdk1.8.0_162/jre/lib/ext/jfxrt.jar:/usr/local/java/jdk1.8.0_162/jre/lib/ext/dnsns.jar:/home/kevin/Documentos/proyectos_sts/spring-control-comedor/target/classes:/home/kevin/.m2/repository/org/springframework/boot/spring-boot-starter-data-jpa/2.0.3.RELEASE/spring-boot-starter-data-jpa-2.0.3.RELEASE.jar:/home/kevin/.m2/repository/org/springframework/boot/spring-boot-starter/2.0.3.RELEASE/spring-boot-starter-2.0.3.RELEASE.jar:/home/kevin/.m2/repository/org/springframework/boot/spring-boot-starter-logging/2.0.3.RELEASE/spring-boot-starter-logging-2.0.3.RELEASE.jar:/home/kevin/.m2/repository/ch/qos/logback/logback-classic/1.2.3/logback-classic-1.2.3.jar:/home/kevin/.m2/repository/ch/qos/logback/logback-core/1.2.3/logback-core-1.2.3.jar:/home/kevin/.m2/repository/org/apache/logging/log4j/log4j-to-slf4j/2.10.0/log4j-to-slf4j-2.10.0.jar:/home/kevin/.m2/repository/org/apache/logging/log4j/log4j-api/2.10.0/log4j-api-2.10.0.jar:/home/kevin/.m2/repository/org/slf4j/jul-to-slf4j/1.7.25/jul-to-slf4j-1.7.25.jar:/home/kevin/.m2/repository/javax/annotation/javax.annotation-api/1.3.2/javax.annotation-api-1.3.2.jar:/home/kevin/.m2/repository/org/yaml/snakeyaml/1.19/snakeyaml-1.19.jar:/home/kevin/.m2/repository/org/springframework/boot/spri
Launcher Type: SUN_STANDARD

Environment Variables:
JAVA_HOME=/usr/local/java/jdk1.8.0_162
PATH=/home/kevin/bin:/home/kevin/.local/bin:/usr/local/sbin:/usr/local/bin:/usr/sbin:/usr/bin:/sbin:/bin:/usr/games:/usr/local/games:/snap/bin:/home/kevin/bin:/usr/local/java/jdk1.8.0_162/bin
SHELL=/bin/bash
DISPLAY=:0

Signal Handlers:
SIGSEGV: [libjvm.so+0xad03c0], sa_mask[0]=11111111011111111101111111111110, sa_flags=SA_RESTART|SA_SIGINFO
SIGBUS: [libjvm.so+0xad03c0], sa_mask[0]=11111111011111111101111111111110, sa_flags=SA_RESTART|SA_SIGINFO
SIGFPE: [libjvm.so+0x928210], sa_mask[0]=11111111011111111101111111111110, sa_flags=SA_RESTART|SA_SIGINFO
SIGPIPE: [libjvm.so+0x928210], sa_mask[0]=11111111011111111101111111111110, sa_flags=SA_RESTART|SA_SIGINFO
SIGXFSZ: [libjvm.so+0x928210], sa_mask[0]=11111111011111111101111111111110, sa_flags=SA_RESTART|SA_SIGINFO
SIGILL: [libjvm.so+0x928210], sa_mask[0]=11111111011111111101111111111110, sa_flags=SA_RESTART|SA_SIGINFO
SIGUSR1: SIG_DFL, sa_mask[0]=00000000000000000000000000000000, sa_flags=none
SIGUSR2: [libjvm.so+0x929a70], sa_mask[0]=00100000000000000000000000000000, sa_flags=SA_RESTART|SA_SIGINFO
SIGHUP: [libjvm.so+0x92ae70], sa_mask[0]=11111111011111111101111111111110, sa_flags=SA_RESTART|SA_SIGINFO
SIGINT: [libjvm.so+0x92ae70], sa_mask[0]=11111111011111111101111111111110, sa_flags=SA_RESTART|SA_SIGINFO
SIGTERM: [libjvm.so+0x92ae70], sa_mask[0]=11111111011111111101111111111110, sa_flags=SA_RESTART|SA_SIGINFO
SIGQUIT: [libjvm.so+0x92ae70], sa_mask[0]=11111111011111111101111111111110, sa_flags=SA_RESTART|SA_SIGINFO


---------------  S Y S T E M  ---------------

OS:DISTRIB_ID=Ubuntu
DISTRIB_RELEASE=16.04
DISTRIB_CODENAME=xenial
DISTRIB_DESCRIPTION="Ubuntu 16.04.3 LTS"

uname:Linux 4.13.0-45-generic #50~16.04.1-Ubuntu SMP Wed May 30 11:18:27 UTC 2018 x86_64
libc:glibc 2.23 NPTL 2.23 
rlimit: STACK 8192k, CORE 0k, NPROC 22962, NOFILE 1048576, AS infinity
load average:1,80 1,44 1,29

/proc/meminfo:
MemTotal:        5997932 kB
MemFree:          731956 kB
MemAvailable:    2243244 kB
Buffers:          130420 kB
Cached:          1639004 kB
SwapCached:            0 kB
Active:          3669380 kB
Inactive:        1295176 kB
Active(anon):    3025020 kB
Inactive(anon):   277092 kB
Active(file):     644360 kB
Inactive(file):  1018084 kB
Unevictable:         168 kB
Mlocked:             168 kB
SwapTotal:       6184956 kB
SwapFree:        6184956 kB
Dirty:              1032 kB
Writeback:             0 kB
AnonPages:       3195300 kB
Mapped:           533932 kB
Shmem:            278408 kB
Slab:             168680 kB
SReclaimable:     125296 kB
SUnreclaim:        43384 kB
KernelStack:       12240 kB
PageTables:        51036 kB
NFS_Unstable:          0 kB
Bounce:                0 kB
WritebackTmp:          0 kB
CommitLimit:     9183920 kB
Committed_AS:    8702884 kB
VmallocTotal:   34359738367 kB
VmallocUsed:           0 kB
VmallocChunk:          0 kB
HardwareCorrupted:     0 kB
AnonHugePages:      8192 kB
ShmemHugePages:        0 kB
ShmemPmdMapped:        0 kB
CmaTotal:              0 kB
CmaFree:               0 kB
HugePages_Total:       0
HugePages_Free:        0
HugePages_Rsvd:        0
HugePages_Surp:        0
Hugepagesize:       2048 kB
DirectMap4k:      147200 kB
DirectMap2M:     6039552 kB


CPU:total 4 (initial active 4) (2 cores per cpu, 2 threads per core) family 6 model 42 stepping 7, cmov, cx8, fxsr, mmx, sse, sse2, sse3, ssse3, sse4.1, sse4.2, popcnt, avx, clmul, ht, tsc, tscinvbit

/proc/cpuinfo:
processor	: 0
vendor_id	: GenuineIntel
cpu family	: 6
model		: 42
model name	: Intel(R) Core(TM) i3-2328M CPU @ 2.20GHz
stepping	: 7
microcode	: 0x2d
cpu MHz		: 1100.262
cache size	: 3072 KB
physical id	: 0
siblings	: 4
core id		: 0
cpu cores	: 2
apicid		: 0
initial apicid	: 0
fpu		: yes
fpu_exception	: yes
cpuid level	: 13
wp		: yes
flags		: fpu vme de pse tsc msr pae mce cx8 apic sep mtrr pge mca cmov pat pse36 clflush dts acpi mmx fxsr sse sse2 ss ht tm pbe syscall nx rdtscp lm constant_tsc arch_perfmon pebs bts rep_good nopl xtopology nonstop_tsc cpuid aperfmperf pni pclmulqdq dtes64 monitor ds_cpl vmx est tm2 ssse3 cx16 xtpr pdcm pcid sse4_1 sse4_2 x2apic popcnt tsc_deadline_timer xsave avx lahf_lm epb pti retpoline spec_ctrl tpr_shadow vnmi flexpriority ept vpid xsaveopt dtherm arat pln pts
bugs		: cpu_meltdown spectre_v1 spectre_v2 spec_store_bypass
bogomips	: 4390.08
clflush size	: 64
cache_alignment	: 64
address sizes	: 36 bits physical, 48 bits virtual
power management:

processor	: 1
vendor_id	: GenuineIntel
cpu family	: 6
model		: 42
model name	: Intel(R) Core(TM) i3-2328M CPU @ 2.20GHz
stepping	: 7
microcode	: 0x2d
cpu MHz		: 1238.832
cache size	: 3072 KB
physical id	: 0
siblings	: 4
core id		: 0
cpu cores	: 2
apicid		: 1
initial apicid	: 1
fpu		: yes
fpu_exception	: yes
cpuid level	: 13
wp		: yes
flags		: fpu vme de pse tsc msr pae mce cx8 apic sep mtrr pge mca cmov pat pse36 clflush dts acpi mmx fxsr sse sse2 ss ht tm pbe syscall nx rdtscp lm constant_tsc arch_perfmon pebs bts rep_good nopl xtopology nonstop_tsc cpuid aperfmperf pni pclmulqdq dtes64 monitor ds_cpl vmx est tm2 ssse3 cx16 xtpr pdcm pcid sse4_1 sse4_2 x2apic popcnt tsc_deadline_timer xsave avx lahf_lm epb pti retpoline spec_ctrl tpr_shadow vnmi flexpriority ept vpid xsaveopt dtherm arat pln pts
bugs		: cpu_meltdown spectre_v1 spectre_v2 spec_store_bypass
bogomips	: 4390.08
clflush size	: 64
cache_alignment	: 64
address sizes	: 36 bits physical, 48 bits virtual
power management:

processor	: 2
vendor_id	: GenuineIntel
cpu family	: 6
model		: 42
model name	: Intel(R) Core(TM) i3-2328M CPU @ 2.20GHz
stepping	: 7
microcode	: 0x2d
cpu MHz		: 1080.192
cache size	: 3072 KB
physical id	: 0
siblings	: 4
core id		: 1
cpu cores	: 2
apicid		: 2
initial apicid	: 2
fpu		: yes
fpu_exception	: yes
cpuid level	: 13
wp		: yes
flags		: fpu vme de pse tsc msr pae mce cx8 apic sep mtrr pge mca cmov pat pse36 clflush dts acpi mmx fxsr sse sse2 ss ht tm pbe syscall nx rdtscp lm constant_tsc arch_perfmon pebs bts rep_good nopl xtopology nonstop_tsc cpuid aperfmperf pni pclmulqdq dtes64 monitor ds_cpl vmx est tm2 ssse3 cx16 xtpr pdcm pcid sse4_1 sse4_2 x2apic popcnt tsc_deadline_timer xsave avx lahf_lm epb pti retpoline spec_ctrl tpr_shadow vnmi flexpriority ept vpid xsaveopt dtherm arat pln pts
bugs		: cpu_meltdown spectre_v1 spectre_v2 spec_store_bypass
bogomips	: 4390.08
clflush size	: 64
cache_alignment	: 64
address sizes	: 36 bits physical, 48 bits virtual
power management:

processor	: 3
vendor_id	: GenuineIntel
cpu family	: 6
model		: 42
model name	: Intel(R) Core(TM) i3-2328M CPU @ 2.20GHz
stepping	: 7
microcode	: 0x2d
cpu MHz		: 995.217
cache size	: 3072 KB
physical id	: 0
siblings	: 4
core id		: 1
cpu cores	: 2
apicid		: 3
initial apicid	: 3
fpu		: yes
fpu_exception	: yes
cpuid level	: 13
wp		: yes
flags		: fpu vme de pse tsc msr pae mce cx8 apic sep mtrr pge mca cmov pat pse36 clflush dts acpi mmx fxsr sse sse2 ss ht tm pbe syscall nx rdtscp lm constant_tsc arch_perfmon pebs bts rep_good nopl xtopology nonstop_tsc cpuid aperfmperf pni pclmulqdq dtes64 monitor ds_cpl vmx est tm2 ssse3 cx16 xtpr pdcm pcid sse4_1 sse4_2 x2apic popcnt tsc_deadline_timer xsave avx lahf_lm epb pti retpoline spec_ctrl tpr_shadow vnmi flexpriority ept vpid xsaveopt dtherm arat pln pts
bugs		: cpu_meltdown spectre_v1 spectre_v2 spec_store_bypass
bogomips	: 4390.08
clflush size	: 64
cache_alignment	: 64
address sizes	: 36 bits physical, 48 bits virtual
power management:



Memory: 4k page, physical 5997932k(731832k free), swap 6184956k(6184956k free)

vm_info: Java HotSpot(TM) 64-Bit Server VM (25.162-b12) for linux-amd64 JRE (1.8.0_162-b12), built on Dec 19 2017 21:15:48 by "java_re" with gcc 4.3.0 20080428 (Red Hat 4.3.0-8)

time: Wed Jun 27 23:37:34 2018
elapsed time: 49 seconds (0d 0h 0m 49s)

